2024-12-05 00:12:15,014 [ERROR] LogOutputStream:75 - [STDERR_REDIRECT] 
2024-12-05 05:42:07,650 [INFO] Activator:176 - 


2024-12-05 05:42:07,654 [INFO] Activator:177 - !SESSION log4j initialized
2024-12-05 05:42:23,832 [INFO] LogOutputStream:77 - [STDOUT_REDIRECT] 
2024-12-05 05:42:34,501 [INFO] ApplicationProperties:184 - Using Application install path: C:\ST\STM32CubeIDE_1.13.2\STM32CubeIDE\plugins\com.st.stm32cube.common.mx_6.11.1.202404110753
2024-12-05 05:42:34,533 [INFO] DbMcusXml:78 - Set database path to: C:\ST\STM32CubeIDE_1.13.2\STM32CubeIDE\plugins\com.st.stm32cube.common.mx_6.11.1.202404110753\\db\/mcu/
2024-12-05 05:42:34,533 [INFO] ApiDb:274 - Set plugin database path to: C:\ST\STM32CubeIDE_1.13.2\STM32CubeIDE\plugins\com.st.stm32cube.common.mx_6.11.1.202404110753\\db\/plugins/boardmanager/
2024-12-05 05:42:34,534 [WARN] ApiDb:259 - Overriding images path with different value:  => C:\ST\STM32CubeIDE_1.13.2\STM32CubeIDE\plugins\com.st.stm32cube.common.mx_6.11.1.202404110753\\db\/plugins/mcufinder/images/
2024-12-05 05:42:34,552 [INFO] ApiDb:250 - Set database path to: C:\Users\Mr.hDung\.stmcufinder\plugins\mcufinder//mcu/
2024-12-05 05:42:34,554 [INFO] DbMcusAds:125 - Set database path to: C:\Users\Mr.hDung\.stmcufinder\plugins\mcufinder//mcu/
2024-12-05 05:42:34,558 [INFO] CrossReferenceDbSqlite:203 - Set database path to: C:\Users\Mr.hDung\.stmcufinder\plugins\mcufinder//mcu/cs/
2024-12-05 05:42:34,842 [INFO] RulesReader:64 - Compatibility file has been processed (297 Rules)
2024-12-05 05:42:35,325 [INFO] DbMcusXml:78 - Set database path to: C:\ST\STM32CubeIDE_1.13.2\STM32CubeIDE\plugins\com.st.stm32cube.common.mx_6.11.1.202404110753\\db\/mcu/
2024-12-05 05:42:35,326 [INFO] ApiDb:274 - Set plugin database path to: C:\ST\STM32CubeIDE_1.13.2\STM32CubeIDE\plugins\com.st.stm32cube.common.mx_6.11.1.202404110753\\db\/plugins/boardmanager/
2024-12-05 05:42:35,326 [INFO] ApiDb:261 - Set plugin images path to: C:\ST\STM32CubeIDE_1.13.2\STM32CubeIDE\plugins\com.st.stm32cube.common.mx_6.11.1.202404110753\\db\/plugins/mcufinder/images/
2024-12-05 05:42:35,327 [WARN] DbFile:41 - Overriding database path with different value: C:\Users\Mr.hDung\.stmcufinder\plugins\mcufinder/ => C:\Users\Mr.hDung\.stmcufinder\plugins\mcufinder
2024-12-05 05:42:35,327 [INFO] ApiDb:250 - Set database path to: C:\Users\Mr.hDung\.stmcufinder\plugins\mcufinder//mcu/
2024-12-05 05:42:35,328 [WARN] DbFile:41 - Overriding database path with different value: C:\Users\Mr.hDung\.stmcufinder\plugins\mcufinder/ => C:\Users\Mr.hDung\.stmcufinder\plugins\mcufinder
2024-12-05 05:42:35,328 [INFO] DbMcusAds:125 - Set database path to: C:\Users\Mr.hDung\.stmcufinder\plugins\mcufinder//mcu/
2024-12-05 05:42:35,328 [WARN] DbFile:41 - Overriding database path with different value: C:\Users\Mr.hDung\.stmcufinder\plugins\mcufinder/ => C:\Users\Mr.hDung\.stmcufinder\plugins\mcufinder
2024-12-05 05:42:35,329 [WARN] DbFile:41 - Overriding database path with different value: C:\Users\Mr.hDung\.stmcufinder\plugins\mcufinder/ => C:\Users\Mr.hDung\.stmcufinder\plugins\mcufinder
2024-12-05 05:42:35,345 [INFO] CrossReferenceDbSqlite:203 - Set database path to: C:\Users\Mr.hDung\.stmcufinder\plugins\mcufinder//mcu/cs/
2024-12-05 05:42:35,704 [INFO] MainPanel:264 - HeapMemory: 268435456
2024-12-05 05:42:36,063 [INFO] DbMcusXml:78 - Set database path to: C:\ST\STM32CubeIDE_1.13.2\STM32CubeIDE\plugins\com.st.stm32cube.common.mx_6.11.1.202404110753\\db\/mcu/
2024-12-05 05:42:36,063 [INFO] ApiDb:274 - Set plugin database path to: C:\ST\STM32CubeIDE_1.13.2\STM32CubeIDE\plugins\com.st.stm32cube.common.mx_6.11.1.202404110753\\db\/plugins/boardmanager/
2024-12-05 05:42:36,064 [INFO] ApiDb:261 - Set plugin images path to: C:\ST\STM32CubeIDE_1.13.2\STM32CubeIDE\plugins\com.st.stm32cube.common.mx_6.11.1.202404110753\\db\/plugins/mcufinder/images/
2024-12-05 05:42:36,098 [WARN] DbFile:41 - Overriding database path with different value: C:\Users\Mr.hDung\.stmcufinder\plugins\mcufinder/ => C:\Users\Mr.hDung\.stmcufinder\plugins\mcufinder
2024-12-05 05:42:36,098 [INFO] ApiDb:250 - Set database path to: C:\Users\Mr.hDung\.stmcufinder\plugins\mcufinder//mcu/
2024-12-05 05:42:36,099 [WARN] DbFile:41 - Overriding database path with different value: C:\Users\Mr.hDung\.stmcufinder\plugins\mcufinder/ => C:\Users\Mr.hDung\.stmcufinder\plugins\mcufinder
2024-12-05 05:42:36,099 [INFO] DbMcusAds:125 - Set database path to: C:\Users\Mr.hDung\.stmcufinder\plugins\mcufinder//mcu/
2024-12-05 05:42:36,099 [WARN] DbFile:41 - Overriding database path with different value: C:\Users\Mr.hDung\.stmcufinder\plugins\mcufinder/ => C:\Users\Mr.hDung\.stmcufinder\plugins\mcufinder
2024-12-05 05:42:36,099 [WARN] DbFile:41 - Overriding database path with different value: C:\Users\Mr.hDung\.stmcufinder\plugins\mcufinder/ => C:\Users\Mr.hDung\.stmcufinder\plugins\mcufinder
2024-12-05 05:42:36,099 [INFO] CrossReferenceDbSqlite:203 - Set database path to: C:\Users\Mr.hDung\.stmcufinder\plugins\mcufinder//mcu/cs/
2024-12-05 05:42:36,192 [INFO] ApplicationProperties:184 - Using Application install path: C:\ST\STM32CubeIDE_1.13.2\STM32CubeIDE\plugins\com.st.stm32cube.common.mx_6.11.1.202404110753
2024-12-05 05:42:36,209 [INFO] PluginManage:196 - Search for loadable plugins [exclusion list=, ]
2024-12-05 05:42:36,214 [INFO] PluginManage:310 - Check plugin analytics
2024-12-05 05:42:41,355 [INFO] AnalyticsPlugin:253 - Accepted Software Licenses: 
2024-12-05 05:42:41,355 [INFO] AnalyticsPlugin:255 - Accepted CMSIS Pack Licenses: 
2024-12-05 05:42:41,355 [INFO] AnalyticsPlugin:257 - Accepted Firmware Licenses: 
2024-12-05 05:42:41,359 [INFO] PluginManage:359 - Loaded plugin analytics (category:tool,tabindex:-1)
2024-12-05 05:42:41,359 [INFO] PluginManage:310 - Check plugin cadmodel
2024-12-05 05:42:41,585 [INFO] CADModel:105 - Init CAD model plugin
2024-12-05 05:42:41,586 [INFO] PluginManage:359 - Loaded plugin cadmodel (category:power,tabindex:5)
2024-12-05 05:42:41,586 [INFO] PluginManage:310 - Check plugin clock
2024-12-05 05:42:41,623 [INFO] PluginManage:359 - Loaded plugin clock (category:base,tabindex:2)
2024-12-05 05:42:41,624 [INFO] PluginManage:310 - Check plugin ddr
2024-12-05 05:42:41,627 [INFO] PluginManage:359 - Loaded plugin ddr (category:tool,tabindex:6)
2024-12-05 05:42:41,627 [INFO] PluginManage:310 - Check plugin filemanager
2024-12-05 05:42:42,008 [INFO] PluginManage:359 - Loaded plugin filemanager (category:base,tabindex:10)
2024-12-05 05:42:42,009 [INFO] PluginManage:310 - Check plugin ipmanager
2024-12-05 05:42:42,038 [INFO] PluginManage:359 - Loaded plugin ipmanager (category:base,tabindex:5)
2024-12-05 05:42:42,038 [INFO] PluginManage:310 - Check plugin lpbam
2024-12-05 05:42:42,066 [INFO] PluginManage:359 - Loaded plugin lpbam (category:base,tabindex:0)
2024-12-05 05:42:42,066 [INFO] PluginManage:310 - Check plugin memorymap
2024-12-05 05:42:42,100 [INFO] PluginManage:359 - Loaded plugin memorymap (category:base,tabindex:4)
2024-12-05 05:42:42,100 [INFO] PluginManage:310 - Check plugin pinoutandconfiguration
2024-12-05 05:42:42,125 [INFO] PluginManage:359 - Loaded plugin pinoutandconfiguration (category:base,tabindex:1)
2024-12-05 05:42:42,125 [INFO] PluginManage:310 - Check plugin pinoutconfig
2024-12-05 05:42:42,325 [WARN] SupportedApi:132 - Cannot load RTOS API schema: s4s-elt-must-match.1: The content of 'definitions' must match (annotation?, (simpleType | complexType)?, (unique | key | keyref)*)). A problem was found starting at: attribute.
2024-12-05 05:42:42,546 [INFO] PluginManage:359 - Loaded plugin pinoutconfig (category:base,tabindex:0)
2024-12-05 05:42:42,546 [INFO] PluginManage:310 - Check plugin power
2024-12-05 05:42:42,578 [INFO] PluginManage:359 - Loaded plugin power (category:power,tabindex:4)
2024-12-05 05:42:42,578 [INFO] PluginManage:310 - Check plugin projectmanager
2024-12-05 05:42:42,603 [INFO] PluginManage:359 - Loaded plugin projectmanager (category:projectmanager,tabindex:3)
2024-12-05 05:42:42,604 [INFO] PluginManage:310 - Check plugin thirdparty
2024-12-05 05:42:43,138 [INFO] PluginManage:359 - Loaded plugin thirdparty (category:base,tabindex:-1)
2024-12-05 05:42:43,138 [WARN] IntegrityCheckThread:84 - waiting for thirdparty lock release [integrity check]
2024-12-05 05:42:43,138 [INFO] PluginManage:310 - Check plugin tools
2024-12-05 05:42:43,138 [INFO] IntegrityCheckThread:86 - entering critical section [integrity check]
2024-12-05 05:42:43,139 [INFO] ThirdPartyUpdaterWithRetryManager:70 - Updater plugin not ready yet. [1/15]
2024-12-05 05:42:43,212 [INFO] PluginManage:359 - Loaded plugin tools (category:base,tabindex:7)
2024-12-05 05:42:43,212 [INFO] PluginManage:310 - Check plugin tutovideos
2024-12-05 05:42:43,645 [INFO] PluginManage:359 - Loaded plugin tutovideos (category:base,tabindex:-1)
2024-12-05 05:42:43,645 [INFO] PluginManage:310 - Check plugin updater
2024-12-05 05:42:43,668 [INFO] PluginManage:359 - Loaded plugin updater (category:base,tabindex:12)
2024-12-05 05:42:43,668 [INFO] PluginManage:310 - Check plugin userauth
2024-12-05 05:42:43,677 [INFO] UserAuth:114 - Init User Auth plugin
2024-12-05 05:42:43,677 [INFO] PluginManage:359 - Loaded plugin userauth (category:base,tabindex:14)
2024-12-05 05:42:43,678 [INFO] PluginManage:283 - PluginManage : Loaded plugins [17]
2024-12-05 05:42:44,183 [INFO] PinOutPanel:1561 - setPackage(No Configuration,No Configuration)
2024-12-05 05:42:44,390 [INFO] CADModel:165 - CPN selected for project level
2024-12-05 05:42:44,391 [INFO] CADModel:114 - Register for checkConnection events
2024-12-05 05:42:44,433 [INFO] IPUIPlugin:80 - create IPUIPlugin
2024-12-05 05:42:44,433 [INFO] PluginManager:220 - loadIPPluginJar : add adc
2024-12-05 05:42:44,536 [INFO] IPUIPlugin:80 - create IPUIPlugin
2024-12-05 05:42:44,536 [INFO] PluginManager:220 - loadIPPluginJar : add aes
2024-12-05 05:42:44,630 [INFO] IPUIPlugin:80 - create IPUIPlugin
2024-12-05 05:42:44,631 [INFO] PluginManager:220 - loadIPPluginJar : add can
2024-12-05 05:42:44,721 [INFO] IPUIPlugin:80 - create IPUIPlugin
2024-12-05 05:42:44,721 [INFO] PluginManager:220 - loadIPPluginJar : add comp
2024-12-05 05:42:44,797 [INFO] IPUIPlugin:80 - create IPUIPlugin
2024-12-05 05:42:44,797 [INFO] PluginManager:220 - loadIPPluginJar : add cryp
2024-12-05 05:42:44,842 [INFO] IPUIPlugin:80 - create IPUIPlugin
2024-12-05 05:42:44,843 [INFO] PluginManager:220 - loadIPPluginJar : add dfsdm
2024-12-05 05:42:44,862 [INFO] IPUIPlugin:80 - create IPUIPlugin
2024-12-05 05:42:44,862 [INFO] PluginManager:220 - loadIPPluginJar : add dma
2024-12-05 05:42:44,928 [INFO] IPUIPlugin:80 - create IPUIPlugin
2024-12-05 05:42:44,928 [INFO] PluginManager:220 - loadIPPluginJar : add dma3
2024-12-05 05:42:45,011 [INFO] IPUIPlugin:80 - create IPUIPlugin
2024-12-05 05:42:45,012 [INFO] PluginManager:220 - loadIPPluginJar : add extmemmanager
2024-12-05 05:42:45,058 [INFO] IPUIPlugin:80 - create IPUIPlugin
2024-12-05 05:42:45,058 [INFO] PluginManager:220 - loadIPPluginJar : add fatfs
2024-12-05 05:42:45,143 [INFO] IPUIPlugin:80 - create IPUIPlugin
2024-12-05 05:42:45,143 [INFO] PluginManager:220 - loadIPPluginJar : add fmc
2024-12-05 05:42:45,170 [INFO] IPUIPlugin:80 - create IPUIPlugin
2024-12-05 05:42:45,171 [INFO] PluginManager:220 - loadIPPluginJar : add freertos
2024-12-05 05:42:45,208 [INFO] IPUIPlugin:80 - create IPUIPlugin
2024-12-05 05:42:45,209 [INFO] PluginManager:220 - loadIPPluginJar : add genericplugin
2024-12-05 05:42:45,387 [INFO] IPUIPlugin:80 - create IPUIPlugin
2024-12-05 05:42:45,388 [INFO] PluginManager:220 - loadIPPluginJar : add gfxmmu
2024-12-05 05:42:45,661 [INFO] IPUIPlugin:80 - create IPUIPlugin
2024-12-05 05:42:45,661 [INFO] PluginManager:220 - loadIPPluginJar : add gic
2024-12-05 05:42:45,684 [INFO] IPUIPlugin:80 - create IPUIPlugin
2024-12-05 05:42:45,684 [INFO] PluginManager:220 - loadIPPluginJar : add gpio
2024-12-05 05:42:45,843 [INFO] IPUIPlugin:80 - create IPUIPlugin
2024-12-05 05:42:45,843 [INFO] PluginManager:220 - loadIPPluginJar : add gtzc
2024-12-05 05:42:45,904 [INFO] IPUIPlugin:80 - create IPUIPlugin
2024-12-05 05:42:45,904 [INFO] PluginManager:220 - loadIPPluginJar : add hash
2024-12-05 05:42:46,076 [INFO] IPUIPlugin:80 - create IPUIPlugin
2024-12-05 05:42:46,077 [INFO] PluginManager:220 - loadIPPluginJar : add i2c
2024-12-05 05:42:46,144 [INFO] ThirdPartyUpdaterWithRetryManager:70 - Updater plugin not ready yet. [2/15]
2024-12-05 05:42:46,167 [INFO] IPUIPlugin:80 - create IPUIPlugin
2024-12-05 05:42:46,167 [INFO] PluginManager:220 - loadIPPluginJar : add i2s
2024-12-05 05:42:46,246 [INFO] IPUIPlugin:80 - create IPUIPlugin
2024-12-05 05:42:46,246 [INFO] PluginManager:220 - loadIPPluginJar : add i3c
2024-12-05 05:42:46,401 [INFO] IPUIPlugin:80 - create IPUIPlugin
2024-12-05 05:42:46,401 [INFO] PluginManager:220 - loadIPPluginJar : add ipddr
2024-12-05 05:42:46,561 [INFO] IPUIPlugin:80 - create IPUIPlugin
2024-12-05 05:42:46,561 [INFO] PluginManager:220 - loadIPPluginJar : add linkedlist
2024-12-05 05:42:46,615 [INFO] IPUIPlugin:80 - create IPUIPlugin
2024-12-05 05:42:46,615 [INFO] PluginManager:220 - loadIPPluginJar : add lorawan
2024-12-05 05:42:46,672 [INFO] IPUIPlugin:80 - create IPUIPlugin
2024-12-05 05:42:46,672 [INFO] PluginManager:220 - loadIPPluginJar : add ltdc
2024-12-05 05:42:46,693 [INFO] IPUIPlugin:80 - create IPUIPlugin
2024-12-05 05:42:46,693 [INFO] PluginManager:220 - loadIPPluginJar : add mdma
2024-12-05 05:42:46,719 [INFO] IPUIPlugin:80 - create IPUIPlugin
2024-12-05 05:42:46,719 [INFO] PluginManager:220 - loadIPPluginJar : add nvic
2024-12-05 05:42:46,775 [INFO] IPUIPlugin:80 - create IPUIPlugin
2024-12-05 05:42:46,776 [INFO] PluginManager:220 - loadIPPluginJar : add opamp
2024-12-05 05:42:47,000 [INFO] IPUIPlugin:80 - create IPUIPlugin
2024-12-05 05:42:47,001 [INFO] PluginManager:220 - loadIPPluginJar : add openamp
2024-12-05 05:42:47,066 [INFO] IPUIPlugin:80 - create IPUIPlugin
2024-12-05 05:42:47,066 [INFO] PluginManager:220 - loadIPPluginJar : add pdm2pcm
2024-12-05 05:42:47,087 [INFO] IPUIPlugin:80 - create IPUIPlugin
2024-12-05 05:42:47,089 [INFO] PluginManager:220 - loadIPPluginJar : add plateformsettings
2024-12-05 05:42:47,124 [INFO] IPUIPlugin:80 - create IPUIPlugin
2024-12-05 05:42:47,124 [INFO] PluginManager:220 - loadIPPluginJar : add quadspi
2024-12-05 05:42:47,143 [INFO] IPUIPlugin:80 - create IPUIPlugin
2024-12-05 05:42:47,143 [INFO] PluginManager:220 - loadIPPluginJar : add resmgrutility
2024-12-05 05:42:47,237 [INFO] IPUIPlugin:80 - create IPUIPlugin
2024-12-05 05:42:47,237 [INFO] PluginManager:220 - loadIPPluginJar : add sai
2024-12-05 05:42:47,293 [INFO] IPUIPlugin:80 - create IPUIPlugin
2024-12-05 05:42:47,294 [INFO] PluginManager:220 - loadIPPluginJar : add spi
2024-12-05 05:42:47,421 [INFO] IPUIPlugin:80 - create IPUIPlugin
2024-12-05 05:42:47,421 [INFO] PluginManager:220 - loadIPPluginJar : add stm32_wpan
2024-12-05 05:42:47,487 [INFO] IPUIPlugin:80 - create IPUIPlugin
2024-12-05 05:42:47,487 [INFO] PluginManager:220 - loadIPPluginJar : add tim
2024-12-05 05:42:47,580 [INFO] IPUIPlugin:80 - create IPUIPlugin
2024-12-05 05:42:47,581 [INFO] PluginManager:220 - loadIPPluginJar : add touchsensing
2024-12-05 05:42:47,632 [INFO] IPUIPlugin:80 - create IPUIPlugin
2024-12-05 05:42:47,632 [INFO] PluginManager:220 - loadIPPluginJar : add tracer_emb
2024-12-05 05:42:47,681 [INFO] IPUIPlugin:80 - create IPUIPlugin
2024-12-05 05:42:47,682 [INFO] PluginManager:220 - loadIPPluginJar : add ts
2024-12-05 05:42:47,729 [INFO] IPUIPlugin:80 - create IPUIPlugin
2024-12-05 05:42:47,730 [INFO] PluginManager:220 - loadIPPluginJar : add tsc
2024-12-05 05:42:47,763 [INFO] IPUIPlugin:80 - create IPUIPlugin
2024-12-05 05:42:47,763 [INFO] PluginManager:220 - loadIPPluginJar : add ucpd
2024-12-05 05:42:47,827 [INFO] IPUIPlugin:80 - create IPUIPlugin
2024-12-05 05:42:47,827 [INFO] PluginManager:220 - loadIPPluginJar : add usart
2024-12-05 05:42:47,890 [INFO] IPUIPlugin:80 - create IPUIPlugin
2024-12-05 05:42:47,890 [INFO] PluginManager:220 - loadIPPluginJar : add usbx
2024-12-05 05:42:48,133 [INFO] CADModel:165 - CPN selected for project level
2024-12-05 05:42:48,133 [INFO] CADModel:114 - Register for checkConnection events
2024-12-05 05:42:48,134 [FATAL] Updater:308 - Updater called before beeing initialized
2024-12-05 05:42:48,134 [ERROR] CADModel:125 - Updater not yet initialized, retry later 
2024-12-05 05:42:48,361 [INFO] CADModel:165 - CPN selected for project level
2024-12-05 05:42:48,362 [INFO] CADModel:114 - Register for checkConnection events
2024-12-05 05:42:48,362 [FATAL] Updater:308 - Updater called before beeing initialized
2024-12-05 05:42:48,362 [ERROR] CADModel:125 - Updater not yet initialized, retry later 
2024-12-05 05:42:48,366 [FATAL] Updater:308 - Updater called before beeing initialized
2024-12-05 05:42:48,679 [FATAL] Updater:308 - Updater called before beeing initialized
2024-12-05 05:42:48,694 [INFO] DbMcusAds:53 - JSON generation date=Fri Sep 20 20:04:23 ICT 2024 (1726837463113)
2024-12-05 05:42:48,695 [FATAL] Updater:308 - Updater called before beeing initialized
2024-12-05 05:42:48,856 [WARN] DetailPanel:346 - Failed to get advertising image, set to default
2024-12-05 05:42:49,028 [FATAL] Updater:308 - Updater called before beeing initialized
2024-12-05 05:42:49,045 [FATAL] Updater:308 - Updater called before beeing initialized
2024-12-05 05:42:49,046 [FATAL] Updater:308 - Updater called before beeing initialized
2024-12-05 05:42:49,046 [WARN] DetailPanel:346 - Failed to get advertising image, set to default
2024-12-05 05:42:49,047 [FATAL] Updater:308 - Updater called before beeing initialized
2024-12-05 05:42:49,145 [INFO] ThirdPartyUpdaterWithRetryManager:70 - Updater plugin not ready yet. [3/15]
2024-12-05 05:42:49,171 [ERROR] Updater:1120 - MainUpdater not yet initialized. External WinMGr cannot be set.
2024-12-05 05:42:49,184 [INFO] Updater:1056 - Updater Version found : 6.11.1
2024-12-05 05:42:49,206 [INFO] ApplicationProperties:184 - Using Application install path: C:\ST\STM32CubeIDE_1.13.2\STM32CubeIDE\plugins\com.st.stm32cube.common.mx_6.11.1.202404110753
2024-12-05 05:42:50,073 [INFO] MainUpdater:2873 - connection check result : 10
2024-12-05 05:42:50,075 [INFO] MainUpdater:290 - Updater Check For Update Now.
2024-12-05 05:42:50,075 [INFO] MicroXplorer:498 - Change Database Version : DB.6.0.111
2024-12-05 05:42:50,105 [INFO] McuFinderGlobals:63 - Set McuFinder mode to 2 (CubeIDE integrated)
2024-12-05 05:42:50,128 [INFO] UserAuth:415 - Internet connection configuration mode: 1
2024-12-05 05:42:50,236 [INFO] JxBrowserEngine:152 - Initiate JxBrowser Engine with user profile folder
2024-12-05 05:42:50,765 [INFO] CheckServerUpdateThread:120 - End of CheckServer Thread
2024-12-05 05:42:52,640 [WARN] PackLoader:240 - Cannot read IP mode file for STMicroelectronics.FP-SNS-MOTENVWB1.1.4.0
2024-12-05 05:42:52,684 [WARN] PackLoader:240 - Cannot read IP mode file for STMicroelectronics.FP-ATR-ASTRA1.2.0.1
2024-12-05 05:42:52,721 [WARN] PackLoader:240 - Cannot read IP mode file for STMicroelectronics.X-CUBE-SMBUS.2.1.0
2024-12-05 05:42:53,000 [WARN] PackLoader:240 - Cannot read IP mode file for STMicroelectronics.X-CUBE-WB05N.1.1.0
2024-12-05 05:42:53,135 [WARN] PackLoader:240 - Cannot read IP mode file for STMicroelectronics.X-CUBE-TOUCHGFX.4.23.1
2024-12-05 05:42:53,216 [WARN] PackLoader:240 - Cannot read IP mode file for STMicroelectronics.X-CUBE-TOUCHGFX.4.23.0
2024-12-05 05:42:53,363 [WARN] PackLoader:240 - Cannot read IP mode file for STMicroelectronics.X-CUBE-TOUCHGFX.4.23.2
2024-12-05 05:42:53,663 [WARN] PackLoader:240 - Cannot read IP mode file for STMicroelectronics.X-CUBE-AZRTOS-F7.1.1.0
2024-12-05 05:42:53,713 [WARN] PackLoader:240 - Cannot read IP mode file for STMicroelectronics.FP-SNS-MOTENV1.4.3.2
2024-12-05 05:42:53,976 [WARN] PackLoader:240 - Cannot read IP mode file for STMicroelectronics.X-CUBE-MEMS1.11.0.0
2024-12-05 05:42:54,642 [WARN] PackLoader:240 - Cannot read IP mode file for STMicroelectronics.FP-SNS-FLIGHT1.5.0.2
2024-12-05 05:42:54,673 [WARN] PackLoader:240 - Cannot read IP mode file for STMicroelectronics.X-CUBE-DISPLAY.3.0.0
2024-12-05 05:42:54,828 [WARN] PackLoader:240 - Cannot read IP mode file for STMicroelectronics.X-CUBE-BLE1.7.0.0
2024-12-05 05:42:55,059 [WARN] PackLoader:240 - Cannot read IP mode file for STMicroelectronics.X-CUBE-NFC10.1.0.0
2024-12-05 05:42:55,249 [WARN] PackLoader:240 - Cannot read IP mode file for emotas.I-CUBE-CANOPEN.1.3.0
2024-12-05 05:42:55,651 [WARN] PackLoader:240 - Cannot read IP mode file for STMicroelectronics.X-CUBE-TOUCHGFX.4.22.1
2024-12-05 05:42:55,895 [WARN] PackLoader:240 - Cannot read IP mode file for STMicroelectronics.X-CUBE-BLEMGR.3.1.0
2024-12-05 05:42:56,125 [INFO] LogOutputStream:77 - [STDOUT_REDIRECT] 1 : Invalid condition id : UX_CORESTACK_Condition cause : null
2024-12-05 05:42:56,125 [INFO] LogOutputStream:77 - [STDOUT_REDIRECT] 1 : Invalid condition id : UX_CORESTACK_Condition cause : null
2024-12-05 05:42:56,128 [INFO] LogOutputStream:77 - [STDOUT_REDIRECT] 1 : Invalid condition id : UX_CORESTACK_Condition cause : null
2024-12-05 05:42:56,130 [INFO] LogOutputStream:77 - [STDOUT_REDIRECT] 1 : Invalid condition id : UX_CORESTACK_Condition cause : null
2024-12-05 05:42:56,133 [INFO] LogOutputStream:77 - [STDOUT_REDIRECT] 1 : Invalid condition id : UX_CORESTACK_Condition cause : null
2024-12-05 05:42:56,138 [WARN] PackLoader:240 - Cannot read IP mode file for STMicroelectronics.X-CUBE-AZRTOS-WL.2.0.0
2024-12-05 05:42:56,220 [WARN] PackLoader:240 - Cannot read IP mode file for STMicroelectronics.FP-SNS-MOTENV1.5.0.0
2024-12-05 05:42:56,330 [WARN] PackLoader:240 - Cannot read IP mode file for wolfSSL.I-CUBE-wolfMQTT.1.19.0
2024-12-05 05:42:56,557 [WARN] PackLoader:240 - Cannot read IP mode file for WES.I-CUBE-Cesium.1.3.0
2024-12-05 05:42:57,127 [WARN] PackLoader:240 - Cannot read IP mode file for STMicroelectronics.X-CUBE-BLE2.3.3.0
2024-12-05 05:42:57,367 [WARN] PackLoader:240 - Cannot read IP mode file for STMicroelectronics.X-CUBE-NFC9.1.0.0
2024-12-05 05:42:57,680 [WARN] PackLoader:240 - Cannot read IP mode file for STMicroelectronics.X-CUBE-TCPP.4.1.0
2024-12-05 05:42:57,769 [WARN] PackLoader:240 - Cannot read IP mode file for STMicroelectronics.X-CUBE-ALGOBUILD.1.3.0
2024-12-05 05:42:58,441 [WARN] PackLoader:240 - Cannot read IP mode file for STMicroelectronics.X-CUBE-AZRTOS-G0.1.1.0
2024-12-05 05:42:58,534 [WARN] PackLoader:240 - Cannot read IP mode file for STMicroelectronics.X-CUBE-SAFEA1.1.2.2
2024-12-05 05:42:58,652 [WARN] PackLoader:240 - Cannot read IP mode file for STMicroelectronics.X-CUBE-NFC4.3.0.0
2024-12-05 05:42:58,694 [WARN] PackLoader:240 - Cannot read IP mode file for wolfSSL.I-CUBE-wolfMQTT.1.18.0
2024-12-05 05:42:58,796 [WARN] PackLoader:240 - Cannot read IP mode file for EmbeddedOffice.I-CUBE-FS-RTOS.1.0.1
2024-12-05 05:42:58,796 [ERROR] ConditionMgr:805 - Attr not supported : Dmpu
2024-12-05 05:42:58,797 [ERROR] ConditionMgr:805 - Attr not supported : Dmpu
2024-12-05 05:42:58,797 [ERROR] ConditionMgr:805 - Attr not supported : Dmpu
2024-12-05 05:42:58,797 [ERROR] ConditionMgr:805 - Attr not supported : Dmpu
2024-12-05 05:42:58,797 [ERROR] ConditionMgr:805 - Attr not supported : Dmpu
2024-12-05 05:42:58,797 [ERROR] ConditionMgr:805 - Attr not supported : Dmpu
2024-12-05 05:42:58,797 [ERROR] ConditionMgr:805 - Attr not supported : Dmpu
2024-12-05 05:42:58,798 [ERROR] ConditionMgr:805 - Attr not supported : Dmpu
2024-12-05 05:42:58,798 [ERROR] ConditionMgr:805 - Attr not supported : Dmpu
2024-12-05 05:42:58,798 [ERROR] ConditionMgr:805 - Attr not supported : Dmpu
2024-12-05 05:42:58,798 [ERROR] ConditionMgr:805 - Attr not supported : Dmpu
2024-12-05 05:42:58,798 [ERROR] ConditionMgr:805 - Attr not supported : Dmpu
2024-12-05 05:42:58,798 [ERROR] ConditionMgr:805 - Attr not supported : Dmpu
2024-12-05 05:42:58,798 [ERROR] ConditionMgr:805 - Attr not supported : Dmpu
2024-12-05 05:42:58,799 [ERROR] ConditionMgr:805 - Attr not supported : Dmpu
2024-12-05 05:42:58,799 [ERROR] ConditionMgr:805 - Attr not supported : Dmpu
2024-12-05 05:42:58,799 [ERROR] ConditionMgr:805 - Attr not supported : Dmpu
2024-12-05 05:42:58,799 [ERROR] ConditionMgr:805 - Attr not supported : Dmpu
2024-12-05 05:42:58,799 [ERROR] ConditionMgr:805 - Attr not supported : Dmpu
2024-12-05 05:42:58,800 [ERROR] ConditionMgr:805 - Attr not supported : Dmpu
2024-12-05 05:42:58,800 [ERROR] ConditionMgr:805 - Attr not supported : Dmpu
2024-12-05 05:42:58,800 [ERROR] ConditionMgr:805 - Attr not supported : Dmpu
2024-12-05 05:42:58,800 [ERROR] ConditionMgr:805 - Attr not supported : Dmpu
2024-12-05 05:42:58,800 [ERROR] ConditionMgr:805 - Attr not supported : Dmpu
2024-12-05 05:42:58,800 [ERROR] ConditionMgr:805 - Attr not supported : Dmpu
2024-12-05 05:42:58,800 [ERROR] ConditionMgr:805 - Attr not supported : Dmpu
2024-12-05 05:42:58,800 [ERROR] ConditionMgr:805 - Attr not supported : Dmpu
2024-12-05 05:42:58,800 [ERROR] ConditionMgr:805 - Attr not supported : Dmpu
2024-12-05 05:42:58,801 [ERROR] ConditionMgr:805 - Attr not supported : Dmpu
2024-12-05 05:42:58,801 [ERROR] ConditionMgr:805 - Attr not supported : Dmpu
2024-12-05 05:42:58,801 [ERROR] ConditionMgr:805 - Attr not supported : Dmpu
2024-12-05 05:42:58,801 [ERROR] ConditionMgr:805 - Attr not supported : Dmpu
2024-12-05 05:42:58,801 [ERROR] ConditionMgr:805 - Attr not supported : Dmpu
2024-12-05 05:42:58,801 [ERROR] ConditionMgr:805 - Attr not supported : Dmpu
2024-12-05 05:42:58,801 [ERROR] ConditionMgr:805 - Attr not supported : Dmpu
2024-12-05 05:42:58,801 [ERROR] ConditionMgr:805 - Attr not supported : Dmpu
2024-12-05 05:42:58,802 [ERROR] ConditionMgr:805 - Attr not supported : Dmpu
2024-12-05 05:42:58,802 [ERROR] ConditionMgr:805 - Attr not supported : Dmpu
2024-12-05 05:42:58,802 [ERROR] ConditionMgr:805 - Attr not supported : Dmpu
2024-12-05 05:42:58,802 [ERROR] ConditionMgr:805 - Attr not supported : Dmpu
2024-12-05 05:42:58,802 [ERROR] ConditionMgr:805 - Attr not supported : Dmpu
2024-12-05 05:42:58,802 [ERROR] ConditionMgr:805 - Attr not supported : Dmpu
2024-12-05 05:42:58,802 [ERROR] ConditionMgr:805 - Attr not supported : Dmpu
2024-12-05 05:42:58,803 [ERROR] ConditionMgr:805 - Attr not supported : Dmpu
2024-12-05 05:42:58,803 [ERROR] ConditionMgr:805 - Attr not supported : Dmpu
2024-12-05 05:42:58,803 [ERROR] ConditionMgr:805 - Attr not supported : Dmpu
2024-12-05 05:42:58,803 [ERROR] ConditionMgr:805 - Attr not supported : Dmpu
2024-12-05 05:42:58,803 [ERROR] ConditionMgr:805 - Attr not supported : Dmpu
2024-12-05 05:42:58,803 [ERROR] ConditionMgr:805 - Attr not supported : Dmpu
2024-12-05 05:42:58,803 [ERROR] ConditionMgr:805 - Attr not supported : Dmpu
2024-12-05 05:42:58,803 [ERROR] ConditionMgr:805 - Attr not supported : Dmpu
2024-12-05 05:42:58,803 [ERROR] ConditionMgr:805 - Attr not supported : Dmpu
2024-12-05 05:42:58,804 [ERROR] ConditionMgr:805 - Attr not supported : Dmpu
2024-12-05 05:42:58,804 [ERROR] ConditionMgr:805 - Attr not supported : Dmpu
2024-12-05 05:42:58,804 [ERROR] ConditionMgr:805 - Attr not supported : Dmpu
2024-12-05 05:42:58,804 [ERROR] ConditionMgr:805 - Attr not supported : Dmpu
2024-12-05 05:42:58,804 [ERROR] ConditionMgr:805 - Attr not supported : Dmpu
2024-12-05 05:42:58,804 [ERROR] ConditionMgr:805 - Attr not supported : Dmpu
2024-12-05 05:42:58,804 [ERROR] ConditionMgr:805 - Attr not supported : Dmpu
2024-12-05 05:42:58,804 [ERROR] ConditionMgr:805 - Attr not supported : Dmpu
2024-12-05 05:42:58,804 [ERROR] ConditionMgr:805 - Attr not supported : Dmpu
2024-12-05 05:42:58,805 [ERROR] ConditionMgr:805 - Attr not supported : Dmpu
2024-12-05 05:42:58,805 [ERROR] ConditionMgr:805 - Attr not supported : Dmpu
2024-12-05 05:42:58,805 [ERROR] ConditionMgr:805 - Attr not supported : Dmpu
2024-12-05 05:42:58,969 [WARN] PackLoader:240 - Cannot read IP mode file for STMicroelectronics.X-CUBE-BLEMGR.3.0.0
2024-12-05 05:42:59,128 [WARN] PackLoader:240 - Cannot read IP mode file for RealThread.X-CUBE-RT-Thread_Nano.4.1.1
2024-12-05 05:42:59,190 [WARN] PackLoader:240 - Cannot read IP mode file for STMicroelectronics.FP-ATR-SIGFOX1.3.2.0
2024-12-05 05:42:59,217 [WARN] ConditionMgr:438 - getConditionDescription Invalid condition id : Cortex-A Device cause : null
2024-12-05 05:42:59,342 [WARN] ConditionMgr:1039 - genDependencies : Invalid condition id : Cortex-A Device cause : null
2024-12-05 05:42:59,343 [WARN] ConditionMgr:1039 - genDependencies : Invalid condition id : Cortex-A Device cause : null
2024-12-05 05:42:59,343 [WARN] ConditionMgr:1039 - genDependencies : Invalid condition id : Cortex-A Device cause : null
2024-12-05 05:42:59,507 [WARN] PackLoader:240 - Cannot read IP mode file for STMicroelectronics.X-CUBE-EEPRMA1.5.1.0
2024-12-05 05:42:59,762 [WARN] PackLoader:240 - Cannot read IP mode file for SEGGER.I-CUBE-embOS.1.3.1
2024-12-05 05:43:00,018 [WARN] PackLoader:240 - Cannot read IP mode file for STMicroelectronics.X-CUBE-ALGOBUILD.1.4.0
2024-12-05 05:43:00,075 [WARN] PackLoader:240 - Cannot read IP mode file for STMicroelectronics.X-CUBE-AI.9.1.0
2024-12-05 05:43:00,269 [WARN] PackLoader:240 - Cannot read IP mode file for STMicroelectronics.X-CUBE-GNSS1.6.0.0
2024-12-05 05:43:00,851 [WARN] PackLoader:240 - Cannot read IP mode file for STMicroelectronics.X-CUBE-AZRTOS-F4.1.1.0
2024-12-05 05:43:00,944 [WARN] PackLoader:240 - Cannot read IP mode file for wolfSSL.I-CUBE-wolfSSL.5.6.3
2024-12-05 05:43:00,971 [WARN] PackLoader:240 - Cannot read IP mode file for STMicroelectronics.X-CUBE-ISPU.2.1.0
2024-12-05 05:43:01,002 [WARN] PackLoader:240 - Cannot read IP mode file for STMicroelectronics.X-CUBE-FREERTOS.1.2.0
2024-12-05 05:43:01,400 [WARN] PackLoader:240 - Cannot read IP mode file for STMicroelectronics.X-CUBE-AZRTOS-L5.2.0.0
2024-12-05 05:43:01,507 [WARN] PackLoader:240 - Cannot read IP mode file for STMicroelectronics.X-CUBE-EEPRMA1.4.2.0
2024-12-05 05:43:01,587 [WARN] PackLoader:240 - Cannot read IP mode file for STMicroelectronics.X-CUBE-NFC6.3.1.0
2024-12-05 05:43:01,668 [WARN] PackLoader:240 - Cannot read IP mode file for ITTIA_DB.I-CUBE-ITTIADB.8.8.0
2024-12-05 05:43:01,803 [WARN] PackLoader:240 - Cannot read IP mode file for STMicroelectronics.X-CUBE-BLEMGR.2.0.0
2024-12-05 05:43:01,888 [WARN] PackLoader:240 - Cannot read IP mode file for STMicroelectronics.X-CUBE-DPower.1.2.0
2024-12-05 05:43:01,921 [WARN] PackLoader:240 - Cannot read IP mode file for STMicroelectronics.X-CUBE-AI.9.0.0
2024-12-05 05:43:02,108 [WARN] ConditionMgr:438 - getConditionDescription Invalid condition id : UX DEVICE CLASS RTOS Condition cause : null
2024-12-05 05:43:02,109 [WARN] ConditionMgr:438 - getConditionDescription Invalid condition id : UX DEVICE CLASS RTOS Condition cause : null
2024-12-05 05:43:02,113 [WARN] PackLoader:240 - Cannot read IP mode file for STMicroelectronics.X-CUBE-AZRTOS-H7.3.1.0
2024-12-05 05:43:02,115 [WARN] ConditionMgr:1039 - genDependencies : Invalid condition id : UX DEVICE CLASS RTOS Condition cause : null
2024-12-05 05:43:02,115 [WARN] ConditionMgr:1039 - genDependencies : Invalid condition id : UX DEVICE CLASS RTOS Condition cause : null
2024-12-05 05:43:02,116 [WARN] ConditionMgr:1039 - genDependencies : Invalid condition id : UX DEVICE CLASS RTOS Condition cause : null
2024-12-05 05:43:02,121 [WARN] ConditionMgr:1039 - genDependencies : Invalid condition id : UX DEVICE CLASS RTOS Condition cause : null
2024-12-05 05:43:02,121 [WARN] ConditionMgr:1039 - genDependencies : Invalid condition id : UX DEVICE CLASS RTOS Condition cause : null
2024-12-05 05:43:02,243 [WARN] PackLoader:240 - Cannot read IP mode file for STMicroelectronics.X-CUBE-NFC7.1.0.1
2024-12-05 05:43:02,418 [WARN] PackLoader:240 - Cannot read IP mode file for wolfSSL.I-CUBE-wolfTPM.3.2.0
2024-12-05 05:43:02,811 [WARN] PackLoader:240 - Cannot read IP mode file for STMicroelectronics.X-CUBE-NFC6.3.0.0
2024-12-05 05:43:03,162 [WARN] PackLoader:240 - Cannot read IP mode file for STMicroelectronics.X-CUBE-EEPRMA1.4.1.0
2024-12-05 05:43:03,237 [WARN] PackLoader:240 - Cannot read IP mode file for STMicroelectronics.X-CUBE-AI.8.1.0
2024-12-05 05:43:03,304 [WARN] ConditionMgr:438 - getConditionDescription Invalid condition id : LAN8742 Phy interface Condition cause : null
2024-12-05 05:43:03,306 [WARN] PackLoader:240 - Cannot read IP mode file for STMicroelectronics.X-CUBE-AZRTOS-L4.2.0.0
2024-12-05 05:43:03,308 [WARN] ConditionMgr:1039 - genDependencies : Invalid condition id : LAN8742 Phy interface Condition cause : null
2024-12-05 05:43:03,308 [WARN] ConditionMgr:1039 - genDependencies : Invalid condition id : LAN8742 Phy interface Condition cause : null
2024-12-05 05:43:03,309 [WARN] ConditionMgr:1039 - genDependencies : Invalid condition id : LAN8742 Phy interface Condition cause : null
2024-12-05 05:43:03,382 [WARN] PackLoader:240 - Cannot read IP mode file for STMicroelectronics.X-CUBE-SFXS2LP1.4.0.0
2024-12-05 05:43:03,504 [WARN] PackLoader:240 - Cannot read IP mode file for STMicroelectronics.X-CUBE-ISPU.1.1.0
2024-12-05 05:43:03,611 [WARN] PackLoader:240 - Cannot read IP mode file for STMicroelectronics.X-CUBE-AZRTOS-H7.3.3.0
2024-12-05 05:43:03,687 [WARN] PackLoader:240 - Cannot read IP mode file for STMicroelectronics.X-CUBE-IPS.3.0.0
2024-12-05 05:43:04,500 [WARN] ConditionMgr:438 - getConditionDescription Invalid condition id : UX DEVICE CLASS RTOS Condition cause : null
2024-12-05 05:43:04,500 [WARN] ConditionMgr:438 - getConditionDescription Invalid condition id : UX DEVICE CLASS RTOS Condition cause : null
2024-12-05 05:43:04,503 [WARN] PackLoader:240 - Cannot read IP mode file for STMicroelectronics.X-CUBE-AZRTOS-WB.2.0.0
2024-12-05 05:43:04,504 [WARN] ConditionMgr:1039 - genDependencies : Invalid condition id : UX DEVICE CLASS RTOS Condition cause : null
2024-12-05 05:43:04,504 [WARN] ConditionMgr:1039 - genDependencies : Invalid condition id : UX DEVICE CLASS RTOS Condition cause : null
2024-12-05 05:43:04,504 [WARN] ConditionMgr:1039 - genDependencies : Invalid condition id : UX DEVICE CLASS RTOS Condition cause : null
2024-12-05 05:43:04,505 [WARN] ConditionMgr:1039 - genDependencies : Invalid condition id : UX DEVICE CLASS RTOS Condition cause : null
2024-12-05 05:43:04,505 [WARN] ConditionMgr:1039 - genDependencies : Invalid condition id : UX DEVICE CLASS RTOS Condition cause : null
2024-12-05 05:43:04,750 [WARN] PackLoader:240 - Cannot read IP mode file for STMicroelectronics.X-CUBE-GNSS1.7.0.0
2024-12-05 05:43:04,905 [WARN] PackLoader:240 - Cannot read IP mode file for STMicroelectronics.FP-SNS-STBOX1.2.0.0
2024-12-05 05:43:05,537 [WARN] PackLoader:240 - Cannot read IP mode file for STMicroelectronics.X-CUBE-SUBG2.5.0.0
2024-12-05 05:43:06,235 [WARN] PackLoader:240 - Cannot read IP mode file for STMicroelectronics.X-CUBE-TOF1.3.3.1
2024-12-05 05:43:07,463 [WARN] PackLoader:240 - Cannot read IP mode file for STMicroelectronics.X-CUBE-AZRTOS-G4.2.0.0
2024-12-05 05:43:08,347 [WARN] PackLoader:240 - Cannot read IP mode file for Infineon.AIROC-Wi-Fi-Bluetooth-STM32.1.5.1
2024-12-05 05:43:08,535 [WARN] PackLoader:240 - Cannot read IP mode file for STMicroelectronics.FP-SNS-MOTENVWB1.1.3.0
2024-12-05 05:43:09,587 [WARN] PackLoader:240 - Cannot read IP mode file for STMicroelectronics.FP-SNS-MOTENVWB1.1.3.1
2024-12-05 05:43:09,929 [WARN] PackLoader:240 - Cannot read IP mode file for STMicroelectronics.X-CUBE-ISPU.2.0.0
2024-12-05 05:43:10,097 [WARN] PackLoader:240 - Cannot read IP mode file for STMicroelectronics.X-CUBE-ALS.1.0.2
2024-12-05 05:43:11,361 [WARN] PackLoader:240 - Cannot read IP mode file for STMicroelectronics.X-CUBE-MEMS1.10.0.0
2024-12-05 05:43:11,995 [WARN] PackLoader:240 - Cannot read IP mode file for STMicroelectronics.X-CUBE-FREERTOS.1.1.0
2024-12-05 05:43:12,250 [WARN] PackLoader:240 - Cannot read IP mode file for STMicroelectronics.X-CUBE-TOUCHGFX.4.24.0
2024-12-05 05:43:12,287 [WARN] PackLoader:240 - Cannot read IP mode file for STMicroelectronics.X-CUBE-TOUCHGFX.4.24.1
2024-12-05 05:43:12,325 [WARN] PackLoader:240 - Cannot read IP mode file for portGmbH.I-Cube-SoM-uGOAL.1.1.0
2024-12-05 05:43:12,371 [WARN] PackLoader:240 - Cannot read IP mode file for STMicroelectronics.X-CUBE-ALS.1.0.1
2024-12-05 05:43:12,476 [WARN] PackLoader:240 - Cannot read IP mode file for STMicroelectronics.X-CUBE-AZRTOS-H7RS.1.0.0
2024-12-05 05:43:12,517 [WARN] PackLoader:240 - Cannot read IP mode file for STMicroelectronics.FP-ATR-ASTRA1.2.0.0
2024-12-05 05:43:12,584 [WARN] PackLoader:240 - Cannot read IP mode file for STMicroelectronics.X-CUBE-TOF1.3.4.2
2024-12-05 05:43:12,659 [WARN] PackLoader:240 - Cannot read IP mode file for STMicroelectronics.X-CUBE-TOF1.3.4.0
2024-12-05 05:43:12,736 [WARN] PackLoader:240 - Cannot read IP mode file for STMicroelectronics.X-CUBE-TOF1.3.4.1
2024-12-05 05:43:12,837 [WARN] PackLoader:240 - Cannot read IP mode file for STMicroelectronics.X-CUBE-AZRTOS-H7.3.2.0
2024-12-05 05:43:12,871 [WARN] PackLoader:240 - Cannot read IP mode file for wolfSSL.I-CUBE-wolfSSH.1.4.17
2024-12-05 05:43:12,874 [INFO] ThirdParty:978 - Integrity check success = true
2024-12-05 05:43:12,874 [INFO] IntegrityCheckThread:100 - exiting critical section [integrity check]
2024-12-05 05:43:12,874 [INFO] IntegrityCheckThread:103 - End integrity checks thread
2024-12-05 05:43:26,585 [INFO] WebApp:161 - Instantiating new browser for Auth
2024-12-05 05:43:30,886 [INFO] WebApp:779 - Register for checkConnection events
2024-12-05 05:43:30,886 [INFO] WebApp:414 - Apply proxy settings
2024-12-05 05:43:30,886 [INFO] WebApp:499 - Chromium requires no authentication
2024-12-05 05:43:30,899 [INFO] WebApp:442 - Direct internet connection detected
2024-12-05 05:43:31,171 [INFO] WebApp:192 - Starting web application
2024-12-05 05:43:31,173 [INFO] WebApp:544 - Web application path used C:\ST\STM32CubeIDE_1.13.2\STM32CubeIDE\plugins\com.st.stm32cube.common.mx_6.11.1.202404110753\db\plugins\mcufinder\reactClient1\index.html
