2024-12-11 07:27:31,266 [INFO] Activator:176 - 


2024-12-11 07:27:31,273 [INFO] Activator:177 - !SESSION log4j initialized
2024-12-11 07:27:41,551 [INFO] LogOutputStream:77 - [STDOUT_REDIRECT] 
2024-12-11 07:27:48,839 [INFO] ApplicationProperties:184 - Using Application install path: C:\ST\STM32CubeIDE_1.13.2\STM32CubeIDE\plugins\com.st.stm32cube.common.mx_6.11.1.202404110753
2024-12-11 07:27:48,864 [INFO] DbMcusXml:78 - Set database path to: C:\ST\STM32CubeIDE_1.13.2\STM32CubeIDE\plugins\com.st.stm32cube.common.mx_6.11.1.202404110753\\db\/mcu/
2024-12-11 07:27:48,865 [INFO] ApiDb:274 - Set plugin database path to: C:\ST\STM32CubeIDE_1.13.2\STM32CubeIDE\plugins\com.st.stm32cube.common.mx_6.11.1.202404110753\\db\/plugins/boardmanager/
2024-12-11 07:27:48,865 [WARN] ApiDb:259 - Overriding images path with different value:  => C:\ST\STM32CubeIDE_1.13.2\STM32CubeIDE\plugins\com.st.stm32cube.common.mx_6.11.1.202404110753\\db\/plugins/mcufinder/images/
2024-12-11 07:27:48,883 [INFO] ApiDb:250 - Set database path to: C:\Users\Mr.hDung\.stmcufinder\plugins\mcufinder//mcu/
2024-12-11 07:27:48,884 [INFO] DbMcusAds:125 - Set database path to: C:\Users\Mr.hDung\.stmcufinder\plugins\mcufinder//mcu/
2024-12-11 07:27:48,887 [INFO] CrossReferenceDbSqlite:203 - Set database path to: C:\Users\Mr.hDung\.stmcufinder\plugins\mcufinder//mcu/cs/
2024-12-11 07:27:49,144 [INFO] RulesReader:64 - Compatibility file has been processed (297 Rules)
2024-12-11 07:27:49,300 [INFO] DbMcusXml:78 - Set database path to: C:\ST\STM32CubeIDE_1.13.2\STM32CubeIDE\plugins\com.st.stm32cube.common.mx_6.11.1.202404110753\\db\/mcu/
2024-12-11 07:27:49,300 [INFO] ApiDb:274 - Set plugin database path to: C:\ST\STM32CubeIDE_1.13.2\STM32CubeIDE\plugins\com.st.stm32cube.common.mx_6.11.1.202404110753\\db\/plugins/boardmanager/
2024-12-11 07:27:49,301 [INFO] ApiDb:261 - Set plugin images path to: C:\ST\STM32CubeIDE_1.13.2\STM32CubeIDE\plugins\com.st.stm32cube.common.mx_6.11.1.202404110753\\db\/plugins/mcufinder/images/
2024-12-11 07:27:49,301 [WARN] DbFile:41 - Overriding database path with different value: C:\Users\Mr.hDung\.stmcufinder\plugins\mcufinder/ => C:\Users\Mr.hDung\.stmcufinder\plugins\mcufinder
2024-12-11 07:27:49,301 [INFO] ApiDb:250 - Set database path to: C:\Users\Mr.hDung\.stmcufinder\plugins\mcufinder//mcu/
2024-12-11 07:27:49,302 [WARN] DbFile:41 - Overriding database path with different value: C:\Users\Mr.hDung\.stmcufinder\plugins\mcufinder/ => C:\Users\Mr.hDung\.stmcufinder\plugins\mcufinder
2024-12-11 07:27:49,302 [INFO] DbMcusAds:125 - Set database path to: C:\Users\Mr.hDung\.stmcufinder\plugins\mcufinder//mcu/
2024-12-11 07:27:49,302 [WARN] DbFile:41 - Overriding database path with different value: C:\Users\Mr.hDung\.stmcufinder\plugins\mcufinder/ => C:\Users\Mr.hDung\.stmcufinder\plugins\mcufinder
2024-12-11 07:27:49,302 [WARN] DbFile:41 - Overriding database path with different value: C:\Users\Mr.hDung\.stmcufinder\plugins\mcufinder/ => C:\Users\Mr.hDung\.stmcufinder\plugins\mcufinder
2024-12-11 07:27:49,302 [INFO] CrossReferenceDbSqlite:203 - Set database path to: C:\Users\Mr.hDung\.stmcufinder\plugins\mcufinder//mcu/cs/
2024-12-11 07:27:49,463 [INFO] MainPanel:264 - HeapMemory: 268435456
2024-12-11 07:27:49,675 [INFO] DbMcusXml:78 - Set database path to: C:\ST\STM32CubeIDE_1.13.2\STM32CubeIDE\plugins\com.st.stm32cube.common.mx_6.11.1.202404110753\\db\/mcu/
2024-12-11 07:27:49,675 [INFO] ApiDb:274 - Set plugin database path to: C:\ST\STM32CubeIDE_1.13.2\STM32CubeIDE\plugins\com.st.stm32cube.common.mx_6.11.1.202404110753\\db\/plugins/boardmanager/
2024-12-11 07:27:49,675 [INFO] ApiDb:261 - Set plugin images path to: C:\ST\STM32CubeIDE_1.13.2\STM32CubeIDE\plugins\com.st.stm32cube.common.mx_6.11.1.202404110753\\db\/plugins/mcufinder/images/
2024-12-11 07:27:49,676 [WARN] DbFile:41 - Overriding database path with different value: C:\Users\Mr.hDung\.stmcufinder\plugins\mcufinder/ => C:\Users\Mr.hDung\.stmcufinder\plugins\mcufinder
2024-12-11 07:27:49,676 [INFO] ApiDb:250 - Set database path to: C:\Users\Mr.hDung\.stmcufinder\plugins\mcufinder//mcu/
2024-12-11 07:27:49,677 [WARN] DbFile:41 - Overriding database path with different value: C:\Users\Mr.hDung\.stmcufinder\plugins\mcufinder/ => C:\Users\Mr.hDung\.stmcufinder\plugins\mcufinder
2024-12-11 07:27:49,677 [INFO] DbMcusAds:125 - Set database path to: C:\Users\Mr.hDung\.stmcufinder\plugins\mcufinder//mcu/
2024-12-11 07:27:49,677 [WARN] DbFile:41 - Overriding database path with different value: C:\Users\Mr.hDung\.stmcufinder\plugins\mcufinder/ => C:\Users\Mr.hDung\.stmcufinder\plugins\mcufinder
2024-12-11 07:27:49,677 [WARN] DbFile:41 - Overriding database path with different value: C:\Users\Mr.hDung\.stmcufinder\plugins\mcufinder/ => C:\Users\Mr.hDung\.stmcufinder\plugins\mcufinder
2024-12-11 07:27:49,677 [INFO] CrossReferenceDbSqlite:203 - Set database path to: C:\Users\Mr.hDung\.stmcufinder\plugins\mcufinder//mcu/cs/
2024-12-11 07:27:49,714 [INFO] ApplicationProperties:184 - Using Application install path: C:\ST\STM32CubeIDE_1.13.2\STM32CubeIDE\plugins\com.st.stm32cube.common.mx_6.11.1.202404110753
2024-12-11 07:27:49,717 [INFO] PluginManage:196 - Search for loadable plugins [exclusion list=, ]
2024-12-11 07:27:49,720 [INFO] PluginManage:310 - Check plugin analytics
2024-12-11 07:27:54,671 [INFO] AnalyticsPlugin:253 - Accepted Software Licenses: 
2024-12-11 07:27:54,671 [INFO] AnalyticsPlugin:255 - Accepted CMSIS Pack Licenses: 
2024-12-11 07:27:54,671 [INFO] AnalyticsPlugin:257 - Accepted Firmware Licenses: 
2024-12-11 07:27:54,675 [INFO] PluginManage:359 - Loaded plugin analytics (category:tool,tabindex:-1)
2024-12-11 07:27:54,676 [INFO] PluginManage:310 - Check plugin cadmodel
2024-12-11 07:28:00,254 [INFO] CADModel:105 - Init CAD model plugin
2024-12-11 07:28:00,254 [INFO] PluginManage:359 - Loaded plugin cadmodel (category:power,tabindex:5)
2024-12-11 07:28:00,255 [INFO] PluginManage:310 - Check plugin clock
2024-12-11 07:28:00,333 [INFO] PluginManage:359 - Loaded plugin clock (category:base,tabindex:2)
2024-12-11 07:28:00,334 [INFO] PluginManage:310 - Check plugin ddr
2024-12-11 07:28:00,337 [INFO] PluginManage:359 - Loaded plugin ddr (category:tool,tabindex:6)
2024-12-11 07:28:00,338 [INFO] PluginManage:310 - Check plugin filemanager
2024-12-11 07:28:00,519 [INFO] PluginManage:359 - Loaded plugin filemanager (category:base,tabindex:10)
2024-12-11 07:28:00,520 [INFO] PluginManage:310 - Check plugin ipmanager
2024-12-11 07:28:00,533 [INFO] PluginManage:359 - Loaded plugin ipmanager (category:base,tabindex:5)
2024-12-11 07:28:00,533 [INFO] PluginManage:310 - Check plugin lpbam
2024-12-11 07:28:00,569 [INFO] PluginManage:359 - Loaded plugin lpbam (category:base,tabindex:0)
2024-12-11 07:28:00,570 [INFO] PluginManage:310 - Check plugin memorymap
2024-12-11 07:28:00,614 [INFO] PluginManage:359 - Loaded plugin memorymap (category:base,tabindex:4)
2024-12-11 07:28:00,614 [INFO] PluginManage:310 - Check plugin pinoutandconfiguration
2024-12-11 07:28:00,647 [INFO] PluginManage:359 - Loaded plugin pinoutandconfiguration (category:base,tabindex:1)
2024-12-11 07:28:00,647 [INFO] PluginManage:310 - Check plugin pinoutconfig
2024-12-11 07:28:00,807 [WARN] SupportedApi:132 - Cannot load RTOS API schema: s4s-elt-must-match.1: The content of 'definitions' must match (annotation?, (simpleType | complexType)?, (unique | key | keyref)*)). A problem was found starting at: attribute.
2024-12-11 07:28:01,047 [INFO] PluginManage:359 - Loaded plugin pinoutconfig (category:base,tabindex:0)
2024-12-11 07:28:01,047 [INFO] PluginManage:310 - Check plugin power
2024-12-11 07:28:01,092 [INFO] PluginManage:359 - Loaded plugin power (category:power,tabindex:4)
2024-12-11 07:28:01,092 [INFO] PluginManage:310 - Check plugin projectmanager
2024-12-11 07:28:01,123 [INFO] PluginManage:359 - Loaded plugin projectmanager (category:projectmanager,tabindex:3)
2024-12-11 07:28:01,124 [INFO] PluginManage:310 - Check plugin thirdparty
2024-12-11 07:28:01,634 [INFO] PluginManage:359 - Loaded plugin thirdparty (category:base,tabindex:-1)
2024-12-11 07:28:01,634 [INFO] PluginManage:310 - Check plugin tools
2024-12-11 07:28:01,635 [WARN] IntegrityCheckThread:84 - waiting for thirdparty lock release [integrity check]
2024-12-11 07:28:01,639 [INFO] IntegrityCheckThread:86 - entering critical section [integrity check]
2024-12-11 07:28:01,641 [INFO] ThirdPartyUpdaterWithRetryManager:70 - Updater plugin not ready yet. [1/15]
2024-12-11 07:28:01,724 [INFO] PluginManage:359 - Loaded plugin tools (category:base,tabindex:7)
2024-12-11 07:28:01,725 [INFO] PluginManage:310 - Check plugin tutovideos
2024-12-11 07:28:02,073 [INFO] PluginManage:359 - Loaded plugin tutovideos (category:base,tabindex:-1)
2024-12-11 07:28:02,074 [INFO] PluginManage:310 - Check plugin updater
2024-12-11 07:28:02,097 [INFO] PluginManage:359 - Loaded plugin updater (category:base,tabindex:12)
2024-12-11 07:28:02,097 [INFO] PluginManage:310 - Check plugin userauth
2024-12-11 07:28:02,109 [INFO] UserAuth:114 - Init User Auth plugin
2024-12-11 07:28:02,110 [INFO] PluginManage:359 - Loaded plugin userauth (category:base,tabindex:14)
2024-12-11 07:28:02,111 [INFO] PluginManage:283 - PluginManage : Loaded plugins [17]
2024-12-11 07:28:02,583 [INFO] PinOutPanel:1561 - setPackage(No Configuration,No Configuration)
2024-12-11 07:28:02,741 [INFO] CADModel:165 - CPN selected for project level
2024-12-11 07:28:02,741 [INFO] CADModel:114 - Register for checkConnection events
2024-12-11 07:28:02,794 [INFO] IPUIPlugin:80 - create IPUIPlugin
2024-12-11 07:28:02,794 [INFO] PluginManager:220 - loadIPPluginJar : add adc
2024-12-11 07:28:02,886 [INFO] IPUIPlugin:80 - create IPUIPlugin
2024-12-11 07:28:02,886 [INFO] PluginManager:220 - loadIPPluginJar : add aes
2024-12-11 07:28:03,000 [INFO] IPUIPlugin:80 - create IPUIPlugin
2024-12-11 07:28:03,001 [INFO] PluginManager:220 - loadIPPluginJar : add can
2024-12-11 07:28:03,058 [INFO] IPUIPlugin:80 - create IPUIPlugin
2024-12-11 07:28:03,058 [INFO] PluginManager:220 - loadIPPluginJar : add comp
2024-12-11 07:28:03,141 [INFO] IPUIPlugin:80 - create IPUIPlugin
2024-12-11 07:28:03,141 [INFO] PluginManager:220 - loadIPPluginJar : add cryp
2024-12-11 07:28:03,194 [INFO] IPUIPlugin:80 - create IPUIPlugin
2024-12-11 07:28:03,194 [INFO] PluginManager:220 - loadIPPluginJar : add dfsdm
2024-12-11 07:28:03,218 [INFO] IPUIPlugin:80 - create IPUIPlugin
2024-12-11 07:28:03,218 [INFO] PluginManager:220 - loadIPPluginJar : add dma
2024-12-11 07:28:03,309 [INFO] IPUIPlugin:80 - create IPUIPlugin
2024-12-11 07:28:03,309 [INFO] PluginManager:220 - loadIPPluginJar : add dma3
2024-12-11 07:28:03,376 [INFO] IPUIPlugin:80 - create IPUIPlugin
2024-12-11 07:28:03,376 [INFO] PluginManager:220 - loadIPPluginJar : add extmemmanager
2024-12-11 07:28:03,410 [INFO] IPUIPlugin:80 - create IPUIPlugin
2024-12-11 07:28:03,410 [INFO] PluginManager:220 - loadIPPluginJar : add fatfs
2024-12-11 07:28:03,486 [INFO] IPUIPlugin:80 - create IPUIPlugin
2024-12-11 07:28:03,486 [INFO] PluginManager:220 - loadIPPluginJar : add fmc
2024-12-11 07:28:03,506 [INFO] IPUIPlugin:80 - create IPUIPlugin
2024-12-11 07:28:03,507 [INFO] PluginManager:220 - loadIPPluginJar : add freertos
2024-12-11 07:28:03,542 [INFO] IPUIPlugin:80 - create IPUIPlugin
2024-12-11 07:28:03,542 [INFO] PluginManager:220 - loadIPPluginJar : add genericplugin
2024-12-11 07:28:03,697 [INFO] IPUIPlugin:80 - create IPUIPlugin
2024-12-11 07:28:03,697 [INFO] PluginManager:220 - loadIPPluginJar : add gfxmmu
2024-12-11 07:28:03,925 [INFO] IPUIPlugin:80 - create IPUIPlugin
2024-12-11 07:28:03,925 [INFO] PluginManager:220 - loadIPPluginJar : add gic
2024-12-11 07:28:03,947 [INFO] IPUIPlugin:80 - create IPUIPlugin
2024-12-11 07:28:03,947 [INFO] PluginManager:220 - loadIPPluginJar : add gpio
2024-12-11 07:28:04,126 [INFO] IPUIPlugin:80 - create IPUIPlugin
2024-12-11 07:28:04,126 [INFO] PluginManager:220 - loadIPPluginJar : add gtzc
2024-12-11 07:28:04,180 [INFO] IPUIPlugin:80 - create IPUIPlugin
2024-12-11 07:28:04,180 [INFO] PluginManager:220 - loadIPPluginJar : add hash
2024-12-11 07:28:04,286 [INFO] IPUIPlugin:80 - create IPUIPlugin
2024-12-11 07:28:04,286 [INFO] PluginManager:220 - loadIPPluginJar : add i2c
2024-12-11 07:28:04,384 [INFO] IPUIPlugin:80 - create IPUIPlugin
2024-12-11 07:28:04,384 [INFO] PluginManager:220 - loadIPPluginJar : add i2s
2024-12-11 07:28:04,479 [INFO] IPUIPlugin:80 - create IPUIPlugin
2024-12-11 07:28:04,479 [INFO] PluginManager:220 - loadIPPluginJar : add i3c
2024-12-11 07:28:04,643 [INFO] ThirdPartyUpdaterWithRetryManager:70 - Updater plugin not ready yet. [2/15]
2024-12-11 07:28:04,660 [INFO] IPUIPlugin:80 - create IPUIPlugin
2024-12-11 07:28:04,660 [INFO] PluginManager:220 - loadIPPluginJar : add ipddr
2024-12-11 07:28:04,824 [INFO] IPUIPlugin:80 - create IPUIPlugin
2024-12-11 07:28:04,824 [INFO] PluginManager:220 - loadIPPluginJar : add linkedlist
2024-12-11 07:28:04,883 [INFO] IPUIPlugin:80 - create IPUIPlugin
2024-12-11 07:28:04,883 [INFO] PluginManager:220 - loadIPPluginJar : add lorawan
2024-12-11 07:28:04,940 [INFO] IPUIPlugin:80 - create IPUIPlugin
2024-12-11 07:28:04,940 [INFO] PluginManager:220 - loadIPPluginJar : add ltdc
2024-12-11 07:28:04,963 [INFO] IPUIPlugin:80 - create IPUIPlugin
2024-12-11 07:28:04,963 [INFO] PluginManager:220 - loadIPPluginJar : add mdma
2024-12-11 07:28:04,982 [INFO] IPUIPlugin:80 - create IPUIPlugin
2024-12-11 07:28:04,983 [INFO] PluginManager:220 - loadIPPluginJar : add nvic
2024-12-11 07:28:05,044 [INFO] IPUIPlugin:80 - create IPUIPlugin
2024-12-11 07:28:05,044 [INFO] PluginManager:220 - loadIPPluginJar : add opamp
2024-12-11 07:28:05,153 [INFO] IPUIPlugin:80 - create IPUIPlugin
2024-12-11 07:28:05,154 [INFO] PluginManager:220 - loadIPPluginJar : add openamp
2024-12-11 07:28:05,226 [INFO] IPUIPlugin:80 - create IPUIPlugin
2024-12-11 07:28:05,226 [INFO] PluginManager:220 - loadIPPluginJar : add pdm2pcm
2024-12-11 07:28:05,248 [INFO] IPUIPlugin:80 - create IPUIPlugin
2024-12-11 07:28:05,252 [INFO] PluginManager:220 - loadIPPluginJar : add plateformsettings
2024-12-11 07:28:05,295 [INFO] IPUIPlugin:80 - create IPUIPlugin
2024-12-11 07:28:05,295 [INFO] PluginManager:220 - loadIPPluginJar : add quadspi
2024-12-11 07:28:05,314 [INFO] IPUIPlugin:80 - create IPUIPlugin
2024-12-11 07:28:05,314 [INFO] PluginManager:220 - loadIPPluginJar : add resmgrutility
2024-12-11 07:28:05,392 [INFO] IPUIPlugin:80 - create IPUIPlugin
2024-12-11 07:28:05,393 [INFO] PluginManager:220 - loadIPPluginJar : add sai
2024-12-11 07:28:05,455 [INFO] IPUIPlugin:80 - create IPUIPlugin
2024-12-11 07:28:05,455 [INFO] PluginManager:220 - loadIPPluginJar : add spi
2024-12-11 07:28:05,580 [INFO] IPUIPlugin:80 - create IPUIPlugin
2024-12-11 07:28:05,580 [INFO] PluginManager:220 - loadIPPluginJar : add stm32_wpan
2024-12-11 07:28:05,632 [INFO] IPUIPlugin:80 - create IPUIPlugin
2024-12-11 07:28:05,632 [INFO] PluginManager:220 - loadIPPluginJar : add tim
2024-12-11 07:28:05,776 [INFO] IPUIPlugin:80 - create IPUIPlugin
2024-12-11 07:28:05,776 [INFO] PluginManager:220 - loadIPPluginJar : add touchsensing
2024-12-11 07:28:05,888 [INFO] IPUIPlugin:80 - create IPUIPlugin
2024-12-11 07:28:05,888 [INFO] PluginManager:220 - loadIPPluginJar : add tracer_emb
2024-12-11 07:28:05,982 [INFO] IPUIPlugin:80 - create IPUIPlugin
2024-12-11 07:28:05,983 [INFO] PluginManager:220 - loadIPPluginJar : add ts
2024-12-11 07:28:06,084 [INFO] IPUIPlugin:80 - create IPUIPlugin
2024-12-11 07:28:06,086 [INFO] PluginManager:220 - loadIPPluginJar : add tsc
2024-12-11 07:28:06,239 [INFO] IPUIPlugin:80 - create IPUIPlugin
2024-12-11 07:28:06,239 [INFO] PluginManager:220 - loadIPPluginJar : add ucpd
2024-12-11 07:28:06,313 [INFO] IPUIPlugin:80 - create IPUIPlugin
2024-12-11 07:28:06,313 [INFO] PluginManager:220 - loadIPPluginJar : add usart
2024-12-11 07:28:06,376 [INFO] IPUIPlugin:80 - create IPUIPlugin
2024-12-11 07:28:06,376 [INFO] PluginManager:220 - loadIPPluginJar : add usbx
2024-12-11 07:28:06,605 [INFO] CADModel:165 - CPN selected for project level
2024-12-11 07:28:06,605 [INFO] CADModel:114 - Register for checkConnection events
2024-12-11 07:28:06,605 [FATAL] Updater:308 - Updater called before beeing initialized
2024-12-11 07:28:06,606 [ERROR] CADModel:125 - Updater not yet initialized, retry later 
2024-12-11 07:28:06,827 [INFO] CADModel:165 - CPN selected for project level
2024-12-11 07:28:06,828 [INFO] CADModel:114 - Register for checkConnection events
2024-12-11 07:28:06,828 [FATAL] Updater:308 - Updater called before beeing initialized
2024-12-11 07:28:06,828 [ERROR] CADModel:125 - Updater not yet initialized, retry later 
2024-12-11 07:28:06,832 [FATAL] Updater:308 - Updater called before beeing initialized
2024-12-11 07:28:07,236 [FATAL] Updater:308 - Updater called before beeing initialized
2024-12-11 07:28:07,262 [INFO] DbMcusAds:53 - JSON generation date=Fri Sep 20 20:04:23 ICT 2024 (1726837463113)
2024-12-11 07:28:07,263 [FATAL] Updater:308 - Updater called before beeing initialized
2024-12-11 07:28:07,645 [INFO] ThirdPartyUpdaterWithRetryManager:70 - Updater plugin not ready yet. [3/15]
2024-12-11 07:28:07,679 [WARN] DetailPanel:346 - Failed to get advertising image, set to default
2024-12-11 07:28:08,042 [FATAL] Updater:308 - Updater called before beeing initialized
2024-12-11 07:28:08,066 [FATAL] Updater:308 - Updater called before beeing initialized
2024-12-11 07:28:08,067 [FATAL] Updater:308 - Updater called before beeing initialized
2024-12-11 07:28:08,067 [WARN] DetailPanel:346 - Failed to get advertising image, set to default
2024-12-11 07:28:08,070 [FATAL] Updater:308 - Updater called before beeing initialized
2024-12-11 07:28:08,299 [ERROR] Updater:1120 - MainUpdater not yet initialized. External WinMGr cannot be set.
2024-12-11 07:28:08,321 [INFO] Updater:1056 - Updater Version found : 6.11.1
2024-12-11 07:28:08,363 [INFO] ApplicationProperties:184 - Using Application install path: C:\ST\STM32CubeIDE_1.13.2\STM32CubeIDE\plugins\com.st.stm32cube.common.mx_6.11.1.202404110753
2024-12-11 07:28:09,309 [INFO] MainUpdater:2873 - connection check result : 10
2024-12-11 07:28:09,310 [INFO] MainUpdater:290 - Updater Check For Update Now.
2024-12-11 07:28:09,310 [INFO] MicroXplorer:498 - Change Database Version : DB.6.0.111
2024-12-11 07:28:09,339 [INFO] McuFinderGlobals:63 - Set McuFinder mode to 2 (CubeIDE integrated)
2024-12-11 07:28:09,360 [INFO] UserAuth:415 - Internet connection configuration mode: 1
2024-12-11 07:28:09,420 [INFO] JxBrowserEngine:152 - Initiate JxBrowser Engine with user profile folder
2024-12-11 07:28:09,796 [INFO] CheckServerUpdateThread:120 - End of CheckServer Thread
2024-12-11 07:28:11,347 [WARN] PackLoader:240 - Cannot read IP mode file for STMicroelectronics.FP-SNS-MOTENVWB1.1.4.0
2024-12-11 07:28:11,401 [WARN] PackLoader:240 - Cannot read IP mode file for STMicroelectronics.FP-ATR-ASTRA1.2.0.1
2024-12-11 07:28:11,483 [WARN] PackLoader:240 - Cannot read IP mode file for STMicroelectronics.X-CUBE-SMBUS.2.1.0
2024-12-11 07:28:11,594 [WARN] PackLoader:240 - Cannot read IP mode file for STMicroelectronics.X-CUBE-WB05N.1.1.0
2024-12-11 07:28:11,634 [WARN] PackLoader:240 - Cannot read IP mode file for STMicroelectronics.X-CUBE-TOUCHGFX.4.23.1
2024-12-11 07:28:11,669 [WARN] PackLoader:240 - Cannot read IP mode file for STMicroelectronics.X-CUBE-TOUCHGFX.4.23.0
2024-12-11 07:28:11,726 [WARN] PackLoader:240 - Cannot read IP mode file for STMicroelectronics.X-CUBE-TOUCHGFX.4.23.2
2024-12-11 07:28:12,166 [WARN] PackLoader:240 - Cannot read IP mode file for STMicroelectronics.X-CUBE-AZRTOS-F7.1.1.0
2024-12-11 07:28:12,226 [WARN] PackLoader:240 - Cannot read IP mode file for STMicroelectronics.FP-SNS-MOTENV1.4.3.2
2024-12-11 07:28:12,570 [WARN] PackLoader:240 - Cannot read IP mode file for STMicroelectronics.X-CUBE-MEMS1.11.0.0
2024-12-11 07:28:13,033 [WARN] PackLoader:240 - Cannot read IP mode file for STMicroelectronics.FP-SNS-FLIGHT1.5.0.2
2024-12-11 07:28:13,075 [WARN] PackLoader:240 - Cannot read IP mode file for STMicroelectronics.X-CUBE-DISPLAY.3.0.0
2024-12-11 07:28:13,159 [WARN] PackLoader:240 - Cannot read IP mode file for STMicroelectronics.X-CUBE-BLE1.7.0.0
2024-12-11 07:28:13,206 [WARN] PackLoader:240 - Cannot read IP mode file for STMicroelectronics.X-CUBE-NFC10.1.0.0
2024-12-11 07:28:13,255 [WARN] PackLoader:240 - Cannot read IP mode file for STMicroelectronics.X-CUBE-BLEMGR.4.0.0
2024-12-11 07:28:13,292 [WARN] PackLoader:240 - Cannot read IP mode file for emotas.I-CUBE-CANOPEN.1.3.0
2024-12-11 07:28:13,318 [WARN] PackLoader:240 - Cannot read IP mode file for STMicroelectronics.X-CUBE-TOUCHGFX.4.22.1
2024-12-11 07:28:13,353 [WARN] PackLoader:240 - Cannot read IP mode file for STMicroelectronics.X-CUBE-BLEMGR.3.1.0
2024-12-11 07:28:13,407 [INFO] LogOutputStream:77 - [STDOUT_REDIRECT] 1 : Invalid condition id : UX_CORESTACK_Condition cause : null
2024-12-11 07:28:13,408 [INFO] LogOutputStream:77 - [STDOUT_REDIRECT] 1 : Invalid condition id : UX_CORESTACK_Condition cause : null
2024-12-11 07:28:13,436 [INFO] LogOutputStream:77 - [STDOUT_REDIRECT] 1 : Invalid condition id : UX_CORESTACK_Condition cause : null
2024-12-11 07:28:13,438 [INFO] LogOutputStream:77 - [STDOUT_REDIRECT] 1 : Invalid condition id : UX_CORESTACK_Condition cause : null
2024-12-11 07:28:13,440 [INFO] LogOutputStream:77 - [STDOUT_REDIRECT] 1 : Invalid condition id : UX_CORESTACK_Condition cause : null
2024-12-11 07:28:13,448 [WARN] PackLoader:240 - Cannot read IP mode file for STMicroelectronics.X-CUBE-AZRTOS-WL.2.0.0
2024-12-11 07:28:13,480 [WARN] PackLoader:240 - Cannot read IP mode file for STMicroelectronics.FP-SNS-MOTENV1.5.0.0
2024-12-11 07:28:13,504 [WARN] PackLoader:240 - Cannot read IP mode file for wolfSSL.I-CUBE-wolfMQTT.1.19.0
2024-12-11 07:28:13,533 [WARN] PackLoader:240 - Cannot read IP mode file for WES.I-CUBE-Cesium.1.3.0
2024-12-11 07:28:13,559 [WARN] PackLoader:240 - Cannot read IP mode file for STMicroelectronics.X-CUBE-BLE2.3.3.0
2024-12-11 07:28:13,587 [WARN] PackLoader:240 - Cannot read IP mode file for STMicroelectronics.X-CUBE-NFC9.1.0.0
2024-12-11 07:28:13,616 [WARN] PackLoader:240 - Cannot read IP mode file for STMicroelectronics.X-CUBE-TCPP.4.1.0
2024-12-11 07:28:13,688 [WARN] PackLoader:240 - Cannot read IP mode file for STMicroelectronics.X-CUBE-ALGOBUILD.1.3.0
2024-12-11 07:28:13,770 [WARN] PackLoader:240 - Cannot read IP mode file for STMicroelectronics.X-CUBE-AZRTOS-G0.1.1.0
2024-12-11 07:28:13,826 [WARN] PackLoader:240 - Cannot read IP mode file for STMicroelectronics.X-CUBE-SAFEA1.1.2.2
2024-12-11 07:28:13,855 [WARN] PackLoader:240 - Cannot read IP mode file for STMicroelectronics.X-CUBE-NFC4.3.0.0
2024-12-11 07:28:13,876 [WARN] PackLoader:240 - Cannot read IP mode file for wolfSSL.I-CUBE-wolfMQTT.1.18.0
2024-12-11 07:28:13,908 [WARN] PackLoader:240 - Cannot read IP mode file for EmbeddedOffice.I-CUBE-FS-RTOS.1.0.1
2024-12-11 07:28:13,909 [ERROR] ConditionMgr:805 - Attr not supported : Dmpu
2024-12-11 07:28:13,910 [ERROR] ConditionMgr:805 - Attr not supported : Dmpu
2024-12-11 07:28:13,910 [ERROR] ConditionMgr:805 - Attr not supported : Dmpu
2024-12-11 07:28:13,910 [ERROR] ConditionMgr:805 - Attr not supported : Dmpu
2024-12-11 07:28:13,910 [ERROR] ConditionMgr:805 - Attr not supported : Dmpu
2024-12-11 07:28:13,910 [ERROR] ConditionMgr:805 - Attr not supported : Dmpu
2024-12-11 07:28:13,910 [ERROR] ConditionMgr:805 - Attr not supported : Dmpu
2024-12-11 07:28:13,911 [ERROR] ConditionMgr:805 - Attr not supported : Dmpu
2024-12-11 07:28:13,911 [ERROR] ConditionMgr:805 - Attr not supported : Dmpu
2024-12-11 07:28:13,911 [ERROR] ConditionMgr:805 - Attr not supported : Dmpu
2024-12-11 07:28:13,911 [ERROR] ConditionMgr:805 - Attr not supported : Dmpu
2024-12-11 07:28:13,911 [ERROR] ConditionMgr:805 - Attr not supported : Dmpu
2024-12-11 07:28:13,912 [ERROR] ConditionMgr:805 - Attr not supported : Dmpu
2024-12-11 07:28:13,912 [ERROR] ConditionMgr:805 - Attr not supported : Dmpu
2024-12-11 07:28:13,912 [ERROR] ConditionMgr:805 - Attr not supported : Dmpu
2024-12-11 07:28:13,912 [ERROR] ConditionMgr:805 - Attr not supported : Dmpu
2024-12-11 07:28:13,912 [ERROR] ConditionMgr:805 - Attr not supported : Dmpu
2024-12-11 07:28:13,912 [ERROR] ConditionMgr:805 - Attr not supported : Dmpu
2024-12-11 07:28:13,912 [ERROR] ConditionMgr:805 - Attr not supported : Dmpu
2024-12-11 07:28:13,912 [ERROR] ConditionMgr:805 - Attr not supported : Dmpu
2024-12-11 07:28:13,912 [ERROR] ConditionMgr:805 - Attr not supported : Dmpu
2024-12-11 07:28:13,912 [ERROR] ConditionMgr:805 - Attr not supported : Dmpu
2024-12-11 07:28:13,913 [ERROR] ConditionMgr:805 - Attr not supported : Dmpu
2024-12-11 07:28:13,913 [ERROR] ConditionMgr:805 - Attr not supported : Dmpu
2024-12-11 07:28:13,913 [ERROR] ConditionMgr:805 - Attr not supported : Dmpu
2024-12-11 07:28:13,913 [ERROR] ConditionMgr:805 - Attr not supported : Dmpu
2024-12-11 07:28:13,913 [ERROR] ConditionMgr:805 - Attr not supported : Dmpu
2024-12-11 07:28:13,913 [ERROR] ConditionMgr:805 - Attr not supported : Dmpu
2024-12-11 07:28:13,913 [ERROR] ConditionMgr:805 - Attr not supported : Dmpu
2024-12-11 07:28:13,914 [ERROR] ConditionMgr:805 - Attr not supported : Dmpu
2024-12-11 07:28:13,914 [ERROR] ConditionMgr:805 - Attr not supported : Dmpu
2024-12-11 07:28:13,914 [ERROR] ConditionMgr:805 - Attr not supported : Dmpu
2024-12-11 07:28:13,914 [ERROR] ConditionMgr:805 - Attr not supported : Dmpu
2024-12-11 07:28:13,914 [ERROR] ConditionMgr:805 - Attr not supported : Dmpu
2024-12-11 07:28:13,914 [ERROR] ConditionMgr:805 - Attr not supported : Dmpu
2024-12-11 07:28:13,914 [ERROR] ConditionMgr:805 - Attr not supported : Dmpu
2024-12-11 07:28:13,914 [ERROR] ConditionMgr:805 - Attr not supported : Dmpu
2024-12-11 07:28:13,914 [ERROR] ConditionMgr:805 - Attr not supported : Dmpu
2024-12-11 07:28:13,915 [ERROR] ConditionMgr:805 - Attr not supported : Dmpu
2024-12-11 07:28:13,915 [ERROR] ConditionMgr:805 - Attr not supported : Dmpu
2024-12-11 07:28:13,915 [ERROR] ConditionMgr:805 - Attr not supported : Dmpu
2024-12-11 07:28:13,915 [ERROR] ConditionMgr:805 - Attr not supported : Dmpu
2024-12-11 07:28:13,915 [ERROR] ConditionMgr:805 - Attr not supported : Dmpu
2024-12-11 07:28:13,915 [ERROR] ConditionMgr:805 - Attr not supported : Dmpu
2024-12-11 07:28:13,915 [ERROR] ConditionMgr:805 - Attr not supported : Dmpu
2024-12-11 07:28:13,915 [ERROR] ConditionMgr:805 - Attr not supported : Dmpu
2024-12-11 07:28:13,915 [ERROR] ConditionMgr:805 - Attr not supported : Dmpu
2024-12-11 07:28:13,915 [ERROR] ConditionMgr:805 - Attr not supported : Dmpu
2024-12-11 07:28:13,915 [ERROR] ConditionMgr:805 - Attr not supported : Dmpu
2024-12-11 07:28:13,916 [ERROR] ConditionMgr:805 - Attr not supported : Dmpu
2024-12-11 07:28:13,916 [ERROR] ConditionMgr:805 - Attr not supported : Dmpu
2024-12-11 07:28:13,916 [ERROR] ConditionMgr:805 - Attr not supported : Dmpu
2024-12-11 07:28:13,916 [ERROR] ConditionMgr:805 - Attr not supported : Dmpu
2024-12-11 07:28:13,916 [ERROR] ConditionMgr:805 - Attr not supported : Dmpu
2024-12-11 07:28:13,916 [ERROR] ConditionMgr:805 - Attr not supported : Dmpu
2024-12-11 07:28:13,916 [ERROR] ConditionMgr:805 - Attr not supported : Dmpu
2024-12-11 07:28:13,916 [ERROR] ConditionMgr:805 - Attr not supported : Dmpu
2024-12-11 07:28:13,916 [ERROR] ConditionMgr:805 - Attr not supported : Dmpu
2024-12-11 07:28:13,916 [ERROR] ConditionMgr:805 - Attr not supported : Dmpu
2024-12-11 07:28:13,917 [ERROR] ConditionMgr:805 - Attr not supported : Dmpu
2024-12-11 07:28:13,917 [ERROR] ConditionMgr:805 - Attr not supported : Dmpu
2024-12-11 07:28:13,917 [ERROR] ConditionMgr:805 - Attr not supported : Dmpu
2024-12-11 07:28:13,917 [ERROR] ConditionMgr:805 - Attr not supported : Dmpu
2024-12-11 07:28:13,917 [ERROR] ConditionMgr:805 - Attr not supported : Dmpu
2024-12-11 07:28:13,952 [WARN] PackLoader:240 - Cannot read IP mode file for STMicroelectronics.X-CUBE-BLEMGR.3.0.0
2024-12-11 07:28:14,003 [WARN] PackLoader:240 - Cannot read IP mode file for RealThread.X-CUBE-RT-Thread_Nano.4.1.1
2024-12-11 07:28:14,025 [WARN] PackLoader:240 - Cannot read IP mode file for STMicroelectronics.FP-ATR-SIGFOX1.3.2.0
2024-12-11 07:28:14,050 [WARN] ConditionMgr:438 - getConditionDescription Invalid condition id : Cortex-A Device cause : null
2024-12-11 07:28:14,107 [WARN] ConditionMgr:1039 - genDependencies : Invalid condition id : Cortex-A Device cause : null
2024-12-11 07:28:14,107 [WARN] ConditionMgr:1039 - genDependencies : Invalid condition id : Cortex-A Device cause : null
2024-12-11 07:28:14,107 [WARN] ConditionMgr:1039 - genDependencies : Invalid condition id : Cortex-A Device cause : null
2024-12-11 07:28:14,151 [WARN] PackLoader:240 - Cannot read IP mode file for STMicroelectronics.X-CUBE-EEPRMA1.5.1.0
2024-12-11 07:28:14,270 [WARN] PackLoader:240 - Cannot read IP mode file for SEGGER.I-CUBE-embOS.1.3.1
2024-12-11 07:28:14,422 [WARN] PackLoader:240 - Cannot read IP mode file for STMicroelectronics.X-CUBE-ALGOBUILD.1.4.0
2024-12-11 07:28:14,451 [WARN] PackLoader:240 - Cannot read IP mode file for STMicroelectronics.X-CUBE-AI.9.1.0
2024-12-11 07:28:14,479 [WARN] PackLoader:240 - Cannot read IP mode file for STMicroelectronics.X-CUBE-GNSS1.6.0.0
2024-12-11 07:28:14,553 [WARN] PackLoader:240 - Cannot read IP mode file for STMicroelectronics.X-CUBE-AZRTOS-F4.1.1.0
2024-12-11 07:28:14,600 [WARN] PackLoader:240 - Cannot read IP mode file for wolfSSL.I-CUBE-wolfSSL.5.6.3
2024-12-11 07:28:14,636 [WARN] PackLoader:240 - Cannot read IP mode file for STMicroelectronics.X-CUBE-ISPU.2.1.0
2024-12-11 07:28:14,662 [WARN] PackLoader:240 - Cannot read IP mode file for STMicroelectronics.X-CUBE-FREERTOS.1.2.0
2024-12-11 07:28:14,745 [WARN] PackLoader:240 - Cannot read IP mode file for STMicroelectronics.X-CUBE-AZRTOS-L5.2.0.0
2024-12-11 07:28:14,794 [WARN] PackLoader:240 - Cannot read IP mode file for STMicroelectronics.X-CUBE-EEPRMA1.4.2.0
2024-12-11 07:28:14,888 [WARN] PackLoader:240 - Cannot read IP mode file for STMicroelectronics.X-CUBE-NFC6.3.1.0
2024-12-11 07:28:14,920 [WARN] PackLoader:240 - Cannot read IP mode file for ITTIA_DB.I-CUBE-ITTIADB.8.8.0
2024-12-11 07:28:14,956 [WARN] PackLoader:240 - Cannot read IP mode file for STMicroelectronics.X-CUBE-BLEMGR.2.0.0
2024-12-11 07:28:14,987 [WARN] PackLoader:240 - Cannot read IP mode file for STMicroelectronics.X-CUBE-DPower.1.2.0
2024-12-11 07:28:15,014 [WARN] PackLoader:240 - Cannot read IP mode file for STMicroelectronics.X-CUBE-AI.9.0.0
2024-12-11 07:28:15,081 [WARN] ConditionMgr:438 - getConditionDescription Invalid condition id : UX DEVICE CLASS RTOS Condition cause : null
2024-12-11 07:28:15,081 [WARN] ConditionMgr:438 - getConditionDescription Invalid condition id : UX DEVICE CLASS RTOS Condition cause : null
2024-12-11 07:28:15,088 [WARN] PackLoader:240 - Cannot read IP mode file for STMicroelectronics.X-CUBE-AZRTOS-H7.3.1.0
2024-12-11 07:28:15,089 [WARN] ConditionMgr:1039 - genDependencies : Invalid condition id : UX DEVICE CLASS RTOS Condition cause : null
2024-12-11 07:28:15,090 [WARN] ConditionMgr:1039 - genDependencies : Invalid condition id : UX DEVICE CLASS RTOS Condition cause : null
2024-12-11 07:28:15,091 [WARN] ConditionMgr:1039 - genDependencies : Invalid condition id : UX DEVICE CLASS RTOS Condition cause : null
2024-12-11 07:28:15,092 [WARN] ConditionMgr:1039 - genDependencies : Invalid condition id : UX DEVICE CLASS RTOS Condition cause : null
2024-12-11 07:28:15,092 [WARN] ConditionMgr:1039 - genDependencies : Invalid condition id : UX DEVICE CLASS RTOS Condition cause : null
2024-12-11 07:28:15,141 [WARN] PackLoader:240 - Cannot read IP mode file for STMicroelectronics.X-CUBE-NFC7.1.0.1
2024-12-11 07:28:15,175 [WARN] PackLoader:240 - Cannot read IP mode file for wolfSSL.I-CUBE-wolfTPM.3.2.0
2024-12-11 07:28:15,252 [WARN] PackLoader:240 - Cannot read IP mode file for STMicroelectronics.X-CUBE-NFC6.3.0.0
2024-12-11 07:28:15,308 [WARN] PackLoader:240 - Cannot read IP mode file for STMicroelectronics.X-CUBE-EEPRMA1.4.1.0
2024-12-11 07:28:15,349 [WARN] PackLoader:240 - Cannot read IP mode file for STMicroelectronics.X-CUBE-AI.8.1.0
2024-12-11 07:28:15,448 [WARN] ConditionMgr:438 - getConditionDescription Invalid condition id : LAN8742 Phy interface Condition cause : null
2024-12-11 07:28:15,449 [WARN] PackLoader:240 - Cannot read IP mode file for STMicroelectronics.X-CUBE-AZRTOS-L4.2.0.0
2024-12-11 07:28:15,451 [WARN] ConditionMgr:1039 - genDependencies : Invalid condition id : LAN8742 Phy interface Condition cause : null
2024-12-11 07:28:15,452 [WARN] ConditionMgr:1039 - genDependencies : Invalid condition id : LAN8742 Phy interface Condition cause : null
2024-12-11 07:28:15,453 [WARN] ConditionMgr:1039 - genDependencies : Invalid condition id : LAN8742 Phy interface Condition cause : null
2024-12-11 07:28:15,488 [WARN] PackLoader:240 - Cannot read IP mode file for STMicroelectronics.X-CUBE-SFXS2LP1.4.0.0
2024-12-11 07:28:15,513 [WARN] PackLoader:240 - Cannot read IP mode file for STMicroelectronics.X-CUBE-ISPU.1.1.0
2024-12-11 07:28:15,602 [WARN] PackLoader:240 - Cannot read IP mode file for STMicroelectronics.X-CUBE-AZRTOS-H7.3.3.0
2024-12-11 07:28:15,646 [WARN] PackLoader:240 - Cannot read IP mode file for STMicroelectronics.X-CUBE-IPS.3.0.0
2024-12-11 07:28:15,711 [WARN] ConditionMgr:438 - getConditionDescription Invalid condition id : UX DEVICE CLASS RTOS Condition cause : null
2024-12-11 07:28:15,712 [WARN] ConditionMgr:438 - getConditionDescription Invalid condition id : UX DEVICE CLASS RTOS Condition cause : null
2024-12-11 07:28:15,715 [WARN] PackLoader:240 - Cannot read IP mode file for STMicroelectronics.X-CUBE-AZRTOS-WB.2.0.0
2024-12-11 07:28:15,716 [WARN] ConditionMgr:1039 - genDependencies : Invalid condition id : UX DEVICE CLASS RTOS Condition cause : null
2024-12-11 07:28:15,716 [WARN] ConditionMgr:1039 - genDependencies : Invalid condition id : UX DEVICE CLASS RTOS Condition cause : null
2024-12-11 07:28:15,717 [WARN] ConditionMgr:1039 - genDependencies : Invalid condition id : UX DEVICE CLASS RTOS Condition cause : null
2024-12-11 07:28:15,718 [WARN] ConditionMgr:1039 - genDependencies : Invalid condition id : UX DEVICE CLASS RTOS Condition cause : null
2024-12-11 07:28:15,718 [WARN] ConditionMgr:1039 - genDependencies : Invalid condition id : UX DEVICE CLASS RTOS Condition cause : null
2024-12-11 07:28:15,764 [WARN] PackLoader:240 - Cannot read IP mode file for STMicroelectronics.X-CUBE-GNSS1.7.0.0
2024-12-11 07:28:15,793 [WARN] PackLoader:240 - Cannot read IP mode file for STMicroelectronics.FP-SNS-STBOX1.2.0.0
2024-12-11 07:28:15,851 [WARN] PackLoader:240 - Cannot read IP mode file for STMicroelectronics.X-CUBE-SUBG2.5.0.0
2024-12-11 07:28:15,893 [WARN] PackLoader:240 - Cannot read IP mode file for STMicroelectronics.X-CUBE-TOF1.3.3.1
2024-12-11 07:28:15,951 [WARN] PackLoader:240 - Cannot read IP mode file for STMicroelectronics.X-CUBE-AZRTOS-G4.2.0.0
2024-12-11 07:28:16,002 [WARN] PackLoader:240 - Cannot read IP mode file for Infineon.AIROC-Wi-Fi-Bluetooth-STM32.1.5.1
2024-12-11 07:28:16,029 [WARN] PackLoader:240 - Cannot read IP mode file for STMicroelectronics.FP-SNS-MOTENVWB1.1.3.0
2024-12-11 07:28:16,050 [WARN] PackLoader:240 - Cannot read IP mode file for STMicroelectronics.FP-SNS-MOTENVWB1.1.3.1
2024-12-11 07:28:16,089 [WARN] PackLoader:240 - Cannot read IP mode file for STMicroelectronics.X-CUBE-ISPU.2.0.0
2024-12-11 07:28:16,142 [WARN] PackLoader:240 - Cannot read IP mode file for STMicroelectronics.X-CUBE-ALS.1.0.2
2024-12-11 07:28:16,247 [WARN] PackLoader:240 - Cannot read IP mode file for STMicroelectronics.X-CUBE-MEMS1.10.0.0
2024-12-11 07:28:16,498 [WARN] PackLoader:240 - Cannot read IP mode file for STMicroelectronics.X-CUBE-FREERTOS.1.1.0
2024-12-11 07:28:16,531 [WARN] PackLoader:240 - Cannot read IP mode file for STMicroelectronics.X-CUBE-TOUCHGFX.4.24.0
2024-12-11 07:28:16,554 [WARN] PackLoader:240 - Cannot read IP mode file for STMicroelectronics.X-CUBE-TOUCHGFX.4.24.1
2024-12-11 07:28:16,580 [WARN] PackLoader:240 - Cannot read IP mode file for portGmbH.I-Cube-SoM-uGOAL.1.1.0
2024-12-11 07:28:16,603 [WARN] PackLoader:240 - Cannot read IP mode file for STMicroelectronics.X-CUBE-ALS.1.0.1
2024-12-11 07:28:16,656 [WARN] PackLoader:240 - Cannot read IP mode file for STMicroelectronics.X-CUBE-AZRTOS-H7RS.1.0.0
2024-12-11 07:28:16,681 [WARN] PackLoader:240 - Cannot read IP mode file for STMicroelectronics.FP-ATR-ASTRA1.2.0.0
2024-12-11 07:28:16,735 [WARN] PackLoader:240 - Cannot read IP mode file for STMicroelectronics.X-CUBE-TOF1.3.4.2
2024-12-11 07:28:16,800 [WARN] PackLoader:240 - Cannot read IP mode file for STMicroelectronics.X-CUBE-TOF1.3.4.0
2024-12-11 07:28:16,851 [WARN] PackLoader:240 - Cannot read IP mode file for STMicroelectronics.X-CUBE-TOF1.3.4.1
2024-12-11 07:28:16,925 [WARN] PackLoader:240 - Cannot read IP mode file for STMicroelectronics.X-CUBE-AZRTOS-H7.3.2.0
2024-12-11 07:28:16,962 [WARN] PackLoader:240 - Cannot read IP mode file for wolfSSL.I-CUBE-wolfSSH.1.4.17
2024-12-11 07:28:16,963 [INFO] ThirdParty:978 - Integrity check success = true
2024-12-11 07:28:16,963 [INFO] IntegrityCheckThread:100 - exiting critical section [integrity check]
2024-12-11 07:28:16,963 [INFO] IntegrityCheckThread:103 - End integrity checks thread
2024-12-11 07:28:36,850 [INFO] WebApp:161 - Instantiating new browser for Auth
2024-12-11 07:28:37,850 [INFO] WebApp:779 - Register for checkConnection events
2024-12-11 07:28:37,850 [INFO] WebApp:414 - Apply proxy settings
2024-12-11 07:28:37,851 [INFO] WebApp:499 - Chromium requires no authentication
2024-12-11 07:28:37,861 [INFO] WebApp:442 - Direct internet connection detected
2024-12-11 07:28:38,219 [INFO] WebApp:192 - Starting web application
2024-12-11 07:28:38,220 [INFO] WebApp:544 - Web application path used C:\ST\STM32CubeIDE_1.13.2\STM32CubeIDE\plugins\com.st.stm32cube.common.mx_6.11.1.202404110753\db\plugins\mcufinder\reactClient1\index.html
2024-12-11 21:16:00,202 [INFO] Activator:176 - 


2024-12-11 21:16:00,203 [INFO] Activator:177 - !SESSION log4j initialized
2024-12-11 21:16:09,841 [INFO] LogOutputStream:77 - [STDOUT_REDIRECT] 
2024-12-11 21:16:12,225 [INFO] ApplicationProperties:184 - Using Application install path: C:\ST\STM32CubeIDE_1.13.2\STM32CubeIDE\plugins\com.st.stm32cube.common.mx_6.11.1.202404110753
2024-12-11 21:16:12,246 [INFO] DbMcusXml:78 - Set database path to: C:\ST\STM32CubeIDE_1.13.2\STM32CubeIDE\plugins\com.st.stm32cube.common.mx_6.11.1.202404110753\\db\/mcu/
2024-12-11 21:16:12,246 [INFO] ApiDb:274 - Set plugin database path to: C:\ST\STM32CubeIDE_1.13.2\STM32CubeIDE\plugins\com.st.stm32cube.common.mx_6.11.1.202404110753\\db\/plugins/boardmanager/
2024-12-11 21:16:12,246 [WARN] ApiDb:259 - Overriding images path with different value:  => C:\ST\STM32CubeIDE_1.13.2\STM32CubeIDE\plugins\com.st.stm32cube.common.mx_6.11.1.202404110753\\db\/plugins/mcufinder/images/
2024-12-11 21:16:12,261 [INFO] ApiDb:250 - Set database path to: C:\Users\Mr.hDung\.stmcufinder\plugins\mcufinder//mcu/
2024-12-11 21:16:12,263 [INFO] DbMcusAds:125 - Set database path to: C:\Users\Mr.hDung\.stmcufinder\plugins\mcufinder//mcu/
2024-12-11 21:16:12,265 [INFO] CrossReferenceDbSqlite:203 - Set database path to: C:\Users\Mr.hDung\.stmcufinder\plugins\mcufinder//mcu/cs/
2024-12-11 21:16:12,427 [INFO] RulesReader:64 - Compatibility file has been processed (297 Rules)
2024-12-11 21:16:12,565 [INFO] DbMcusXml:78 - Set database path to: C:\ST\STM32CubeIDE_1.13.2\STM32CubeIDE\plugins\com.st.stm32cube.common.mx_6.11.1.202404110753\\db\/mcu/
2024-12-11 21:16:12,565 [INFO] ApiDb:274 - Set plugin database path to: C:\ST\STM32CubeIDE_1.13.2\STM32CubeIDE\plugins\com.st.stm32cube.common.mx_6.11.1.202404110753\\db\/plugins/boardmanager/
2024-12-11 21:16:12,565 [INFO] ApiDb:261 - Set plugin images path to: C:\ST\STM32CubeIDE_1.13.2\STM32CubeIDE\plugins\com.st.stm32cube.common.mx_6.11.1.202404110753\\db\/plugins/mcufinder/images/
2024-12-11 21:16:12,566 [WARN] DbFile:41 - Overriding database path with different value: C:\Users\Mr.hDung\.stmcufinder\plugins\mcufinder/ => C:\Users\Mr.hDung\.stmcufinder\plugins\mcufinder
2024-12-11 21:16:12,566 [INFO] ApiDb:250 - Set database path to: C:\Users\Mr.hDung\.stmcufinder\plugins\mcufinder//mcu/
2024-12-11 21:16:12,566 [WARN] DbFile:41 - Overriding database path with different value: C:\Users\Mr.hDung\.stmcufinder\plugins\mcufinder/ => C:\Users\Mr.hDung\.stmcufinder\plugins\mcufinder
2024-12-11 21:16:12,566 [INFO] DbMcusAds:125 - Set database path to: C:\Users\Mr.hDung\.stmcufinder\plugins\mcufinder//mcu/
2024-12-11 21:16:12,566 [WARN] DbFile:41 - Overriding database path with different value: C:\Users\Mr.hDung\.stmcufinder\plugins\mcufinder/ => C:\Users\Mr.hDung\.stmcufinder\plugins\mcufinder
2024-12-11 21:16:12,566 [WARN] DbFile:41 - Overriding database path with different value: C:\Users\Mr.hDung\.stmcufinder\plugins\mcufinder/ => C:\Users\Mr.hDung\.stmcufinder\plugins\mcufinder
2024-12-11 21:16:12,567 [INFO] CrossReferenceDbSqlite:203 - Set database path to: C:\Users\Mr.hDung\.stmcufinder\plugins\mcufinder//mcu/cs/
2024-12-11 21:16:12,706 [INFO] MainPanel:264 - HeapMemory: 268435456
2024-12-11 21:16:12,843 [INFO] DbMcusXml:78 - Set database path to: C:\ST\STM32CubeIDE_1.13.2\STM32CubeIDE\plugins\com.st.stm32cube.common.mx_6.11.1.202404110753\\db\/mcu/
2024-12-11 21:16:12,843 [INFO] ApiDb:274 - Set plugin database path to: C:\ST\STM32CubeIDE_1.13.2\STM32CubeIDE\plugins\com.st.stm32cube.common.mx_6.11.1.202404110753\\db\/plugins/boardmanager/
2024-12-11 21:16:12,844 [INFO] ApiDb:261 - Set plugin images path to: C:\ST\STM32CubeIDE_1.13.2\STM32CubeIDE\plugins\com.st.stm32cube.common.mx_6.11.1.202404110753\\db\/plugins/mcufinder/images/
2024-12-11 21:16:12,844 [WARN] DbFile:41 - Overriding database path with different value: C:\Users\Mr.hDung\.stmcufinder\plugins\mcufinder/ => C:\Users\Mr.hDung\.stmcufinder\plugins\mcufinder
2024-12-11 21:16:12,844 [INFO] ApiDb:250 - Set database path to: C:\Users\Mr.hDung\.stmcufinder\plugins\mcufinder//mcu/
2024-12-11 21:16:12,844 [WARN] DbFile:41 - Overriding database path with different value: C:\Users\Mr.hDung\.stmcufinder\plugins\mcufinder/ => C:\Users\Mr.hDung\.stmcufinder\plugins\mcufinder
2024-12-11 21:16:12,844 [INFO] DbMcusAds:125 - Set database path to: C:\Users\Mr.hDung\.stmcufinder\plugins\mcufinder//mcu/
2024-12-11 21:16:12,844 [WARN] DbFile:41 - Overriding database path with different value: C:\Users\Mr.hDung\.stmcufinder\plugins\mcufinder/ => C:\Users\Mr.hDung\.stmcufinder\plugins\mcufinder
2024-12-11 21:16:12,844 [WARN] DbFile:41 - Overriding database path with different value: C:\Users\Mr.hDung\.stmcufinder\plugins\mcufinder/ => C:\Users\Mr.hDung\.stmcufinder\plugins\mcufinder
2024-12-11 21:16:12,844 [INFO] CrossReferenceDbSqlite:203 - Set database path to: C:\Users\Mr.hDung\.stmcufinder\plugins\mcufinder//mcu/cs/
2024-12-11 21:16:12,868 [INFO] ApplicationProperties:184 - Using Application install path: C:\ST\STM32CubeIDE_1.13.2\STM32CubeIDE\plugins\com.st.stm32cube.common.mx_6.11.1.202404110753
2024-12-11 21:16:12,870 [INFO] PluginManage:196 - Search for loadable plugins [exclusion list=, ]
2024-12-11 21:16:12,873 [INFO] PluginManage:310 - Check plugin analytics
2024-12-11 21:16:13,093 [INFO] AnalyticsPlugin:253 - Accepted Software Licenses: 
2024-12-11 21:16:13,094 [INFO] AnalyticsPlugin:255 - Accepted CMSIS Pack Licenses: 
2024-12-11 21:16:13,094 [INFO] AnalyticsPlugin:257 - Accepted Firmware Licenses: 
2024-12-11 21:16:13,098 [INFO] PluginManage:359 - Loaded plugin analytics (category:tool,tabindex:-1)
2024-12-11 21:16:13,100 [INFO] PluginManage:310 - Check plugin cadmodel
2024-12-11 21:16:13,230 [INFO] CADModel:105 - Init CAD model plugin
2024-12-11 21:16:13,231 [INFO] PluginManage:359 - Loaded plugin cadmodel (category:power,tabindex:5)
2024-12-11 21:16:13,231 [INFO] PluginManage:310 - Check plugin clock
2024-12-11 21:16:13,261 [INFO] PluginManage:359 - Loaded plugin clock (category:base,tabindex:2)
2024-12-11 21:16:13,261 [INFO] PluginManage:310 - Check plugin ddr
2024-12-11 21:16:13,264 [INFO] PluginManage:359 - Loaded plugin ddr (category:tool,tabindex:6)
2024-12-11 21:16:13,264 [INFO] PluginManage:310 - Check plugin filemanager
2024-12-11 21:16:13,433 [INFO] PluginManage:359 - Loaded plugin filemanager (category:base,tabindex:10)
2024-12-11 21:16:13,433 [INFO] PluginManage:310 - Check plugin ipmanager
2024-12-11 21:16:13,444 [INFO] PluginManage:359 - Loaded plugin ipmanager (category:base,tabindex:5)
2024-12-11 21:16:13,444 [INFO] PluginManage:310 - Check plugin lpbam
2024-12-11 21:16:13,472 [INFO] PluginManage:359 - Loaded plugin lpbam (category:base,tabindex:0)
2024-12-11 21:16:13,472 [INFO] PluginManage:310 - Check plugin memorymap
2024-12-11 21:16:13,507 [INFO] PluginManage:359 - Loaded plugin memorymap (category:base,tabindex:4)
2024-12-11 21:16:13,508 [INFO] PluginManage:310 - Check plugin pinoutandconfiguration
2024-12-11 21:16:13,533 [INFO] PluginManage:359 - Loaded plugin pinoutandconfiguration (category:base,tabindex:1)
2024-12-11 21:16:13,533 [INFO] PluginManage:310 - Check plugin pinoutconfig
2024-12-11 21:16:13,667 [WARN] SupportedApi:132 - Cannot load RTOS API schema: s4s-elt-must-match.1: The content of 'definitions' must match (annotation?, (simpleType | complexType)?, (unique | key | keyref)*)). A problem was found starting at: attribute.
2024-12-11 21:16:13,879 [INFO] PluginManage:359 - Loaded plugin pinoutconfig (category:base,tabindex:0)
2024-12-11 21:16:13,880 [INFO] PluginManage:310 - Check plugin power
2024-12-11 21:16:13,915 [INFO] PluginManage:359 - Loaded plugin power (category:power,tabindex:4)
2024-12-11 21:16:13,915 [INFO] PluginManage:310 - Check plugin projectmanager
2024-12-11 21:16:13,945 [INFO] PluginManage:359 - Loaded plugin projectmanager (category:projectmanager,tabindex:3)
2024-12-11 21:16:13,945 [INFO] PluginManage:310 - Check plugin thirdparty
2024-12-11 21:16:14,459 [WARN] IntegrityCheckThread:84 - waiting for thirdparty lock release [integrity check]
2024-12-11 21:16:14,459 [INFO] PluginManage:359 - Loaded plugin thirdparty (category:base,tabindex:-1)
2024-12-11 21:16:14,460 [INFO] PluginManage:310 - Check plugin tools
2024-12-11 21:16:14,460 [INFO] IntegrityCheckThread:86 - entering critical section [integrity check]
2024-12-11 21:16:14,461 [INFO] ThirdPartyUpdaterWithRetryManager:70 - Updater plugin not ready yet. [1/15]
2024-12-11 21:16:14,532 [INFO] PluginManage:359 - Loaded plugin tools (category:base,tabindex:7)
2024-12-11 21:16:14,532 [INFO] PluginManage:310 - Check plugin tutovideos
2024-12-11 21:16:14,775 [INFO] PluginManage:359 - Loaded plugin tutovideos (category:base,tabindex:-1)
2024-12-11 21:16:14,776 [INFO] PluginManage:310 - Check plugin updater
2024-12-11 21:16:14,789 [INFO] PluginManage:359 - Loaded plugin updater (category:base,tabindex:12)
2024-12-11 21:16:14,790 [INFO] PluginManage:310 - Check plugin userauth
2024-12-11 21:16:14,798 [INFO] UserAuth:114 - Init User Auth plugin
2024-12-11 21:16:14,798 [INFO] PluginManage:359 - Loaded plugin userauth (category:base,tabindex:14)
2024-12-11 21:16:14,798 [INFO] PluginManage:283 - PluginManage : Loaded plugins [17]
2024-12-11 21:16:15,134 [INFO] PinOutPanel:1561 - setPackage(No Configuration,No Configuration)
2024-12-11 21:16:15,260 [INFO] CADModel:165 - CPN selected for project level
2024-12-11 21:16:15,260 [INFO] CADModel:114 - Register for checkConnection events
2024-12-11 21:16:15,300 [INFO] IPUIPlugin:80 - create IPUIPlugin
2024-12-11 21:16:15,300 [INFO] PluginManager:220 - loadIPPluginJar : add adc
2024-12-11 21:16:15,372 [INFO] IPUIPlugin:80 - create IPUIPlugin
2024-12-11 21:16:15,372 [INFO] PluginManager:220 - loadIPPluginJar : add aes
2024-12-11 21:16:15,437 [INFO] IPUIPlugin:80 - create IPUIPlugin
2024-12-11 21:16:15,437 [INFO] PluginManager:220 - loadIPPluginJar : add can
2024-12-11 21:16:15,479 [INFO] IPUIPlugin:80 - create IPUIPlugin
2024-12-11 21:16:15,479 [INFO] PluginManager:220 - loadIPPluginJar : add comp
2024-12-11 21:16:15,531 [INFO] IPUIPlugin:80 - create IPUIPlugin
2024-12-11 21:16:15,531 [INFO] PluginManager:220 - loadIPPluginJar : add cryp
2024-12-11 21:16:15,578 [INFO] IPUIPlugin:80 - create IPUIPlugin
2024-12-11 21:16:15,578 [INFO] PluginManager:220 - loadIPPluginJar : add dfsdm
2024-12-11 21:16:15,600 [INFO] IPUIPlugin:80 - create IPUIPlugin
2024-12-11 21:16:15,600 [INFO] PluginManager:220 - loadIPPluginJar : add dma
2024-12-11 21:16:15,668 [INFO] IPUIPlugin:80 - create IPUIPlugin
2024-12-11 21:16:15,668 [INFO] PluginManager:220 - loadIPPluginJar : add dma3
2024-12-11 21:16:15,736 [INFO] IPUIPlugin:80 - create IPUIPlugin
2024-12-11 21:16:15,736 [INFO] PluginManager:220 - loadIPPluginJar : add extmemmanager
2024-12-11 21:16:15,769 [INFO] IPUIPlugin:80 - create IPUIPlugin
2024-12-11 21:16:15,769 [INFO] PluginManager:220 - loadIPPluginJar : add fatfs
2024-12-11 21:16:15,840 [INFO] IPUIPlugin:80 - create IPUIPlugin
2024-12-11 21:16:15,840 [INFO] PluginManager:220 - loadIPPluginJar : add fmc
2024-12-11 21:16:15,863 [INFO] IPUIPlugin:80 - create IPUIPlugin
2024-12-11 21:16:15,863 [INFO] PluginManager:220 - loadIPPluginJar : add freertos
2024-12-11 21:16:15,907 [INFO] IPUIPlugin:80 - create IPUIPlugin
2024-12-11 21:16:15,907 [INFO] PluginManager:220 - loadIPPluginJar : add genericplugin
2024-12-11 21:16:16,078 [INFO] IPUIPlugin:80 - create IPUIPlugin
2024-12-11 21:16:16,078 [INFO] PluginManager:220 - loadIPPluginJar : add gfxmmu
2024-12-11 21:16:16,281 [INFO] IPUIPlugin:80 - create IPUIPlugin
2024-12-11 21:16:16,281 [INFO] PluginManager:220 - loadIPPluginJar : add gic
2024-12-11 21:16:16,300 [INFO] IPUIPlugin:80 - create IPUIPlugin
2024-12-11 21:16:16,300 [INFO] PluginManager:220 - loadIPPluginJar : add gpio
2024-12-11 21:16:16,439 [INFO] IPUIPlugin:80 - create IPUIPlugin
2024-12-11 21:16:16,439 [INFO] PluginManager:220 - loadIPPluginJar : add gtzc
2024-12-11 21:16:16,505 [INFO] IPUIPlugin:80 - create IPUIPlugin
2024-12-11 21:16:16,505 [INFO] PluginManager:220 - loadIPPluginJar : add hash
2024-12-11 21:16:16,611 [INFO] IPUIPlugin:80 - create IPUIPlugin
2024-12-11 21:16:16,611 [INFO] PluginManager:220 - loadIPPluginJar : add i2c
2024-12-11 21:16:16,671 [INFO] IPUIPlugin:80 - create IPUIPlugin
2024-12-11 21:16:16,672 [INFO] PluginManager:220 - loadIPPluginJar : add i2s
2024-12-11 21:16:16,734 [INFO] IPUIPlugin:80 - create IPUIPlugin
2024-12-11 21:16:16,735 [INFO] PluginManager:220 - loadIPPluginJar : add i3c
2024-12-11 21:16:16,886 [INFO] IPUIPlugin:80 - create IPUIPlugin
2024-12-11 21:16:16,887 [INFO] PluginManager:220 - loadIPPluginJar : add ipddr
2024-12-11 21:16:17,042 [INFO] IPUIPlugin:80 - create IPUIPlugin
2024-12-11 21:16:17,042 [INFO] PluginManager:220 - loadIPPluginJar : add linkedlist
2024-12-11 21:16:17,105 [INFO] IPUIPlugin:80 - create IPUIPlugin
2024-12-11 21:16:17,105 [INFO] PluginManager:220 - loadIPPluginJar : add lorawan
2024-12-11 21:16:17,164 [INFO] IPUIPlugin:80 - create IPUIPlugin
2024-12-11 21:16:17,164 [INFO] PluginManager:220 - loadIPPluginJar : add ltdc
2024-12-11 21:16:17,187 [INFO] IPUIPlugin:80 - create IPUIPlugin
2024-12-11 21:16:17,187 [INFO] PluginManager:220 - loadIPPluginJar : add mdma
2024-12-11 21:16:17,212 [INFO] IPUIPlugin:80 - create IPUIPlugin
2024-12-11 21:16:17,212 [INFO] PluginManager:220 - loadIPPluginJar : add nvic
2024-12-11 21:16:17,271 [INFO] IPUIPlugin:80 - create IPUIPlugin
2024-12-11 21:16:17,271 [INFO] PluginManager:220 - loadIPPluginJar : add opamp
2024-12-11 21:16:17,366 [INFO] IPUIPlugin:80 - create IPUIPlugin
2024-12-11 21:16:17,366 [INFO] PluginManager:220 - loadIPPluginJar : add openamp
2024-12-11 21:16:17,432 [INFO] IPUIPlugin:80 - create IPUIPlugin
2024-12-11 21:16:17,432 [INFO] PluginManager:220 - loadIPPluginJar : add pdm2pcm
2024-12-11 21:16:17,452 [INFO] IPUIPlugin:80 - create IPUIPlugin
2024-12-11 21:16:17,455 [INFO] PluginManager:220 - loadIPPluginJar : add plateformsettings
2024-12-11 21:16:17,464 [INFO] ThirdPartyUpdaterWithRetryManager:70 - Updater plugin not ready yet. [2/15]
2024-12-11 21:16:17,490 [INFO] IPUIPlugin:80 - create IPUIPlugin
2024-12-11 21:16:17,490 [INFO] PluginManager:220 - loadIPPluginJar : add quadspi
2024-12-11 21:16:17,510 [INFO] IPUIPlugin:80 - create IPUIPlugin
2024-12-11 21:16:17,510 [INFO] PluginManager:220 - loadIPPluginJar : add resmgrutility
2024-12-11 21:16:17,581 [INFO] IPUIPlugin:80 - create IPUIPlugin
2024-12-11 21:16:17,581 [INFO] PluginManager:220 - loadIPPluginJar : add sai
2024-12-11 21:16:17,637 [INFO] IPUIPlugin:80 - create IPUIPlugin
2024-12-11 21:16:17,638 [INFO] PluginManager:220 - loadIPPluginJar : add spi
2024-12-11 21:16:17,743 [INFO] IPUIPlugin:80 - create IPUIPlugin
2024-12-11 21:16:17,743 [INFO] PluginManager:220 - loadIPPluginJar : add stm32_wpan
2024-12-11 21:16:17,780 [INFO] IPUIPlugin:80 - create IPUIPlugin
2024-12-11 21:16:17,780 [INFO] PluginManager:220 - loadIPPluginJar : add tim
2024-12-11 21:16:17,872 [INFO] IPUIPlugin:80 - create IPUIPlugin
2024-12-11 21:16:17,872 [INFO] PluginManager:220 - loadIPPluginJar : add touchsensing
2024-12-11 21:16:17,910 [INFO] IPUIPlugin:80 - create IPUIPlugin
2024-12-11 21:16:17,910 [INFO] PluginManager:220 - loadIPPluginJar : add tracer_emb
2024-12-11 21:16:17,947 [INFO] IPUIPlugin:80 - create IPUIPlugin
2024-12-11 21:16:17,947 [INFO] PluginManager:220 - loadIPPluginJar : add ts
2024-12-11 21:16:17,982 [INFO] IPUIPlugin:80 - create IPUIPlugin
2024-12-11 21:16:17,982 [INFO] PluginManager:220 - loadIPPluginJar : add tsc
2024-12-11 21:16:18,016 [INFO] IPUIPlugin:80 - create IPUIPlugin
2024-12-11 21:16:18,017 [INFO] PluginManager:220 - loadIPPluginJar : add ucpd
2024-12-11 21:16:18,101 [INFO] IPUIPlugin:80 - create IPUIPlugin
2024-12-11 21:16:18,101 [INFO] PluginManager:220 - loadIPPluginJar : add usart
2024-12-11 21:16:18,168 [INFO] IPUIPlugin:80 - create IPUIPlugin
2024-12-11 21:16:18,169 [INFO] PluginManager:220 - loadIPPluginJar : add usbx
2024-12-11 21:16:18,400 [INFO] CADModel:165 - CPN selected for project level
2024-12-11 21:16:18,400 [INFO] CADModel:114 - Register for checkConnection events
2024-12-11 21:16:18,401 [FATAL] Updater:308 - Updater called before beeing initialized
2024-12-11 21:16:18,401 [ERROR] CADModel:125 - Updater not yet initialized, retry later 
2024-12-11 21:16:18,583 [INFO] CADModel:165 - CPN selected for project level
2024-12-11 21:16:18,583 [INFO] CADModel:114 - Register for checkConnection events
2024-12-11 21:16:18,583 [FATAL] Updater:308 - Updater called before beeing initialized
2024-12-11 21:16:18,583 [ERROR] CADModel:125 - Updater not yet initialized, retry later 
2024-12-11 21:16:18,587 [FATAL] Updater:308 - Updater called before beeing initialized
2024-12-11 21:16:18,765 [FATAL] Updater:308 - Updater called before beeing initialized
2024-12-11 21:16:18,780 [INFO] DbMcusAds:53 - JSON generation date=Fri Sep 20 20:04:23 ICT 2024 (1726837463113)
2024-12-11 21:16:18,780 [FATAL] Updater:308 - Updater called before beeing initialized
2024-12-11 21:16:18,901 [WARN] DetailPanel:346 - Failed to get advertising image, set to default
2024-12-11 21:16:19,012 [FATAL] Updater:308 - Updater called before beeing initialized
2024-12-11 21:16:19,015 [FATAL] Updater:308 - Updater called before beeing initialized
2024-12-11 21:16:19,015 [FATAL] Updater:308 - Updater called before beeing initialized
2024-12-11 21:16:19,015 [WARN] DetailPanel:346 - Failed to get advertising image, set to default
2024-12-11 21:16:19,016 [FATAL] Updater:308 - Updater called before beeing initialized
2024-12-11 21:16:19,106 [ERROR] Updater:1120 - MainUpdater not yet initialized. External WinMGr cannot be set.
2024-12-11 21:16:19,122 [INFO] Updater:1056 - Updater Version found : 6.11.1
2024-12-11 21:16:19,144 [INFO] ApplicationProperties:184 - Using Application install path: C:\ST\STM32CubeIDE_1.13.2\STM32CubeIDE\plugins\com.st.stm32cube.common.mx_6.11.1.202404110753
2024-12-11 21:16:19,670 [INFO] MainUpdater:2873 - connection check result : 10
2024-12-11 21:16:19,671 [INFO] MainUpdater:290 - Updater Check For Update Now.
2024-12-11 21:16:19,671 [INFO] MicroXplorer:498 - Change Database Version : DB.6.0.111
2024-12-11 21:16:19,699 [INFO] McuFinderGlobals:63 - Set McuFinder mode to 2 (CubeIDE integrated)
2024-12-11 21:16:19,721 [INFO] UserAuth:415 - Internet connection configuration mode: 1
2024-12-11 21:16:19,772 [INFO] JxBrowserEngine:152 - Initiate JxBrowser Engine with user profile folder
2024-12-11 21:16:20,127 [INFO] CheckServerUpdateThread:120 - End of CheckServer Thread
2024-12-11 21:16:20,909 [WARN] PackLoader:240 - Cannot read IP mode file for STMicroelectronics.FP-SNS-MOTENVWB1.1.4.0
2024-12-11 21:16:20,936 [WARN] PackLoader:240 - Cannot read IP mode file for STMicroelectronics.FP-ATR-ASTRA1.2.0.1
2024-12-11 21:16:20,960 [WARN] PackLoader:240 - Cannot read IP mode file for STMicroelectronics.X-CUBE-SMBUS.2.1.0
2024-12-11 21:16:20,992 [WARN] PackLoader:240 - Cannot read IP mode file for STMicroelectronics.X-CUBE-WB05N.1.1.0
2024-12-11 21:16:21,022 [WARN] PackLoader:240 - Cannot read IP mode file for STMicroelectronics.X-CUBE-TOUCHGFX.4.23.1
2024-12-11 21:16:21,050 [WARN] PackLoader:240 - Cannot read IP mode file for STMicroelectronics.X-CUBE-TOUCHGFX.4.23.0
2024-12-11 21:16:21,066 [WARN] PackLoader:240 - Cannot read IP mode file for STMicroelectronics.X-CUBE-TOUCHGFX.4.23.2
2024-12-11 21:16:21,172 [WARN] PackLoader:240 - Cannot read IP mode file for STMicroelectronics.X-CUBE-AZRTOS-F7.1.1.0
2024-12-11 21:16:21,236 [WARN] PackLoader:240 - Cannot read IP mode file for STMicroelectronics.FP-SNS-MOTENV1.4.3.2
2024-12-11 21:16:21,443 [WARN] PackLoader:240 - Cannot read IP mode file for STMicroelectronics.X-CUBE-MEMS1.11.0.0
2024-12-11 21:16:21,819 [WARN] PackLoader:240 - Cannot read IP mode file for STMicroelectronics.FP-SNS-FLIGHT1.5.0.2
2024-12-11 21:16:21,860 [WARN] PackLoader:240 - Cannot read IP mode file for STMicroelectronics.X-CUBE-DISPLAY.3.0.0
2024-12-11 21:16:21,901 [WARN] PackLoader:240 - Cannot read IP mode file for STMicroelectronics.X-CUBE-BLE1.7.0.0
2024-12-11 21:16:21,943 [WARN] PackLoader:240 - Cannot read IP mode file for STMicroelectronics.X-CUBE-NFC10.1.0.0
2024-12-11 21:16:21,985 [WARN] PackLoader:240 - Cannot read IP mode file for STMicroelectronics.X-CUBE-BLEMGR.4.0.0
2024-12-11 21:16:22,020 [WARN] PackLoader:240 - Cannot read IP mode file for emotas.I-CUBE-CANOPEN.1.3.0
2024-12-11 21:16:22,050 [WARN] PackLoader:240 - Cannot read IP mode file for STMicroelectronics.X-CUBE-TOUCHGFX.4.22.1
2024-12-11 21:16:22,083 [WARN] PackLoader:240 - Cannot read IP mode file for STMicroelectronics.X-CUBE-BLEMGR.3.1.0
2024-12-11 21:16:22,125 [INFO] LogOutputStream:77 - [STDOUT_REDIRECT] 1 : Invalid condition id : UX_CORESTACK_Condition cause : null
2024-12-11 21:16:22,126 [INFO] LogOutputStream:77 - [STDOUT_REDIRECT] 1 : Invalid condition id : UX_CORESTACK_Condition cause : null
2024-12-11 21:16:22,128 [INFO] LogOutputStream:77 - [STDOUT_REDIRECT] 1 : Invalid condition id : UX_CORESTACK_Condition cause : null
2024-12-11 21:16:22,130 [INFO] LogOutputStream:77 - [STDOUT_REDIRECT] 1 : Invalid condition id : UX_CORESTACK_Condition cause : null
2024-12-11 21:16:22,132 [INFO] LogOutputStream:77 - [STDOUT_REDIRECT] 1 : Invalid condition id : UX_CORESTACK_Condition cause : null
2024-12-11 21:16:22,137 [WARN] PackLoader:240 - Cannot read IP mode file for STMicroelectronics.X-CUBE-AZRTOS-WL.2.0.0
2024-12-11 21:16:22,176 [WARN] PackLoader:240 - Cannot read IP mode file for STMicroelectronics.FP-SNS-MOTENV1.5.0.0
2024-12-11 21:16:22,204 [WARN] PackLoader:240 - Cannot read IP mode file for wolfSSL.I-CUBE-wolfMQTT.1.19.0
2024-12-11 21:16:22,239 [WARN] PackLoader:240 - Cannot read IP mode file for WES.I-CUBE-Cesium.1.3.0
2024-12-11 21:16:22,267 [WARN] PackLoader:240 - Cannot read IP mode file for STMicroelectronics.X-CUBE-BLE2.3.3.0
2024-12-11 21:16:22,300 [WARN] PackLoader:240 - Cannot read IP mode file for STMicroelectronics.X-CUBE-NFC9.1.0.0
2024-12-11 21:16:22,329 [WARN] PackLoader:240 - Cannot read IP mode file for STMicroelectronics.X-CUBE-TCPP.4.1.0
2024-12-11 21:16:22,370 [WARN] PackLoader:240 - Cannot read IP mode file for STMicroelectronics.X-CUBE-ALGOBUILD.1.3.0
2024-12-11 21:16:22,421 [WARN] PackLoader:240 - Cannot read IP mode file for STMicroelectronics.X-CUBE-AZRTOS-G0.1.1.0
2024-12-11 21:16:22,530 [WARN] PackLoader:240 - Cannot read IP mode file for STMicroelectronics.X-CUBE-SAFEA1.1.2.2
2024-12-11 21:16:22,589 [WARN] PackLoader:240 - Cannot read IP mode file for STMicroelectronics.X-CUBE-NFC4.3.0.0
2024-12-11 21:16:22,621 [WARN] PackLoader:240 - Cannot read IP mode file for wolfSSL.I-CUBE-wolfMQTT.1.18.0
2024-12-11 21:16:22,817 [WARN] PackLoader:240 - Cannot read IP mode file for EmbeddedOffice.I-CUBE-FS-RTOS.1.0.1
2024-12-11 21:16:22,818 [ERROR] ConditionMgr:805 - Attr not supported : Dmpu
2024-12-11 21:16:22,819 [ERROR] ConditionMgr:805 - Attr not supported : Dmpu
2024-12-11 21:16:22,819 [ERROR] ConditionMgr:805 - Attr not supported : Dmpu
2024-12-11 21:16:22,819 [ERROR] ConditionMgr:805 - Attr not supported : Dmpu
2024-12-11 21:16:22,819 [ERROR] ConditionMgr:805 - Attr not supported : Dmpu
2024-12-11 21:16:22,819 [ERROR] ConditionMgr:805 - Attr not supported : Dmpu
2024-12-11 21:16:22,819 [ERROR] ConditionMgr:805 - Attr not supported : Dmpu
2024-12-11 21:16:22,820 [ERROR] ConditionMgr:805 - Attr not supported : Dmpu
2024-12-11 21:16:22,820 [ERROR] ConditionMgr:805 - Attr not supported : Dmpu
2024-12-11 21:16:22,820 [ERROR] ConditionMgr:805 - Attr not supported : Dmpu
2024-12-11 21:16:22,820 [ERROR] ConditionMgr:805 - Attr not supported : Dmpu
2024-12-11 21:16:22,820 [ERROR] ConditionMgr:805 - Attr not supported : Dmpu
2024-12-11 21:16:22,822 [ERROR] ConditionMgr:805 - Attr not supported : Dmpu
2024-12-11 21:16:22,823 [ERROR] ConditionMgr:805 - Attr not supported : Dmpu
2024-12-11 21:16:22,823 [ERROR] ConditionMgr:805 - Attr not supported : Dmpu
2024-12-11 21:16:22,823 [ERROR] ConditionMgr:805 - Attr not supported : Dmpu
2024-12-11 21:16:22,823 [ERROR] ConditionMgr:805 - Attr not supported : Dmpu
2024-12-11 21:16:22,824 [ERROR] ConditionMgr:805 - Attr not supported : Dmpu
2024-12-11 21:16:22,824 [ERROR] ConditionMgr:805 - Attr not supported : Dmpu
2024-12-11 21:16:22,824 [ERROR] ConditionMgr:805 - Attr not supported : Dmpu
2024-12-11 21:16:22,826 [ERROR] ConditionMgr:805 - Attr not supported : Dmpu
2024-12-11 21:16:22,827 [ERROR] ConditionMgr:805 - Attr not supported : Dmpu
2024-12-11 21:16:22,827 [ERROR] ConditionMgr:805 - Attr not supported : Dmpu
2024-12-11 21:16:22,827 [ERROR] ConditionMgr:805 - Attr not supported : Dmpu
2024-12-11 21:16:22,828 [ERROR] ConditionMgr:805 - Attr not supported : Dmpu
2024-12-11 21:16:22,828 [ERROR] ConditionMgr:805 - Attr not supported : Dmpu
2024-12-11 21:16:22,828 [ERROR] ConditionMgr:805 - Attr not supported : Dmpu
2024-12-11 21:16:22,828 [ERROR] ConditionMgr:805 - Attr not supported : Dmpu
2024-12-11 21:16:22,829 [ERROR] ConditionMgr:805 - Attr not supported : Dmpu
2024-12-11 21:16:22,838 [ERROR] ConditionMgr:805 - Attr not supported : Dmpu
2024-12-11 21:16:22,867 [ERROR] ConditionMgr:805 - Attr not supported : Dmpu
2024-12-11 21:16:22,869 [ERROR] ConditionMgr:805 - Attr not supported : Dmpu
2024-12-11 21:16:22,870 [ERROR] ConditionMgr:805 - Attr not supported : Dmpu
2024-12-11 21:16:22,870 [ERROR] ConditionMgr:805 - Attr not supported : Dmpu
2024-12-11 21:16:22,870 [ERROR] ConditionMgr:805 - Attr not supported : Dmpu
2024-12-11 21:16:22,871 [ERROR] ConditionMgr:805 - Attr not supported : Dmpu
2024-12-11 21:16:22,871 [ERROR] ConditionMgr:805 - Attr not supported : Dmpu
2024-12-11 21:16:22,871 [ERROR] ConditionMgr:805 - Attr not supported : Dmpu
2024-12-11 21:16:22,872 [ERROR] ConditionMgr:805 - Attr not supported : Dmpu
2024-12-11 21:16:22,872 [ERROR] ConditionMgr:805 - Attr not supported : Dmpu
2024-12-11 21:16:22,872 [ERROR] ConditionMgr:805 - Attr not supported : Dmpu
2024-12-11 21:16:22,873 [ERROR] ConditionMgr:805 - Attr not supported : Dmpu
2024-12-11 21:16:22,873 [ERROR] ConditionMgr:805 - Attr not supported : Dmpu
2024-12-11 21:16:22,873 [ERROR] ConditionMgr:805 - Attr not supported : Dmpu
2024-12-11 21:16:22,873 [ERROR] ConditionMgr:805 - Attr not supported : Dmpu
2024-12-11 21:16:22,873 [ERROR] ConditionMgr:805 - Attr not supported : Dmpu
2024-12-11 21:16:22,874 [ERROR] ConditionMgr:805 - Attr not supported : Dmpu
2024-12-11 21:16:22,874 [ERROR] ConditionMgr:805 - Attr not supported : Dmpu
2024-12-11 21:16:22,874 [ERROR] ConditionMgr:805 - Attr not supported : Dmpu
2024-12-11 21:16:22,874 [ERROR] ConditionMgr:805 - Attr not supported : Dmpu
2024-12-11 21:16:22,874 [ERROR] ConditionMgr:805 - Attr not supported : Dmpu
2024-12-11 21:16:22,878 [ERROR] ConditionMgr:805 - Attr not supported : Dmpu
2024-12-11 21:16:22,880 [ERROR] ConditionMgr:805 - Attr not supported : Dmpu
2024-12-11 21:16:22,880 [ERROR] ConditionMgr:805 - Attr not supported : Dmpu
2024-12-11 21:16:22,881 [ERROR] ConditionMgr:805 - Attr not supported : Dmpu
2024-12-11 21:16:22,881 [ERROR] ConditionMgr:805 - Attr not supported : Dmpu
2024-12-11 21:16:22,881 [ERROR] ConditionMgr:805 - Attr not supported : Dmpu
2024-12-11 21:16:22,881 [ERROR] ConditionMgr:805 - Attr not supported : Dmpu
2024-12-11 21:16:22,881 [ERROR] ConditionMgr:805 - Attr not supported : Dmpu
2024-12-11 21:16:22,881 [ERROR] ConditionMgr:805 - Attr not supported : Dmpu
2024-12-11 21:16:22,881 [ERROR] ConditionMgr:805 - Attr not supported : Dmpu
2024-12-11 21:16:22,881 [ERROR] ConditionMgr:805 - Attr not supported : Dmpu
2024-12-11 21:16:22,881 [ERROR] ConditionMgr:805 - Attr not supported : Dmpu
2024-12-11 21:16:22,881 [ERROR] ConditionMgr:805 - Attr not supported : Dmpu
2024-12-11 21:16:22,953 [WARN] PackLoader:240 - Cannot read IP mode file for STMicroelectronics.X-CUBE-BLEMGR.3.0.0
2024-12-11 21:16:23,037 [WARN] PackLoader:240 - Cannot read IP mode file for RealThread.X-CUBE-RT-Thread_Nano.4.1.1
2024-12-11 21:16:23,071 [WARN] PackLoader:240 - Cannot read IP mode file for STMicroelectronics.FP-ATR-SIGFOX1.3.2.0
2024-12-11 21:16:23,117 [WARN] ConditionMgr:438 - getConditionDescription Invalid condition id : Cortex-A Device cause : null
2024-12-11 21:16:23,199 [WARN] ConditionMgr:1039 - genDependencies : Invalid condition id : Cortex-A Device cause : null
2024-12-11 21:16:23,200 [WARN] ConditionMgr:1039 - genDependencies : Invalid condition id : Cortex-A Device cause : null
2024-12-11 21:16:23,200 [WARN] ConditionMgr:1039 - genDependencies : Invalid condition id : Cortex-A Device cause : null
2024-12-11 21:16:23,236 [WARN] PackLoader:240 - Cannot read IP mode file for STMicroelectronics.X-CUBE-EEPRMA1.5.1.0
2024-12-11 21:16:23,316 [WARN] PackLoader:240 - Cannot read IP mode file for SEGGER.I-CUBE-embOS.1.3.1
2024-12-11 21:16:23,406 [WARN] PackLoader:240 - Cannot read IP mode file for STMicroelectronics.X-CUBE-ALGOBUILD.1.4.0
2024-12-11 21:16:23,453 [WARN] PackLoader:240 - Cannot read IP mode file for STMicroelectronics.X-CUBE-AI.9.1.0
2024-12-11 21:16:23,581 [WARN] PackLoader:240 - Cannot read IP mode file for STMicroelectronics.X-CUBE-GNSS1.6.0.0
2024-12-11 21:16:23,640 [WARN] PackLoader:240 - Cannot read IP mode file for STMicroelectronics.X-CUBE-AZRTOS-F4.1.1.0
2024-12-11 21:16:23,674 [WARN] PackLoader:240 - Cannot read IP mode file for wolfSSL.I-CUBE-wolfSSL.5.6.3
2024-12-11 21:16:23,705 [WARN] PackLoader:240 - Cannot read IP mode file for STMicroelectronics.X-CUBE-ISPU.2.1.0
2024-12-11 21:16:23,749 [WARN] PackLoader:240 - Cannot read IP mode file for STMicroelectronics.X-CUBE-FREERTOS.1.2.0
2024-12-11 21:16:23,938 [WARN] PackLoader:240 - Cannot read IP mode file for STMicroelectronics.X-CUBE-AZRTOS-L5.2.0.0
2024-12-11 21:16:24,002 [WARN] PackLoader:240 - Cannot read IP mode file for STMicroelectronics.X-CUBE-EEPRMA1.4.2.0
2024-12-11 21:16:24,060 [WARN] PackLoader:240 - Cannot read IP mode file for STMicroelectronics.X-CUBE-NFC6.3.1.0
2024-12-11 21:16:24,092 [WARN] PackLoader:240 - Cannot read IP mode file for ITTIA_DB.I-CUBE-ITTIADB.8.8.0
2024-12-11 21:16:24,127 [WARN] PackLoader:240 - Cannot read IP mode file for STMicroelectronics.X-CUBE-BLEMGR.2.0.0
2024-12-11 21:16:24,172 [WARN] PackLoader:240 - Cannot read IP mode file for STMicroelectronics.X-CUBE-DPower.1.2.0
2024-12-11 21:16:24,207 [WARN] PackLoader:240 - Cannot read IP mode file for STMicroelectronics.X-CUBE-AI.9.0.0
2024-12-11 21:16:24,261 [WARN] ConditionMgr:438 - getConditionDescription Invalid condition id : UX DEVICE CLASS RTOS Condition cause : null
2024-12-11 21:16:24,261 [WARN] ConditionMgr:438 - getConditionDescription Invalid condition id : UX DEVICE CLASS RTOS Condition cause : null
2024-12-11 21:16:24,266 [WARN] PackLoader:240 - Cannot read IP mode file for STMicroelectronics.X-CUBE-AZRTOS-H7.3.1.0
2024-12-11 21:16:24,267 [WARN] ConditionMgr:1039 - genDependencies : Invalid condition id : UX DEVICE CLASS RTOS Condition cause : null
2024-12-11 21:16:24,267 [WARN] ConditionMgr:1039 - genDependencies : Invalid condition id : UX DEVICE CLASS RTOS Condition cause : null
2024-12-11 21:16:24,270 [WARN] ConditionMgr:1039 - genDependencies : Invalid condition id : UX DEVICE CLASS RTOS Condition cause : null
2024-12-11 21:16:24,271 [WARN] ConditionMgr:1039 - genDependencies : Invalid condition id : UX DEVICE CLASS RTOS Condition cause : null
2024-12-11 21:16:24,271 [WARN] ConditionMgr:1039 - genDependencies : Invalid condition id : UX DEVICE CLASS RTOS Condition cause : null
2024-12-11 21:16:24,305 [WARN] PackLoader:240 - Cannot read IP mode file for STMicroelectronics.X-CUBE-NFC7.1.0.1
2024-12-11 21:16:24,340 [WARN] PackLoader:240 - Cannot read IP mode file for wolfSSL.I-CUBE-wolfTPM.3.2.0
2024-12-11 21:16:24,381 [WARN] PackLoader:240 - Cannot read IP mode file for STMicroelectronics.X-CUBE-NFC6.3.0.0
2024-12-11 21:16:24,427 [WARN] PackLoader:240 - Cannot read IP mode file for STMicroelectronics.X-CUBE-EEPRMA1.4.1.0
2024-12-11 21:16:24,453 [WARN] PackLoader:240 - Cannot read IP mode file for STMicroelectronics.X-CUBE-AI.8.1.0
2024-12-11 21:16:24,755 [WARN] ConditionMgr:438 - getConditionDescription Invalid condition id : LAN8742 Phy interface Condition cause : null
2024-12-11 21:16:24,756 [WARN] PackLoader:240 - Cannot read IP mode file for STMicroelectronics.X-CUBE-AZRTOS-L4.2.0.0
2024-12-11 21:16:24,760 [WARN] ConditionMgr:1039 - genDependencies : Invalid condition id : LAN8742 Phy interface Condition cause : null
2024-12-11 21:16:24,760 [WARN] ConditionMgr:1039 - genDependencies : Invalid condition id : LAN8742 Phy interface Condition cause : null
2024-12-11 21:16:24,761 [WARN] ConditionMgr:1039 - genDependencies : Invalid condition id : LAN8742 Phy interface Condition cause : null
2024-12-11 21:16:25,267 [WARN] PackLoader:240 - Cannot read IP mode file for STMicroelectronics.X-CUBE-SFXS2LP1.4.0.0
2024-12-11 21:16:25,461 [WARN] PackLoader:240 - Cannot read IP mode file for STMicroelectronics.X-CUBE-ISPU.1.1.0
2024-12-11 21:16:25,608 [WARN] PackLoader:240 - Cannot read IP mode file for STMicroelectronics.X-CUBE-AZRTOS-H7.3.3.0
2024-12-11 21:16:25,672 [WARN] PackLoader:240 - Cannot read IP mode file for STMicroelectronics.X-CUBE-IPS.3.0.0
2024-12-11 21:16:25,728 [WARN] ConditionMgr:438 - getConditionDescription Invalid condition id : UX DEVICE CLASS RTOS Condition cause : null
2024-12-11 21:16:25,728 [WARN] ConditionMgr:438 - getConditionDescription Invalid condition id : UX DEVICE CLASS RTOS Condition cause : null
2024-12-11 21:16:25,731 [WARN] PackLoader:240 - Cannot read IP mode file for STMicroelectronics.X-CUBE-AZRTOS-WB.2.0.0
2024-12-11 21:16:25,732 [WARN] ConditionMgr:1039 - genDependencies : Invalid condition id : UX DEVICE CLASS RTOS Condition cause : null
2024-12-11 21:16:25,732 [WARN] ConditionMgr:1039 - genDependencies : Invalid condition id : UX DEVICE CLASS RTOS Condition cause : null
2024-12-11 21:16:25,733 [WARN] ConditionMgr:1039 - genDependencies : Invalid condition id : UX DEVICE CLASS RTOS Condition cause : null
2024-12-11 21:16:25,734 [WARN] ConditionMgr:1039 - genDependencies : Invalid condition id : UX DEVICE CLASS RTOS Condition cause : null
2024-12-11 21:16:25,734 [WARN] ConditionMgr:1039 - genDependencies : Invalid condition id : UX DEVICE CLASS RTOS Condition cause : null
2024-12-11 21:16:25,774 [WARN] PackLoader:240 - Cannot read IP mode file for STMicroelectronics.X-CUBE-GNSS1.7.0.0
2024-12-11 21:16:26,016 [WARN] PackLoader:240 - Cannot read IP mode file for STMicroelectronics.FP-SNS-STBOX1.2.0.0
2024-12-11 21:16:26,174 [WARN] PackLoader:240 - Cannot read IP mode file for STMicroelectronics.X-CUBE-SUBG2.5.0.0
2024-12-11 21:16:26,219 [WARN] PackLoader:240 - Cannot read IP mode file for STMicroelectronics.X-CUBE-TOF1.3.3.1
2024-12-11 21:16:26,564 [WARN] PackLoader:240 - Cannot read IP mode file for STMicroelectronics.X-CUBE-AZRTOS-G4.2.0.0
2024-12-11 21:16:26,707 [WARN] PackLoader:240 - Cannot read IP mode file for Infineon.AIROC-Wi-Fi-Bluetooth-STM32.1.5.1
2024-12-11 21:16:26,741 [WARN] PackLoader:240 - Cannot read IP mode file for STMicroelectronics.FP-SNS-MOTENVWB1.1.3.0
2024-12-11 21:16:26,786 [WARN] PackLoader:240 - Cannot read IP mode file for STMicroelectronics.FP-SNS-MOTENVWB1.1.3.1
2024-12-11 21:16:26,819 [WARN] PackLoader:240 - Cannot read IP mode file for STMicroelectronics.X-CUBE-ISPU.2.0.0
2024-12-11 21:16:26,871 [WARN] PackLoader:240 - Cannot read IP mode file for STMicroelectronics.X-CUBE-ALS.1.0.2
2024-12-11 21:16:27,163 [WARN] PackLoader:240 - Cannot read IP mode file for STMicroelectronics.X-CUBE-MEMS1.10.0.0
2024-12-11 21:16:27,470 [WARN] PackLoader:240 - Cannot read IP mode file for STMicroelectronics.X-CUBE-FREERTOS.1.1.0
2024-12-11 21:16:27,496 [WARN] PackLoader:240 - Cannot read IP mode file for STMicroelectronics.X-CUBE-TOUCHGFX.4.24.0
2024-12-11 21:16:27,518 [WARN] PackLoader:240 - Cannot read IP mode file for STMicroelectronics.X-CUBE-TOUCHGFX.4.24.1
2024-12-11 21:16:27,541 [WARN] PackLoader:240 - Cannot read IP mode file for portGmbH.I-Cube-SoM-uGOAL.1.1.0
2024-12-11 21:16:27,564 [WARN] PackLoader:240 - Cannot read IP mode file for STMicroelectronics.X-CUBE-ALS.1.0.1
2024-12-11 21:16:27,628 [WARN] PackLoader:240 - Cannot read IP mode file for STMicroelectronics.X-CUBE-AZRTOS-H7RS.1.0.0
2024-12-11 21:16:27,663 [WARN] PackLoader:240 - Cannot read IP mode file for STMicroelectronics.FP-ATR-ASTRA1.2.0.0
2024-12-11 21:16:27,765 [WARN] PackLoader:240 - Cannot read IP mode file for STMicroelectronics.X-CUBE-TOF1.3.4.2
2024-12-11 21:16:27,817 [WARN] PackLoader:240 - Cannot read IP mode file for STMicroelectronics.X-CUBE-TOF1.3.4.0
2024-12-11 21:16:27,864 [WARN] PackLoader:240 - Cannot read IP mode file for STMicroelectronics.X-CUBE-TOF1.3.4.1
2024-12-11 21:16:28,101 [WARN] PackLoader:240 - Cannot read IP mode file for STMicroelectronics.X-CUBE-AZRTOS-H7.3.2.0
2024-12-11 21:16:28,128 [WARN] PackLoader:240 - Cannot read IP mode file for wolfSSL.I-CUBE-wolfSSH.1.4.17
2024-12-11 21:16:28,128 [INFO] ThirdParty:978 - Integrity check success = true
2024-12-11 21:16:28,129 [INFO] IntegrityCheckThread:100 - exiting critical section [integrity check]
2024-12-11 21:16:28,129 [INFO] IntegrityCheckThread:103 - End integrity checks thread
2024-12-11 21:16:38,051 [INFO] WebApp:161 - Instantiating new browser for Auth
2024-12-11 21:16:39,589 [INFO] WebApp:779 - Register for checkConnection events
2024-12-11 21:16:39,589 [INFO] WebApp:414 - Apply proxy settings
2024-12-11 21:16:39,590 [INFO] WebApp:499 - Chromium requires no authentication
2024-12-11 21:16:39,608 [INFO] WebApp:442 - Direct internet connection detected
2024-12-11 21:16:39,938 [INFO] WebApp:192 - Starting web application
2024-12-11 21:16:39,938 [INFO] WebApp:544 - Web application path used C:\ST\STM32CubeIDE_1.13.2\STM32CubeIDE\plugins\com.st.stm32cube.common.mx_6.11.1.202404110753\db\plugins\mcufinder\reactClient1\index.html
2024-12-11 22:27:11,687 [ERROR] LogOutputStream:75 - [STDERR_REDIRECT] 
