2024-12-18 07:47:45,578 [INFO] Activator:176 - 


2024-12-18 07:47:45,585 [INFO] Activator:177 - !SESSION log4j initialized
2024-12-18 07:47:52,007 [INFO] LogOutputStream:77 - [STDOUT_REDIRECT] 
2024-12-18 07:47:58,142 [INFO] ApplicationProperties:184 - Using Application install path: C:\ST\STM32CubeIDE_1.13.2\STM32CubeIDE\plugins\com.st.stm32cube.common.mx_6.11.1.202404110753
2024-12-18 07:47:58,159 [INFO] DbMcusXml:78 - Set database path to: C:\ST\STM32CubeIDE_1.13.2\STM32CubeIDE\plugins\com.st.stm32cube.common.mx_6.11.1.202404110753\\db\/mcu/
2024-12-18 07:47:58,159 [INFO] ApiDb:274 - Set plugin database path to: C:\ST\STM32CubeIDE_1.13.2\STM32CubeIDE\plugins\com.st.stm32cube.common.mx_6.11.1.202404110753\\db\/plugins/boardmanager/
2024-12-18 07:47:58,160 [WARN] ApiDb:259 - Overriding images path with different value:  => C:\ST\STM32CubeIDE_1.13.2\STM32CubeIDE\plugins\com.st.stm32cube.common.mx_6.11.1.202404110753\\db\/plugins/mcufinder/images/
2024-12-18 07:47:58,165 [INFO] ApiDb:250 - Set database path to: C:\Users\Mr.hDung\.stmcufinder\plugins\mcufinder//mcu/
2024-12-18 07:47:58,167 [INFO] DbMcusAds:125 - Set database path to: C:\Users\Mr.hDung\.stmcufinder\plugins\mcufinder//mcu/
2024-12-18 07:47:58,170 [INFO] CrossReferenceDbSqlite:203 - Set database path to: C:\Users\Mr.hDung\.stmcufinder\plugins\mcufinder//mcu/cs/
2024-12-18 07:47:58,341 [INFO] RulesReader:64 - Compatibility file has been processed (297 Rules)
2024-12-18 07:47:58,473 [INFO] DbMcusXml:78 - Set database path to: C:\ST\STM32CubeIDE_1.13.2\STM32CubeIDE\plugins\com.st.stm32cube.common.mx_6.11.1.202404110753\\db\/mcu/
2024-12-18 07:47:58,474 [INFO] ApiDb:274 - Set plugin database path to: C:\ST\STM32CubeIDE_1.13.2\STM32CubeIDE\plugins\com.st.stm32cube.common.mx_6.11.1.202404110753\\db\/plugins/boardmanager/
2024-12-18 07:47:58,475 [INFO] ApiDb:261 - Set plugin images path to: C:\ST\STM32CubeIDE_1.13.2\STM32CubeIDE\plugins\com.st.stm32cube.common.mx_6.11.1.202404110753\\db\/plugins/mcufinder/images/
2024-12-18 07:47:58,475 [WARN] DbFile:41 - Overriding database path with different value: C:\Users\Mr.hDung\.stmcufinder\plugins\mcufinder/ => C:\Users\Mr.hDung\.stmcufinder\plugins\mcufinder
2024-12-18 07:47:58,476 [INFO] ApiDb:250 - Set database path to: C:\Users\Mr.hDung\.stmcufinder\plugins\mcufinder//mcu/
2024-12-18 07:47:58,476 [WARN] DbFile:41 - Overriding database path with different value: C:\Users\Mr.hDung\.stmcufinder\plugins\mcufinder/ => C:\Users\Mr.hDung\.stmcufinder\plugins\mcufinder
2024-12-18 07:47:58,477 [INFO] DbMcusAds:125 - Set database path to: C:\Users\Mr.hDung\.stmcufinder\plugins\mcufinder//mcu/
2024-12-18 07:47:58,477 [WARN] DbFile:41 - Overriding database path with different value: C:\Users\Mr.hDung\.stmcufinder\plugins\mcufinder/ => C:\Users\Mr.hDung\.stmcufinder\plugins\mcufinder
2024-12-18 07:47:58,477 [WARN] DbFile:41 - Overriding database path with different value: C:\Users\Mr.hDung\.stmcufinder\plugins\mcufinder/ => C:\Users\Mr.hDung\.stmcufinder\plugins\mcufinder
2024-12-18 07:47:58,477 [INFO] CrossReferenceDbSqlite:203 - Set database path to: C:\Users\Mr.hDung\.stmcufinder\plugins\mcufinder//mcu/cs/
2024-12-18 07:47:58,596 [INFO] MainPanel:264 - HeapMemory: 300941312
2024-12-18 07:47:58,701 [INFO] DbMcusXml:78 - Set database path to: C:\ST\STM32CubeIDE_1.13.2\STM32CubeIDE\plugins\com.st.stm32cube.common.mx_6.11.1.202404110753\\db\/mcu/
2024-12-18 07:47:58,701 [INFO] ApiDb:274 - Set plugin database path to: C:\ST\STM32CubeIDE_1.13.2\STM32CubeIDE\plugins\com.st.stm32cube.common.mx_6.11.1.202404110753\\db\/plugins/boardmanager/
2024-12-18 07:47:58,702 [INFO] ApiDb:261 - Set plugin images path to: C:\ST\STM32CubeIDE_1.13.2\STM32CubeIDE\plugins\com.st.stm32cube.common.mx_6.11.1.202404110753\\db\/plugins/mcufinder/images/
2024-12-18 07:47:58,702 [WARN] DbFile:41 - Overriding database path with different value: C:\Users\Mr.hDung\.stmcufinder\plugins\mcufinder/ => C:\Users\Mr.hDung\.stmcufinder\plugins\mcufinder
2024-12-18 07:47:58,702 [INFO] ApiDb:250 - Set database path to: C:\Users\Mr.hDung\.stmcufinder\plugins\mcufinder//mcu/
2024-12-18 07:47:58,702 [WARN] DbFile:41 - Overriding database path with different value: C:\Users\Mr.hDung\.stmcufinder\plugins\mcufinder/ => C:\Users\Mr.hDung\.stmcufinder\plugins\mcufinder
2024-12-18 07:47:58,702 [INFO] DbMcusAds:125 - Set database path to: C:\Users\Mr.hDung\.stmcufinder\plugins\mcufinder//mcu/
2024-12-18 07:47:58,702 [WARN] DbFile:41 - Overriding database path with different value: C:\Users\Mr.hDung\.stmcufinder\plugins\mcufinder/ => C:\Users\Mr.hDung\.stmcufinder\plugins\mcufinder
2024-12-18 07:47:58,702 [WARN] DbFile:41 - Overriding database path with different value: C:\Users\Mr.hDung\.stmcufinder\plugins\mcufinder/ => C:\Users\Mr.hDung\.stmcufinder\plugins\mcufinder
2024-12-18 07:47:58,703 [INFO] CrossReferenceDbSqlite:203 - Set database path to: C:\Users\Mr.hDung\.stmcufinder\plugins\mcufinder//mcu/cs/
2024-12-18 07:47:58,726 [INFO] ApplicationProperties:184 - Using Application install path: C:\ST\STM32CubeIDE_1.13.2\STM32CubeIDE\plugins\com.st.stm32cube.common.mx_6.11.1.202404110753
2024-12-18 07:47:58,727 [INFO] PluginManage:196 - Search for loadable plugins [exclusion list=, ]
2024-12-18 07:47:58,729 [INFO] PluginManage:310 - Check plugin analytics
2024-12-18 07:48:03,522 [INFO] AnalyticsPlugin:253 - Accepted Software Licenses: 
2024-12-18 07:48:03,522 [INFO] AnalyticsPlugin:255 - Accepted CMSIS Pack Licenses: 
2024-12-18 07:48:03,524 [INFO] AnalyticsPlugin:257 - Accepted Firmware Licenses: 
2024-12-18 07:48:03,528 [INFO] PluginManage:359 - Loaded plugin analytics (category:tool,tabindex:-1)
2024-12-18 07:48:03,529 [INFO] PluginManage:310 - Check plugin cadmodel
2024-12-18 07:48:03,560 [INFO] CADModel:105 - Init CAD model plugin
2024-12-18 07:48:03,561 [INFO] PluginManage:359 - Loaded plugin cadmodel (category:power,tabindex:5)
2024-12-18 07:48:03,561 [INFO] PluginManage:310 - Check plugin clock
2024-12-18 07:48:03,572 [INFO] PluginManage:359 - Loaded plugin clock (category:base,tabindex:2)
2024-12-18 07:48:03,572 [INFO] PluginManage:310 - Check plugin ddr
2024-12-18 07:48:03,574 [INFO] PluginManage:359 - Loaded plugin ddr (category:tool,tabindex:6)
2024-12-18 07:48:03,574 [INFO] PluginManage:310 - Check plugin filemanager
2024-12-18 07:48:03,746 [INFO] PluginManage:359 - Loaded plugin filemanager (category:base,tabindex:10)
2024-12-18 07:48:03,746 [INFO] PluginManage:310 - Check plugin ipmanager
2024-12-18 07:48:03,756 [INFO] PluginManage:359 - Loaded plugin ipmanager (category:base,tabindex:5)
2024-12-18 07:48:03,757 [INFO] PluginManage:310 - Check plugin lpbam
2024-12-18 07:48:03,766 [INFO] PluginManage:359 - Loaded plugin lpbam (category:base,tabindex:0)
2024-12-18 07:48:03,767 [INFO] PluginManage:310 - Check plugin memorymap
2024-12-18 07:48:03,778 [INFO] PluginManage:359 - Loaded plugin memorymap (category:base,tabindex:4)
2024-12-18 07:48:03,778 [INFO] PluginManage:310 - Check plugin pinoutandconfiguration
2024-12-18 07:48:03,786 [INFO] PluginManage:359 - Loaded plugin pinoutandconfiguration (category:base,tabindex:1)
2024-12-18 07:48:03,787 [INFO] PluginManage:310 - Check plugin pinoutconfig
2024-12-18 07:48:03,900 [WARN] SupportedApi:132 - Cannot load RTOS API schema: s4s-elt-must-match.1: The content of 'definitions' must match (annotation?, (simpleType | complexType)?, (unique | key | keyref)*)). A problem was found starting at: attribute.
2024-12-18 07:48:04,094 [INFO] PluginManage:359 - Loaded plugin pinoutconfig (category:base,tabindex:0)
2024-12-18 07:48:04,094 [INFO] PluginManage:310 - Check plugin power
2024-12-18 07:48:04,105 [INFO] PluginManage:359 - Loaded plugin power (category:power,tabindex:4)
2024-12-18 07:48:04,105 [INFO] PluginManage:310 - Check plugin projectmanager
2024-12-18 07:48:04,128 [INFO] PluginManage:359 - Loaded plugin projectmanager (category:projectmanager,tabindex:3)
2024-12-18 07:48:04,129 [INFO] PluginManage:310 - Check plugin thirdparty
2024-12-18 07:48:04,318 [INFO] PluginManage:359 - Loaded plugin thirdparty (category:base,tabindex:-1)
2024-12-18 07:48:04,318 [INFO] PluginManage:310 - Check plugin tools
2024-12-18 07:48:04,318 [WARN] IntegrityCheckThread:84 - waiting for thirdparty lock release [integrity check]
2024-12-18 07:48:04,319 [INFO] IntegrityCheckThread:86 - entering critical section [integrity check]
2024-12-18 07:48:04,320 [INFO] ThirdPartyUpdaterWithRetryManager:70 - Updater plugin not ready yet. [1/15]
2024-12-18 07:48:04,323 [INFO] PluginManage:359 - Loaded plugin tools (category:base,tabindex:7)
2024-12-18 07:48:04,323 [INFO] PluginManage:310 - Check plugin tutovideos
2024-12-18 07:48:04,510 [INFO] PluginManage:359 - Loaded plugin tutovideos (category:base,tabindex:-1)
2024-12-18 07:48:04,510 [INFO] PluginManage:310 - Check plugin updater
2024-12-18 07:48:04,521 [INFO] PluginManage:359 - Loaded plugin updater (category:base,tabindex:12)
2024-12-18 07:48:04,522 [INFO] PluginManage:310 - Check plugin userauth
2024-12-18 07:48:04,527 [INFO] UserAuth:114 - Init User Auth plugin
2024-12-18 07:48:04,527 [INFO] PluginManage:359 - Loaded plugin userauth (category:base,tabindex:14)
2024-12-18 07:48:04,527 [INFO] PluginManage:283 - PluginManage : Loaded plugins [17]
2024-12-18 07:48:04,782 [INFO] PinOutPanel:1561 - setPackage(No Configuration,No Configuration)
2024-12-18 07:48:04,884 [INFO] CADModel:165 - CPN selected for project level
2024-12-18 07:48:04,884 [INFO] CADModel:114 - Register for checkConnection events
2024-12-18 07:48:04,905 [INFO] IPUIPlugin:80 - create IPUIPlugin
2024-12-18 07:48:04,905 [INFO] PluginManager:220 - loadIPPluginJar : add adc
2024-12-18 07:48:04,908 [INFO] IPUIPlugin:80 - create IPUIPlugin
2024-12-18 07:48:04,909 [INFO] PluginManager:220 - loadIPPluginJar : add aes
2024-12-18 07:48:04,913 [INFO] IPUIPlugin:80 - create IPUIPlugin
2024-12-18 07:48:04,913 [INFO] PluginManager:220 - loadIPPluginJar : add can
2024-12-18 07:48:04,915 [INFO] IPUIPlugin:80 - create IPUIPlugin
2024-12-18 07:48:04,916 [INFO] PluginManager:220 - loadIPPluginJar : add comp
2024-12-18 07:48:04,919 [INFO] IPUIPlugin:80 - create IPUIPlugin
2024-12-18 07:48:04,919 [INFO] PluginManager:220 - loadIPPluginJar : add cryp
2024-12-18 07:48:04,922 [INFO] IPUIPlugin:80 - create IPUIPlugin
2024-12-18 07:48:04,923 [INFO] PluginManager:220 - loadIPPluginJar : add dfsdm
2024-12-18 07:48:04,929 [INFO] IPUIPlugin:80 - create IPUIPlugin
2024-12-18 07:48:04,930 [INFO] PluginManager:220 - loadIPPluginJar : add dma
2024-12-18 07:48:04,933 [INFO] IPUIPlugin:80 - create IPUIPlugin
2024-12-18 07:48:04,933 [INFO] PluginManager:220 - loadIPPluginJar : add dma3
2024-12-18 07:48:04,937 [INFO] IPUIPlugin:80 - create IPUIPlugin
2024-12-18 07:48:04,937 [INFO] PluginManager:220 - loadIPPluginJar : add extmemmanager
2024-12-18 07:48:04,939 [INFO] IPUIPlugin:80 - create IPUIPlugin
2024-12-18 07:48:04,940 [INFO] PluginManager:220 - loadIPPluginJar : add fatfs
2024-12-18 07:48:04,946 [INFO] IPUIPlugin:80 - create IPUIPlugin
2024-12-18 07:48:04,947 [INFO] PluginManager:220 - loadIPPluginJar : add fmc
2024-12-18 07:48:04,953 [INFO] IPUIPlugin:80 - create IPUIPlugin
2024-12-18 07:48:04,954 [INFO] PluginManager:220 - loadIPPluginJar : add freertos
2024-12-18 07:48:04,956 [INFO] IPUIPlugin:80 - create IPUIPlugin
2024-12-18 07:48:04,956 [INFO] PluginManager:220 - loadIPPluginJar : add genericplugin
2024-12-18 07:48:04,960 [INFO] IPUIPlugin:80 - create IPUIPlugin
2024-12-18 07:48:04,960 [INFO] PluginManager:220 - loadIPPluginJar : add gfxmmu
2024-12-18 07:48:04,965 [INFO] IPUIPlugin:80 - create IPUIPlugin
2024-12-18 07:48:04,965 [INFO] PluginManager:220 - loadIPPluginJar : add gic
2024-12-18 07:48:04,970 [INFO] IPUIPlugin:80 - create IPUIPlugin
2024-12-18 07:48:04,970 [INFO] PluginManager:220 - loadIPPluginJar : add gpio
2024-12-18 07:48:04,974 [INFO] IPUIPlugin:80 - create IPUIPlugin
2024-12-18 07:48:04,974 [INFO] PluginManager:220 - loadIPPluginJar : add gtzc
2024-12-18 07:48:04,977 [INFO] IPUIPlugin:80 - create IPUIPlugin
2024-12-18 07:48:04,977 [INFO] PluginManager:220 - loadIPPluginJar : add hash
2024-12-18 07:48:04,982 [INFO] IPUIPlugin:80 - create IPUIPlugin
2024-12-18 07:48:04,982 [INFO] PluginManager:220 - loadIPPluginJar : add i2c
2024-12-18 07:48:04,985 [INFO] IPUIPlugin:80 - create IPUIPlugin
2024-12-18 07:48:04,985 [INFO] PluginManager:220 - loadIPPluginJar : add i2s
2024-12-18 07:48:04,990 [INFO] IPUIPlugin:80 - create IPUIPlugin
2024-12-18 07:48:04,990 [INFO] PluginManager:220 - loadIPPluginJar : add i3c
2024-12-18 07:48:04,994 [INFO] IPUIPlugin:80 - create IPUIPlugin
2024-12-18 07:48:04,994 [INFO] PluginManager:220 - loadIPPluginJar : add ipddr
2024-12-18 07:48:05,004 [INFO] IPUIPlugin:80 - create IPUIPlugin
2024-12-18 07:48:05,004 [INFO] PluginManager:220 - loadIPPluginJar : add linkedlist
2024-12-18 07:48:05,007 [INFO] IPUIPlugin:80 - create IPUIPlugin
2024-12-18 07:48:05,008 [INFO] PluginManager:220 - loadIPPluginJar : add lorawan
2024-12-18 07:48:05,010 [INFO] IPUIPlugin:80 - create IPUIPlugin
2024-12-18 07:48:05,010 [INFO] PluginManager:220 - loadIPPluginJar : add ltdc
2024-12-18 07:48:05,018 [INFO] IPUIPlugin:80 - create IPUIPlugin
2024-12-18 07:48:05,018 [INFO] PluginManager:220 - loadIPPluginJar : add mdma
2024-12-18 07:48:05,022 [INFO] IPUIPlugin:80 - create IPUIPlugin
2024-12-18 07:48:05,022 [INFO] PluginManager:220 - loadIPPluginJar : add nvic
2024-12-18 07:48:05,026 [INFO] IPUIPlugin:80 - create IPUIPlugin
2024-12-18 07:48:05,026 [INFO] PluginManager:220 - loadIPPluginJar : add opamp
2024-12-18 07:48:05,030 [INFO] IPUIPlugin:80 - create IPUIPlugin
2024-12-18 07:48:05,031 [INFO] PluginManager:220 - loadIPPluginJar : add openamp
2024-12-18 07:48:05,036 [INFO] IPUIPlugin:80 - create IPUIPlugin
2024-12-18 07:48:05,037 [INFO] PluginManager:220 - loadIPPluginJar : add pdm2pcm
2024-12-18 07:48:05,046 [INFO] IPUIPlugin:80 - create IPUIPlugin
2024-12-18 07:48:05,050 [INFO] PluginManager:220 - loadIPPluginJar : add plateformsettings
2024-12-18 07:48:05,053 [INFO] IPUIPlugin:80 - create IPUIPlugin
2024-12-18 07:48:05,054 [INFO] PluginManager:220 - loadIPPluginJar : add quadspi
2024-12-18 07:48:05,059 [INFO] IPUIPlugin:80 - create IPUIPlugin
2024-12-18 07:48:05,059 [INFO] PluginManager:220 - loadIPPluginJar : add resmgrutility
2024-12-18 07:48:05,064 [INFO] IPUIPlugin:80 - create IPUIPlugin
2024-12-18 07:48:05,064 [INFO] PluginManager:220 - loadIPPluginJar : add sai
2024-12-18 07:48:05,068 [INFO] IPUIPlugin:80 - create IPUIPlugin
2024-12-18 07:48:05,069 [INFO] PluginManager:220 - loadIPPluginJar : add spi
2024-12-18 07:48:05,076 [INFO] IPUIPlugin:80 - create IPUIPlugin
2024-12-18 07:48:05,077 [INFO] PluginManager:220 - loadIPPluginJar : add stm32_wpan
2024-12-18 07:48:05,080 [INFO] IPUIPlugin:80 - create IPUIPlugin
2024-12-18 07:48:05,080 [INFO] PluginManager:220 - loadIPPluginJar : add tim
2024-12-18 07:48:05,085 [INFO] IPUIPlugin:80 - create IPUIPlugin
2024-12-18 07:48:05,086 [INFO] PluginManager:220 - loadIPPluginJar : add touchsensing
2024-12-18 07:48:05,089 [INFO] IPUIPlugin:80 - create IPUIPlugin
2024-12-18 07:48:05,089 [INFO] PluginManager:220 - loadIPPluginJar : add tracer_emb
2024-12-18 07:48:05,093 [INFO] IPUIPlugin:80 - create IPUIPlugin
2024-12-18 07:48:05,093 [INFO] PluginManager:220 - loadIPPluginJar : add ts
2024-12-18 07:48:05,096 [INFO] IPUIPlugin:80 - create IPUIPlugin
2024-12-18 07:48:05,096 [INFO] PluginManager:220 - loadIPPluginJar : add tsc
2024-12-18 07:48:05,099 [INFO] IPUIPlugin:80 - create IPUIPlugin
2024-12-18 07:48:05,100 [INFO] PluginManager:220 - loadIPPluginJar : add ucpd
2024-12-18 07:48:05,104 [INFO] IPUIPlugin:80 - create IPUIPlugin
2024-12-18 07:48:05,105 [INFO] PluginManager:220 - loadIPPluginJar : add usart
2024-12-18 07:48:05,110 [INFO] IPUIPlugin:80 - create IPUIPlugin
2024-12-18 07:48:05,110 [INFO] PluginManager:220 - loadIPPluginJar : add usbx
2024-12-18 07:48:05,275 [INFO] CADModel:165 - CPN selected for project level
2024-12-18 07:48:05,276 [INFO] CADModel:114 - Register for checkConnection events
2024-12-18 07:48:05,276 [FATAL] Updater:308 - Updater called before beeing initialized
2024-12-18 07:48:05,276 [ERROR] CADModel:125 - Updater not yet initialized, retry later 
2024-12-18 07:48:05,455 [INFO] CADModel:165 - CPN selected for project level
2024-12-18 07:48:05,455 [INFO] CADModel:114 - Register for checkConnection events
2024-12-18 07:48:05,455 [FATAL] Updater:308 - Updater called before beeing initialized
2024-12-18 07:48:05,455 [ERROR] CADModel:125 - Updater not yet initialized, retry later 
2024-12-18 07:48:05,459 [FATAL] Updater:308 - Updater called before beeing initialized
2024-12-18 07:48:05,611 [FATAL] Updater:308 - Updater called before beeing initialized
2024-12-18 07:48:05,618 [INFO] DbMcusAds:53 - JSON generation date=Fri Sep 20 20:04:23 ICT 2024 (1726837463113)
2024-12-18 07:48:05,618 [FATAL] Updater:308 - Updater called before beeing initialized
2024-12-18 07:48:05,673 [WARN] DetailPanel:346 - Failed to get advertising image, set to default
2024-12-18 07:48:05,783 [FATAL] Updater:308 - Updater called before beeing initialized
2024-12-18 07:48:05,785 [FATAL] Updater:308 - Updater called before beeing initialized
2024-12-18 07:48:05,785 [FATAL] Updater:308 - Updater called before beeing initialized
2024-12-18 07:48:05,786 [WARN] DetailPanel:346 - Failed to get advertising image, set to default
2024-12-18 07:48:05,787 [FATAL] Updater:308 - Updater called before beeing initialized
2024-12-18 07:48:05,853 [ERROR] Updater:1120 - MainUpdater not yet initialized. External WinMGr cannot be set.
2024-12-18 07:48:05,856 [INFO] Updater:1056 - Updater Version found : 6.11.1
2024-12-18 07:48:05,883 [INFO] ApplicationProperties:184 - Using Application install path: C:\ST\STM32CubeIDE_1.13.2\STM32CubeIDE\plugins\com.st.stm32cube.common.mx_6.11.1.202404110753
2024-12-18 07:48:06,322 [INFO] MainUpdater:2873 - connection check result : 10
2024-12-18 07:48:06,323 [INFO] MainUpdater:290 - Updater Check For Update Now.
2024-12-18 07:48:06,324 [INFO] MicroXplorer:498 - Change Database Version : DB.6.0.111
2024-12-18 07:48:06,332 [INFO] McuFinderGlobals:63 - Set McuFinder mode to 2 (CubeIDE integrated)
2024-12-18 07:48:06,342 [INFO] UserAuth:415 - Internet connection configuration mode: 1
2024-12-18 07:48:06,360 [INFO] JxBrowserEngine:152 - Initiate JxBrowser Engine with user profile folder
2024-12-18 07:48:06,648 [INFO] CheckServerUpdateThread:120 - End of CheckServer Thread
2024-12-18 07:48:07,309 [INFO] WebApp:161 - Instantiating new browser for Auth
2024-12-18 07:48:07,780 [WARN] PackLoader:240 - Cannot read IP mode file for STMicroelectronics.FP-SNS-MOTENVWB1.1.4.0
2024-12-18 07:48:07,816 [WARN] PackLoader:240 - Cannot read IP mode file for STMicroelectronics.FP-ATR-ASTRA1.2.0.1
2024-12-18 07:48:07,832 [WARN] PackLoader:240 - Cannot read IP mode file for STMicroelectronics.X-CUBE-SMBUS.2.1.0
2024-12-18 07:48:07,852 [WARN] PackLoader:240 - Cannot read IP mode file for STMicroelectronics.X-CUBE-WB05N.1.1.0
2024-12-18 07:48:07,862 [WARN] PackLoader:240 - Cannot read IP mode file for STMicroelectronics.X-CUBE-TOUCHGFX.4.23.1
2024-12-18 07:48:07,867 [WARN] PackLoader:240 - Cannot read IP mode file for STMicroelectronics.X-CUBE-TOUCHGFX.4.23.0
2024-12-18 07:48:07,872 [WARN] PackLoader:240 - Cannot read IP mode file for STMicroelectronics.X-CUBE-TOUCHGFX.4.23.2
2024-12-18 07:48:07,977 [WARN] PackLoader:240 - Cannot read IP mode file for STMicroelectronics.X-CUBE-AZRTOS-F7.1.1.0
2024-12-18 07:48:08,000 [WARN] PackLoader:240 - Cannot read IP mode file for STMicroelectronics.FP-SNS-MOTENV1.4.3.2
2024-12-18 07:48:08,122 [WARN] PackLoader:240 - Cannot read IP mode file for STMicroelectronics.X-CUBE-MEMS1.11.0.0
2024-12-18 07:48:08,501 [WARN] PackLoader:240 - Cannot read IP mode file for STMicroelectronics.FP-SNS-FLIGHT1.5.0.2
2024-12-18 07:48:08,529 [WARN] PackLoader:240 - Cannot read IP mode file for STMicroelectronics.X-CUBE-DISPLAY.3.0.0
2024-12-18 07:48:08,553 [WARN] PackLoader:240 - Cannot read IP mode file for STMicroelectronics.X-CUBE-BLE1.7.0.0
2024-12-18 07:48:08,570 [WARN] PackLoader:240 - Cannot read IP mode file for STMicroelectronics.X-CUBE-NFC10.1.0.0
2024-12-18 07:48:08,607 [WARN] PackLoader:240 - Cannot read IP mode file for STMicroelectronics.X-CUBE-BLEMGR.4.0.0
2024-12-18 07:48:08,621 [WARN] PackLoader:240 - Cannot read IP mode file for emotas.I-CUBE-CANOPEN.1.3.0
2024-12-18 07:48:08,626 [WARN] PackLoader:240 - Cannot read IP mode file for STMicroelectronics.X-CUBE-TOUCHGFX.4.22.1
2024-12-18 07:48:08,656 [WARN] PackLoader:240 - Cannot read IP mode file for STMicroelectronics.X-CUBE-BLEMGR.3.1.0
2024-12-18 07:48:08,712 [INFO] LogOutputStream:77 - [STDOUT_REDIRECT] 1 : Invalid condition id : UX_CORESTACK_Condition cause : null
2024-12-18 07:48:08,714 [INFO] LogOutputStream:77 - [STDOUT_REDIRECT] 1 : Invalid condition id : UX_CORESTACK_Condition cause : null
2024-12-18 07:48:08,716 [INFO] LogOutputStream:77 - [STDOUT_REDIRECT] 1 : Invalid condition id : UX_CORESTACK_Condition cause : null
2024-12-18 07:48:08,721 [INFO] LogOutputStream:77 - [STDOUT_REDIRECT] 1 : Invalid condition id : UX_CORESTACK_Condition cause : null
2024-12-18 07:48:08,723 [INFO] LogOutputStream:77 - [STDOUT_REDIRECT] 1 : Invalid condition id : UX_CORESTACK_Condition cause : null
2024-12-18 07:48:08,735 [WARN] PackLoader:240 - Cannot read IP mode file for STMicroelectronics.X-CUBE-AZRTOS-WL.2.0.0
2024-12-18 07:48:08,743 [WARN] PackLoader:240 - Cannot read IP mode file for STMicroelectronics.FP-SNS-MOTENV1.5.0.0
2024-12-18 07:48:08,764 [WARN] PackLoader:240 - Cannot read IP mode file for wolfSSL.I-CUBE-wolfMQTT.1.19.0
2024-12-18 07:48:08,774 [WARN] PackLoader:240 - Cannot read IP mode file for WES.I-CUBE-Cesium.1.3.0
2024-12-18 07:48:08,781 [WARN] PackLoader:240 - Cannot read IP mode file for STMicroelectronics.X-CUBE-BLE2.3.3.0
2024-12-18 07:48:08,794 [WARN] PackLoader:240 - Cannot read IP mode file for STMicroelectronics.X-CUBE-NFC9.1.0.0
2024-12-18 07:48:08,805 [WARN] PackLoader:240 - Cannot read IP mode file for STMicroelectronics.X-CUBE-TCPP.4.1.0
2024-12-18 07:48:08,814 [WARN] PackLoader:240 - Cannot read IP mode file for STMicroelectronics.X-CUBE-ALGOBUILD.1.3.0
2024-12-18 07:48:08,967 [WARN] PackLoader:240 - Cannot read IP mode file for STMicroelectronics.X-CUBE-AZRTOS-G0.1.1.0
2024-12-18 07:48:08,979 [WARN] PackLoader:240 - Cannot read IP mode file for STMicroelectronics.X-CUBE-SAFEA1.1.2.2
2024-12-18 07:48:08,988 [WARN] PackLoader:240 - Cannot read IP mode file for STMicroelectronics.X-CUBE-NFC4.3.0.0
2024-12-18 07:48:08,993 [WARN] PackLoader:240 - Cannot read IP mode file for wolfSSL.I-CUBE-wolfMQTT.1.18.0
2024-12-18 07:48:09,005 [WARN] PackLoader:240 - Cannot read IP mode file for EmbeddedOffice.I-CUBE-FS-RTOS.1.0.1
2024-12-18 07:48:09,006 [ERROR] ConditionMgr:805 - Attr not supported : Dmpu
2024-12-18 07:48:09,006 [ERROR] ConditionMgr:805 - Attr not supported : Dmpu
2024-12-18 07:48:09,006 [ERROR] ConditionMgr:805 - Attr not supported : Dmpu
2024-12-18 07:48:09,006 [ERROR] ConditionMgr:805 - Attr not supported : Dmpu
2024-12-18 07:48:09,006 [ERROR] ConditionMgr:805 - Attr not supported : Dmpu
2024-12-18 07:48:09,006 [ERROR] ConditionMgr:805 - Attr not supported : Dmpu
2024-12-18 07:48:09,007 [ERROR] ConditionMgr:805 - Attr not supported : Dmpu
2024-12-18 07:48:09,007 [ERROR] ConditionMgr:805 - Attr not supported : Dmpu
2024-12-18 07:48:09,007 [ERROR] ConditionMgr:805 - Attr not supported : Dmpu
2024-12-18 07:48:09,007 [ERROR] ConditionMgr:805 - Attr not supported : Dmpu
2024-12-18 07:48:09,007 [ERROR] ConditionMgr:805 - Attr not supported : Dmpu
2024-12-18 07:48:09,007 [ERROR] ConditionMgr:805 - Attr not supported : Dmpu
2024-12-18 07:48:09,008 [ERROR] ConditionMgr:805 - Attr not supported : Dmpu
2024-12-18 07:48:09,008 [ERROR] ConditionMgr:805 - Attr not supported : Dmpu
2024-12-18 07:48:09,008 [ERROR] ConditionMgr:805 - Attr not supported : Dmpu
2024-12-18 07:48:09,008 [ERROR] ConditionMgr:805 - Attr not supported : Dmpu
2024-12-18 07:48:09,008 [ERROR] ConditionMgr:805 - Attr not supported : Dmpu
2024-12-18 07:48:09,008 [ERROR] ConditionMgr:805 - Attr not supported : Dmpu
2024-12-18 07:48:09,008 [ERROR] ConditionMgr:805 - Attr not supported : Dmpu
2024-12-18 07:48:09,008 [ERROR] ConditionMgr:805 - Attr not supported : Dmpu
2024-12-18 07:48:09,009 [ERROR] ConditionMgr:805 - Attr not supported : Dmpu
2024-12-18 07:48:09,009 [ERROR] ConditionMgr:805 - Attr not supported : Dmpu
2024-12-18 07:48:09,009 [ERROR] ConditionMgr:805 - Attr not supported : Dmpu
2024-12-18 07:48:09,009 [ERROR] ConditionMgr:805 - Attr not supported : Dmpu
2024-12-18 07:48:09,009 [ERROR] ConditionMgr:805 - Attr not supported : Dmpu
2024-12-18 07:48:09,009 [ERROR] ConditionMgr:805 - Attr not supported : Dmpu
2024-12-18 07:48:09,009 [ERROR] ConditionMgr:805 - Attr not supported : Dmpu
2024-12-18 07:48:09,009 [ERROR] ConditionMgr:805 - Attr not supported : Dmpu
2024-12-18 07:48:09,010 [ERROR] ConditionMgr:805 - Attr not supported : Dmpu
2024-12-18 07:48:09,010 [ERROR] ConditionMgr:805 - Attr not supported : Dmpu
2024-12-18 07:48:09,010 [ERROR] ConditionMgr:805 - Attr not supported : Dmpu
2024-12-18 07:48:09,010 [ERROR] ConditionMgr:805 - Attr not supported : Dmpu
2024-12-18 07:48:09,010 [ERROR] ConditionMgr:805 - Attr not supported : Dmpu
2024-12-18 07:48:09,010 [ERROR] ConditionMgr:805 - Attr not supported : Dmpu
2024-12-18 07:48:09,010 [ERROR] ConditionMgr:805 - Attr not supported : Dmpu
2024-12-18 07:48:09,010 [ERROR] ConditionMgr:805 - Attr not supported : Dmpu
2024-12-18 07:48:09,011 [ERROR] ConditionMgr:805 - Attr not supported : Dmpu
2024-12-18 07:48:09,011 [ERROR] ConditionMgr:805 - Attr not supported : Dmpu
2024-12-18 07:48:09,011 [ERROR] ConditionMgr:805 - Attr not supported : Dmpu
2024-12-18 07:48:09,011 [ERROR] ConditionMgr:805 - Attr not supported : Dmpu
2024-12-18 07:48:09,011 [ERROR] ConditionMgr:805 - Attr not supported : Dmpu
2024-12-18 07:48:09,011 [ERROR] ConditionMgr:805 - Attr not supported : Dmpu
2024-12-18 07:48:09,011 [ERROR] ConditionMgr:805 - Attr not supported : Dmpu
2024-12-18 07:48:09,011 [ERROR] ConditionMgr:805 - Attr not supported : Dmpu
2024-12-18 07:48:09,012 [ERROR] ConditionMgr:805 - Attr not supported : Dmpu
2024-12-18 07:48:09,012 [ERROR] ConditionMgr:805 - Attr not supported : Dmpu
2024-12-18 07:48:09,012 [ERROR] ConditionMgr:805 - Attr not supported : Dmpu
2024-12-18 07:48:09,012 [ERROR] ConditionMgr:805 - Attr not supported : Dmpu
2024-12-18 07:48:09,012 [ERROR] ConditionMgr:805 - Attr not supported : Dmpu
2024-12-18 07:48:09,012 [ERROR] ConditionMgr:805 - Attr not supported : Dmpu
2024-12-18 07:48:09,012 [ERROR] ConditionMgr:805 - Attr not supported : Dmpu
2024-12-18 07:48:09,012 [ERROR] ConditionMgr:805 - Attr not supported : Dmpu
2024-12-18 07:48:09,012 [ERROR] ConditionMgr:805 - Attr not supported : Dmpu
2024-12-18 07:48:09,013 [ERROR] ConditionMgr:805 - Attr not supported : Dmpu
2024-12-18 07:48:09,013 [ERROR] ConditionMgr:805 - Attr not supported : Dmpu
2024-12-18 07:48:09,013 [ERROR] ConditionMgr:805 - Attr not supported : Dmpu
2024-12-18 07:48:09,013 [ERROR] ConditionMgr:805 - Attr not supported : Dmpu
2024-12-18 07:48:09,013 [ERROR] ConditionMgr:805 - Attr not supported : Dmpu
2024-12-18 07:48:09,013 [ERROR] ConditionMgr:805 - Attr not supported : Dmpu
2024-12-18 07:48:09,013 [ERROR] ConditionMgr:805 - Attr not supported : Dmpu
2024-12-18 07:48:09,013 [ERROR] ConditionMgr:805 - Attr not supported : Dmpu
2024-12-18 07:48:09,013 [ERROR] ConditionMgr:805 - Attr not supported : Dmpu
2024-12-18 07:48:09,014 [ERROR] ConditionMgr:805 - Attr not supported : Dmpu
2024-12-18 07:48:09,014 [ERROR] ConditionMgr:805 - Attr not supported : Dmpu
2024-12-18 07:48:09,025 [WARN] PackLoader:240 - Cannot read IP mode file for STMicroelectronics.X-CUBE-BLEMGR.3.0.0
2024-12-18 07:48:09,033 [ERROR] Engine:466 - C:\Users\Mr.hDung\.stm32cubemx\thirdparties\pdsc\STMicroelectronics.X-CUBE-TCPP.4.2.0.pdsc: PDSC version is not supported
2024-12-18 07:48:09,039 [WARN] PackLoader:240 - Cannot read IP mode file for RealThread.X-CUBE-RT-Thread_Nano.4.1.1
2024-12-18 07:48:09,045 [WARN] PackLoader:240 - Cannot read IP mode file for STMicroelectronics.FP-ATR-SIGFOX1.3.2.0
2024-12-18 07:48:09,094 [WARN] ConditionMgr:438 - getConditionDescription Invalid condition id : Cortex-A Device cause : null
2024-12-18 07:48:09,129 [WARN] ConditionMgr:1039 - genDependencies : Invalid condition id : Cortex-A Device cause : null
2024-12-18 07:48:09,129 [WARN] ConditionMgr:1039 - genDependencies : Invalid condition id : Cortex-A Device cause : null
2024-12-18 07:48:09,129 [WARN] ConditionMgr:1039 - genDependencies : Invalid condition id : Cortex-A Device cause : null
2024-12-18 07:48:09,138 [WARN] PackLoader:240 - Cannot read IP mode file for STMicroelectronics.X-CUBE-EEPRMA1.5.1.0
2024-12-18 07:48:09,194 [WARN] PackLoader:240 - Cannot read IP mode file for SEGGER.I-CUBE-embOS.1.3.1
2024-12-18 07:48:09,320 [WARN] PackLoader:240 - Cannot read IP mode file for STMicroelectronics.X-CUBE-ALGOBUILD.1.4.0
2024-12-18 07:48:09,327 [WARN] PackLoader:240 - Cannot read IP mode file for STMicroelectronics.X-CUBE-AI.9.1.0
2024-12-18 07:48:09,330 [INFO] WebApp:779 - Register for checkConnection events
2024-12-18 07:48:09,331 [INFO] WebApp:414 - Apply proxy settings
2024-12-18 07:48:09,332 [INFO] WebApp:499 - Chromium requires no authentication
2024-12-18 07:48:09,336 [WARN] PackLoader:240 - Cannot read IP mode file for STMicroelectronics.X-CUBE-GNSS1.6.0.0
2024-12-18 07:48:09,348 [INFO] WebApp:442 - Direct internet connection detected
2024-12-18 07:48:09,389 [WARN] PackLoader:240 - Cannot read IP mode file for STMicroelectronics.X-CUBE-AZRTOS-F4.1.1.0
2024-12-18 07:48:09,400 [WARN] PackLoader:240 - Cannot read IP mode file for wolfSSL.I-CUBE-wolfSSL.5.6.3
2024-12-18 07:48:09,407 [WARN] PackLoader:240 - Cannot read IP mode file for STMicroelectronics.X-CUBE-ISPU.2.1.0
2024-12-18 07:48:09,415 [WARN] PackLoader:240 - Cannot read IP mode file for STMicroelectronics.X-CUBE-FREERTOS.1.2.0
2024-12-18 07:48:09,452 [WARN] PackLoader:240 - Cannot read IP mode file for STMicroelectronics.X-CUBE-AZRTOS-L5.2.0.0
2024-12-18 07:48:09,464 [WARN] PackLoader:240 - Cannot read IP mode file for STMicroelectronics.X-CUBE-EEPRMA1.4.2.0
2024-12-18 07:48:09,494 [WARN] PackLoader:240 - Cannot read IP mode file for STMicroelectronics.X-CUBE-NFC6.3.1.0
2024-12-18 07:48:09,505 [WARN] PackLoader:240 - Cannot read IP mode file for ITTIA_DB.I-CUBE-ITTIADB.8.8.0
2024-12-18 07:48:09,515 [WARN] PackLoader:240 - Cannot read IP mode file for STMicroelectronics.X-CUBE-BLEMGR.2.0.0
2024-12-18 07:48:09,527 [WARN] PackLoader:240 - Cannot read IP mode file for STMicroelectronics.X-CUBE-DPower.1.2.0
2024-12-18 07:48:09,532 [WARN] PackLoader:240 - Cannot read IP mode file for STMicroelectronics.X-CUBE-AI.9.0.0
2024-12-18 07:48:09,572 [WARN] ConditionMgr:438 - getConditionDescription Invalid condition id : UX DEVICE CLASS RTOS Condition cause : null
2024-12-18 07:48:09,573 [WARN] ConditionMgr:438 - getConditionDescription Invalid condition id : UX DEVICE CLASS RTOS Condition cause : null
2024-12-18 07:48:09,578 [WARN] PackLoader:240 - Cannot read IP mode file for STMicroelectronics.X-CUBE-AZRTOS-H7.3.1.0
2024-12-18 07:48:09,580 [WARN] ConditionMgr:1039 - genDependencies : Invalid condition id : UX DEVICE CLASS RTOS Condition cause : null
2024-12-18 07:48:09,580 [WARN] ConditionMgr:1039 - genDependencies : Invalid condition id : UX DEVICE CLASS RTOS Condition cause : null
2024-12-18 07:48:09,581 [WARN] ConditionMgr:1039 - genDependencies : Invalid condition id : UX DEVICE CLASS RTOS Condition cause : null
2024-12-18 07:48:09,582 [WARN] ConditionMgr:1039 - genDependencies : Invalid condition id : UX DEVICE CLASS RTOS Condition cause : null
2024-12-18 07:48:09,582 [WARN] ConditionMgr:1039 - genDependencies : Invalid condition id : UX DEVICE CLASS RTOS Condition cause : null
2024-12-18 07:48:09,613 [WARN] PackLoader:240 - Cannot read IP mode file for STMicroelectronics.X-CUBE-FREERTOS.1.3.0
2024-12-18 07:48:09,622 [WARN] PackLoader:240 - Cannot read IP mode file for STMicroelectronics.X-CUBE-NFC7.1.0.1
2024-12-18 07:48:09,629 [WARN] PackLoader:240 - Cannot read IP mode file for wolfSSL.I-CUBE-wolfTPM.3.2.0
2024-12-18 07:48:09,639 [WARN] PackLoader:240 - Cannot read IP mode file for STMicroelectronics.X-CUBE-NFC6.3.0.0
2024-12-18 07:48:09,649 [WARN] PackLoader:240 - Cannot read IP mode file for STMicroelectronics.X-CUBE-EEPRMA1.4.1.0
2024-12-18 07:48:09,656 [WARN] PackLoader:240 - Cannot read IP mode file for STMicroelectronics.X-CUBE-AI.8.1.0
2024-12-18 07:48:09,698 [WARN] ConditionMgr:438 - getConditionDescription Invalid condition id : LAN8742 Phy interface Condition cause : null
2024-12-18 07:48:09,699 [WARN] PackLoader:240 - Cannot read IP mode file for STMicroelectronics.X-CUBE-AZRTOS-L4.2.0.0
2024-12-18 07:48:09,701 [WARN] ConditionMgr:1039 - genDependencies : Invalid condition id : LAN8742 Phy interface Condition cause : null
2024-12-18 07:48:09,701 [WARN] ConditionMgr:1039 - genDependencies : Invalid condition id : LAN8742 Phy interface Condition cause : null
2024-12-18 07:48:09,702 [WARN] ConditionMgr:1039 - genDependencies : Invalid condition id : LAN8742 Phy interface Condition cause : null
2024-12-18 07:48:09,727 [WARN] PackLoader:240 - Cannot read IP mode file for STMicroelectronics.X-CUBE-SFXS2LP1.4.0.0
2024-12-18 07:48:09,734 [WARN] PackLoader:240 - Cannot read IP mode file for STMicroelectronics.X-CUBE-ISPU.1.1.0
2024-12-18 07:48:09,750 [INFO] WebApp:192 - Starting web application
2024-12-18 07:48:09,751 [INFO] WebApp:544 - Web application path used C:\ST\STM32CubeIDE_1.13.2\STM32CubeIDE\plugins\com.st.stm32cube.common.mx_6.11.1.202404110753\db\plugins\mcufinder\reactClient1\index.html
2024-12-18 07:48:09,770 [WARN] PackLoader:240 - Cannot read IP mode file for STMicroelectronics.X-CUBE-AZRTOS-H7.3.3.0
2024-12-18 07:48:09,791 [WARN] PackLoader:240 - Cannot read IP mode file for STMicroelectronics.X-CUBE-IPS.3.0.0
2024-12-18 07:48:09,829 [WARN] ConditionMgr:438 - getConditionDescription Invalid condition id : UX DEVICE CLASS RTOS Condition cause : null
2024-12-18 07:48:09,829 [WARN] ConditionMgr:438 - getConditionDescription Invalid condition id : UX DEVICE CLASS RTOS Condition cause : null
2024-12-18 07:48:09,850 [WARN] PackLoader:240 - Cannot read IP mode file for STMicroelectronics.X-CUBE-AZRTOS-WB.2.0.0
2024-12-18 07:48:09,851 [WARN] ConditionMgr:1039 - genDependencies : Invalid condition id : UX DEVICE CLASS RTOS Condition cause : null
2024-12-18 07:48:09,851 [WARN] ConditionMgr:1039 - genDependencies : Invalid condition id : UX DEVICE CLASS RTOS Condition cause : null
2024-12-18 07:48:09,852 [WARN] ConditionMgr:1039 - genDependencies : Invalid condition id : UX DEVICE CLASS RTOS Condition cause : null
2024-12-18 07:48:09,853 [WARN] ConditionMgr:1039 - genDependencies : Invalid condition id : UX DEVICE CLASS RTOS Condition cause : null
2024-12-18 07:48:09,853 [WARN] ConditionMgr:1039 - genDependencies : Invalid condition id : UX DEVICE CLASS RTOS Condition cause : null
2024-12-18 07:48:09,860 [WARN] PackLoader:240 - Cannot read IP mode file for STMicroelectronics.X-CUBE-GNSS1.7.0.0
2024-12-18 07:48:09,870 [WARN] PackLoader:240 - Cannot read IP mode file for STMicroelectronics.FP-SNS-STBOX1.2.0.0
2024-12-18 07:48:09,889 [WARN] PackLoader:240 - Cannot read IP mode file for STMicroelectronics.X-CUBE-SUBG2.5.0.0
2024-12-18 07:48:09,912 [WARN] PackLoader:240 - Cannot read IP mode file for STMicroelectronics.X-CUBE-TOF1.3.3.1
2024-12-18 07:48:09,982 [WARN] PackLoader:240 - Cannot read IP mode file for STMicroelectronics.X-CUBE-AZRTOS-G4.2.0.0
2024-12-18 07:48:10,006 [WARN] PackLoader:240 - Cannot read IP mode file for Infineon.AIROC-Wi-Fi-Bluetooth-STM32.1.5.1
2024-12-18 07:48:10,016 [WARN] PackLoader:240 - Cannot read IP mode file for STMicroelectronics.FP-SNS-MOTENVWB1.1.3.0
2024-12-18 07:48:10,022 [WARN] PackLoader:240 - Cannot read IP mode file for STMicroelectronics.FP-SNS-MOTENVWB1.1.3.1
2024-12-18 07:48:10,029 [WARN] PackLoader:240 - Cannot read IP mode file for STMicroelectronics.X-CUBE-ISPU.2.0.0
2024-12-18 07:48:10,037 [WARN] PackLoader:240 - Cannot read IP mode file for STMicroelectronics.X-CUBE-ALS.1.0.2
2024-12-18 07:48:10,134 [WARN] PackLoader:240 - Cannot read IP mode file for STMicroelectronics.X-CUBE-MEMS1.10.0.0
2024-12-18 07:48:10,400 [WARN] PackLoader:240 - Cannot read IP mode file for STMicroelectronics.X-CUBE-FREERTOS.1.1.0
2024-12-18 07:48:10,404 [WARN] PackLoader:240 - Cannot read IP mode file for STMicroelectronics.X-CUBE-TOUCHGFX.4.24.0
2024-12-18 07:48:10,409 [WARN] PackLoader:240 - Cannot read IP mode file for STMicroelectronics.X-CUBE-TOUCHGFX.4.24.1
2024-12-18 07:48:10,417 [WARN] PackLoader:240 - Cannot read IP mode file for portGmbH.I-Cube-SoM-uGOAL.1.1.0
2024-12-18 07:48:10,422 [WARN] PackLoader:240 - Cannot read IP mode file for STMicroelectronics.X-CUBE-ALS.1.0.1
2024-12-18 07:48:10,451 [WARN] PackLoader:240 - Cannot read IP mode file for STMicroelectronics.X-CUBE-AZRTOS-H7RS.1.0.0
2024-12-18 07:48:10,466 [WARN] PackLoader:240 - Cannot read IP mode file for STMicroelectronics.FP-ATR-ASTRA1.2.0.0
2024-12-18 07:48:10,481 [WARN] PackLoader:240 - Cannot read IP mode file for STMicroelectronics.X-CUBE-TOF1.3.4.2
2024-12-18 07:48:10,517 [WARN] PackLoader:240 - Cannot read IP mode file for STMicroelectronics.X-CUBE-TOF1.3.4.0
2024-12-18 07:48:10,558 [WARN] PackLoader:240 - Cannot read IP mode file for STMicroelectronics.X-CUBE-TOF1.3.4.1
2024-12-18 07:48:10,611 [WARN] PackLoader:240 - Cannot read IP mode file for STMicroelectronics.X-CUBE-AZRTOS-H7.3.2.0
2024-12-18 07:48:10,623 [WARN] PackLoader:240 - Cannot read IP mode file for wolfSSL.I-CUBE-wolfSSH.1.4.17
2024-12-18 07:48:10,624 [INFO] ThirdParty:978 - Integrity check success = true
2024-12-18 07:48:10,625 [INFO] IntegrityCheckThread:100 - exiting critical section [integrity check]
2024-12-18 07:48:10,625 [INFO] IntegrityCheckThread:103 - End integrity checks thread
