2024-12-09 01:59:31,818 [ERROR] LogOutputStream:75 - [STDERR_REDIRECT] 
2024-12-09 07:20:29,001 [INFO] Activator:176 - 


2024-12-09 07:20:29,004 [INFO] Activator:177 - !SESSION log4j initialized
2024-12-09 07:20:39,033 [INFO] LogOutputStream:77 - [STDOUT_REDIRECT] 
2024-12-09 07:20:45,906 [INFO] ApplicationProperties:184 - Using Application install path: C:\ST\STM32CubeIDE_1.13.2\STM32CubeIDE\plugins\com.st.stm32cube.common.mx_6.11.1.202404110753
2024-12-09 07:20:45,927 [INFO] DbMcusXml:78 - Set database path to: C:\ST\STM32CubeIDE_1.13.2\STM32CubeIDE\plugins\com.st.stm32cube.common.mx_6.11.1.202404110753\\db\/mcu/
2024-12-09 07:20:45,928 [INFO] ApiDb:274 - Set plugin database path to: C:\ST\STM32CubeIDE_1.13.2\STM32CubeIDE\plugins\com.st.stm32cube.common.mx_6.11.1.202404110753\\db\/plugins/boardmanager/
2024-12-09 07:20:45,928 [WARN] ApiDb:259 - Overriding images path with different value:  => C:\ST\STM32CubeIDE_1.13.2\STM32CubeIDE\plugins\com.st.stm32cube.common.mx_6.11.1.202404110753\\db\/plugins/mcufinder/images/
2024-12-09 07:20:45,944 [INFO] ApiDb:250 - Set database path to: C:\Users\Mr.hDung\.stmcufinder\plugins\mcufinder//mcu/
2024-12-09 07:20:45,946 [INFO] DbMcusAds:125 - Set database path to: C:\Users\Mr.hDung\.stmcufinder\plugins\mcufinder//mcu/
2024-12-09 07:20:45,949 [INFO] CrossReferenceDbSqlite:203 - Set database path to: C:\Users\Mr.hDung\.stmcufinder\plugins\mcufinder//mcu/cs/
2024-12-09 07:20:46,153 [INFO] RulesReader:64 - Compatibility file has been processed (297 Rules)
2024-12-09 07:20:46,299 [INFO] DbMcusXml:78 - Set database path to: C:\ST\STM32CubeIDE_1.13.2\STM32CubeIDE\plugins\com.st.stm32cube.common.mx_6.11.1.202404110753\\db\/mcu/
2024-12-09 07:20:46,299 [INFO] ApiDb:274 - Set plugin database path to: C:\ST\STM32CubeIDE_1.13.2\STM32CubeIDE\plugins\com.st.stm32cube.common.mx_6.11.1.202404110753\\db\/plugins/boardmanager/
2024-12-09 07:20:46,300 [INFO] ApiDb:261 - Set plugin images path to: C:\ST\STM32CubeIDE_1.13.2\STM32CubeIDE\plugins\com.st.stm32cube.common.mx_6.11.1.202404110753\\db\/plugins/mcufinder/images/
2024-12-09 07:20:46,300 [WARN] DbFile:41 - Overriding database path with different value: C:\Users\Mr.hDung\.stmcufinder\plugins\mcufinder/ => C:\Users\Mr.hDung\.stmcufinder\plugins\mcufinder
2024-12-09 07:20:46,300 [INFO] ApiDb:250 - Set database path to: C:\Users\Mr.hDung\.stmcufinder\plugins\mcufinder//mcu/
2024-12-09 07:20:46,300 [WARN] DbFile:41 - Overriding database path with different value: C:\Users\Mr.hDung\.stmcufinder\plugins\mcufinder/ => C:\Users\Mr.hDung\.stmcufinder\plugins\mcufinder
2024-12-09 07:20:46,301 [INFO] DbMcusAds:125 - Set database path to: C:\Users\Mr.hDung\.stmcufinder\plugins\mcufinder//mcu/
2024-12-09 07:20:46,301 [WARN] DbFile:41 - Overriding database path with different value: C:\Users\Mr.hDung\.stmcufinder\plugins\mcufinder/ => C:\Users\Mr.hDung\.stmcufinder\plugins\mcufinder
2024-12-09 07:20:46,301 [WARN] DbFile:41 - Overriding database path with different value: C:\Users\Mr.hDung\.stmcufinder\plugins\mcufinder/ => C:\Users\Mr.hDung\.stmcufinder\plugins\mcufinder
2024-12-09 07:20:46,301 [INFO] CrossReferenceDbSqlite:203 - Set database path to: C:\Users\Mr.hDung\.stmcufinder\plugins\mcufinder//mcu/cs/
2024-12-09 07:20:46,444 [INFO] MainPanel:264 - HeapMemory: 268435456
2024-12-09 07:20:46,771 [INFO] DbMcusXml:78 - Set database path to: C:\ST\STM32CubeIDE_1.13.2\STM32CubeIDE\plugins\com.st.stm32cube.common.mx_6.11.1.202404110753\\db\/mcu/
2024-12-09 07:20:46,771 [INFO] ApiDb:274 - Set plugin database path to: C:\ST\STM32CubeIDE_1.13.2\STM32CubeIDE\plugins\com.st.stm32cube.common.mx_6.11.1.202404110753\\db\/plugins/boardmanager/
2024-12-09 07:20:46,771 [INFO] ApiDb:261 - Set plugin images path to: C:\ST\STM32CubeIDE_1.13.2\STM32CubeIDE\plugins\com.st.stm32cube.common.mx_6.11.1.202404110753\\db\/plugins/mcufinder/images/
2024-12-09 07:20:46,772 [WARN] DbFile:41 - Overriding database path with different value: C:\Users\Mr.hDung\.stmcufinder\plugins\mcufinder/ => C:\Users\Mr.hDung\.stmcufinder\plugins\mcufinder
2024-12-09 07:20:46,772 [INFO] ApiDb:250 - Set database path to: C:\Users\Mr.hDung\.stmcufinder\plugins\mcufinder//mcu/
2024-12-09 07:20:46,772 [WARN] DbFile:41 - Overriding database path with different value: C:\Users\Mr.hDung\.stmcufinder\plugins\mcufinder/ => C:\Users\Mr.hDung\.stmcufinder\plugins\mcufinder
2024-12-09 07:20:46,772 [INFO] DbMcusAds:125 - Set database path to: C:\Users\Mr.hDung\.stmcufinder\plugins\mcufinder//mcu/
2024-12-09 07:20:46,772 [WARN] DbFile:41 - Overriding database path with different value: C:\Users\Mr.hDung\.stmcufinder\plugins\mcufinder/ => C:\Users\Mr.hDung\.stmcufinder\plugins\mcufinder
2024-12-09 07:20:46,773 [WARN] DbFile:41 - Overriding database path with different value: C:\Users\Mr.hDung\.stmcufinder\plugins\mcufinder/ => C:\Users\Mr.hDung\.stmcufinder\plugins\mcufinder
2024-12-09 07:20:46,773 [INFO] CrossReferenceDbSqlite:203 - Set database path to: C:\Users\Mr.hDung\.stmcufinder\plugins\mcufinder//mcu/cs/
2024-12-09 07:20:46,825 [INFO] ApplicationProperties:184 - Using Application install path: C:\ST\STM32CubeIDE_1.13.2\STM32CubeIDE\plugins\com.st.stm32cube.common.mx_6.11.1.202404110753
2024-12-09 07:20:46,840 [INFO] PluginManage:196 - Search for loadable plugins [exclusion list=, ]
2024-12-09 07:20:46,842 [INFO] PluginManage:310 - Check plugin analytics
2024-12-09 07:20:51,687 [INFO] AnalyticsPlugin:253 - Accepted Software Licenses: 
2024-12-09 07:20:51,688 [INFO] AnalyticsPlugin:255 - Accepted CMSIS Pack Licenses: 
2024-12-09 07:20:51,688 [INFO] AnalyticsPlugin:257 - Accepted Firmware Licenses: 
2024-12-09 07:20:51,695 [INFO] PluginManage:359 - Loaded plugin analytics (category:tool,tabindex:-1)
2024-12-09 07:20:51,695 [INFO] PluginManage:310 - Check plugin cadmodel
2024-12-09 07:20:51,891 [INFO] CADModel:105 - Init CAD model plugin
2024-12-09 07:20:51,892 [INFO] PluginManage:359 - Loaded plugin cadmodel (category:power,tabindex:5)
2024-12-09 07:20:51,892 [INFO] PluginManage:310 - Check plugin clock
2024-12-09 07:20:51,934 [INFO] PluginManage:359 - Loaded plugin clock (category:base,tabindex:2)
2024-12-09 07:20:51,934 [INFO] PluginManage:310 - Check plugin ddr
2024-12-09 07:20:51,938 [INFO] PluginManage:359 - Loaded plugin ddr (category:tool,tabindex:6)
2024-12-09 07:20:51,938 [INFO] PluginManage:310 - Check plugin filemanager
2024-12-09 07:20:52,185 [INFO] PluginManage:359 - Loaded plugin filemanager (category:base,tabindex:10)
2024-12-09 07:20:52,186 [INFO] PluginManage:310 - Check plugin ipmanager
2024-12-09 07:20:52,202 [INFO] PluginManage:359 - Loaded plugin ipmanager (category:base,tabindex:5)
2024-12-09 07:20:52,202 [INFO] PluginManage:310 - Check plugin lpbam
2024-12-09 07:20:52,247 [INFO] PluginManage:359 - Loaded plugin lpbam (category:base,tabindex:0)
2024-12-09 07:20:52,247 [INFO] PluginManage:310 - Check plugin memorymap
2024-12-09 07:20:52,295 [INFO] PluginManage:359 - Loaded plugin memorymap (category:base,tabindex:4)
2024-12-09 07:20:52,295 [INFO] PluginManage:310 - Check plugin pinoutandconfiguration
2024-12-09 07:20:52,320 [INFO] PluginManage:359 - Loaded plugin pinoutandconfiguration (category:base,tabindex:1)
2024-12-09 07:20:52,320 [INFO] PluginManage:310 - Check plugin pinoutconfig
2024-12-09 07:20:52,461 [WARN] SupportedApi:132 - Cannot load RTOS API schema: s4s-elt-must-match.1: The content of 'definitions' must match (annotation?, (simpleType | complexType)?, (unique | key | keyref)*)). A problem was found starting at: attribute.
2024-12-09 07:20:52,648 [INFO] PluginManage:359 - Loaded plugin pinoutconfig (category:base,tabindex:0)
2024-12-09 07:20:52,648 [INFO] PluginManage:310 - Check plugin power
2024-12-09 07:20:52,694 [INFO] PluginManage:359 - Loaded plugin power (category:power,tabindex:4)
2024-12-09 07:20:52,694 [INFO] PluginManage:310 - Check plugin projectmanager
2024-12-09 07:20:52,737 [INFO] PluginManage:359 - Loaded plugin projectmanager (category:projectmanager,tabindex:3)
2024-12-09 07:20:52,738 [INFO] PluginManage:310 - Check plugin thirdparty
2024-12-09 07:20:53,265 [INFO] PluginManage:359 - Loaded plugin thirdparty (category:base,tabindex:-1)
2024-12-09 07:20:53,266 [INFO] PluginManage:310 - Check plugin tools
2024-12-09 07:20:53,265 [WARN] IntegrityCheckThread:84 - waiting for thirdparty lock release [integrity check]
2024-12-09 07:20:53,267 [INFO] IntegrityCheckThread:86 - entering critical section [integrity check]
2024-12-09 07:20:53,267 [INFO] ThirdPartyUpdaterWithRetryManager:70 - Updater plugin not ready yet. [1/15]
2024-12-09 07:20:53,341 [INFO] PluginManage:359 - Loaded plugin tools (category:base,tabindex:7)
2024-12-09 07:20:53,341 [INFO] PluginManage:310 - Check plugin tutovideos
2024-12-09 07:20:53,605 [INFO] PluginManage:359 - Loaded plugin tutovideos (category:base,tabindex:-1)
2024-12-09 07:20:53,605 [INFO] PluginManage:310 - Check plugin updater
2024-12-09 07:20:53,621 [INFO] PluginManage:359 - Loaded plugin updater (category:base,tabindex:12)
2024-12-09 07:20:53,622 [INFO] PluginManage:310 - Check plugin userauth
2024-12-09 07:20:53,629 [INFO] UserAuth:114 - Init User Auth plugin
2024-12-09 07:20:53,629 [INFO] PluginManage:359 - Loaded plugin userauth (category:base,tabindex:14)
2024-12-09 07:20:53,630 [INFO] PluginManage:283 - PluginManage : Loaded plugins [17]
2024-12-09 07:20:53,984 [INFO] PinOutPanel:1561 - setPackage(No Configuration,No Configuration)
2024-12-09 07:20:54,100 [INFO] CADModel:165 - CPN selected for project level
2024-12-09 07:20:54,100 [INFO] CADModel:114 - Register for checkConnection events
2024-12-09 07:20:54,150 [INFO] IPUIPlugin:80 - create IPUIPlugin
2024-12-09 07:20:54,150 [INFO] PluginManager:220 - loadIPPluginJar : add adc
2024-12-09 07:20:54,209 [INFO] IPUIPlugin:80 - create IPUIPlugin
2024-12-09 07:20:54,210 [INFO] PluginManager:220 - loadIPPluginJar : add aes
2024-12-09 07:20:54,298 [INFO] IPUIPlugin:80 - create IPUIPlugin
2024-12-09 07:20:54,299 [INFO] PluginManager:220 - loadIPPluginJar : add can
2024-12-09 07:20:54,354 [INFO] IPUIPlugin:80 - create IPUIPlugin
2024-12-09 07:20:54,355 [INFO] PluginManager:220 - loadIPPluginJar : add comp
2024-12-09 07:20:54,420 [INFO] IPUIPlugin:80 - create IPUIPlugin
2024-12-09 07:20:54,420 [INFO] PluginManager:220 - loadIPPluginJar : add cryp
2024-12-09 07:20:54,480 [INFO] IPUIPlugin:80 - create IPUIPlugin
2024-12-09 07:20:54,480 [INFO] PluginManager:220 - loadIPPluginJar : add dfsdm
2024-12-09 07:20:54,506 [INFO] IPUIPlugin:80 - create IPUIPlugin
2024-12-09 07:20:54,506 [INFO] PluginManager:220 - loadIPPluginJar : add dma
2024-12-09 07:20:54,571 [INFO] IPUIPlugin:80 - create IPUIPlugin
2024-12-09 07:20:54,571 [INFO] PluginManager:220 - loadIPPluginJar : add dma3
2024-12-09 07:20:54,657 [INFO] IPUIPlugin:80 - create IPUIPlugin
2024-12-09 07:20:54,657 [INFO] PluginManager:220 - loadIPPluginJar : add extmemmanager
2024-12-09 07:20:54,768 [INFO] IPUIPlugin:80 - create IPUIPlugin
2024-12-09 07:20:54,768 [INFO] PluginManager:220 - loadIPPluginJar : add fatfs
2024-12-09 07:20:54,909 [INFO] IPUIPlugin:80 - create IPUIPlugin
2024-12-09 07:20:54,909 [INFO] PluginManager:220 - loadIPPluginJar : add fmc
2024-12-09 07:20:54,935 [INFO] IPUIPlugin:80 - create IPUIPlugin
2024-12-09 07:20:54,936 [INFO] PluginManager:220 - loadIPPluginJar : add freertos
2024-12-09 07:20:54,986 [INFO] IPUIPlugin:80 - create IPUIPlugin
2024-12-09 07:20:54,986 [INFO] PluginManager:220 - loadIPPluginJar : add genericplugin
2024-12-09 07:20:55,281 [INFO] IPUIPlugin:80 - create IPUIPlugin
2024-12-09 07:20:55,281 [INFO] PluginManager:220 - loadIPPluginJar : add gfxmmu
2024-12-09 07:20:55,591 [INFO] IPUIPlugin:80 - create IPUIPlugin
2024-12-09 07:20:55,591 [INFO] PluginManager:220 - loadIPPluginJar : add gic
2024-12-09 07:20:55,612 [INFO] IPUIPlugin:80 - create IPUIPlugin
2024-12-09 07:20:55,612 [INFO] PluginManager:220 - loadIPPluginJar : add gpio
2024-12-09 07:20:55,766 [INFO] IPUIPlugin:80 - create IPUIPlugin
2024-12-09 07:20:55,766 [INFO] PluginManager:220 - loadIPPluginJar : add gtzc
2024-12-09 07:20:55,819 [INFO] IPUIPlugin:80 - create IPUIPlugin
2024-12-09 07:20:55,819 [INFO] PluginManager:220 - loadIPPluginJar : add hash
2024-12-09 07:20:55,907 [INFO] IPUIPlugin:80 - create IPUIPlugin
2024-12-09 07:20:55,907 [INFO] PluginManager:220 - loadIPPluginJar : add i2c
2024-12-09 07:20:55,966 [INFO] IPUIPlugin:80 - create IPUIPlugin
2024-12-09 07:20:55,966 [INFO] PluginManager:220 - loadIPPluginJar : add i2s
2024-12-09 07:20:56,030 [INFO] IPUIPlugin:80 - create IPUIPlugin
2024-12-09 07:20:56,030 [INFO] PluginManager:220 - loadIPPluginJar : add i3c
2024-12-09 07:20:56,184 [INFO] IPUIPlugin:80 - create IPUIPlugin
2024-12-09 07:20:56,185 [INFO] PluginManager:220 - loadIPPluginJar : add ipddr
2024-12-09 07:20:56,268 [INFO] ThirdPartyUpdaterWithRetryManager:70 - Updater plugin not ready yet. [2/15]
2024-12-09 07:20:56,331 [INFO] IPUIPlugin:80 - create IPUIPlugin
2024-12-09 07:20:56,332 [INFO] PluginManager:220 - loadIPPluginJar : add linkedlist
2024-12-09 07:20:56,403 [INFO] IPUIPlugin:80 - create IPUIPlugin
2024-12-09 07:20:56,403 [INFO] PluginManager:220 - loadIPPluginJar : add lorawan
2024-12-09 07:20:56,505 [INFO] IPUIPlugin:80 - create IPUIPlugin
2024-12-09 07:20:56,506 [INFO] PluginManager:220 - loadIPPluginJar : add ltdc
2024-12-09 07:20:56,538 [INFO] IPUIPlugin:80 - create IPUIPlugin
2024-12-09 07:20:56,538 [INFO] PluginManager:220 - loadIPPluginJar : add mdma
2024-12-09 07:20:56,562 [INFO] IPUIPlugin:80 - create IPUIPlugin
2024-12-09 07:20:56,562 [INFO] PluginManager:220 - loadIPPluginJar : add nvic
2024-12-09 07:20:56,627 [INFO] IPUIPlugin:80 - create IPUIPlugin
2024-12-09 07:20:56,627 [INFO] PluginManager:220 - loadIPPluginJar : add opamp
2024-12-09 07:20:56,736 [INFO] IPUIPlugin:80 - create IPUIPlugin
2024-12-09 07:20:56,736 [INFO] PluginManager:220 - loadIPPluginJar : add openamp
2024-12-09 07:20:56,806 [INFO] IPUIPlugin:80 - create IPUIPlugin
2024-12-09 07:20:56,806 [INFO] PluginManager:220 - loadIPPluginJar : add pdm2pcm
2024-12-09 07:20:56,829 [INFO] IPUIPlugin:80 - create IPUIPlugin
2024-12-09 07:20:56,832 [INFO] PluginManager:220 - loadIPPluginJar : add plateformsettings
2024-12-09 07:20:56,869 [INFO] IPUIPlugin:80 - create IPUIPlugin
2024-12-09 07:20:56,869 [INFO] PluginManager:220 - loadIPPluginJar : add quadspi
2024-12-09 07:20:56,891 [INFO] IPUIPlugin:80 - create IPUIPlugin
2024-12-09 07:20:56,891 [INFO] PluginManager:220 - loadIPPluginJar : add resmgrutility
2024-12-09 07:20:56,972 [INFO] IPUIPlugin:80 - create IPUIPlugin
2024-12-09 07:20:56,972 [INFO] PluginManager:220 - loadIPPluginJar : add sai
2024-12-09 07:20:57,036 [INFO] IPUIPlugin:80 - create IPUIPlugin
2024-12-09 07:20:57,036 [INFO] PluginManager:220 - loadIPPluginJar : add spi
2024-12-09 07:20:57,194 [INFO] IPUIPlugin:80 - create IPUIPlugin
2024-12-09 07:20:57,195 [INFO] PluginManager:220 - loadIPPluginJar : add stm32_wpan
2024-12-09 07:20:57,240 [INFO] IPUIPlugin:80 - create IPUIPlugin
2024-12-09 07:20:57,240 [INFO] PluginManager:220 - loadIPPluginJar : add tim
2024-12-09 07:20:57,356 [INFO] IPUIPlugin:80 - create IPUIPlugin
2024-12-09 07:20:57,356 [INFO] PluginManager:220 - loadIPPluginJar : add touchsensing
2024-12-09 07:20:57,394 [INFO] IPUIPlugin:80 - create IPUIPlugin
2024-12-09 07:20:57,394 [INFO] PluginManager:220 - loadIPPluginJar : add tracer_emb
2024-12-09 07:20:57,435 [INFO] IPUIPlugin:80 - create IPUIPlugin
2024-12-09 07:20:57,435 [INFO] PluginManager:220 - loadIPPluginJar : add ts
2024-12-09 07:20:57,474 [INFO] IPUIPlugin:80 - create IPUIPlugin
2024-12-09 07:20:57,474 [INFO] PluginManager:220 - loadIPPluginJar : add tsc
2024-12-09 07:20:57,511 [INFO] IPUIPlugin:80 - create IPUIPlugin
2024-12-09 07:20:57,511 [INFO] PluginManager:220 - loadIPPluginJar : add ucpd
2024-12-09 07:20:57,580 [INFO] IPUIPlugin:80 - create IPUIPlugin
2024-12-09 07:20:57,580 [INFO] PluginManager:220 - loadIPPluginJar : add usart
2024-12-09 07:20:57,650 [INFO] IPUIPlugin:80 - create IPUIPlugin
2024-12-09 07:20:57,650 [INFO] PluginManager:220 - loadIPPluginJar : add usbx
2024-12-09 07:20:57,815 [INFO] CADModel:165 - CPN selected for project level
2024-12-09 07:20:57,815 [INFO] CADModel:114 - Register for checkConnection events
2024-12-09 07:20:57,815 [FATAL] Updater:308 - Updater called before beeing initialized
2024-12-09 07:20:57,815 [ERROR] CADModel:125 - Updater not yet initialized, retry later 
2024-12-09 07:20:58,005 [INFO] CADModel:165 - CPN selected for project level
2024-12-09 07:20:58,006 [INFO] CADModel:114 - Register for checkConnection events
2024-12-09 07:20:58,006 [FATAL] Updater:308 - Updater called before beeing initialized
2024-12-09 07:20:58,006 [ERROR] CADModel:125 - Updater not yet initialized, retry later 
2024-12-09 07:20:58,009 [FATAL] Updater:308 - Updater called before beeing initialized
2024-12-09 07:20:58,191 [FATAL] Updater:308 - Updater called before beeing initialized
2024-12-09 07:20:58,213 [INFO] DbMcusAds:53 - JSON generation date=Fri Sep 20 20:04:23 ICT 2024 (1726837463113)
2024-12-09 07:20:58,213 [FATAL] Updater:308 - Updater called before beeing initialized
2024-12-09 07:20:58,340 [WARN] DetailPanel:346 - Failed to get advertising image, set to default
2024-12-09 07:20:58,463 [FATAL] Updater:308 - Updater called before beeing initialized
2024-12-09 07:20:58,467 [FATAL] Updater:308 - Updater called before beeing initialized
2024-12-09 07:20:58,468 [FATAL] Updater:308 - Updater called before beeing initialized
2024-12-09 07:20:58,468 [WARN] DetailPanel:346 - Failed to get advertising image, set to default
2024-12-09 07:20:58,469 [FATAL] Updater:308 - Updater called before beeing initialized
2024-12-09 07:20:58,587 [ERROR] Updater:1120 - MainUpdater not yet initialized. External WinMGr cannot be set.
2024-12-09 07:20:58,613 [INFO] Updater:1056 - Updater Version found : 6.11.1
2024-12-09 07:20:58,643 [INFO] ApplicationProperties:184 - Using Application install path: C:\ST\STM32CubeIDE_1.13.2\STM32CubeIDE\plugins\com.st.stm32cube.common.mx_6.11.1.202404110753
2024-12-09 07:20:59,270 [INFO] ThirdPartyUpdaterWithRetryManager:70 - Updater plugin not ready yet. [3/15]
2024-12-09 07:20:59,315 [INFO] MainUpdater:2873 - connection check result : 10
2024-12-09 07:20:59,316 [INFO] MainUpdater:290 - Updater Check For Update Now.
2024-12-09 07:20:59,317 [INFO] MicroXplorer:498 - Change Database Version : DB.6.0.111
2024-12-09 07:20:59,343 [INFO] McuFinderGlobals:63 - Set McuFinder mode to 2 (CubeIDE integrated)
2024-12-09 07:20:59,367 [INFO] UserAuth:415 - Internet connection configuration mode: 1
2024-12-09 07:20:59,411 [INFO] JxBrowserEngine:152 - Initiate JxBrowser Engine with user profile folder
2024-12-09 07:20:59,899 [INFO] CheckServerUpdateThread:120 - End of CheckServer Thread
2024-12-09 07:21:02,712 [WARN] PackLoader:240 - Cannot read IP mode file for STMicroelectronics.FP-SNS-MOTENVWB1.1.4.0
2024-12-09 07:21:02,743 [WARN] PackLoader:240 - Cannot read IP mode file for STMicroelectronics.FP-ATR-ASTRA1.2.0.1
2024-12-09 07:21:02,798 [WARN] PackLoader:240 - Cannot read IP mode file for STMicroelectronics.X-CUBE-SMBUS.2.1.0
2024-12-09 07:21:02,836 [WARN] PackLoader:240 - Cannot read IP mode file for STMicroelectronics.X-CUBE-WB05N.1.1.0
2024-12-09 07:21:02,868 [WARN] PackLoader:240 - Cannot read IP mode file for STMicroelectronics.X-CUBE-TOUCHGFX.4.23.1
2024-12-09 07:21:02,893 [WARN] PackLoader:240 - Cannot read IP mode file for STMicroelectronics.X-CUBE-TOUCHGFX.4.23.0
2024-12-09 07:21:02,916 [WARN] PackLoader:240 - Cannot read IP mode file for STMicroelectronics.X-CUBE-TOUCHGFX.4.23.2
2024-12-09 07:21:02,997 [WARN] PackLoader:240 - Cannot read IP mode file for STMicroelectronics.X-CUBE-AZRTOS-F7.1.1.0
2024-12-09 07:21:03,080 [WARN] PackLoader:240 - Cannot read IP mode file for STMicroelectronics.FP-SNS-MOTENV1.4.3.2
2024-12-09 07:21:03,274 [WARN] PackLoader:240 - Cannot read IP mode file for STMicroelectronics.X-CUBE-MEMS1.11.0.0
2024-12-09 07:21:03,615 [WARN] PackLoader:240 - Cannot read IP mode file for STMicroelectronics.FP-SNS-FLIGHT1.5.0.2
2024-12-09 07:21:03,649 [WARN] PackLoader:240 - Cannot read IP mode file for STMicroelectronics.X-CUBE-DISPLAY.3.0.0
2024-12-09 07:21:03,722 [WARN] PackLoader:240 - Cannot read IP mode file for STMicroelectronics.X-CUBE-BLE1.7.0.0
2024-12-09 07:21:03,749 [WARN] PackLoader:240 - Cannot read IP mode file for STMicroelectronics.X-CUBE-NFC10.1.0.0
2024-12-09 07:21:03,784 [WARN] PackLoader:240 - Cannot read IP mode file for STMicroelectronics.X-CUBE-BLEMGR.4.0.0
2024-12-09 07:21:03,821 [WARN] PackLoader:240 - Cannot read IP mode file for emotas.I-CUBE-CANOPEN.1.3.0
2024-12-09 07:21:03,847 [WARN] PackLoader:240 - Cannot read IP mode file for STMicroelectronics.X-CUBE-TOUCHGFX.4.22.1
2024-12-09 07:21:03,878 [WARN] PackLoader:240 - Cannot read IP mode file for STMicroelectronics.X-CUBE-BLEMGR.3.1.0
2024-12-09 07:21:03,916 [INFO] LogOutputStream:77 - [STDOUT_REDIRECT] 1 : Invalid condition id : UX_CORESTACK_Condition cause : null
2024-12-09 07:21:03,916 [INFO] LogOutputStream:77 - [STDOUT_REDIRECT] 1 : Invalid condition id : UX_CORESTACK_Condition cause : null
2024-12-09 07:21:03,918 [INFO] LogOutputStream:77 - [STDOUT_REDIRECT] 1 : Invalid condition id : UX_CORESTACK_Condition cause : null
2024-12-09 07:21:03,920 [INFO] LogOutputStream:77 - [STDOUT_REDIRECT] 1 : Invalid condition id : UX_CORESTACK_Condition cause : null
2024-12-09 07:21:03,922 [INFO] LogOutputStream:77 - [STDOUT_REDIRECT] 1 : Invalid condition id : UX_CORESTACK_Condition cause : null
2024-12-09 07:21:03,926 [WARN] PackLoader:240 - Cannot read IP mode file for STMicroelectronics.X-CUBE-AZRTOS-WL.2.0.0
2024-12-09 07:21:03,970 [WARN] PackLoader:240 - Cannot read IP mode file for STMicroelectronics.FP-SNS-MOTENV1.5.0.0
2024-12-09 07:21:03,992 [WARN] PackLoader:240 - Cannot read IP mode file for wolfSSL.I-CUBE-wolfMQTT.1.19.0
2024-12-09 07:21:04,019 [WARN] PackLoader:240 - Cannot read IP mode file for WES.I-CUBE-Cesium.1.3.0
2024-12-09 07:21:04,045 [WARN] PackLoader:240 - Cannot read IP mode file for STMicroelectronics.X-CUBE-BLE2.3.3.0
2024-12-09 07:21:04,073 [WARN] PackLoader:240 - Cannot read IP mode file for STMicroelectronics.X-CUBE-NFC9.1.0.0
2024-12-09 07:21:04,106 [WARN] PackLoader:240 - Cannot read IP mode file for STMicroelectronics.X-CUBE-TCPP.4.1.0
2024-12-09 07:21:04,140 [WARN] PackLoader:240 - Cannot read IP mode file for STMicroelectronics.X-CUBE-ALGOBUILD.1.3.0
2024-12-09 07:21:04,214 [WARN] PackLoader:240 - Cannot read IP mode file for STMicroelectronics.X-CUBE-AZRTOS-G0.1.1.0
2024-12-09 07:21:04,337 [WARN] PackLoader:240 - Cannot read IP mode file for STMicroelectronics.X-CUBE-SAFEA1.1.2.2
2024-12-09 07:21:04,376 [WARN] PackLoader:240 - Cannot read IP mode file for STMicroelectronics.X-CUBE-NFC4.3.0.0
2024-12-09 07:21:04,402 [WARN] PackLoader:240 - Cannot read IP mode file for wolfSSL.I-CUBE-wolfMQTT.1.18.0
2024-12-09 07:21:04,523 [WARN] PackLoader:240 - Cannot read IP mode file for EmbeddedOffice.I-CUBE-FS-RTOS.1.0.1
2024-12-09 07:21:04,524 [ERROR] ConditionMgr:805 - Attr not supported : Dmpu
2024-12-09 07:21:04,524 [ERROR] ConditionMgr:805 - Attr not supported : Dmpu
2024-12-09 07:21:04,524 [ERROR] ConditionMgr:805 - Attr not supported : Dmpu
2024-12-09 07:21:04,524 [ERROR] ConditionMgr:805 - Attr not supported : Dmpu
2024-12-09 07:21:04,524 [ERROR] ConditionMgr:805 - Attr not supported : Dmpu
2024-12-09 07:21:04,525 [ERROR] ConditionMgr:805 - Attr not supported : Dmpu
2024-12-09 07:21:04,525 [ERROR] ConditionMgr:805 - Attr not supported : Dmpu
2024-12-09 07:21:04,525 [ERROR] ConditionMgr:805 - Attr not supported : Dmpu
2024-12-09 07:21:04,525 [ERROR] ConditionMgr:805 - Attr not supported : Dmpu
2024-12-09 07:21:04,525 [ERROR] ConditionMgr:805 - Attr not supported : Dmpu
2024-12-09 07:21:04,525 [ERROR] ConditionMgr:805 - Attr not supported : Dmpu
2024-12-09 07:21:04,525 [ERROR] ConditionMgr:805 - Attr not supported : Dmpu
2024-12-09 07:21:04,525 [ERROR] ConditionMgr:805 - Attr not supported : Dmpu
2024-12-09 07:21:04,525 [ERROR] ConditionMgr:805 - Attr not supported : Dmpu
2024-12-09 07:21:04,526 [ERROR] ConditionMgr:805 - Attr not supported : Dmpu
2024-12-09 07:21:04,526 [ERROR] ConditionMgr:805 - Attr not supported : Dmpu
2024-12-09 07:21:04,526 [ERROR] ConditionMgr:805 - Attr not supported : Dmpu
2024-12-09 07:21:04,526 [ERROR] ConditionMgr:805 - Attr not supported : Dmpu
2024-12-09 07:21:04,526 [ERROR] ConditionMgr:805 - Attr not supported : Dmpu
2024-12-09 07:21:04,526 [ERROR] ConditionMgr:805 - Attr not supported : Dmpu
2024-12-09 07:21:04,526 [ERROR] ConditionMgr:805 - Attr not supported : Dmpu
2024-12-09 07:21:04,526 [ERROR] ConditionMgr:805 - Attr not supported : Dmpu
2024-12-09 07:21:04,526 [ERROR] ConditionMgr:805 - Attr not supported : Dmpu
2024-12-09 07:21:04,526 [ERROR] ConditionMgr:805 - Attr not supported : Dmpu
2024-12-09 07:21:04,526 [ERROR] ConditionMgr:805 - Attr not supported : Dmpu
2024-12-09 07:21:04,527 [ERROR] ConditionMgr:805 - Attr not supported : Dmpu
2024-12-09 07:21:04,527 [ERROR] ConditionMgr:805 - Attr not supported : Dmpu
2024-12-09 07:21:04,527 [ERROR] ConditionMgr:805 - Attr not supported : Dmpu
2024-12-09 07:21:04,527 [ERROR] ConditionMgr:805 - Attr not supported : Dmpu
2024-12-09 07:21:04,527 [ERROR] ConditionMgr:805 - Attr not supported : Dmpu
2024-12-09 07:21:04,527 [ERROR] ConditionMgr:805 - Attr not supported : Dmpu
2024-12-09 07:21:04,527 [ERROR] ConditionMgr:805 - Attr not supported : Dmpu
2024-12-09 07:21:04,527 [ERROR] ConditionMgr:805 - Attr not supported : Dmpu
2024-12-09 07:21:04,527 [ERROR] ConditionMgr:805 - Attr not supported : Dmpu
2024-12-09 07:21:04,527 [ERROR] ConditionMgr:805 - Attr not supported : Dmpu
2024-12-09 07:21:04,528 [ERROR] ConditionMgr:805 - Attr not supported : Dmpu
2024-12-09 07:21:04,528 [ERROR] ConditionMgr:805 - Attr not supported : Dmpu
2024-12-09 07:21:04,528 [ERROR] ConditionMgr:805 - Attr not supported : Dmpu
2024-12-09 07:21:04,528 [ERROR] ConditionMgr:805 - Attr not supported : Dmpu
2024-12-09 07:21:04,528 [ERROR] ConditionMgr:805 - Attr not supported : Dmpu
2024-12-09 07:21:04,528 [ERROR] ConditionMgr:805 - Attr not supported : Dmpu
2024-12-09 07:21:04,528 [ERROR] ConditionMgr:805 - Attr not supported : Dmpu
2024-12-09 07:21:04,528 [ERROR] ConditionMgr:805 - Attr not supported : Dmpu
2024-12-09 07:21:04,528 [ERROR] ConditionMgr:805 - Attr not supported : Dmpu
2024-12-09 07:21:04,529 [ERROR] ConditionMgr:805 - Attr not supported : Dmpu
2024-12-09 07:21:04,529 [ERROR] ConditionMgr:805 - Attr not supported : Dmpu
2024-12-09 07:21:04,529 [ERROR] ConditionMgr:805 - Attr not supported : Dmpu
2024-12-09 07:21:04,529 [ERROR] ConditionMgr:805 - Attr not supported : Dmpu
2024-12-09 07:21:04,529 [ERROR] ConditionMgr:805 - Attr not supported : Dmpu
2024-12-09 07:21:04,529 [ERROR] ConditionMgr:805 - Attr not supported : Dmpu
2024-12-09 07:21:04,529 [ERROR] ConditionMgr:805 - Attr not supported : Dmpu
2024-12-09 07:21:04,529 [ERROR] ConditionMgr:805 - Attr not supported : Dmpu
2024-12-09 07:21:04,529 [ERROR] ConditionMgr:805 - Attr not supported : Dmpu
2024-12-09 07:21:04,529 [ERROR] ConditionMgr:805 - Attr not supported : Dmpu
2024-12-09 07:21:04,530 [ERROR] ConditionMgr:805 - Attr not supported : Dmpu
2024-12-09 07:21:04,530 [ERROR] ConditionMgr:805 - Attr not supported : Dmpu
2024-12-09 07:21:04,530 [ERROR] ConditionMgr:805 - Attr not supported : Dmpu
2024-12-09 07:21:04,530 [ERROR] ConditionMgr:805 - Attr not supported : Dmpu
2024-12-09 07:21:04,530 [ERROR] ConditionMgr:805 - Attr not supported : Dmpu
2024-12-09 07:21:04,530 [ERROR] ConditionMgr:805 - Attr not supported : Dmpu
2024-12-09 07:21:04,530 [ERROR] ConditionMgr:805 - Attr not supported : Dmpu
2024-12-09 07:21:04,530 [ERROR] ConditionMgr:805 - Attr not supported : Dmpu
2024-12-09 07:21:04,530 [ERROR] ConditionMgr:805 - Attr not supported : Dmpu
2024-12-09 07:21:04,531 [ERROR] ConditionMgr:805 - Attr not supported : Dmpu
2024-12-09 07:21:04,559 [WARN] PackLoader:240 - Cannot read IP mode file for STMicroelectronics.X-CUBE-BLEMGR.3.0.0
2024-12-09 07:21:04,586 [WARN] PackLoader:240 - Cannot read IP mode file for RealThread.X-CUBE-RT-Thread_Nano.4.1.1
2024-12-09 07:21:04,609 [WARN] PackLoader:240 - Cannot read IP mode file for STMicroelectronics.FP-ATR-SIGFOX1.3.2.0
2024-12-09 07:21:04,634 [WARN] ConditionMgr:438 - getConditionDescription Invalid condition id : Cortex-A Device cause : null
2024-12-09 07:21:04,698 [WARN] ConditionMgr:1039 - genDependencies : Invalid condition id : Cortex-A Device cause : null
2024-12-09 07:21:04,698 [WARN] ConditionMgr:1039 - genDependencies : Invalid condition id : Cortex-A Device cause : null
2024-12-09 07:21:04,698 [WARN] ConditionMgr:1039 - genDependencies : Invalid condition id : Cortex-A Device cause : null
2024-12-09 07:21:04,756 [WARN] PackLoader:240 - Cannot read IP mode file for STMicroelectronics.X-CUBE-EEPRMA1.5.1.0
2024-12-09 07:21:04,850 [WARN] PackLoader:240 - Cannot read IP mode file for SEGGER.I-CUBE-embOS.1.3.1
2024-12-09 07:21:05,081 [WARN] PackLoader:240 - Cannot read IP mode file for STMicroelectronics.X-CUBE-ALGOBUILD.1.4.0
2024-12-09 07:21:05,105 [WARN] PackLoader:240 - Cannot read IP mode file for STMicroelectronics.X-CUBE-AI.9.1.0
2024-12-09 07:21:05,131 [WARN] PackLoader:240 - Cannot read IP mode file for STMicroelectronics.X-CUBE-GNSS1.6.0.0
2024-12-09 07:21:05,180 [WARN] PackLoader:240 - Cannot read IP mode file for STMicroelectronics.X-CUBE-AZRTOS-F4.1.1.0
2024-12-09 07:21:05,206 [WARN] PackLoader:240 - Cannot read IP mode file for wolfSSL.I-CUBE-wolfSSL.5.6.3
2024-12-09 07:21:05,232 [WARN] PackLoader:240 - Cannot read IP mode file for STMicroelectronics.X-CUBE-ISPU.2.1.0
2024-12-09 07:21:05,339 [WARN] PackLoader:240 - Cannot read IP mode file for STMicroelectronics.X-CUBE-FREERTOS.1.2.0
2024-12-09 07:21:05,430 [WARN] PackLoader:240 - Cannot read IP mode file for STMicroelectronics.X-CUBE-AZRTOS-L5.2.0.0
2024-12-09 07:21:05,466 [WARN] PackLoader:240 - Cannot read IP mode file for STMicroelectronics.X-CUBE-EEPRMA1.4.2.0
2024-12-09 07:21:05,507 [WARN] PackLoader:240 - Cannot read IP mode file for STMicroelectronics.X-CUBE-NFC6.3.1.0
2024-12-09 07:21:05,605 [WARN] PackLoader:240 - Cannot read IP mode file for ITTIA_DB.I-CUBE-ITTIADB.8.8.0
2024-12-09 07:21:05,727 [WARN] PackLoader:240 - Cannot read IP mode file for STMicroelectronics.X-CUBE-BLEMGR.2.0.0
2024-12-09 07:21:05,756 [WARN] PackLoader:240 - Cannot read IP mode file for STMicroelectronics.X-CUBE-DPower.1.2.0
2024-12-09 07:21:05,782 [WARN] PackLoader:240 - Cannot read IP mode file for STMicroelectronics.X-CUBE-AI.9.0.0
2024-12-09 07:21:05,831 [WARN] ConditionMgr:438 - getConditionDescription Invalid condition id : UX DEVICE CLASS RTOS Condition cause : null
2024-12-09 07:21:05,831 [WARN] ConditionMgr:438 - getConditionDescription Invalid condition id : UX DEVICE CLASS RTOS Condition cause : null
2024-12-09 07:21:05,856 [WARN] PackLoader:240 - Cannot read IP mode file for STMicroelectronics.X-CUBE-AZRTOS-H7.3.1.0
2024-12-09 07:21:05,858 [WARN] ConditionMgr:1039 - genDependencies : Invalid condition id : UX DEVICE CLASS RTOS Condition cause : null
2024-12-09 07:21:05,858 [WARN] ConditionMgr:1039 - genDependencies : Invalid condition id : UX DEVICE CLASS RTOS Condition cause : null
2024-12-09 07:21:05,859 [WARN] ConditionMgr:1039 - genDependencies : Invalid condition id : UX DEVICE CLASS RTOS Condition cause : null
2024-12-09 07:21:05,859 [WARN] ConditionMgr:1039 - genDependencies : Invalid condition id : UX DEVICE CLASS RTOS Condition cause : null
2024-12-09 07:21:05,859 [WARN] ConditionMgr:1039 - genDependencies : Invalid condition id : UX DEVICE CLASS RTOS Condition cause : null
2024-12-09 07:21:05,928 [WARN] PackLoader:240 - Cannot read IP mode file for STMicroelectronics.X-CUBE-NFC7.1.0.1
2024-12-09 07:21:05,980 [WARN] PackLoader:240 - Cannot read IP mode file for wolfSSL.I-CUBE-wolfTPM.3.2.0
2024-12-09 07:21:06,007 [WARN] PackLoader:240 - Cannot read IP mode file for STMicroelectronics.X-CUBE-NFC6.3.0.0
2024-12-09 07:21:06,037 [WARN] PackLoader:240 - Cannot read IP mode file for STMicroelectronics.X-CUBE-EEPRMA1.4.1.0
2024-12-09 07:21:06,062 [WARN] PackLoader:240 - Cannot read IP mode file for STMicroelectronics.X-CUBE-AI.8.1.0
2024-12-09 07:21:06,114 [WARN] ConditionMgr:438 - getConditionDescription Invalid condition id : LAN8742 Phy interface Condition cause : null
2024-12-09 07:21:06,115 [WARN] PackLoader:240 - Cannot read IP mode file for STMicroelectronics.X-CUBE-AZRTOS-L4.2.0.0
2024-12-09 07:21:06,117 [WARN] ConditionMgr:1039 - genDependencies : Invalid condition id : LAN8742 Phy interface Condition cause : null
2024-12-09 07:21:06,117 [WARN] ConditionMgr:1039 - genDependencies : Invalid condition id : LAN8742 Phy interface Condition cause : null
2024-12-09 07:21:06,118 [WARN] ConditionMgr:1039 - genDependencies : Invalid condition id : LAN8742 Phy interface Condition cause : null
2024-12-09 07:21:06,153 [WARN] PackLoader:240 - Cannot read IP mode file for STMicroelectronics.X-CUBE-SFXS2LP1.4.0.0
2024-12-09 07:21:06,183 [WARN] PackLoader:240 - Cannot read IP mode file for STMicroelectronics.X-CUBE-ISPU.1.1.0
2024-12-09 07:21:06,279 [WARN] PackLoader:240 - Cannot read IP mode file for STMicroelectronics.X-CUBE-AZRTOS-H7.3.3.0
2024-12-09 07:21:06,322 [WARN] PackLoader:240 - Cannot read IP mode file for STMicroelectronics.X-CUBE-IPS.3.0.0
2024-12-09 07:21:06,374 [WARN] ConditionMgr:438 - getConditionDescription Invalid condition id : UX DEVICE CLASS RTOS Condition cause : null
2024-12-09 07:21:06,374 [WARN] ConditionMgr:438 - getConditionDescription Invalid condition id : UX DEVICE CLASS RTOS Condition cause : null
2024-12-09 07:21:06,379 [WARN] PackLoader:240 - Cannot read IP mode file for STMicroelectronics.X-CUBE-AZRTOS-WB.2.0.0
2024-12-09 07:21:06,379 [WARN] ConditionMgr:1039 - genDependencies : Invalid condition id : UX DEVICE CLASS RTOS Condition cause : null
2024-12-09 07:21:06,380 [WARN] ConditionMgr:1039 - genDependencies : Invalid condition id : UX DEVICE CLASS RTOS Condition cause : null
2024-12-09 07:21:06,381 [WARN] ConditionMgr:1039 - genDependencies : Invalid condition id : UX DEVICE CLASS RTOS Condition cause : null
2024-12-09 07:21:06,381 [WARN] ConditionMgr:1039 - genDependencies : Invalid condition id : UX DEVICE CLASS RTOS Condition cause : null
2024-12-09 07:21:06,381 [WARN] ConditionMgr:1039 - genDependencies : Invalid condition id : UX DEVICE CLASS RTOS Condition cause : null
2024-12-09 07:21:06,408 [WARN] PackLoader:240 - Cannot read IP mode file for STMicroelectronics.X-CUBE-GNSS1.7.0.0
2024-12-09 07:21:06,440 [WARN] PackLoader:240 - Cannot read IP mode file for STMicroelectronics.FP-SNS-STBOX1.2.0.0
2024-12-09 07:21:06,524 [WARN] PackLoader:240 - Cannot read IP mode file for STMicroelectronics.X-CUBE-SUBG2.5.0.0
2024-12-09 07:21:06,572 [WARN] PackLoader:240 - Cannot read IP mode file for STMicroelectronics.X-CUBE-TOF1.3.3.1
2024-12-09 07:21:06,720 [WARN] PackLoader:240 - Cannot read IP mode file for STMicroelectronics.X-CUBE-AZRTOS-G4.2.0.0
2024-12-09 07:21:06,793 [WARN] PackLoader:240 - Cannot read IP mode file for Infineon.AIROC-Wi-Fi-Bluetooth-STM32.1.5.1
2024-12-09 07:21:06,850 [WARN] PackLoader:240 - Cannot read IP mode file for STMicroelectronics.FP-SNS-MOTENVWB1.1.3.0
2024-12-09 07:21:07,018 [WARN] PackLoader:240 - Cannot read IP mode file for STMicroelectronics.FP-SNS-MOTENVWB1.1.3.1
2024-12-09 07:21:07,045 [WARN] PackLoader:240 - Cannot read IP mode file for STMicroelectronics.X-CUBE-ISPU.2.0.0
2024-12-09 07:21:07,105 [WARN] PackLoader:240 - Cannot read IP mode file for STMicroelectronics.X-CUBE-ALS.1.0.2
2024-12-09 07:21:07,239 [WARN] PackLoader:240 - Cannot read IP mode file for STMicroelectronics.X-CUBE-MEMS1.10.0.0
2024-12-09 07:21:07,790 [WARN] PackLoader:240 - Cannot read IP mode file for STMicroelectronics.X-CUBE-FREERTOS.1.1.0
2024-12-09 07:21:07,813 [WARN] PackLoader:240 - Cannot read IP mode file for STMicroelectronics.X-CUBE-TOUCHGFX.4.24.0
2024-12-09 07:21:07,838 [WARN] PackLoader:240 - Cannot read IP mode file for STMicroelectronics.X-CUBE-TOUCHGFX.4.24.1
2024-12-09 07:21:07,875 [WARN] PackLoader:240 - Cannot read IP mode file for portGmbH.I-Cube-SoM-uGOAL.1.1.0
2024-12-09 07:21:07,899 [WARN] PackLoader:240 - Cannot read IP mode file for STMicroelectronics.X-CUBE-ALS.1.0.1
2024-12-09 07:21:07,950 [WARN] PackLoader:240 - Cannot read IP mode file for STMicroelectronics.X-CUBE-AZRTOS-H7RS.1.0.0
2024-12-09 07:21:07,978 [WARN] PackLoader:240 - Cannot read IP mode file for STMicroelectronics.FP-ATR-ASTRA1.2.0.0
2024-12-09 07:21:08,080 [WARN] PackLoader:240 - Cannot read IP mode file for STMicroelectronics.X-CUBE-TOF1.3.4.2
2024-12-09 07:21:08,264 [WARN] PackLoader:240 - Cannot read IP mode file for STMicroelectronics.X-CUBE-TOF1.3.4.0
2024-12-09 07:21:08,315 [WARN] PackLoader:240 - Cannot read IP mode file for STMicroelectronics.X-CUBE-TOF1.3.4.1
2024-12-09 07:21:08,412 [WARN] PackLoader:240 - Cannot read IP mode file for STMicroelectronics.X-CUBE-AZRTOS-H7.3.2.0
2024-12-09 07:21:08,442 [WARN] PackLoader:240 - Cannot read IP mode file for wolfSSL.I-CUBE-wolfSSH.1.4.17
2024-12-09 07:21:08,444 [INFO] ThirdParty:978 - Integrity check success = true
2024-12-09 07:21:08,444 [INFO] IntegrityCheckThread:100 - exiting critical section [integrity check]
2024-12-09 07:21:08,444 [INFO] IntegrityCheckThread:103 - End integrity checks thread
2024-12-09 07:21:14,919 [INFO] WebApp:161 - Instantiating new browser for Auth
2024-12-09 07:21:16,056 [INFO] WebApp:779 - Register for checkConnection events
2024-12-09 07:21:16,056 [INFO] WebApp:414 - Apply proxy settings
2024-12-09 07:21:16,056 [INFO] WebApp:499 - Chromium requires no authentication
2024-12-09 07:21:16,082 [INFO] WebApp:442 - Direct internet connection detected
2024-12-09 07:21:16,415 [INFO] WebApp:192 - Starting web application
2024-12-09 07:21:16,415 [INFO] WebApp:544 - Web application path used C:\ST\STM32CubeIDE_1.13.2\STM32CubeIDE\plugins\com.st.stm32cube.common.mx_6.11.1.202404110753\db\plugins\mcufinder\reactClient1\index.html
2024-12-09 23:56:57,581 [ERROR] LogOutputStream:75 - [STDERR_REDIRECT] 
