2024-12-06 01:31:04,157 [ERROR] LogOutputStream:75 - [STDERR_REDIRECT] 
2024-12-06 07:11:00,854 [INFO] Activator:176 - 


2024-12-06 07:11:00,858 [INFO] Activator:177 - !SESSION log4j initialized
2024-12-06 07:11:11,002 [INFO] LogOutputStream:77 - [STDOUT_REDIRECT] 
2024-12-06 07:11:13,718 [INFO] ApplicationProperties:184 - Using Application install path: C:\ST\STM32CubeIDE_1.13.2\STM32CubeIDE\plugins\com.st.stm32cube.common.mx_6.11.1.202404110753
2024-12-06 07:11:13,739 [INFO] DbMcusXml:78 - Set database path to: C:\ST\STM32CubeIDE_1.13.2\STM32CubeIDE\plugins\com.st.stm32cube.common.mx_6.11.1.202404110753\\db\/mcu/
2024-12-06 07:11:13,739 [INFO] ApiDb:274 - Set plugin database path to: C:\ST\STM32CubeIDE_1.13.2\STM32CubeIDE\plugins\com.st.stm32cube.common.mx_6.11.1.202404110753\\db\/plugins/boardmanager/
2024-12-06 07:11:13,740 [WARN] ApiDb:259 - Overriding images path with different value:  => C:\ST\STM32CubeIDE_1.13.2\STM32CubeIDE\plugins\com.st.stm32cube.common.mx_6.11.1.202404110753\\db\/plugins/mcufinder/images/
2024-12-06 07:11:13,753 [INFO] ApiDb:250 - Set database path to: C:\Users\Mr.hDung\.stmcufinder\plugins\mcufinder//mcu/
2024-12-06 07:11:13,754 [INFO] DbMcusAds:125 - Set database path to: C:\Users\Mr.hDung\.stmcufinder\plugins\mcufinder//mcu/
2024-12-06 07:11:13,756 [INFO] CrossReferenceDbSqlite:203 - Set database path to: C:\Users\Mr.hDung\.stmcufinder\plugins\mcufinder//mcu/cs/
2024-12-06 07:11:13,919 [INFO] RulesReader:64 - Compatibility file has been processed (297 Rules)
2024-12-06 07:11:14,058 [INFO] DbMcusXml:78 - Set database path to: C:\ST\STM32CubeIDE_1.13.2\STM32CubeIDE\plugins\com.st.stm32cube.common.mx_6.11.1.202404110753\\db\/mcu/
2024-12-06 07:11:14,058 [INFO] ApiDb:274 - Set plugin database path to: C:\ST\STM32CubeIDE_1.13.2\STM32CubeIDE\plugins\com.st.stm32cube.common.mx_6.11.1.202404110753\\db\/plugins/boardmanager/
2024-12-06 07:11:14,058 [INFO] ApiDb:261 - Set plugin images path to: C:\ST\STM32CubeIDE_1.13.2\STM32CubeIDE\plugins\com.st.stm32cube.common.mx_6.11.1.202404110753\\db\/plugins/mcufinder/images/
2024-12-06 07:11:14,059 [WARN] DbFile:41 - Overriding database path with different value: C:\Users\Mr.hDung\.stmcufinder\plugins\mcufinder/ => C:\Users\Mr.hDung\.stmcufinder\plugins\mcufinder
2024-12-06 07:11:14,059 [INFO] ApiDb:250 - Set database path to: C:\Users\Mr.hDung\.stmcufinder\plugins\mcufinder//mcu/
2024-12-06 07:11:14,059 [WARN] DbFile:41 - Overriding database path with different value: C:\Users\Mr.hDung\.stmcufinder\plugins\mcufinder/ => C:\Users\Mr.hDung\.stmcufinder\plugins\mcufinder
2024-12-06 07:11:14,059 [INFO] DbMcusAds:125 - Set database path to: C:\Users\Mr.hDung\.stmcufinder\plugins\mcufinder//mcu/
2024-12-06 07:11:14,060 [WARN] DbFile:41 - Overriding database path with different value: C:\Users\Mr.hDung\.stmcufinder\plugins\mcufinder/ => C:\Users\Mr.hDung\.stmcufinder\plugins\mcufinder
2024-12-06 07:11:14,060 [WARN] DbFile:41 - Overriding database path with different value: C:\Users\Mr.hDung\.stmcufinder\plugins\mcufinder/ => C:\Users\Mr.hDung\.stmcufinder\plugins\mcufinder
2024-12-06 07:11:14,060 [INFO] CrossReferenceDbSqlite:203 - Set database path to: C:\Users\Mr.hDung\.stmcufinder\plugins\mcufinder//mcu/cs/
2024-12-06 07:11:14,184 [INFO] MainPanel:264 - HeapMemory: 268435456
2024-12-06 07:11:14,338 [INFO] DbMcusXml:78 - Set database path to: C:\ST\STM32CubeIDE_1.13.2\STM32CubeIDE\plugins\com.st.stm32cube.common.mx_6.11.1.202404110753\\db\/mcu/
2024-12-06 07:11:14,338 [INFO] ApiDb:274 - Set plugin database path to: C:\ST\STM32CubeIDE_1.13.2\STM32CubeIDE\plugins\com.st.stm32cube.common.mx_6.11.1.202404110753\\db\/plugins/boardmanager/
2024-12-06 07:11:14,339 [INFO] ApiDb:261 - Set plugin images path to: C:\ST\STM32CubeIDE_1.13.2\STM32CubeIDE\plugins\com.st.stm32cube.common.mx_6.11.1.202404110753\\db\/plugins/mcufinder/images/
2024-12-06 07:11:14,339 [WARN] DbFile:41 - Overriding database path with different value: C:\Users\Mr.hDung\.stmcufinder\plugins\mcufinder/ => C:\Users\Mr.hDung\.stmcufinder\plugins\mcufinder
2024-12-06 07:11:14,339 [INFO] ApiDb:250 - Set database path to: C:\Users\Mr.hDung\.stmcufinder\plugins\mcufinder//mcu/
2024-12-06 07:11:14,339 [WARN] DbFile:41 - Overriding database path with different value: C:\Users\Mr.hDung\.stmcufinder\plugins\mcufinder/ => C:\Users\Mr.hDung\.stmcufinder\plugins\mcufinder
2024-12-06 07:11:14,340 [INFO] DbMcusAds:125 - Set database path to: C:\Users\Mr.hDung\.stmcufinder\plugins\mcufinder//mcu/
2024-12-06 07:11:14,340 [WARN] DbFile:41 - Overriding database path with different value: C:\Users\Mr.hDung\.stmcufinder\plugins\mcufinder/ => C:\Users\Mr.hDung\.stmcufinder\plugins\mcufinder
2024-12-06 07:11:14,340 [WARN] DbFile:41 - Overriding database path with different value: C:\Users\Mr.hDung\.stmcufinder\plugins\mcufinder/ => C:\Users\Mr.hDung\.stmcufinder\plugins\mcufinder
2024-12-06 07:11:14,340 [INFO] CrossReferenceDbSqlite:203 - Set database path to: C:\Users\Mr.hDung\.stmcufinder\plugins\mcufinder//mcu/cs/
2024-12-06 07:11:14,370 [INFO] ApplicationProperties:184 - Using Application install path: C:\ST\STM32CubeIDE_1.13.2\STM32CubeIDE\plugins\com.st.stm32cube.common.mx_6.11.1.202404110753
2024-12-06 07:11:14,372 [INFO] PluginManage:196 - Search for loadable plugins [exclusion list=, ]
2024-12-06 07:11:14,374 [INFO] PluginManage:310 - Check plugin analytics
2024-12-06 07:11:14,636 [INFO] AnalyticsPlugin:253 - Accepted Software Licenses: 
2024-12-06 07:11:14,637 [INFO] AnalyticsPlugin:255 - Accepted CMSIS Pack Licenses: 
2024-12-06 07:11:14,637 [INFO] AnalyticsPlugin:257 - Accepted Firmware Licenses: 
2024-12-06 07:11:14,642 [INFO] PluginManage:359 - Loaded plugin analytics (category:tool,tabindex:-1)
2024-12-06 07:11:14,643 [INFO] PluginManage:310 - Check plugin cadmodel
2024-12-06 07:11:14,792 [INFO] CADModel:105 - Init CAD model plugin
2024-12-06 07:11:14,792 [INFO] PluginManage:359 - Loaded plugin cadmodel (category:power,tabindex:5)
2024-12-06 07:11:14,792 [INFO] PluginManage:310 - Check plugin clock
2024-12-06 07:11:14,827 [INFO] PluginManage:359 - Loaded plugin clock (category:base,tabindex:2)
2024-12-06 07:11:14,828 [INFO] PluginManage:310 - Check plugin ddr
2024-12-06 07:11:14,834 [INFO] PluginManage:359 - Loaded plugin ddr (category:tool,tabindex:6)
2024-12-06 07:11:14,834 [INFO] PluginManage:310 - Check plugin filemanager
2024-12-06 07:11:15,043 [INFO] PluginManage:359 - Loaded plugin filemanager (category:base,tabindex:10)
2024-12-06 07:11:15,043 [INFO] PluginManage:310 - Check plugin ipmanager
2024-12-06 07:11:15,055 [INFO] PluginManage:359 - Loaded plugin ipmanager (category:base,tabindex:5)
2024-12-06 07:11:15,055 [INFO] PluginManage:310 - Check plugin lpbam
2024-12-06 07:11:15,086 [INFO] PluginManage:359 - Loaded plugin lpbam (category:base,tabindex:0)
2024-12-06 07:11:15,087 [INFO] PluginManage:310 - Check plugin memorymap
2024-12-06 07:11:15,129 [INFO] PluginManage:359 - Loaded plugin memorymap (category:base,tabindex:4)
2024-12-06 07:11:15,130 [INFO] PluginManage:310 - Check plugin pinoutandconfiguration
2024-12-06 07:11:15,167 [INFO] PluginManage:359 - Loaded plugin pinoutandconfiguration (category:base,tabindex:1)
2024-12-06 07:11:15,167 [INFO] PluginManage:310 - Check plugin pinoutconfig
2024-12-06 07:11:15,309 [WARN] SupportedApi:132 - Cannot load RTOS API schema: s4s-elt-must-match.1: The content of 'definitions' must match (annotation?, (simpleType | complexType)?, (unique | key | keyref)*)). A problem was found starting at: attribute.
2024-12-06 07:11:15,528 [INFO] PluginManage:359 - Loaded plugin pinoutconfig (category:base,tabindex:0)
2024-12-06 07:11:15,529 [INFO] PluginManage:310 - Check plugin power
2024-12-06 07:11:15,568 [INFO] PluginManage:359 - Loaded plugin power (category:power,tabindex:4)
2024-12-06 07:11:15,569 [INFO] PluginManage:310 - Check plugin projectmanager
2024-12-06 07:11:15,600 [INFO] PluginManage:359 - Loaded plugin projectmanager (category:projectmanager,tabindex:3)
2024-12-06 07:11:15,601 [INFO] PluginManage:310 - Check plugin thirdparty
2024-12-06 07:11:16,089 [INFO] PluginManage:359 - Loaded plugin thirdparty (category:base,tabindex:-1)
2024-12-06 07:11:16,089 [INFO] PluginManage:310 - Check plugin tools
2024-12-06 07:11:16,089 [WARN] IntegrityCheckThread:84 - waiting for thirdparty lock release [integrity check]
2024-12-06 07:11:16,096 [INFO] IntegrityCheckThread:86 - entering critical section [integrity check]
2024-12-06 07:11:16,098 [INFO] ThirdPartyUpdaterWithRetryManager:70 - Updater plugin not ready yet. [1/15]
2024-12-06 07:11:16,184 [INFO] PluginManage:359 - Loaded plugin tools (category:base,tabindex:7)
2024-12-06 07:11:16,184 [INFO] PluginManage:310 - Check plugin tutovideos
2024-12-06 07:11:16,518 [INFO] PluginManage:359 - Loaded plugin tutovideos (category:base,tabindex:-1)
2024-12-06 07:11:16,518 [INFO] PluginManage:310 - Check plugin updater
2024-12-06 07:11:16,540 [INFO] PluginManage:359 - Loaded plugin updater (category:base,tabindex:12)
2024-12-06 07:11:16,540 [INFO] PluginManage:310 - Check plugin userauth
2024-12-06 07:11:16,552 [INFO] UserAuth:114 - Init User Auth plugin
2024-12-06 07:11:16,552 [INFO] PluginManage:359 - Loaded plugin userauth (category:base,tabindex:14)
2024-12-06 07:11:16,553 [INFO] PluginManage:283 - PluginManage : Loaded plugins [17]
2024-12-06 07:11:16,954 [INFO] PinOutPanel:1561 - setPackage(No Configuration,No Configuration)
2024-12-06 07:11:17,112 [INFO] CADModel:165 - CPN selected for project level
2024-12-06 07:11:17,112 [INFO] CADModel:114 - Register for checkConnection events
2024-12-06 07:11:17,166 [INFO] IPUIPlugin:80 - create IPUIPlugin
2024-12-06 07:11:17,166 [INFO] PluginManager:220 - loadIPPluginJar : add adc
2024-12-06 07:11:17,249 [INFO] IPUIPlugin:80 - create IPUIPlugin
2024-12-06 07:11:17,250 [INFO] PluginManager:220 - loadIPPluginJar : add aes
2024-12-06 07:11:17,351 [INFO] IPUIPlugin:80 - create IPUIPlugin
2024-12-06 07:11:17,352 [INFO] PluginManager:220 - loadIPPluginJar : add can
2024-12-06 07:11:17,408 [INFO] IPUIPlugin:80 - create IPUIPlugin
2024-12-06 07:11:17,411 [INFO] PluginManager:220 - loadIPPluginJar : add comp
2024-12-06 07:11:17,504 [INFO] IPUIPlugin:80 - create IPUIPlugin
2024-12-06 07:11:17,504 [INFO] PluginManager:220 - loadIPPluginJar : add cryp
2024-12-06 07:11:17,590 [INFO] IPUIPlugin:80 - create IPUIPlugin
2024-12-06 07:11:17,591 [INFO] PluginManager:220 - loadIPPluginJar : add dfsdm
2024-12-06 07:11:17,628 [INFO] IPUIPlugin:80 - create IPUIPlugin
2024-12-06 07:11:17,629 [INFO] PluginManager:220 - loadIPPluginJar : add dma
2024-12-06 07:11:17,748 [INFO] IPUIPlugin:80 - create IPUIPlugin
2024-12-06 07:11:17,748 [INFO] PluginManager:220 - loadIPPluginJar : add dma3
2024-12-06 07:11:17,864 [INFO] IPUIPlugin:80 - create IPUIPlugin
2024-12-06 07:11:17,864 [INFO] PluginManager:220 - loadIPPluginJar : add extmemmanager
2024-12-06 07:11:17,914 [INFO] IPUIPlugin:80 - create IPUIPlugin
2024-12-06 07:11:17,914 [INFO] PluginManager:220 - loadIPPluginJar : add fatfs
2024-12-06 07:11:18,033 [INFO] IPUIPlugin:80 - create IPUIPlugin
2024-12-06 07:11:18,034 [INFO] PluginManager:220 - loadIPPluginJar : add fmc
2024-12-06 07:11:18,067 [INFO] IPUIPlugin:80 - create IPUIPlugin
2024-12-06 07:11:18,068 [INFO] PluginManager:220 - loadIPPluginJar : add freertos
2024-12-06 07:11:18,124 [INFO] IPUIPlugin:80 - create IPUIPlugin
2024-12-06 07:11:18,124 [INFO] PluginManager:220 - loadIPPluginJar : add genericplugin
2024-12-06 07:11:18,321 [INFO] IPUIPlugin:80 - create IPUIPlugin
2024-12-06 07:11:18,321 [INFO] PluginManager:220 - loadIPPluginJar : add gfxmmu
2024-12-06 07:11:18,546 [INFO] IPUIPlugin:80 - create IPUIPlugin
2024-12-06 07:11:18,547 [INFO] PluginManager:220 - loadIPPluginJar : add gic
2024-12-06 07:11:18,571 [INFO] IPUIPlugin:80 - create IPUIPlugin
2024-12-06 07:11:18,571 [INFO] PluginManager:220 - loadIPPluginJar : add gpio
2024-12-06 07:11:18,743 [INFO] IPUIPlugin:80 - create IPUIPlugin
2024-12-06 07:11:18,743 [INFO] PluginManager:220 - loadIPPluginJar : add gtzc
2024-12-06 07:11:18,795 [INFO] IPUIPlugin:80 - create IPUIPlugin
2024-12-06 07:11:18,796 [INFO] PluginManager:220 - loadIPPluginJar : add hash
2024-12-06 07:11:18,880 [INFO] IPUIPlugin:80 - create IPUIPlugin
2024-12-06 07:11:18,881 [INFO] PluginManager:220 - loadIPPluginJar : add i2c
2024-12-06 07:11:18,945 [INFO] IPUIPlugin:80 - create IPUIPlugin
2024-12-06 07:11:18,945 [INFO] PluginManager:220 - loadIPPluginJar : add i2s
2024-12-06 07:11:19,009 [INFO] IPUIPlugin:80 - create IPUIPlugin
2024-12-06 07:11:19,010 [INFO] PluginManager:220 - loadIPPluginJar : add i3c
2024-12-06 07:11:19,101 [INFO] ThirdPartyUpdaterWithRetryManager:70 - Updater plugin not ready yet. [2/15]
2024-12-06 07:11:19,177 [INFO] IPUIPlugin:80 - create IPUIPlugin
2024-12-06 07:11:19,177 [INFO] PluginManager:220 - loadIPPluginJar : add ipddr
2024-12-06 07:11:19,330 [INFO] IPUIPlugin:80 - create IPUIPlugin
2024-12-06 07:11:19,331 [INFO] PluginManager:220 - loadIPPluginJar : add linkedlist
2024-12-06 07:11:19,396 [INFO] IPUIPlugin:80 - create IPUIPlugin
2024-12-06 07:11:19,396 [INFO] PluginManager:220 - loadIPPluginJar : add lorawan
2024-12-06 07:11:19,459 [INFO] IPUIPlugin:80 - create IPUIPlugin
2024-12-06 07:11:19,459 [INFO] PluginManager:220 - loadIPPluginJar : add ltdc
2024-12-06 07:11:19,480 [INFO] IPUIPlugin:80 - create IPUIPlugin
2024-12-06 07:11:19,480 [INFO] PluginManager:220 - loadIPPluginJar : add mdma
2024-12-06 07:11:19,501 [INFO] IPUIPlugin:80 - create IPUIPlugin
2024-12-06 07:11:19,501 [INFO] PluginManager:220 - loadIPPluginJar : add nvic
2024-12-06 07:11:19,565 [INFO] IPUIPlugin:80 - create IPUIPlugin
2024-12-06 07:11:19,565 [INFO] PluginManager:220 - loadIPPluginJar : add opamp
2024-12-06 07:11:19,679 [INFO] IPUIPlugin:80 - create IPUIPlugin
2024-12-06 07:11:19,679 [INFO] PluginManager:220 - loadIPPluginJar : add openamp
2024-12-06 07:11:19,751 [INFO] IPUIPlugin:80 - create IPUIPlugin
2024-12-06 07:11:19,751 [INFO] PluginManager:220 - loadIPPluginJar : add pdm2pcm
2024-12-06 07:11:19,776 [INFO] IPUIPlugin:80 - create IPUIPlugin
2024-12-06 07:11:19,778 [INFO] PluginManager:220 - loadIPPluginJar : add plateformsettings
2024-12-06 07:11:19,815 [INFO] IPUIPlugin:80 - create IPUIPlugin
2024-12-06 07:11:19,815 [INFO] PluginManager:220 - loadIPPluginJar : add quadspi
2024-12-06 07:11:19,839 [INFO] IPUIPlugin:80 - create IPUIPlugin
2024-12-06 07:11:19,839 [INFO] PluginManager:220 - loadIPPluginJar : add resmgrutility
2024-12-06 07:11:19,916 [INFO] IPUIPlugin:80 - create IPUIPlugin
2024-12-06 07:11:19,917 [INFO] PluginManager:220 - loadIPPluginJar : add sai
2024-12-06 07:11:19,980 [INFO] IPUIPlugin:80 - create IPUIPlugin
2024-12-06 07:11:19,980 [INFO] PluginManager:220 - loadIPPluginJar : add spi
2024-12-06 07:11:20,094 [INFO] IPUIPlugin:80 - create IPUIPlugin
2024-12-06 07:11:20,094 [INFO] PluginManager:220 - loadIPPluginJar : add stm32_wpan
2024-12-06 07:11:20,136 [INFO] IPUIPlugin:80 - create IPUIPlugin
2024-12-06 07:11:20,136 [INFO] PluginManager:220 - loadIPPluginJar : add tim
2024-12-06 07:11:20,234 [INFO] IPUIPlugin:80 - create IPUIPlugin
2024-12-06 07:11:20,234 [INFO] PluginManager:220 - loadIPPluginJar : add touchsensing
2024-12-06 07:11:20,273 [INFO] IPUIPlugin:80 - create IPUIPlugin
2024-12-06 07:11:20,273 [INFO] PluginManager:220 - loadIPPluginJar : add tracer_emb
2024-12-06 07:11:20,313 [INFO] IPUIPlugin:80 - create IPUIPlugin
2024-12-06 07:11:20,313 [INFO] PluginManager:220 - loadIPPluginJar : add ts
2024-12-06 07:11:20,352 [INFO] IPUIPlugin:80 - create IPUIPlugin
2024-12-06 07:11:20,352 [INFO] PluginManager:220 - loadIPPluginJar : add tsc
2024-12-06 07:11:20,391 [INFO] IPUIPlugin:80 - create IPUIPlugin
2024-12-06 07:11:20,392 [INFO] PluginManager:220 - loadIPPluginJar : add ucpd
2024-12-06 07:11:20,469 [INFO] IPUIPlugin:80 - create IPUIPlugin
2024-12-06 07:11:20,469 [INFO] PluginManager:220 - loadIPPluginJar : add usart
2024-12-06 07:11:20,542 [INFO] IPUIPlugin:80 - create IPUIPlugin
2024-12-06 07:11:20,542 [INFO] PluginManager:220 - loadIPPluginJar : add usbx
2024-12-06 07:11:20,706 [INFO] CADModel:165 - CPN selected for project level
2024-12-06 07:11:20,706 [INFO] CADModel:114 - Register for checkConnection events
2024-12-06 07:11:20,706 [FATAL] Updater:308 - Updater called before beeing initialized
2024-12-06 07:11:20,707 [ERROR] CADModel:125 - Updater not yet initialized, retry later 
2024-12-06 07:11:20,924 [INFO] CADModel:165 - CPN selected for project level
2024-12-06 07:11:20,924 [INFO] CADModel:114 - Register for checkConnection events
2024-12-06 07:11:20,924 [FATAL] Updater:308 - Updater called before beeing initialized
2024-12-06 07:11:20,924 [ERROR] CADModel:125 - Updater not yet initialized, retry later 
2024-12-06 07:11:20,928 [FATAL] Updater:308 - Updater called before beeing initialized
2024-12-06 07:11:21,130 [FATAL] Updater:308 - Updater called before beeing initialized
2024-12-06 07:11:21,146 [INFO] DbMcusAds:53 - JSON generation date=Fri Sep 20 20:04:23 ICT 2024 (1726837463113)
2024-12-06 07:11:21,147 [FATAL] Updater:308 - Updater called before beeing initialized
2024-12-06 07:11:21,267 [WARN] DetailPanel:346 - Failed to get advertising image, set to default
2024-12-06 07:11:21,399 [FATAL] Updater:308 - Updater called before beeing initialized
2024-12-06 07:11:21,402 [FATAL] Updater:308 - Updater called before beeing initialized
2024-12-06 07:11:21,402 [FATAL] Updater:308 - Updater called before beeing initialized
2024-12-06 07:11:21,402 [WARN] DetailPanel:346 - Failed to get advertising image, set to default
2024-12-06 07:11:21,403 [FATAL] Updater:308 - Updater called before beeing initialized
2024-12-06 07:11:21,503 [ERROR] Updater:1120 - MainUpdater not yet initialized. External WinMGr cannot be set.
2024-12-06 07:11:21,522 [INFO] Updater:1056 - Updater Version found : 6.11.1
2024-12-06 07:11:21,545 [INFO] ApplicationProperties:184 - Using Application install path: C:\ST\STM32CubeIDE_1.13.2\STM32CubeIDE\plugins\com.st.stm32cube.common.mx_6.11.1.202404110753
2024-12-06 07:11:22,103 [INFO] ThirdPartyUpdaterWithRetryManager:70 - Updater plugin not ready yet. [3/15]
2024-12-06 07:11:22,225 [INFO] MainUpdater:2873 - connection check result : 10
2024-12-06 07:11:22,226 [INFO] MainUpdater:290 - Updater Check For Update Now.
2024-12-06 07:11:22,227 [INFO] MicroXplorer:498 - Change Database Version : DB.6.0.111
2024-12-06 07:11:22,252 [INFO] McuFinderGlobals:63 - Set McuFinder mode to 2 (CubeIDE integrated)
2024-12-06 07:11:22,278 [INFO] UserAuth:415 - Internet connection configuration mode: 1
2024-12-06 07:11:22,324 [INFO] JxBrowserEngine:152 - Initiate JxBrowser Engine with user profile folder
2024-12-06 07:11:22,689 [INFO] CheckServerUpdateThread:120 - End of CheckServer Thread
2024-12-06 07:11:25,513 [WARN] PackLoader:240 - Cannot read IP mode file for STMicroelectronics.FP-SNS-MOTENVWB1.1.4.0
2024-12-06 07:11:25,543 [WARN] PackLoader:240 - Cannot read IP mode file for STMicroelectronics.FP-ATR-ASTRA1.2.0.1
2024-12-06 07:11:25,576 [WARN] PackLoader:240 - Cannot read IP mode file for STMicroelectronics.X-CUBE-SMBUS.2.1.0
2024-12-06 07:11:25,616 [WARN] PackLoader:240 - Cannot read IP mode file for STMicroelectronics.X-CUBE-WB05N.1.1.0
2024-12-06 07:11:25,681 [WARN] PackLoader:240 - Cannot read IP mode file for STMicroelectronics.X-CUBE-TOUCHGFX.4.23.1
2024-12-06 07:11:25,704 [WARN] PackLoader:240 - Cannot read IP mode file for STMicroelectronics.X-CUBE-TOUCHGFX.4.23.0
2024-12-06 07:11:25,729 [WARN] PackLoader:240 - Cannot read IP mode file for STMicroelectronics.X-CUBE-TOUCHGFX.4.23.2
2024-12-06 07:11:25,806 [WARN] PackLoader:240 - Cannot read IP mode file for STMicroelectronics.X-CUBE-AZRTOS-F7.1.1.0
2024-12-06 07:11:25,845 [WARN] PackLoader:240 - Cannot read IP mode file for STMicroelectronics.FP-SNS-MOTENV1.4.3.2
2024-12-06 07:11:26,020 [WARN] PackLoader:240 - Cannot read IP mode file for STMicroelectronics.X-CUBE-MEMS1.11.0.0
2024-12-06 07:11:26,487 [WARN] PackLoader:240 - Cannot read IP mode file for STMicroelectronics.FP-SNS-FLIGHT1.5.0.2
2024-12-06 07:11:26,533 [WARN] PackLoader:240 - Cannot read IP mode file for STMicroelectronics.X-CUBE-DISPLAY.3.0.0
2024-12-06 07:11:26,622 [WARN] PackLoader:240 - Cannot read IP mode file for STMicroelectronics.X-CUBE-BLE1.7.0.0
2024-12-06 07:11:26,685 [WARN] PackLoader:240 - Cannot read IP mode file for STMicroelectronics.X-CUBE-NFC10.1.0.0
2024-12-06 07:11:26,771 [WARN] PackLoader:240 - Cannot read IP mode file for emotas.I-CUBE-CANOPEN.1.3.0
2024-12-06 07:11:26,814 [WARN] PackLoader:240 - Cannot read IP mode file for STMicroelectronics.X-CUBE-TOUCHGFX.4.22.1
2024-12-06 07:11:26,849 [WARN] PackLoader:240 - Cannot read IP mode file for STMicroelectronics.X-CUBE-BLEMGR.3.1.0
2024-12-06 07:11:26,925 [INFO] LogOutputStream:77 - [STDOUT_REDIRECT] 1 : Invalid condition id : UX_CORESTACK_Condition cause : null
2024-12-06 07:11:26,926 [INFO] LogOutputStream:77 - [STDOUT_REDIRECT] 1 : Invalid condition id : UX_CORESTACK_Condition cause : null
2024-12-06 07:11:26,927 [INFO] LogOutputStream:77 - [STDOUT_REDIRECT] 1 : Invalid condition id : UX_CORESTACK_Condition cause : null
2024-12-06 07:11:26,929 [INFO] LogOutputStream:77 - [STDOUT_REDIRECT] 1 : Invalid condition id : UX_CORESTACK_Condition cause : null
2024-12-06 07:11:26,931 [INFO] LogOutputStream:77 - [STDOUT_REDIRECT] 1 : Invalid condition id : UX_CORESTACK_Condition cause : null
2024-12-06 07:11:26,936 [WARN] PackLoader:240 - Cannot read IP mode file for STMicroelectronics.X-CUBE-AZRTOS-WL.2.0.0
2024-12-06 07:11:26,967 [WARN] PackLoader:240 - Cannot read IP mode file for STMicroelectronics.FP-SNS-MOTENV1.5.0.0
2024-12-06 07:11:26,991 [WARN] PackLoader:240 - Cannot read IP mode file for wolfSSL.I-CUBE-wolfMQTT.1.19.0
2024-12-06 07:11:27,018 [WARN] PackLoader:240 - Cannot read IP mode file for WES.I-CUBE-Cesium.1.3.0
2024-12-06 07:11:27,052 [WARN] PackLoader:240 - Cannot read IP mode file for STMicroelectronics.X-CUBE-BLE2.3.3.0
2024-12-06 07:11:27,083 [WARN] PackLoader:240 - Cannot read IP mode file for STMicroelectronics.X-CUBE-NFC9.1.0.0
2024-12-06 07:11:27,130 [WARN] PackLoader:240 - Cannot read IP mode file for STMicroelectronics.X-CUBE-TCPP.4.1.0
2024-12-06 07:11:27,165 [WARN] PackLoader:240 - Cannot read IP mode file for STMicroelectronics.X-CUBE-ALGOBUILD.1.3.0
2024-12-06 07:11:27,217 [WARN] PackLoader:240 - Cannot read IP mode file for STMicroelectronics.X-CUBE-AZRTOS-G0.1.1.0
2024-12-06 07:11:27,253 [WARN] PackLoader:240 - Cannot read IP mode file for STMicroelectronics.X-CUBE-SAFEA1.1.2.2
2024-12-06 07:11:27,287 [WARN] PackLoader:240 - Cannot read IP mode file for STMicroelectronics.X-CUBE-NFC4.3.0.0
2024-12-06 07:11:27,312 [WARN] PackLoader:240 - Cannot read IP mode file for wolfSSL.I-CUBE-wolfMQTT.1.18.0
2024-12-06 07:11:27,352 [WARN] PackLoader:240 - Cannot read IP mode file for EmbeddedOffice.I-CUBE-FS-RTOS.1.0.1
2024-12-06 07:11:27,353 [ERROR] ConditionMgr:805 - Attr not supported : Dmpu
2024-12-06 07:11:27,353 [ERROR] ConditionMgr:805 - Attr not supported : Dmpu
2024-12-06 07:11:27,353 [ERROR] ConditionMgr:805 - Attr not supported : Dmpu
2024-12-06 07:11:27,353 [ERROR] ConditionMgr:805 - Attr not supported : Dmpu
2024-12-06 07:11:27,353 [ERROR] ConditionMgr:805 - Attr not supported : Dmpu
2024-12-06 07:11:27,354 [ERROR] ConditionMgr:805 - Attr not supported : Dmpu
2024-12-06 07:11:27,354 [ERROR] ConditionMgr:805 - Attr not supported : Dmpu
2024-12-06 07:11:27,354 [ERROR] ConditionMgr:805 - Attr not supported : Dmpu
2024-12-06 07:11:27,354 [ERROR] ConditionMgr:805 - Attr not supported : Dmpu
2024-12-06 07:11:27,354 [ERROR] ConditionMgr:805 - Attr not supported : Dmpu
2024-12-06 07:11:27,354 [ERROR] ConditionMgr:805 - Attr not supported : Dmpu
2024-12-06 07:11:27,354 [ERROR] ConditionMgr:805 - Attr not supported : Dmpu
2024-12-06 07:11:27,354 [ERROR] ConditionMgr:805 - Attr not supported : Dmpu
2024-12-06 07:11:27,354 [ERROR] ConditionMgr:805 - Attr not supported : Dmpu
2024-12-06 07:11:27,355 [ERROR] ConditionMgr:805 - Attr not supported : Dmpu
2024-12-06 07:11:27,355 [ERROR] ConditionMgr:805 - Attr not supported : Dmpu
2024-12-06 07:11:27,355 [ERROR] ConditionMgr:805 - Attr not supported : Dmpu
2024-12-06 07:11:27,355 [ERROR] ConditionMgr:805 - Attr not supported : Dmpu
2024-12-06 07:11:27,355 [ERROR] ConditionMgr:805 - Attr not supported : Dmpu
2024-12-06 07:11:27,355 [ERROR] ConditionMgr:805 - Attr not supported : Dmpu
2024-12-06 07:11:27,355 [ERROR] ConditionMgr:805 - Attr not supported : Dmpu
2024-12-06 07:11:27,355 [ERROR] ConditionMgr:805 - Attr not supported : Dmpu
2024-12-06 07:11:27,355 [ERROR] ConditionMgr:805 - Attr not supported : Dmpu
2024-12-06 07:11:27,355 [ERROR] ConditionMgr:805 - Attr not supported : Dmpu
2024-12-06 07:11:27,355 [ERROR] ConditionMgr:805 - Attr not supported : Dmpu
2024-12-06 07:11:27,356 [ERROR] ConditionMgr:805 - Attr not supported : Dmpu
2024-12-06 07:11:27,356 [ERROR] ConditionMgr:805 - Attr not supported : Dmpu
2024-12-06 07:11:27,356 [ERROR] ConditionMgr:805 - Attr not supported : Dmpu
2024-12-06 07:11:27,356 [ERROR] ConditionMgr:805 - Attr not supported : Dmpu
2024-12-06 07:11:27,356 [ERROR] ConditionMgr:805 - Attr not supported : Dmpu
2024-12-06 07:11:27,356 [ERROR] ConditionMgr:805 - Attr not supported : Dmpu
2024-12-06 07:11:27,356 [ERROR] ConditionMgr:805 - Attr not supported : Dmpu
2024-12-06 07:11:27,356 [ERROR] ConditionMgr:805 - Attr not supported : Dmpu
2024-12-06 07:11:27,356 [ERROR] ConditionMgr:805 - Attr not supported : Dmpu
2024-12-06 07:11:27,356 [ERROR] ConditionMgr:805 - Attr not supported : Dmpu
2024-12-06 07:11:27,356 [ERROR] ConditionMgr:805 - Attr not supported : Dmpu
2024-12-06 07:11:27,357 [ERROR] ConditionMgr:805 - Attr not supported : Dmpu
2024-12-06 07:11:27,357 [ERROR] ConditionMgr:805 - Attr not supported : Dmpu
2024-12-06 07:11:27,357 [ERROR] ConditionMgr:805 - Attr not supported : Dmpu
2024-12-06 07:11:27,357 [ERROR] ConditionMgr:805 - Attr not supported : Dmpu
2024-12-06 07:11:27,357 [ERROR] ConditionMgr:805 - Attr not supported : Dmpu
2024-12-06 07:11:27,357 [ERROR] ConditionMgr:805 - Attr not supported : Dmpu
2024-12-06 07:11:27,357 [ERROR] ConditionMgr:805 - Attr not supported : Dmpu
2024-12-06 07:11:27,357 [ERROR] ConditionMgr:805 - Attr not supported : Dmpu
2024-12-06 07:11:27,357 [ERROR] ConditionMgr:805 - Attr not supported : Dmpu
2024-12-06 07:11:27,358 [ERROR] ConditionMgr:805 - Attr not supported : Dmpu
2024-12-06 07:11:27,358 [ERROR] ConditionMgr:805 - Attr not supported : Dmpu
2024-12-06 07:11:27,358 [ERROR] ConditionMgr:805 - Attr not supported : Dmpu
2024-12-06 07:11:27,358 [ERROR] ConditionMgr:805 - Attr not supported : Dmpu
2024-12-06 07:11:27,358 [ERROR] ConditionMgr:805 - Attr not supported : Dmpu
2024-12-06 07:11:27,358 [ERROR] ConditionMgr:805 - Attr not supported : Dmpu
2024-12-06 07:11:27,358 [ERROR] ConditionMgr:805 - Attr not supported : Dmpu
2024-12-06 07:11:27,358 [ERROR] ConditionMgr:805 - Attr not supported : Dmpu
2024-12-06 07:11:27,358 [ERROR] ConditionMgr:805 - Attr not supported : Dmpu
2024-12-06 07:11:27,358 [ERROR] ConditionMgr:805 - Attr not supported : Dmpu
2024-12-06 07:11:27,359 [ERROR] ConditionMgr:805 - Attr not supported : Dmpu
2024-12-06 07:11:27,359 [ERROR] ConditionMgr:805 - Attr not supported : Dmpu
2024-12-06 07:11:27,359 [ERROR] ConditionMgr:805 - Attr not supported : Dmpu
2024-12-06 07:11:27,359 [ERROR] ConditionMgr:805 - Attr not supported : Dmpu
2024-12-06 07:11:27,359 [ERROR] ConditionMgr:805 - Attr not supported : Dmpu
2024-12-06 07:11:27,359 [ERROR] ConditionMgr:805 - Attr not supported : Dmpu
2024-12-06 07:11:27,359 [ERROR] ConditionMgr:805 - Attr not supported : Dmpu
2024-12-06 07:11:27,359 [ERROR] ConditionMgr:805 - Attr not supported : Dmpu
2024-12-06 07:11:27,359 [ERROR] ConditionMgr:805 - Attr not supported : Dmpu
2024-12-06 07:11:27,407 [WARN] PackLoader:240 - Cannot read IP mode file for STMicroelectronics.X-CUBE-BLEMGR.3.0.0
2024-12-06 07:11:27,446 [WARN] PackLoader:240 - Cannot read IP mode file for RealThread.X-CUBE-RT-Thread_Nano.4.1.1
2024-12-06 07:11:27,482 [WARN] PackLoader:240 - Cannot read IP mode file for STMicroelectronics.FP-ATR-SIGFOX1.3.2.0
2024-12-06 07:11:27,515 [WARN] ConditionMgr:438 - getConditionDescription Invalid condition id : Cortex-A Device cause : null
2024-12-06 07:11:27,555 [WARN] ConditionMgr:1039 - genDependencies : Invalid condition id : Cortex-A Device cause : null
2024-12-06 07:11:27,555 [WARN] ConditionMgr:1039 - genDependencies : Invalid condition id : Cortex-A Device cause : null
2024-12-06 07:11:27,555 [WARN] ConditionMgr:1039 - genDependencies : Invalid condition id : Cortex-A Device cause : null
2024-12-06 07:11:27,601 [WARN] PackLoader:240 - Cannot read IP mode file for STMicroelectronics.X-CUBE-EEPRMA1.5.1.0
2024-12-06 07:11:27,744 [WARN] PackLoader:240 - Cannot read IP mode file for SEGGER.I-CUBE-embOS.1.3.1
2024-12-06 07:11:27,836 [WARN] PackLoader:240 - Cannot read IP mode file for STMicroelectronics.X-CUBE-ALGOBUILD.1.4.0
2024-12-06 07:11:27,865 [WARN] PackLoader:240 - Cannot read IP mode file for STMicroelectronics.X-CUBE-AI.9.1.0
2024-12-06 07:11:27,899 [WARN] PackLoader:240 - Cannot read IP mode file for STMicroelectronics.X-CUBE-GNSS1.6.0.0
2024-12-06 07:11:27,977 [WARN] PackLoader:240 - Cannot read IP mode file for STMicroelectronics.X-CUBE-AZRTOS-F4.1.1.0
2024-12-06 07:11:28,015 [WARN] PackLoader:240 - Cannot read IP mode file for wolfSSL.I-CUBE-wolfSSL.5.6.3
2024-12-06 07:11:28,044 [WARN] PackLoader:240 - Cannot read IP mode file for STMicroelectronics.X-CUBE-ISPU.2.1.0
2024-12-06 07:11:28,071 [WARN] PackLoader:240 - Cannot read IP mode file for STMicroelectronics.X-CUBE-FREERTOS.1.2.0
2024-12-06 07:11:28,136 [WARN] PackLoader:240 - Cannot read IP mode file for STMicroelectronics.X-CUBE-AZRTOS-L5.2.0.0
2024-12-06 07:11:28,170 [WARN] PackLoader:240 - Cannot read IP mode file for STMicroelectronics.X-CUBE-EEPRMA1.4.2.0
2024-12-06 07:11:28,207 [WARN] PackLoader:240 - Cannot read IP mode file for STMicroelectronics.X-CUBE-NFC6.3.1.0
2024-12-06 07:11:28,261 [WARN] PackLoader:240 - Cannot read IP mode file for ITTIA_DB.I-CUBE-ITTIADB.8.8.0
2024-12-06 07:11:28,298 [WARN] PackLoader:240 - Cannot read IP mode file for STMicroelectronics.X-CUBE-BLEMGR.2.0.0
2024-12-06 07:11:28,325 [WARN] PackLoader:240 - Cannot read IP mode file for STMicroelectronics.X-CUBE-DPower.1.2.0
2024-12-06 07:11:28,349 [WARN] PackLoader:240 - Cannot read IP mode file for STMicroelectronics.X-CUBE-AI.9.0.0
2024-12-06 07:11:28,398 [WARN] ConditionMgr:438 - getConditionDescription Invalid condition id : UX DEVICE CLASS RTOS Condition cause : null
2024-12-06 07:11:28,398 [WARN] ConditionMgr:438 - getConditionDescription Invalid condition id : UX DEVICE CLASS RTOS Condition cause : null
2024-12-06 07:11:28,404 [WARN] PackLoader:240 - Cannot read IP mode file for STMicroelectronics.X-CUBE-AZRTOS-H7.3.1.0
2024-12-06 07:11:28,405 [WARN] ConditionMgr:1039 - genDependencies : Invalid condition id : UX DEVICE CLASS RTOS Condition cause : null
2024-12-06 07:11:28,405 [WARN] ConditionMgr:1039 - genDependencies : Invalid condition id : UX DEVICE CLASS RTOS Condition cause : null
2024-12-06 07:11:28,406 [WARN] ConditionMgr:1039 - genDependencies : Invalid condition id : UX DEVICE CLASS RTOS Condition cause : null
2024-12-06 07:11:28,406 [WARN] ConditionMgr:1039 - genDependencies : Invalid condition id : UX DEVICE CLASS RTOS Condition cause : null
2024-12-06 07:11:28,407 [WARN] ConditionMgr:1039 - genDependencies : Invalid condition id : UX DEVICE CLASS RTOS Condition cause : null
2024-12-06 07:11:28,436 [WARN] PackLoader:240 - Cannot read IP mode file for STMicroelectronics.X-CUBE-NFC7.1.0.1
2024-12-06 07:11:28,462 [WARN] PackLoader:240 - Cannot read IP mode file for wolfSSL.I-CUBE-wolfTPM.3.2.0
2024-12-06 07:11:28,492 [WARN] PackLoader:240 - Cannot read IP mode file for STMicroelectronics.X-CUBE-NFC6.3.0.0
2024-12-06 07:11:28,521 [WARN] PackLoader:240 - Cannot read IP mode file for STMicroelectronics.X-CUBE-EEPRMA1.4.1.0
2024-12-06 07:11:28,549 [WARN] PackLoader:240 - Cannot read IP mode file for STMicroelectronics.X-CUBE-AI.8.1.0
2024-12-06 07:11:28,630 [WARN] ConditionMgr:438 - getConditionDescription Invalid condition id : LAN8742 Phy interface Condition cause : null
2024-12-06 07:11:28,631 [WARN] PackLoader:240 - Cannot read IP mode file for STMicroelectronics.X-CUBE-AZRTOS-L4.2.0.0
2024-12-06 07:11:28,633 [WARN] ConditionMgr:1039 - genDependencies : Invalid condition id : LAN8742 Phy interface Condition cause : null
2024-12-06 07:11:28,634 [WARN] ConditionMgr:1039 - genDependencies : Invalid condition id : LAN8742 Phy interface Condition cause : null
2024-12-06 07:11:28,634 [WARN] ConditionMgr:1039 - genDependencies : Invalid condition id : LAN8742 Phy interface Condition cause : null
2024-12-06 07:11:28,667 [WARN] PackLoader:240 - Cannot read IP mode file for STMicroelectronics.X-CUBE-SFXS2LP1.4.0.0
2024-12-06 07:11:28,717 [WARN] PackLoader:240 - Cannot read IP mode file for STMicroelectronics.X-CUBE-ISPU.1.1.0
2024-12-06 07:11:28,780 [WARN] PackLoader:240 - Cannot read IP mode file for STMicroelectronics.X-CUBE-AZRTOS-H7.3.3.0
2024-12-06 07:11:28,884 [WARN] PackLoader:240 - Cannot read IP mode file for STMicroelectronics.X-CUBE-IPS.3.0.0
2024-12-06 07:11:28,951 [WARN] ConditionMgr:438 - getConditionDescription Invalid condition id : UX DEVICE CLASS RTOS Condition cause : null
2024-12-06 07:11:28,952 [WARN] ConditionMgr:438 - getConditionDescription Invalid condition id : UX DEVICE CLASS RTOS Condition cause : null
2024-12-06 07:11:28,955 [WARN] PackLoader:240 - Cannot read IP mode file for STMicroelectronics.X-CUBE-AZRTOS-WB.2.0.0
2024-12-06 07:11:28,956 [WARN] ConditionMgr:1039 - genDependencies : Invalid condition id : UX DEVICE CLASS RTOS Condition cause : null
2024-12-06 07:11:28,956 [WARN] ConditionMgr:1039 - genDependencies : Invalid condition id : UX DEVICE CLASS RTOS Condition cause : null
2024-12-06 07:11:28,957 [WARN] ConditionMgr:1039 - genDependencies : Invalid condition id : UX DEVICE CLASS RTOS Condition cause : null
2024-12-06 07:11:28,957 [WARN] ConditionMgr:1039 - genDependencies : Invalid condition id : UX DEVICE CLASS RTOS Condition cause : null
2024-12-06 07:11:28,957 [WARN] ConditionMgr:1039 - genDependencies : Invalid condition id : UX DEVICE CLASS RTOS Condition cause : null
2024-12-06 07:11:28,996 [WARN] PackLoader:240 - Cannot read IP mode file for STMicroelectronics.X-CUBE-GNSS1.7.0.0
2024-12-06 07:11:29,025 [WARN] PackLoader:240 - Cannot read IP mode file for STMicroelectronics.FP-SNS-STBOX1.2.0.0
2024-12-06 07:11:29,067 [WARN] PackLoader:240 - Cannot read IP mode file for STMicroelectronics.X-CUBE-SUBG2.5.0.0
2024-12-06 07:11:29,106 [WARN] PackLoader:240 - Cannot read IP mode file for STMicroelectronics.X-CUBE-TOF1.3.3.1
2024-12-06 07:11:29,209 [WARN] PackLoader:240 - Cannot read IP mode file for STMicroelectronics.X-CUBE-AZRTOS-G4.2.0.0
2024-12-06 07:11:29,258 [WARN] PackLoader:240 - Cannot read IP mode file for Infineon.AIROC-Wi-Fi-Bluetooth-STM32.1.5.1
2024-12-06 07:11:29,286 [WARN] PackLoader:240 - Cannot read IP mode file for STMicroelectronics.FP-SNS-MOTENVWB1.1.3.0
2024-12-06 07:11:29,309 [WARN] PackLoader:240 - Cannot read IP mode file for STMicroelectronics.FP-SNS-MOTENVWB1.1.3.1
2024-12-06 07:11:29,335 [WARN] PackLoader:240 - Cannot read IP mode file for STMicroelectronics.X-CUBE-ISPU.2.0.0
2024-12-06 07:11:29,363 [WARN] PackLoader:240 - Cannot read IP mode file for STMicroelectronics.X-CUBE-ALS.1.0.2
2024-12-06 07:11:29,478 [WARN] PackLoader:240 - Cannot read IP mode file for STMicroelectronics.X-CUBE-MEMS1.10.0.0
2024-12-06 07:11:29,741 [WARN] PackLoader:240 - Cannot read IP mode file for STMicroelectronics.X-CUBE-FREERTOS.1.1.0
2024-12-06 07:11:29,780 [WARN] PackLoader:240 - Cannot read IP mode file for STMicroelectronics.X-CUBE-TOUCHGFX.4.24.0
2024-12-06 07:11:29,808 [WARN] PackLoader:240 - Cannot read IP mode file for STMicroelectronics.X-CUBE-TOUCHGFX.4.24.1
2024-12-06 07:11:29,847 [WARN] PackLoader:240 - Cannot read IP mode file for portGmbH.I-Cube-SoM-uGOAL.1.1.0
2024-12-06 07:11:29,874 [WARN] PackLoader:240 - Cannot read IP mode file for STMicroelectronics.X-CUBE-ALS.1.0.1
2024-12-06 07:11:29,938 [WARN] PackLoader:240 - Cannot read IP mode file for STMicroelectronics.X-CUBE-AZRTOS-H7RS.1.0.0
2024-12-06 07:11:29,966 [WARN] PackLoader:240 - Cannot read IP mode file for STMicroelectronics.FP-ATR-ASTRA1.2.0.0
2024-12-06 07:11:30,010 [WARN] PackLoader:240 - Cannot read IP mode file for STMicroelectronics.X-CUBE-TOF1.3.4.2
2024-12-06 07:11:30,064 [WARN] PackLoader:240 - Cannot read IP mode file for STMicroelectronics.X-CUBE-TOF1.3.4.0
2024-12-06 07:11:30,168 [WARN] PackLoader:240 - Cannot read IP mode file for STMicroelectronics.X-CUBE-TOF1.3.4.1
2024-12-06 07:11:30,271 [WARN] PackLoader:240 - Cannot read IP mode file for STMicroelectronics.X-CUBE-AZRTOS-H7.3.2.0
2024-12-06 07:11:30,313 [WARN] PackLoader:240 - Cannot read IP mode file for wolfSSL.I-CUBE-wolfSSH.1.4.17
2024-12-06 07:11:30,314 [INFO] ThirdParty:978 - Integrity check success = true
2024-12-06 07:11:30,314 [INFO] IntegrityCheckThread:100 - exiting critical section [integrity check]
2024-12-06 07:11:30,315 [INFO] IntegrityCheckThread:103 - End integrity checks thread
2024-12-06 07:11:36,017 [INFO] WebApp:161 - Instantiating new browser for Auth
2024-12-06 07:11:37,696 [INFO] WebApp:779 - Register for checkConnection events
2024-12-06 07:11:37,697 [INFO] WebApp:414 - Apply proxy settings
2024-12-06 07:11:37,697 [INFO] WebApp:499 - Chromium requires no authentication
2024-12-06 07:11:37,709 [INFO] WebApp:442 - Direct internet connection detected
2024-12-06 07:11:37,949 [INFO] WebApp:192 - Starting web application
2024-12-06 07:11:37,949 [INFO] WebApp:544 - Web application path used C:\ST\STM32CubeIDE_1.13.2\STM32CubeIDE\plugins\com.st.stm32cube.common.mx_6.11.1.202404110753\db\plugins\mcufinder\reactClient1\index.html
