2024-12-02 23:20:22,813 [INFO] Activator:176 - 


2024-12-02 23:20:22,816 [INFO] Activator:177 - !SESSION log4j initialized
2024-12-02 23:20:28,365 [INFO] LogOutputStream:77 - [STDOUT_REDIRECT] 
2024-12-02 23:20:39,602 [INFO] ApplicationProperties:184 - Using Application install path: C:\ST\STM32CubeIDE_1.13.2\STM32CubeIDE\plugins\com.st.stm32cube.common.mx_6.11.1.202404110753
2024-12-02 23:20:39,629 [INFO] DbMcusXml:78 - Set database path to: C:\ST\STM32CubeIDE_1.13.2\STM32CubeIDE\plugins\com.st.stm32cube.common.mx_6.11.1.202404110753\\db\/mcu/
2024-12-02 23:20:39,629 [INFO] ApiDb:274 - Set plugin database path to: C:\ST\STM32CubeIDE_1.13.2\STM32CubeIDE\plugins\com.st.stm32cube.common.mx_6.11.1.202404110753\\db\/plugins/boardmanager/
2024-12-02 23:20:39,630 [WARN] ApiDb:259 - Overriding images path with different value:  => C:\ST\STM32CubeIDE_1.13.2\STM32CubeIDE\plugins\com.st.stm32cube.common.mx_6.11.1.202404110753\\db\/plugins/mcufinder/images/
2024-12-02 23:20:39,645 [INFO] ApiDb:250 - Set database path to: C:\Users\Mr.hDung\.stmcufinder\plugins\mcufinder//mcu/
2024-12-02 23:20:39,647 [INFO] DbMcusAds:125 - Set database path to: C:\Users\Mr.hDung\.stmcufinder\plugins\mcufinder//mcu/
2024-12-02 23:20:39,663 [INFO] CrossReferenceDbSqlite:203 - Set database path to: C:\Users\Mr.hDung\.stmcufinder\plugins\mcufinder//mcu/cs/
2024-12-02 23:20:39,851 [INFO] RulesReader:64 - Compatibility file has been processed (297 Rules)
2024-12-02 23:20:40,021 [INFO] DbMcusXml:78 - Set database path to: C:\ST\STM32CubeIDE_1.13.2\STM32CubeIDE\plugins\com.st.stm32cube.common.mx_6.11.1.202404110753\\db\/mcu/
2024-12-02 23:20:40,021 [INFO] ApiDb:274 - Set plugin database path to: C:\ST\STM32CubeIDE_1.13.2\STM32CubeIDE\plugins\com.st.stm32cube.common.mx_6.11.1.202404110753\\db\/plugins/boardmanager/
2024-12-02 23:20:40,021 [INFO] ApiDb:261 - Set plugin images path to: C:\ST\STM32CubeIDE_1.13.2\STM32CubeIDE\plugins\com.st.stm32cube.common.mx_6.11.1.202404110753\\db\/plugins/mcufinder/images/
2024-12-02 23:20:40,022 [WARN] DbFile:41 - Overriding database path with different value: C:\Users\Mr.hDung\.stmcufinder\plugins\mcufinder/ => C:\Users\Mr.hDung\.stmcufinder\plugins\mcufinder
2024-12-02 23:20:40,022 [INFO] ApiDb:250 - Set database path to: C:\Users\Mr.hDung\.stmcufinder\plugins\mcufinder//mcu/
2024-12-02 23:20:40,022 [WARN] DbFile:41 - Overriding database path with different value: C:\Users\Mr.hDung\.stmcufinder\plugins\mcufinder/ => C:\Users\Mr.hDung\.stmcufinder\plugins\mcufinder
2024-12-02 23:20:40,022 [INFO] DbMcusAds:125 - Set database path to: C:\Users\Mr.hDung\.stmcufinder\plugins\mcufinder//mcu/
2024-12-02 23:20:40,023 [WARN] DbFile:41 - Overriding database path with different value: C:\Users\Mr.hDung\.stmcufinder\plugins\mcufinder/ => C:\Users\Mr.hDung\.stmcufinder\plugins\mcufinder
2024-12-02 23:20:40,023 [WARN] DbFile:41 - Overriding database path with different value: C:\Users\Mr.hDung\.stmcufinder\plugins\mcufinder/ => C:\Users\Mr.hDung\.stmcufinder\plugins\mcufinder
2024-12-02 23:20:40,024 [INFO] CrossReferenceDbSqlite:203 - Set database path to: C:\Users\Mr.hDung\.stmcufinder\plugins\mcufinder//mcu/cs/
2024-12-02 23:20:40,185 [INFO] MainPanel:264 - HeapMemory: 268435456
2024-12-02 23:20:40,383 [INFO] DbMcusXml:78 - Set database path to: C:\ST\STM32CubeIDE_1.13.2\STM32CubeIDE\plugins\com.st.stm32cube.common.mx_6.11.1.202404110753\\db\/mcu/
2024-12-02 23:20:40,383 [INFO] ApiDb:274 - Set plugin database path to: C:\ST\STM32CubeIDE_1.13.2\STM32CubeIDE\plugins\com.st.stm32cube.common.mx_6.11.1.202404110753\\db\/plugins/boardmanager/
2024-12-02 23:20:40,384 [INFO] ApiDb:261 - Set plugin images path to: C:\ST\STM32CubeIDE_1.13.2\STM32CubeIDE\plugins\com.st.stm32cube.common.mx_6.11.1.202404110753\\db\/plugins/mcufinder/images/
2024-12-02 23:20:40,384 [WARN] DbFile:41 - Overriding database path with different value: C:\Users\Mr.hDung\.stmcufinder\plugins\mcufinder/ => C:\Users\Mr.hDung\.stmcufinder\plugins\mcufinder
2024-12-02 23:20:40,384 [INFO] ApiDb:250 - Set database path to: C:\Users\Mr.hDung\.stmcufinder\plugins\mcufinder//mcu/
2024-12-02 23:20:40,385 [WARN] DbFile:41 - Overriding database path with different value: C:\Users\Mr.hDung\.stmcufinder\plugins\mcufinder/ => C:\Users\Mr.hDung\.stmcufinder\plugins\mcufinder
2024-12-02 23:20:40,385 [INFO] DbMcusAds:125 - Set database path to: C:\Users\Mr.hDung\.stmcufinder\plugins\mcufinder//mcu/
2024-12-02 23:20:40,385 [WARN] DbFile:41 - Overriding database path with different value: C:\Users\Mr.hDung\.stmcufinder\plugins\mcufinder/ => C:\Users\Mr.hDung\.stmcufinder\plugins\mcufinder
2024-12-02 23:20:40,385 [WARN] DbFile:41 - Overriding database path with different value: C:\Users\Mr.hDung\.stmcufinder\plugins\mcufinder/ => C:\Users\Mr.hDung\.stmcufinder\plugins\mcufinder
2024-12-02 23:20:40,385 [INFO] CrossReferenceDbSqlite:203 - Set database path to: C:\Users\Mr.hDung\.stmcufinder\plugins\mcufinder//mcu/cs/
2024-12-02 23:20:40,415 [INFO] ApplicationProperties:184 - Using Application install path: C:\ST\STM32CubeIDE_1.13.2\STM32CubeIDE\plugins\com.st.stm32cube.common.mx_6.11.1.202404110753
2024-12-02 23:20:40,417 [INFO] PluginManage:196 - Search for loadable plugins [exclusion list=, ]
2024-12-02 23:20:40,420 [INFO] PluginManage:310 - Check plugin analytics
2024-12-02 23:20:45,350 [INFO] AnalyticsPlugin:253 - Accepted Software Licenses: 
2024-12-02 23:20:45,351 [INFO] AnalyticsPlugin:255 - Accepted CMSIS Pack Licenses: 
2024-12-02 23:20:45,351 [INFO] AnalyticsPlugin:257 - Accepted Firmware Licenses: 
2024-12-02 23:20:45,356 [INFO] PluginManage:359 - Loaded plugin analytics (category:tool,tabindex:-1)
2024-12-02 23:20:45,359 [INFO] PluginManage:310 - Check plugin cadmodel
2024-12-02 23:20:45,668 [INFO] CADModel:105 - Init CAD model plugin
2024-12-02 23:20:45,668 [INFO] PluginManage:359 - Loaded plugin cadmodel (category:power,tabindex:5)
2024-12-02 23:20:45,669 [INFO] PluginManage:310 - Check plugin clock
2024-12-02 23:20:45,760 [INFO] PluginManage:359 - Loaded plugin clock (category:base,tabindex:2)
2024-12-02 23:20:45,760 [INFO] PluginManage:310 - Check plugin ddr
2024-12-02 23:20:45,768 [INFO] PluginManage:359 - Loaded plugin ddr (category:tool,tabindex:6)
2024-12-02 23:20:45,768 [INFO] PluginManage:310 - Check plugin filemanager
2024-12-02 23:20:46,315 [INFO] PluginManage:359 - Loaded plugin filemanager (category:base,tabindex:10)
2024-12-02 23:20:46,316 [INFO] PluginManage:310 - Check plugin ipmanager
2024-12-02 23:20:46,358 [INFO] PluginManage:359 - Loaded plugin ipmanager (category:base,tabindex:5)
2024-12-02 23:20:46,359 [INFO] PluginManage:310 - Check plugin lpbam
2024-12-02 23:20:46,437 [INFO] PluginManage:359 - Loaded plugin lpbam (category:base,tabindex:0)
2024-12-02 23:20:46,437 [INFO] PluginManage:310 - Check plugin memorymap
2024-12-02 23:20:46,501 [INFO] PluginManage:359 - Loaded plugin memorymap (category:base,tabindex:4)
2024-12-02 23:20:46,501 [INFO] PluginManage:310 - Check plugin pinoutandconfiguration
2024-12-02 23:20:46,548 [INFO] PluginManage:359 - Loaded plugin pinoutandconfiguration (category:base,tabindex:1)
2024-12-02 23:20:46,549 [INFO] PluginManage:310 - Check plugin pinoutconfig
2024-12-02 23:20:46,771 [WARN] SupportedApi:132 - Cannot load RTOS API schema: s4s-elt-must-match.1: The content of 'definitions' must match (annotation?, (simpleType | complexType)?, (unique | key | keyref)*)). A problem was found starting at: attribute.
2024-12-02 23:20:47,047 [INFO] PluginManage:359 - Loaded plugin pinoutconfig (category:base,tabindex:0)
2024-12-02 23:20:47,047 [INFO] PluginManage:310 - Check plugin power
2024-12-02 23:20:47,109 [INFO] PluginManage:359 - Loaded plugin power (category:power,tabindex:4)
2024-12-02 23:20:47,109 [INFO] PluginManage:310 - Check plugin projectmanager
2024-12-02 23:20:47,201 [INFO] PluginManage:359 - Loaded plugin projectmanager (category:projectmanager,tabindex:3)
2024-12-02 23:20:47,201 [INFO] PluginManage:310 - Check plugin thirdparty
2024-12-02 23:20:47,769 [INFO] PluginManage:359 - Loaded plugin thirdparty (category:base,tabindex:-1)
2024-12-02 23:20:47,769 [WARN] IntegrityCheckThread:84 - waiting for thirdparty lock release [integrity check]
2024-12-02 23:20:47,769 [INFO] PluginManage:310 - Check plugin tools
2024-12-02 23:20:47,769 [INFO] IntegrityCheckThread:86 - entering critical section [integrity check]
2024-12-02 23:20:47,770 [INFO] ThirdPartyUpdaterWithRetryManager:70 - Updater plugin not ready yet. [1/15]
2024-12-02 23:20:47,842 [INFO] PluginManage:359 - Loaded plugin tools (category:base,tabindex:7)
2024-12-02 23:20:47,842 [INFO] PluginManage:310 - Check plugin tutovideos
2024-12-02 23:20:48,220 [INFO] PluginManage:359 - Loaded plugin tutovideos (category:base,tabindex:-1)
2024-12-02 23:20:48,220 [INFO] PluginManage:310 - Check plugin updater
2024-12-02 23:20:48,241 [INFO] PluginManage:359 - Loaded plugin updater (category:base,tabindex:12)
2024-12-02 23:20:48,241 [INFO] PluginManage:310 - Check plugin userauth
2024-12-02 23:20:48,248 [INFO] UserAuth:114 - Init User Auth plugin
2024-12-02 23:20:48,249 [INFO] PluginManage:359 - Loaded plugin userauth (category:base,tabindex:14)
2024-12-02 23:20:48,250 [INFO] PluginManage:283 - PluginManage : Loaded plugins [17]
2024-12-02 23:20:48,732 [INFO] PinOutPanel:1561 - setPackage(No Configuration,No Configuration)
2024-12-02 23:20:48,917 [INFO] CADModel:165 - CPN selected for project level
2024-12-02 23:20:48,917 [INFO] CADModel:114 - Register for checkConnection events
2024-12-02 23:20:48,994 [INFO] IPUIPlugin:80 - create IPUIPlugin
2024-12-02 23:20:48,995 [INFO] PluginManager:220 - loadIPPluginJar : add adc
2024-12-02 23:20:49,222 [INFO] IPUIPlugin:80 - create IPUIPlugin
2024-12-02 23:20:49,222 [INFO] PluginManager:220 - loadIPPluginJar : add aes
2024-12-02 23:20:49,378 [INFO] IPUIPlugin:80 - create IPUIPlugin
2024-12-02 23:20:49,378 [INFO] PluginManager:220 - loadIPPluginJar : add can
2024-12-02 23:20:49,424 [INFO] IPUIPlugin:80 - create IPUIPlugin
2024-12-02 23:20:49,425 [INFO] PluginManager:220 - loadIPPluginJar : add comp
2024-12-02 23:20:49,487 [INFO] IPUIPlugin:80 - create IPUIPlugin
2024-12-02 23:20:49,487 [INFO] PluginManager:220 - loadIPPluginJar : add cryp
2024-12-02 23:20:49,547 [INFO] IPUIPlugin:80 - create IPUIPlugin
2024-12-02 23:20:49,547 [INFO] PluginManager:220 - loadIPPluginJar : add dfsdm
2024-12-02 23:20:49,570 [INFO] IPUIPlugin:80 - create IPUIPlugin
2024-12-02 23:20:49,570 [INFO] PluginManager:220 - loadIPPluginJar : add dma
2024-12-02 23:20:49,654 [INFO] IPUIPlugin:80 - create IPUIPlugin
2024-12-02 23:20:49,654 [INFO] PluginManager:220 - loadIPPluginJar : add dma3
2024-12-02 23:20:49,746 [INFO] IPUIPlugin:80 - create IPUIPlugin
2024-12-02 23:20:49,746 [INFO] PluginManager:220 - loadIPPluginJar : add extmemmanager
2024-12-02 23:20:49,783 [INFO] IPUIPlugin:80 - create IPUIPlugin
2024-12-02 23:20:49,783 [INFO] PluginManager:220 - loadIPPluginJar : add fatfs
2024-12-02 23:20:49,869 [INFO] IPUIPlugin:80 - create IPUIPlugin
2024-12-02 23:20:49,869 [INFO] PluginManager:220 - loadIPPluginJar : add fmc
2024-12-02 23:20:49,921 [INFO] IPUIPlugin:80 - create IPUIPlugin
2024-12-02 23:20:49,921 [INFO] PluginManager:220 - loadIPPluginJar : add freertos
2024-12-02 23:20:49,980 [INFO] IPUIPlugin:80 - create IPUIPlugin
2024-12-02 23:20:49,980 [INFO] PluginManager:220 - loadIPPluginJar : add genericplugin
2024-12-02 23:20:50,167 [INFO] IPUIPlugin:80 - create IPUIPlugin
2024-12-02 23:20:50,168 [INFO] PluginManager:220 - loadIPPluginJar : add gfxmmu
2024-12-02 23:20:50,427 [INFO] IPUIPlugin:80 - create IPUIPlugin
2024-12-02 23:20:50,428 [INFO] PluginManager:220 - loadIPPluginJar : add gic
2024-12-02 23:20:50,449 [INFO] IPUIPlugin:80 - create IPUIPlugin
2024-12-02 23:20:50,449 [INFO] PluginManager:220 - loadIPPluginJar : add gpio
2024-12-02 23:20:50,752 [INFO] IPUIPlugin:80 - create IPUIPlugin
2024-12-02 23:20:50,753 [INFO] PluginManager:220 - loadIPPluginJar : add gtzc
2024-12-02 23:20:50,780 [INFO] ThirdPartyUpdaterWithRetryManager:70 - Updater plugin not ready yet. [2/15]
2024-12-02 23:20:50,827 [INFO] IPUIPlugin:80 - create IPUIPlugin
2024-12-02 23:20:50,828 [INFO] PluginManager:220 - loadIPPluginJar : add hash
2024-12-02 23:20:50,945 [INFO] IPUIPlugin:80 - create IPUIPlugin
2024-12-02 23:20:50,945 [INFO] PluginManager:220 - loadIPPluginJar : add i2c
2024-12-02 23:20:51,030 [INFO] IPUIPlugin:80 - create IPUIPlugin
2024-12-02 23:20:51,031 [INFO] PluginManager:220 - loadIPPluginJar : add i2s
2024-12-02 23:20:51,117 [INFO] IPUIPlugin:80 - create IPUIPlugin
2024-12-02 23:20:51,117 [INFO] PluginManager:220 - loadIPPluginJar : add i3c
2024-12-02 23:20:51,322 [INFO] IPUIPlugin:80 - create IPUIPlugin
2024-12-02 23:20:51,322 [INFO] PluginManager:220 - loadIPPluginJar : add ipddr
2024-12-02 23:20:51,537 [INFO] IPUIPlugin:80 - create IPUIPlugin
2024-12-02 23:20:51,537 [INFO] PluginManager:220 - loadIPPluginJar : add linkedlist
2024-12-02 23:20:51,630 [INFO] IPUIPlugin:80 - create IPUIPlugin
2024-12-02 23:20:51,630 [INFO] PluginManager:220 - loadIPPluginJar : add lorawan
2024-12-02 23:20:51,716 [INFO] IPUIPlugin:80 - create IPUIPlugin
2024-12-02 23:20:51,716 [INFO] PluginManager:220 - loadIPPluginJar : add ltdc
2024-12-02 23:20:51,835 [INFO] IPUIPlugin:80 - create IPUIPlugin
2024-12-02 23:20:51,836 [INFO] PluginManager:220 - loadIPPluginJar : add mdma
2024-12-02 23:20:51,864 [INFO] IPUIPlugin:80 - create IPUIPlugin
2024-12-02 23:20:51,865 [INFO] PluginManager:220 - loadIPPluginJar : add nvic
2024-12-02 23:20:51,960 [INFO] IPUIPlugin:80 - create IPUIPlugin
2024-12-02 23:20:51,960 [INFO] PluginManager:220 - loadIPPluginJar : add opamp
2024-12-02 23:20:52,096 [INFO] IPUIPlugin:80 - create IPUIPlugin
2024-12-02 23:20:52,096 [INFO] PluginManager:220 - loadIPPluginJar : add openamp
2024-12-02 23:20:52,179 [INFO] IPUIPlugin:80 - create IPUIPlugin
2024-12-02 23:20:52,180 [INFO] PluginManager:220 - loadIPPluginJar : add pdm2pcm
2024-12-02 23:20:52,205 [INFO] IPUIPlugin:80 - create IPUIPlugin
2024-12-02 23:20:52,214 [INFO] PluginManager:220 - loadIPPluginJar : add plateformsettings
2024-12-02 23:20:52,278 [INFO] IPUIPlugin:80 - create IPUIPlugin
2024-12-02 23:20:52,279 [INFO] PluginManager:220 - loadIPPluginJar : add quadspi
2024-12-02 23:20:52,360 [INFO] IPUIPlugin:80 - create IPUIPlugin
2024-12-02 23:20:52,360 [INFO] PluginManager:220 - loadIPPluginJar : add resmgrutility
2024-12-02 23:20:52,519 [INFO] IPUIPlugin:80 - create IPUIPlugin
2024-12-02 23:20:52,519 [INFO] PluginManager:220 - loadIPPluginJar : add sai
2024-12-02 23:20:52,594 [INFO] IPUIPlugin:80 - create IPUIPlugin
2024-12-02 23:20:52,594 [INFO] PluginManager:220 - loadIPPluginJar : add spi
2024-12-02 23:20:52,718 [INFO] IPUIPlugin:80 - create IPUIPlugin
2024-12-02 23:20:52,718 [INFO] PluginManager:220 - loadIPPluginJar : add stm32_wpan
2024-12-02 23:20:52,760 [INFO] IPUIPlugin:80 - create IPUIPlugin
2024-12-02 23:20:52,760 [INFO] PluginManager:220 - loadIPPluginJar : add tim
2024-12-02 23:20:52,876 [INFO] IPUIPlugin:80 - create IPUIPlugin
2024-12-02 23:20:52,877 [INFO] PluginManager:220 - loadIPPluginJar : add touchsensing
2024-12-02 23:20:52,919 [INFO] IPUIPlugin:80 - create IPUIPlugin
2024-12-02 23:20:52,919 [INFO] PluginManager:220 - loadIPPluginJar : add tracer_emb
2024-12-02 23:20:52,966 [INFO] IPUIPlugin:80 - create IPUIPlugin
2024-12-02 23:20:52,966 [INFO] PluginManager:220 - loadIPPluginJar : add ts
2024-12-02 23:20:53,015 [INFO] IPUIPlugin:80 - create IPUIPlugin
2024-12-02 23:20:53,015 [INFO] PluginManager:220 - loadIPPluginJar : add tsc
2024-12-02 23:20:53,052 [INFO] IPUIPlugin:80 - create IPUIPlugin
2024-12-02 23:20:53,052 [INFO] PluginManager:220 - loadIPPluginJar : add ucpd
2024-12-02 23:20:53,153 [INFO] IPUIPlugin:80 - create IPUIPlugin
2024-12-02 23:20:53,153 [INFO] PluginManager:220 - loadIPPluginJar : add usart
2024-12-02 23:20:53,235 [INFO] IPUIPlugin:80 - create IPUIPlugin
2024-12-02 23:20:53,235 [INFO] PluginManager:220 - loadIPPluginJar : add usbx
2024-12-02 23:20:53,410 [INFO] CADModel:165 - CPN selected for project level
2024-12-02 23:20:53,410 [INFO] CADModel:114 - Register for checkConnection events
2024-12-02 23:20:53,410 [FATAL] Updater:308 - Updater called before beeing initialized
2024-12-02 23:20:53,410 [ERROR] CADModel:125 - Updater not yet initialized, retry later 
2024-12-02 23:20:53,631 [INFO] CADModel:165 - CPN selected for project level
2024-12-02 23:20:53,631 [INFO] CADModel:114 - Register for checkConnection events
2024-12-02 23:20:53,631 [FATAL] Updater:308 - Updater called before beeing initialized
2024-12-02 23:20:53,631 [ERROR] CADModel:125 - Updater not yet initialized, retry later 
2024-12-02 23:20:53,634 [FATAL] Updater:308 - Updater called before beeing initialized
2024-12-02 23:20:53,789 [INFO] ThirdPartyUpdaterWithRetryManager:70 - Updater plugin not ready yet. [3/15]
2024-12-02 23:20:53,892 [FATAL] Updater:308 - Updater called before beeing initialized
2024-12-02 23:20:53,917 [INFO] DbMcusAds:53 - JSON generation date=Fri Sep 20 20:04:38 ICT 2024 (1726837478367)
2024-12-02 23:20:53,917 [FATAL] Updater:308 - Updater called before beeing initialized
2024-12-02 23:20:54,163 [WARN] DetailPanel:346 - Failed to get advertising image, set to default
2024-12-02 23:20:54,688 [FATAL] Updater:308 - Updater called before beeing initialized
2024-12-02 23:20:54,751 [FATAL] Updater:308 - Updater called before beeing initialized
2024-12-02 23:20:54,751 [FATAL] Updater:308 - Updater called before beeing initialized
2024-12-02 23:20:54,752 [WARN] DetailPanel:346 - Failed to get advertising image, set to default
2024-12-02 23:20:54,753 [FATAL] Updater:308 - Updater called before beeing initialized
2024-12-02 23:20:55,071 [ERROR] Updater:1120 - MainUpdater not yet initialized. External WinMGr cannot be set.
2024-12-02 23:20:55,104 [INFO] Updater:1056 - Updater Version found : 6.11.1
2024-12-02 23:20:55,171 [INFO] ApplicationProperties:184 - Using Application install path: C:\ST\STM32CubeIDE_1.13.2\STM32CubeIDE\plugins\com.st.stm32cube.common.mx_6.11.1.202404110753
2024-12-02 23:20:56,290 [INFO] MainUpdater:2873 - connection check result : 10
2024-12-02 23:20:56,291 [INFO] MainUpdater:3567 - Updater definition file requires update
2024-12-02 23:20:56,293 [INFO] MainUpdater:290 - Updater Check For Update Now.
2024-12-02 23:20:56,293 [INFO] MicroXplorer:498 - Change Database Version : DB.6.0.111
2024-12-02 23:20:56,346 [INFO] McuFinderGlobals:63 - Set McuFinder mode to 2 (CubeIDE integrated)
2024-12-02 23:20:56,371 [INFO] UserAuth:415 - Internet connection configuration mode: 1
2024-12-02 23:20:56,487 [INFO] JxBrowserEngine:152 - Initiate JxBrowser Engine with user profile folder
2024-12-02 23:20:56,600 [INFO] ServerAccessManage:473 - Download File updaters.zip
2024-12-02 23:20:56,794 [WARN] MainUpdater:1194 - Updater busy. Cannot search thirdparties
2024-12-02 23:20:56,796 [INFO] ThirdPartyUpdaterWithRetryManager:96 - Updater plugin is busy. [1/15]
2024-12-02 23:20:57,049 [INFO] FileExtend:240 - Unzip File : updaters.zip
2024-12-02 23:20:57,049 [INFO] FileExtend:255 - Standard Zip Deflate
2024-12-02 23:20:58,856 [INFO] ServerAccessManage:473 - Download File PacksControlFlags.xml
2024-12-02 23:20:59,861 [WARN] MainUpdater:1194 - Updater busy. Cannot search thirdparties
2024-12-02 23:20:59,861 [INFO] ThirdPartyUpdaterWithRetryManager:96 - Updater plugin is busy. [2/15]
2024-12-02 23:20:59,973 [INFO] ServerAccessManage:473 - Download File cubemx.pidx
2024-12-02 23:21:00,991 [INFO] ServerAccessManage:473 - Download File STMicroelectronics.FP-ATR-ASTRA1.pdsc
2024-12-02 23:21:02,985 [WARN] MainUpdater:1194 - Updater busy. Cannot search thirdparties
2024-12-02 23:21:02,986 [INFO] ThirdPartyUpdaterWithRetryManager:96 - Updater plugin is busy. [3/15]
2024-12-02 23:21:06,063 [WARN] MainUpdater:1194 - Updater busy. Cannot search thirdparties
2024-12-02 23:21:06,063 [INFO] ThirdPartyUpdaterWithRetryManager:96 - Updater plugin is busy. [4/15]
2024-12-02 23:21:09,066 [WARN] MainUpdater:1194 - Updater busy. Cannot search thirdparties
2024-12-02 23:21:09,066 [INFO] ThirdPartyUpdaterWithRetryManager:96 - Updater plugin is busy. [5/15]
2024-12-02 23:21:09,445 [INFO] ServerAccessManage:473 - Download File quantropi.X-CUBE-qispace-sdk-base.pdsc
2024-12-02 23:21:09,992 [WARN] PackLoader:240 - Cannot read IP mode file for STMicroelectronics.FP-ATR-ASTRA1.2.0.1
2024-12-02 23:21:10,018 [WARN] ConditionMgr:438 - getConditionDescription Invalid condition id : Cortex-A Device cause : null
2024-12-02 23:21:10,149 [WARN] ConditionMgr:1039 - genDependencies : Invalid condition id : Cortex-A Device cause : null
2024-12-02 23:21:10,150 [WARN] ConditionMgr:1039 - genDependencies : Invalid condition id : Cortex-A Device cause : null
2024-12-02 23:21:10,150 [WARN] ConditionMgr:1039 - genDependencies : Invalid condition id : Cortex-A Device cause : null
2024-12-02 23:21:10,152 [INFO] PopulateThirdPartyThread:66 - Ending populate Thread
2024-12-02 23:21:10,154 [INFO] ThirdParty:1030 - CMSIS Pack Vendor :STMicroelectronics FP-ATR-ASTRA1 2.0.1
2024-12-02 23:21:10,154 [INFO] ThirdParty:1030 - CMSIS Pack Vendor :quantropi X-CUBE-qispace-sdk-base 1.9.3
2024-12-02 23:21:10,155 [INFO] LoadServerUpdatesThread:375 - End of LoadServerUpdate Thread
2024-12-02 23:21:10,410 [INFO] CheckServerUpdateThread:120 - End of CheckServer Thread
2024-12-02 23:21:12,619 [WARN] PackLoader:240 - Cannot read IP mode file for STMicroelectronics.FP-SNS-MOTENVWB1.1.4.0
2024-12-02 23:21:12,630 [WARN] PackLoader:240 - Cannot read IP mode file for STMicroelectronics.FP-ATR-ASTRA1.2.0.1
2024-12-02 23:21:12,661 [WARN] PackLoader:240 - Cannot read IP mode file for STMicroelectronics.X-CUBE-SMBUS.2.1.0
2024-12-02 23:21:12,706 [WARN] PackLoader:240 - Cannot read IP mode file for STMicroelectronics.X-CUBE-WB05N.1.1.0
2024-12-02 23:21:12,746 [WARN] PackLoader:240 - Cannot read IP mode file for STMicroelectronics.X-CUBE-TOUCHGFX.4.23.1
2024-12-02 23:21:12,788 [WARN] PackLoader:240 - Cannot read IP mode file for STMicroelectronics.X-CUBE-TOUCHGFX.4.23.0
2024-12-02 23:21:12,862 [WARN] PackLoader:240 - Cannot read IP mode file for STMicroelectronics.X-CUBE-TOUCHGFX.4.23.2
2024-12-02 23:21:13,188 [WARN] PackLoader:240 - Cannot read IP mode file for STMicroelectronics.X-CUBE-AZRTOS-F7.1.1.0
2024-12-02 23:21:13,363 [WARN] PackLoader:240 - Cannot read IP mode file for STMicroelectronics.FP-SNS-MOTENV1.4.3.2
2024-12-02 23:21:13,889 [WARN] PackLoader:240 - Cannot read IP mode file for STMicroelectronics.X-CUBE-MEMS1.11.0.0
2024-12-02 23:21:14,729 [WARN] PackLoader:240 - Cannot read IP mode file for STMicroelectronics.FP-SNS-FLIGHT1.5.0.2
2024-12-02 23:21:14,772 [WARN] PackLoader:240 - Cannot read IP mode file for STMicroelectronics.X-CUBE-DISPLAY.3.0.0
2024-12-02 23:21:14,826 [WARN] PackLoader:240 - Cannot read IP mode file for STMicroelectronics.X-CUBE-BLE1.7.0.0
2024-12-02 23:21:14,883 [WARN] PackLoader:240 - Cannot read IP mode file for STMicroelectronics.X-CUBE-NFC10.1.0.0
2024-12-02 23:21:14,935 [WARN] PackLoader:240 - Cannot read IP mode file for emotas.I-CUBE-CANOPEN.1.3.0
2024-12-02 23:21:15,000 [WARN] PackLoader:240 - Cannot read IP mode file for STMicroelectronics.X-CUBE-TOUCHGFX.4.22.1
2024-12-02 23:21:15,052 [WARN] PackLoader:240 - Cannot read IP mode file for STMicroelectronics.X-CUBE-BLEMGR.3.1.0
2024-12-02 23:21:15,133 [INFO] LogOutputStream:77 - [STDOUT_REDIRECT] 1 : Invalid condition id : UX_CORESTACK_Condition cause : null
2024-12-02 23:21:15,134 [INFO] LogOutputStream:77 - [STDOUT_REDIRECT] 1 : Invalid condition id : UX_CORESTACK_Condition cause : null
2024-12-02 23:21:15,136 [INFO] LogOutputStream:77 - [STDOUT_REDIRECT] 1 : Invalid condition id : UX_CORESTACK_Condition cause : null
2024-12-02 23:21:15,138 [INFO] LogOutputStream:77 - [STDOUT_REDIRECT] 1 : Invalid condition id : UX_CORESTACK_Condition cause : null
2024-12-02 23:21:15,142 [INFO] LogOutputStream:77 - [STDOUT_REDIRECT] 1 : Invalid condition id : UX_CORESTACK_Condition cause : null
2024-12-02 23:21:15,147 [WARN] PackLoader:240 - Cannot read IP mode file for STMicroelectronics.X-CUBE-AZRTOS-WL.2.0.0
2024-12-02 23:21:15,181 [WARN] PackLoader:240 - Cannot read IP mode file for STMicroelectronics.FP-SNS-MOTENV1.5.0.0
2024-12-02 23:21:15,221 [WARN] PackLoader:240 - Cannot read IP mode file for wolfSSL.I-CUBE-wolfMQTT.1.19.0
2024-12-02 23:21:15,305 [WARN] PackLoader:240 - Cannot read IP mode file for WES.I-CUBE-Cesium.1.3.0
2024-12-02 23:21:15,353 [WARN] PackLoader:240 - Cannot read IP mode file for STMicroelectronics.X-CUBE-BLE2.3.3.0
2024-12-02 23:21:15,422 [WARN] PackLoader:240 - Cannot read IP mode file for STMicroelectronics.X-CUBE-NFC9.1.0.0
2024-12-02 23:21:15,462 [WARN] PackLoader:240 - Cannot read IP mode file for STMicroelectronics.X-CUBE-TCPP.4.1.0
2024-12-02 23:21:15,500 [WARN] PackLoader:240 - Cannot read IP mode file for STMicroelectronics.X-CUBE-ALGOBUILD.1.3.0
2024-12-02 23:21:15,587 [WARN] PackLoader:240 - Cannot read IP mode file for STMicroelectronics.X-CUBE-AZRTOS-G0.1.1.0
2024-12-02 23:21:15,644 [WARN] PackLoader:240 - Cannot read IP mode file for STMicroelectronics.X-CUBE-SAFEA1.1.2.2
2024-12-02 23:21:15,698 [WARN] PackLoader:240 - Cannot read IP mode file for STMicroelectronics.X-CUBE-NFC4.3.0.0
2024-12-02 23:21:15,744 [WARN] PackLoader:240 - Cannot read IP mode file for wolfSSL.I-CUBE-wolfMQTT.1.18.0
2024-12-02 23:21:15,815 [WARN] PackLoader:240 - Cannot read IP mode file for EmbeddedOffice.I-CUBE-FS-RTOS.1.0.1
2024-12-02 23:21:15,815 [ERROR] ConditionMgr:805 - Attr not supported : Dmpu
2024-12-02 23:21:15,816 [ERROR] ConditionMgr:805 - Attr not supported : Dmpu
2024-12-02 23:21:15,845 [ERROR] ConditionMgr:805 - Attr not supported : Dmpu
2024-12-02 23:21:15,846 [ERROR] ConditionMgr:805 - Attr not supported : Dmpu
2024-12-02 23:21:15,846 [ERROR] ConditionMgr:805 - Attr not supported : Dmpu
2024-12-02 23:21:15,846 [ERROR] ConditionMgr:805 - Attr not supported : Dmpu
2024-12-02 23:21:15,847 [ERROR] ConditionMgr:805 - Attr not supported : Dmpu
2024-12-02 23:21:15,847 [ERROR] ConditionMgr:805 - Attr not supported : Dmpu
2024-12-02 23:21:15,847 [ERROR] ConditionMgr:805 - Attr not supported : Dmpu
2024-12-02 23:21:15,847 [ERROR] ConditionMgr:805 - Attr not supported : Dmpu
2024-12-02 23:21:15,848 [ERROR] ConditionMgr:805 - Attr not supported : Dmpu
2024-12-02 23:21:15,848 [ERROR] ConditionMgr:805 - Attr not supported : Dmpu
2024-12-02 23:21:15,848 [ERROR] ConditionMgr:805 - Attr not supported : Dmpu
2024-12-02 23:21:15,848 [ERROR] ConditionMgr:805 - Attr not supported : Dmpu
2024-12-02 23:21:15,849 [ERROR] ConditionMgr:805 - Attr not supported : Dmpu
2024-12-02 23:21:15,849 [ERROR] ConditionMgr:805 - Attr not supported : Dmpu
2024-12-02 23:21:15,849 [ERROR] ConditionMgr:805 - Attr not supported : Dmpu
2024-12-02 23:21:15,849 [ERROR] ConditionMgr:805 - Attr not supported : Dmpu
2024-12-02 23:21:15,849 [ERROR] ConditionMgr:805 - Attr not supported : Dmpu
2024-12-02 23:21:15,849 [ERROR] ConditionMgr:805 - Attr not supported : Dmpu
2024-12-02 23:21:15,849 [ERROR] ConditionMgr:805 - Attr not supported : Dmpu
2024-12-02 23:21:15,849 [ERROR] ConditionMgr:805 - Attr not supported : Dmpu
2024-12-02 23:21:15,849 [ERROR] ConditionMgr:805 - Attr not supported : Dmpu
2024-12-02 23:21:15,849 [ERROR] ConditionMgr:805 - Attr not supported : Dmpu
2024-12-02 23:21:15,850 [ERROR] ConditionMgr:805 - Attr not supported : Dmpu
2024-12-02 23:21:15,850 [ERROR] ConditionMgr:805 - Attr not supported : Dmpu
2024-12-02 23:21:15,850 [ERROR] ConditionMgr:805 - Attr not supported : Dmpu
2024-12-02 23:21:15,850 [ERROR] ConditionMgr:805 - Attr not supported : Dmpu
2024-12-02 23:21:15,850 [ERROR] ConditionMgr:805 - Attr not supported : Dmpu
2024-12-02 23:21:15,850 [ERROR] ConditionMgr:805 - Attr not supported : Dmpu
2024-12-02 23:21:15,850 [ERROR] ConditionMgr:805 - Attr not supported : Dmpu
2024-12-02 23:21:15,850 [ERROR] ConditionMgr:805 - Attr not supported : Dmpu
2024-12-02 23:21:15,850 [ERROR] ConditionMgr:805 - Attr not supported : Dmpu
2024-12-02 23:21:15,851 [ERROR] ConditionMgr:805 - Attr not supported : Dmpu
2024-12-02 23:21:15,851 [ERROR] ConditionMgr:805 - Attr not supported : Dmpu
2024-12-02 23:21:15,851 [ERROR] ConditionMgr:805 - Attr not supported : Dmpu
2024-12-02 23:21:15,851 [ERROR] ConditionMgr:805 - Attr not supported : Dmpu
2024-12-02 23:21:15,851 [ERROR] ConditionMgr:805 - Attr not supported : Dmpu
2024-12-02 23:21:15,851 [ERROR] ConditionMgr:805 - Attr not supported : Dmpu
2024-12-02 23:21:15,851 [ERROR] ConditionMgr:805 - Attr not supported : Dmpu
2024-12-02 23:21:15,851 [ERROR] ConditionMgr:805 - Attr not supported : Dmpu
2024-12-02 23:21:15,852 [ERROR] ConditionMgr:805 - Attr not supported : Dmpu
2024-12-02 23:21:15,852 [ERROR] ConditionMgr:805 - Attr not supported : Dmpu
2024-12-02 23:21:15,852 [ERROR] ConditionMgr:805 - Attr not supported : Dmpu
2024-12-02 23:21:15,852 [ERROR] ConditionMgr:805 - Attr not supported : Dmpu
2024-12-02 23:21:15,852 [ERROR] ConditionMgr:805 - Attr not supported : Dmpu
2024-12-02 23:21:15,853 [ERROR] ConditionMgr:805 - Attr not supported : Dmpu
2024-12-02 23:21:15,853 [ERROR] ConditionMgr:805 - Attr not supported : Dmpu
2024-12-02 23:21:15,853 [ERROR] ConditionMgr:805 - Attr not supported : Dmpu
2024-12-02 23:21:15,853 [ERROR] ConditionMgr:805 - Attr not supported : Dmpu
2024-12-02 23:21:15,853 [ERROR] ConditionMgr:805 - Attr not supported : Dmpu
2024-12-02 23:21:15,853 [ERROR] ConditionMgr:805 - Attr not supported : Dmpu
2024-12-02 23:21:15,854 [ERROR] ConditionMgr:805 - Attr not supported : Dmpu
2024-12-02 23:21:15,854 [ERROR] ConditionMgr:805 - Attr not supported : Dmpu
2024-12-02 23:21:15,854 [ERROR] ConditionMgr:805 - Attr not supported : Dmpu
2024-12-02 23:21:15,854 [ERROR] ConditionMgr:805 - Attr not supported : Dmpu
2024-12-02 23:21:15,854 [ERROR] ConditionMgr:805 - Attr not supported : Dmpu
2024-12-02 23:21:15,855 [ERROR] ConditionMgr:805 - Attr not supported : Dmpu
2024-12-02 23:21:15,855 [ERROR] ConditionMgr:805 - Attr not supported : Dmpu
2024-12-02 23:21:15,855 [ERROR] ConditionMgr:805 - Attr not supported : Dmpu
2024-12-02 23:21:15,855 [ERROR] ConditionMgr:805 - Attr not supported : Dmpu
2024-12-02 23:21:15,855 [ERROR] ConditionMgr:805 - Attr not supported : Dmpu
2024-12-02 23:21:15,855 [ERROR] ConditionMgr:805 - Attr not supported : Dmpu
2024-12-02 23:21:15,855 [ERROR] ConditionMgr:805 - Attr not supported : Dmpu
2024-12-02 23:21:15,935 [WARN] PackLoader:240 - Cannot read IP mode file for STMicroelectronics.X-CUBE-BLEMGR.3.0.0
2024-12-02 23:21:15,989 [WARN] PackLoader:240 - Cannot read IP mode file for RealThread.X-CUBE-RT-Thread_Nano.4.1.1
2024-12-02 23:21:16,018 [WARN] PackLoader:240 - Cannot read IP mode file for STMicroelectronics.FP-ATR-SIGFOX1.3.2.0
2024-12-02 23:21:16,038 [WARN] ConditionMgr:438 - getConditionDescription Invalid condition id : Cortex-A Device cause : null
2024-12-02 23:21:16,082 [WARN] ConditionMgr:1039 - genDependencies : Invalid condition id : Cortex-A Device cause : null
2024-12-02 23:21:16,083 [WARN] ConditionMgr:1039 - genDependencies : Invalid condition id : Cortex-A Device cause : null
2024-12-02 23:21:16,083 [WARN] ConditionMgr:1039 - genDependencies : Invalid condition id : Cortex-A Device cause : null
2024-12-02 23:21:16,118 [WARN] PackLoader:240 - Cannot read IP mode file for STMicroelectronics.X-CUBE-EEPRMA1.5.1.0
2024-12-02 23:21:16,316 [WARN] PackLoader:240 - Cannot read IP mode file for SEGGER.I-CUBE-embOS.1.3.1
2024-12-02 23:21:16,539 [WARN] PackLoader:240 - Cannot read IP mode file for STMicroelectronics.X-CUBE-ALGOBUILD.1.4.0
2024-12-02 23:21:16,618 [WARN] PackLoader:240 - Cannot read IP mode file for STMicroelectronics.X-CUBE-AI.9.1.0
2024-12-02 23:21:16,699 [WARN] PackLoader:240 - Cannot read IP mode file for STMicroelectronics.X-CUBE-GNSS1.6.0.0
2024-12-02 23:21:16,800 [WARN] PackLoader:240 - Cannot read IP mode file for STMicroelectronics.X-CUBE-AZRTOS-F4.1.1.0
2024-12-02 23:21:16,918 [WARN] PackLoader:240 - Cannot read IP mode file for wolfSSL.I-CUBE-wolfSSL.5.6.3
2024-12-02 23:21:17,001 [WARN] PackLoader:240 - Cannot read IP mode file for STMicroelectronics.X-CUBE-ISPU.2.1.0
2024-12-02 23:21:17,050 [WARN] PackLoader:240 - Cannot read IP mode file for STMicroelectronics.X-CUBE-FREERTOS.1.2.0
2024-12-02 23:21:17,177 [WARN] PackLoader:240 - Cannot read IP mode file for STMicroelectronics.X-CUBE-AZRTOS-L5.2.0.0
2024-12-02 23:21:17,221 [WARN] PackLoader:240 - Cannot read IP mode file for STMicroelectronics.X-CUBE-EEPRMA1.4.2.0
2024-12-02 23:21:17,288 [WARN] PackLoader:240 - Cannot read IP mode file for STMicroelectronics.X-CUBE-NFC6.3.1.0
2024-12-02 23:21:17,348 [WARN] PackLoader:240 - Cannot read IP mode file for ITTIA_DB.I-CUBE-ITTIADB.8.8.0
2024-12-02 23:21:17,396 [WARN] PackLoader:240 - Cannot read IP mode file for STMicroelectronics.X-CUBE-BLEMGR.2.0.0
2024-12-02 23:21:17,430 [WARN] PackLoader:240 - Cannot read IP mode file for STMicroelectronics.X-CUBE-DPower.1.2.0
2024-12-02 23:21:17,458 [WARN] PackLoader:240 - Cannot read IP mode file for STMicroelectronics.X-CUBE-AI.9.0.0
2024-12-02 23:21:17,577 [WARN] ConditionMgr:438 - getConditionDescription Invalid condition id : UX DEVICE CLASS RTOS Condition cause : null
2024-12-02 23:21:17,577 [WARN] ConditionMgr:438 - getConditionDescription Invalid condition id : UX DEVICE CLASS RTOS Condition cause : null
2024-12-02 23:21:17,583 [WARN] PackLoader:240 - Cannot read IP mode file for STMicroelectronics.X-CUBE-AZRTOS-H7.3.1.0
2024-12-02 23:21:17,584 [WARN] ConditionMgr:1039 - genDependencies : Invalid condition id : UX DEVICE CLASS RTOS Condition cause : null
2024-12-02 23:21:17,584 [WARN] ConditionMgr:1039 - genDependencies : Invalid condition id : UX DEVICE CLASS RTOS Condition cause : null
2024-12-02 23:21:17,585 [WARN] ConditionMgr:1039 - genDependencies : Invalid condition id : UX DEVICE CLASS RTOS Condition cause : null
2024-12-02 23:21:17,586 [WARN] ConditionMgr:1039 - genDependencies : Invalid condition id : UX DEVICE CLASS RTOS Condition cause : null
2024-12-02 23:21:17,586 [WARN] ConditionMgr:1039 - genDependencies : Invalid condition id : UX DEVICE CLASS RTOS Condition cause : null
2024-12-02 23:21:17,732 [WARN] PackLoader:240 - Cannot read IP mode file for STMicroelectronics.X-CUBE-NFC7.1.0.1
2024-12-02 23:21:17,751 [WARN] PackLoader:240 - Cannot read IP mode file for wolfSSL.I-CUBE-wolfTPM.3.2.0
2024-12-02 23:21:17,803 [WARN] PackLoader:240 - Cannot read IP mode file for STMicroelectronics.X-CUBE-NFC6.3.0.0
2024-12-02 23:21:17,868 [WARN] PackLoader:240 - Cannot read IP mode file for STMicroelectronics.X-CUBE-EEPRMA1.4.1.0
2024-12-02 23:21:17,930 [WARN] PackLoader:240 - Cannot read IP mode file for STMicroelectronics.X-CUBE-AI.8.1.0
2024-12-02 23:21:18,001 [WARN] ConditionMgr:438 - getConditionDescription Invalid condition id : LAN8742 Phy interface Condition cause : null
2024-12-02 23:21:18,010 [WARN] PackLoader:240 - Cannot read IP mode file for STMicroelectronics.X-CUBE-AZRTOS-L4.2.0.0
2024-12-02 23:21:18,014 [WARN] ConditionMgr:1039 - genDependencies : Invalid condition id : LAN8742 Phy interface Condition cause : null
2024-12-02 23:21:18,014 [WARN] ConditionMgr:1039 - genDependencies : Invalid condition id : LAN8742 Phy interface Condition cause : null
2024-12-02 23:21:18,015 [WARN] ConditionMgr:1039 - genDependencies : Invalid condition id : LAN8742 Phy interface Condition cause : null
2024-12-02 23:21:18,063 [WARN] PackLoader:240 - Cannot read IP mode file for STMicroelectronics.X-CUBE-SFXS2LP1.4.0.0
2024-12-02 23:21:18,097 [WARN] PackLoader:240 - Cannot read IP mode file for STMicroelectronics.X-CUBE-ISPU.1.1.0
2024-12-02 23:21:18,233 [WARN] PackLoader:240 - Cannot read IP mode file for STMicroelectronics.X-CUBE-AZRTOS-H7.3.3.0
2024-12-02 23:21:18,321 [WARN] PackLoader:240 - Cannot read IP mode file for STMicroelectronics.X-CUBE-IPS.3.0.0
2024-12-02 23:21:18,387 [WARN] ConditionMgr:438 - getConditionDescription Invalid condition id : UX DEVICE CLASS RTOS Condition cause : null
2024-12-02 23:21:18,388 [WARN] ConditionMgr:438 - getConditionDescription Invalid condition id : UX DEVICE CLASS RTOS Condition cause : null
2024-12-02 23:21:18,403 [WARN] PackLoader:240 - Cannot read IP mode file for STMicroelectronics.X-CUBE-AZRTOS-WB.2.0.0
2024-12-02 23:21:18,404 [WARN] ConditionMgr:1039 - genDependencies : Invalid condition id : UX DEVICE CLASS RTOS Condition cause : null
2024-12-02 23:21:18,404 [WARN] ConditionMgr:1039 - genDependencies : Invalid condition id : UX DEVICE CLASS RTOS Condition cause : null
2024-12-02 23:21:18,405 [WARN] ConditionMgr:1039 - genDependencies : Invalid condition id : UX DEVICE CLASS RTOS Condition cause : null
2024-12-02 23:21:18,406 [WARN] ConditionMgr:1039 - genDependencies : Invalid condition id : UX DEVICE CLASS RTOS Condition cause : null
2024-12-02 23:21:18,406 [WARN] ConditionMgr:1039 - genDependencies : Invalid condition id : UX DEVICE CLASS RTOS Condition cause : null
2024-12-02 23:21:18,466 [WARN] PackLoader:240 - Cannot read IP mode file for STMicroelectronics.X-CUBE-GNSS1.7.0.0
2024-12-02 23:21:18,536 [WARN] PackLoader:240 - Cannot read IP mode file for STMicroelectronics.FP-SNS-STBOX1.2.0.0
2024-12-02 23:21:18,590 [WARN] PackLoader:240 - Cannot read IP mode file for STMicroelectronics.X-CUBE-SUBG2.5.0.0
2024-12-02 23:21:18,671 [WARN] PackLoader:240 - Cannot read IP mode file for STMicroelectronics.X-CUBE-TOF1.3.3.1
2024-12-02 23:21:18,826 [WARN] PackLoader:240 - Cannot read IP mode file for STMicroelectronics.X-CUBE-AZRTOS-G4.2.0.0
2024-12-02 23:21:18,928 [WARN] PackLoader:240 - Cannot read IP mode file for Infineon.AIROC-Wi-Fi-Bluetooth-STM32.1.5.1
2024-12-02 23:21:18,960 [WARN] PackLoader:240 - Cannot read IP mode file for STMicroelectronics.FP-SNS-MOTENVWB1.1.3.0
2024-12-02 23:21:19,014 [WARN] PackLoader:240 - Cannot read IP mode file for STMicroelectronics.FP-SNS-MOTENVWB1.1.3.1
2024-12-02 23:21:19,054 [WARN] PackLoader:240 - Cannot read IP mode file for STMicroelectronics.X-CUBE-ISPU.2.0.0
2024-12-02 23:21:19,083 [WARN] PackLoader:240 - Cannot read IP mode file for STMicroelectronics.X-CUBE-ALS.1.0.2
2024-12-02 23:21:19,236 [WARN] PackLoader:240 - Cannot read IP mode file for STMicroelectronics.X-CUBE-MEMS1.10.0.0
2024-12-02 23:21:19,730 [WARN] PackLoader:240 - Cannot read IP mode file for STMicroelectronics.X-CUBE-FREERTOS.1.1.0
2024-12-02 23:21:19,785 [WARN] PackLoader:240 - Cannot read IP mode file for STMicroelectronics.X-CUBE-TOUCHGFX.4.24.0
2024-12-02 23:21:19,834 [WARN] PackLoader:240 - Cannot read IP mode file for STMicroelectronics.X-CUBE-TOUCHGFX.4.24.1
2024-12-02 23:21:19,868 [WARN] PackLoader:240 - Cannot read IP mode file for portGmbH.I-Cube-SoM-uGOAL.1.1.0
2024-12-02 23:21:20,012 [WARN] PackLoader:240 - Cannot read IP mode file for STMicroelectronics.X-CUBE-ALS.1.0.1
2024-12-02 23:21:20,152 [WARN] PackLoader:240 - Cannot read IP mode file for STMicroelectronics.X-CUBE-AZRTOS-H7RS.1.0.0
2024-12-02 23:21:20,220 [WARN] PackLoader:240 - Cannot read IP mode file for STMicroelectronics.FP-ATR-ASTRA1.2.0.0
2024-12-02 23:21:20,316 [WARN] PackLoader:240 - Cannot read IP mode file for STMicroelectronics.X-CUBE-TOF1.3.4.2
2024-12-02 23:21:20,384 [WARN] PackLoader:240 - Cannot read IP mode file for STMicroelectronics.X-CUBE-TOF1.3.4.0
2024-12-02 23:21:20,511 [WARN] PackLoader:240 - Cannot read IP mode file for STMicroelectronics.X-CUBE-TOF1.3.4.1
2024-12-02 23:21:20,674 [WARN] PackLoader:240 - Cannot read IP mode file for STMicroelectronics.X-CUBE-AZRTOS-H7.3.2.0
2024-12-02 23:21:20,705 [WARN] PackLoader:240 - Cannot read IP mode file for wolfSSL.I-CUBE-wolfSSH.1.4.17
2024-12-02 23:21:20,709 [INFO] ThirdParty:978 - Integrity check success = true
2024-12-02 23:21:20,709 [INFO] IntegrityCheckThread:100 - exiting critical section [integrity check]
2024-12-02 23:21:20,709 [INFO] IntegrityCheckThread:103 - End integrity checks thread
2024-12-02 23:21:25,620 [INFO] WebApp:161 - Instantiating new browser for Auth
2024-12-02 23:21:27,438 [INFO] WebApp:779 - Register for checkConnection events
2024-12-02 23:21:27,438 [INFO] WebApp:414 - Apply proxy settings
2024-12-02 23:21:27,438 [INFO] WebApp:499 - Chromium requires no authentication
2024-12-02 23:21:27,453 [INFO] WebApp:442 - Direct internet connection detected
2024-12-02 23:21:27,850 [INFO] WebApp:192 - Starting web application
2024-12-02 23:21:27,851 [INFO] WebApp:544 - Web application path used C:\ST\STM32CubeIDE_1.13.2\STM32CubeIDE\plugins\com.st.stm32cube.common.mx_6.11.1.202404110753\db\plugins\mcufinder\reactClient1\index.html
2024-12-02 23:24:40,444 [INFO] McuFinderGlobals:63 - Set McuFinder mode to 2 (CubeIDE integrated)
2024-12-02 23:24:40,483 [INFO] MainUpdater:2873 - connection check result : 10
2024-12-02 23:24:40,518 [INFO] McuFinderGlobals:76 - Set McuFinderConnectedMode to true
2024-12-02 23:24:40,866 [INFO] ServerAccessManage:473 - Download File mcusAds.json._tmp_
2024-12-02 23:24:41,016 [INFO] LoadUrlFilesThread:156 - End of LoadUrlFiles Thread
2024-12-02 23:24:41,278 [INFO] ServerAccessManage:473 - Download File cube-finder-db.zip
2024-12-02 23:24:43,274 [INFO] FileExtend:240 - Unzip File : cube-finder-db.zip
2024-12-02 23:24:43,276 [INFO] FileExtend:255 - Standard Zip Deflate
2024-12-02 23:24:45,410 [INFO] LoadUrlFilesThread:156 - End of LoadUrlFiles Thread
2024-12-02 23:24:46,601 [INFO] ServerAccessManage:473 - Download File crdb.zip
2024-12-02 23:24:49,471 [INFO] FileExtend:240 - Unzip File : crdb.zip
2024-12-02 23:24:49,471 [INFO] FileExtend:255 - Standard Zip Deflate
2024-12-02 23:24:49,616 [INFO] LoadUrlFilesThread:156 - End of LoadUrlFiles Thread
2024-12-02 23:24:49,823 [INFO] ServerAccessManage:473 - Download File tutoVideoDB.zip
2024-12-02 23:24:49,865 [INFO] FileExtend:240 - Unzip File : tutoVideoDB.zip
2024-12-02 23:24:49,866 [INFO] FileExtend:255 - Standard Zip Deflate
2024-12-02 23:24:49,993 [INFO] LoadUrlFilesThread:156 - End of LoadUrlFiles Thread
2024-12-02 23:24:49,998 [WARN] DbFile:41 - Overriding database path with different value: C:\Users\Mr.hDung\.stmcufinder\plugins\mcufinder/ => C:\Users\Mr.hDung\.stmcufinder\plugins\mcufinder
2024-12-02 23:24:50,136 [INFO] ServerAccessManage:473 - Download File api_config.json
2024-12-02 23:24:50,244 [INFO] LoadUrlFilesThread:156 - End of LoadUrlFiles Thread
2024-12-02 23:24:50,244 [INFO] DbMcusAds:53 - JSON generation date=Fri Sep 20 20:04:23 ICT 2024 (1726837463113)
2024-12-02 23:24:50,277 [INFO] LoadUrlFilesThread:185 - End of LoadServerUrlFiles without Thread
2024-12-02 23:24:50,278 [INFO] TargetSelectorAdapter:259 - Refresh data is successful
2024-12-02 23:24:50,538 [INFO] ApiDb:581 - Connected to CubeFinder SQLite database (C:\Users\Mr.hDung\.stmcufinder\plugins\mcufinder\mcu\cube-finder-db.db)
2024-12-02 23:24:50,702 [INFO] ApiDb:668 - CubeFinder database Data Model version=2.1
2024-12-02 23:24:50,702 [INFO] ApiDb:669 - CubeFinder database Configuration version=3.0.39
2024-12-02 23:24:50,702 [INFO] ApiDb:670 - CubeFinder database generation date=2024-11-21 (1732182206)
2024-12-02 23:24:50,702 [INFO] ApiDb:671 - CubeFinder database FW Pack versions=[FP-ATR-ASTRA1_V2.0.0, FP-SNS-FLIGHT1_V5.0.2, FP-SNS-MOTENV1_V5.0.0, FP-SNS-MOTENVWB1_V1.4.0, FP-SNS-SMARTAG2_V1.2.0, FP-SNS-STBOX1_V2.0.0, STM32Cube_FW_C0_V1.3.0, STM32Cube_FW_F4_V1.28.1, STM32Cube_FW_F7_V1.17.2, STM32Cube_FW_G0_V1.6.2, STM32Cube_FW_G4_V1.6.1, STM32Cube_FW_H5_V1.4.0, STM32Cube_FW_H7RS_V1.1.0, STM32Cube_FW_H7_V1.12.0, STM32Cube_FW_L0_V1.12.2, STM32Cube_FW_L4_V1.18.1, STM32Cube_FW_L5_V1.5.1, STM32Cube_FW_N6_V1.0.0, STM32Cube_FW_U0_V1.2.0, STM32Cube_FW_U3_V1.0.0, STM32Cube_FW_U5_V1.7.0, STM32Cube_FW_WB0_V1.1.0, STM32Cube_FW_WBA_V1.5.0, STM32Cube_FW_WB_V1.21.0, STM32Cube_FW_WL3_V1.0.0, STM32Cube_FW_WL_V1.3.0, X-CUBE-ALGOBUILD_V1.4.0, X-CUBE-ALS_V1.0.2, X-CUBE-AZRTOS-F4_V1.1.0, X-CUBE-AZRTOS-F7_V1.1.0, X-CUBE-AZRTOS-G0_V1.1.0, X-CUBE-AZRTOS-G4_V2.0.0, X-CUBE-AZRTOS-H7RS_V1.0.0, X-CUBE-AZRTOS-H7_V3.3.0, X-CUBE-AZRTOS-L4_V2.0.0, X-CUBE-AZRTOS-L5_V2.0.0, X-CUBE-AZRTOS-WB_V2.0.0, X-CUBE-AZRTOS-WL_V2.0.0, X-CUBE-BLE1_V7.0.0, X-CUBE-BLE2_V3.3.0, X-CUBE-BLEMGR_V3.1.0, X-CUBE-EEPRMA1_V5.1.0, X-CUBE-FREERTOS_V1.2.0, X-CUBE-GNSS1_V6.0.0, X-CUBE-MEMS1_V11.0.0, X-CUBE-NFC4_V3.0.0, X-CUBE-NFC7_V1.0.1, X-CUBE-SFXS2LP1_V4.0.0, X-CUBE-SUBG2_V5.0.0, X-CUBE-TOF1_V3.4.2]
2024-12-02 23:24:54,573 [INFO] ApiDb:240 - Found 483 in-development CPN: [B-G473E-ZEST1S, B-WB1M-WPAN1, B-WL5M-SUBG1, NUCLEO-C031C6, NUCLEO-H503RB, NUCLEO-H533RE, NUCLEO-H563ZI, NUCLEO-H7S3L8, NUCLEO-U031R8, NUCLEO-U083RC, NUCLEO-U545RE-Q, NUCLEO-U5A5ZJ-Q, NUCLEO-WBA52CG, NUCLEO-WBA55CG, STEVAL-PROTEUS1, STEVAL-SMARTAG2, STEVAL-STWINBX1, STM320518-EVAL, STM32C0116-DK, STM32C011D6Y3TR, STM32C011D6Y6TR, STM32C011F4P3, STM32C011F4P6, STM32C011F4U3, STM32C011F4U6TR, STM32C011F6P3, STM32C011F6P6, STM32C011F6U3, STM32C011F6U6TR, STM32C011J4M3, STM32C011J4M6, STM32C011J6M3, STM32C011J6M6, STM32C0316-DK, STM32C031C4T3, STM32C031C4T6, STM32C031C4U3, STM32C031C4U6, STM32C031C6T3, STM32C031C6T6, STM32C031C6U3, STM32C031C6U6, STM32C031F4P3, STM32C031F4P6, STM32C031F6P3, STM32C031F6P6, STM32C031G4U3, STM32C031G4U6, STM32C031G6U3, STM32C031G6U6, STM32C031K4T3, STM32C031K4T6, STM32C031K4U3, STM32C031K4U6, STM32C031K6T3, STM32C031K6T6, STM32C031K6U3, STM32C031K6U6, STM32G071K8TXN, STM32G071K8UXN, STM32G081GBU6N, STM32G081KBT6N, STM32G081KBUXN, STM32G0B1CCT6N, STM32G0B1KCT6, STM32G0B1NEY6TR, STM32G0B1RCT6N, STM32G0C1CCT6, STM32G0C1CCT6N, STM32G0C1CCU6N, STM32G0C1CET6N, STM32G0C1CEU6N, STM32G0C1KCT6, STM32G0C1NEY6TR, STM32G0C1RCI6N, STM32G0C1RCT6N, STM32G0C1REI6N, STM32G0C1RET6N, STM32G0C1VCI6, STM32G0C1VEI6, STM32G471CCT6, STM32G471CCU6, STM32G471CET3, STM32G471CET6, STM32G471CEU3, STM32G471CEU6, STM32G471MCT6, STM32G471MET3, STM32G471MET6, STM32G471MEY6TR, STM32G471QCT6, STM32G471QET3, STM32G471RCT6, STM32G471RET3, STM32G471RET6, STM32G471VCH6, STM32G471VCI6, STM32G471VCT6, STM32G471VEH3, STM32G471VEH6, STM32G471VEI3, STM32G471VEI6, STM32G471VET3, STM32G471VET6, STM32G474CCT6, STM32H503CBT6, STM32H503CBU6, STM32H503EBY6TR, STM32H503KBU6, STM32H503RBT6, STM32H523CCT6, STM32H523CCU6, STM32H523CET6, STM32H523CEU6, STM32H523HEY6TR, STM32H523RCT6, STM32H523RET6, STM32H523VCI6, STM32H523VCT6, STM32H523VEI6, STM32H523VET6, STM32H523ZCJ6, STM32H523ZCT6, STM32H523ZEJ6, STM32H523ZET6, STM32H533CET6, STM32H533CEU6, STM32H533HEY6TR, STM32H533RET6, STM32H533VEI6, STM32H533VET6, STM32H533ZEJ6, STM32H533ZET6, STM32H562AGI6, STM32H562AII6, STM32H562IGK6, STM32H562IGT6, STM32H562IIK6, STM32H562IIT6, STM32H562RGT6, STM32H562RGV6, STM32H562RIT6, STM32H562RIV6, STM32H562VGT6, STM32H562VIT6, STM32H562ZGT6, STM32H562ZIT6, STM32H563AGI6, STM32H563AII3Q, STM32H563AII6, STM32H563IGK6, STM32H563IGT6, STM32H563IIK3Q, STM32H563IIK6, STM32H563IIT3Q, STM32H563IIT6, STM32H563MIY3QTR, STM32H563RGT6, STM32H563RGV6, STM32H563RIT6, STM32H563RIV6, STM32H563VGT6, STM32H563VIT3Q, STM32H563VIT6, STM32H563ZGT6, STM32H563ZIT3Q, STM32H563ZIT6, STM32H573AII3Q, STM32H573AII6, STM32H573I-DK, STM32H573IIK3Q, STM32H573IIK6, STM32H573IIT3Q, STM32H573IIT6, STM32H573MIY3QTR, STM32H573RIT6, STM32H573RIV6, STM32H573VIT3Q, STM32H573VIT6, STM32H573ZIT3Q, STM32H573ZIT6, STM32H7R3A8I6, STM32H7R3I8K6, STM32H7R3I8T6, STM32H7R3L8H6, STM32H7R3L8H6H, STM32H7R3R8V6, STM32H7R3V8H6, STM32H7R3V8T6, STM32H7R3V8Y6, STM32H7R3Z8J6, STM32H7R3Z8T6, STM32H7R7A8I6, STM32H7R7I8K6, STM32H7R7I8T6, STM32H7R7L8H6, STM32H7R7L8H6H, STM32H7R7Z8J6, STM32H7S3A8I6, STM32H7S3I8K6, STM32H7S3I8T6, STM32H7S3L8H6, STM32H7S3L8H6H, STM32H7S3R8V6, STM32H7S3V8H6, STM32H7S3V8T6, STM32H7S3V8Y6, STM32H7S3Z8J6, STM32H7S3Z8T6, STM32H7S78-DK, STM32H7S7A8I6, STM32H7S7I8K6, STM32H7S7I8T6, STM32H7S7L8H6, STM32H7S7L8H6H, STM32H7S7Z8J6, STM32L4R5QGI6STR, STM32MP131AAE3, STM32MP131AAF3, STM32MP131AAG3, STM32MP131CAE3, STM32MP131CAF3, STM32MP131CAG3, STM32MP131DAE7, STM32MP131DAF7, STM32MP131DAG7, STM32MP131FAE7, STM32MP131FAF7, STM32MP131FAG7, STM32MP133AAE3, STM32MP133AAF3, STM32MP133AAG3, STM32MP133CAE3, STM32MP133CAF3, STM32MP133CAG3, STM32MP133DAE7, STM32MP133DAF7, STM32MP133DAG7, STM32MP133FAE7, STM32MP133FAF7, STM32MP133FAG7, STM32MP135AAE3, STM32MP135AAF3, STM32MP135AAG3, STM32MP135CAE3, STM32MP135CAF3, STM32MP135CAG3, STM32MP135DAE7, STM32MP135DAF7, STM32MP135DAG7, STM32MP135F-DK, STM32MP135FAE7, STM32MP135FAF7, STM32MP135FAF7T, STM32MP135FAF7U, STM32MP135FAG7, STM32U031C6T6, STM32U031C6U6, STM32U031C8T6, STM32U031C8U6, STM32U031F4P6, STM32U031F6P6, STM32U031F8P6, STM32U031G6Y6TR, STM32U031G8Y6TR, STM32U031K4U6, STM32U031K6U6, STM32U031K8U6, STM32U031R6I6, STM32U031R6T6, STM32U031R8I6, STM32U031R8T6, STM32U073C8T6, STM32U073C8U6, STM32U073CBT6, STM32U073CBU6, STM32U073CCT6, STM32U073CCU6, STM32U073H8Y6TR, STM32U073HBY6TR, STM32U073HCY6TR, STM32U073K8U6, STM32U073KBU6, STM32U073KCU6, STM32U073M8I6, STM32U073M8T6, STM32U073MBI6, STM32U073MBT6, STM32U073MCI6, STM32U073MCT6, STM32U073R8I6, STM32U073R8T6, STM32U073RBI6, STM32U073RBT6, STM32U073RCI6, STM32U073RCT6, STM32U083C-DK, STM32U083CCT6, STM32U083CCU6, STM32U083HCY6TR, STM32U083KCU6, STM32U083MCI6, STM32U083MCT6, STM32U083RCI6, STM32U083RCT6, STM32U535CBT6, STM32U535CBT6Q, STM32U535CBU6, STM32U535CBU6Q, STM32U535CCT6, STM32U535CCT6Q, STM32U535CCU6, STM32U535CCU6Q, STM32U535CET6, STM32U535CET6Q, STM32U535CEU6, STM32U535CEU6Q, STM32U535JEY6QTR, STM32U535NCY6QTR, STM32U535NEY6QTR, STM32U535RBI6, STM32U535RBI6Q, STM32U535RBT6, STM32U535RBT6Q, STM32U535RCI6, STM32U535RCI6Q, STM32U535RCT6, STM32U535RCT6Q, STM32U535REI6, STM32U535REI6Q, STM32U535RET6, STM32U535RET6Q, STM32U535VCI6, STM32U535VCI6Q, STM32U535VCT6, STM32U535VCT6Q, STM32U535VEI6, STM32U535VEI6Q, STM32U535VET6, STM32U535VET6Q, STM32U545CET6, STM32U545CET6Q, STM32U545CEU6, STM32U545CEU6Q, STM32U545JEY6QTR, STM32U545NEY6QTR, STM32U545REI6, STM32U545REI6Q, STM32U545RET6, STM32U545RET6Q, STM32U545VEI6, STM32U545VEI6Q, STM32U545VET6, STM32U545VET6Q, STM32U595AIH6, STM32U595AIH6Q, STM32U595AJH6, STM32U595AJH6Q, STM32U595QII6, STM32U595QII6Q, STM32U595QJI6, STM32U595QJI6Q, STM32U595RIT6, STM32U595RIT6Q, STM32U595RJT6, STM32U595RJT6Q, STM32U595VIT6, STM32U595VIT6Q, STM32U595VJT6, STM32U595VJT6Q, STM32U595ZIT6, STM32U595ZIT6Q, STM32U595ZIY6QTR, STM32U595ZJT6, STM32U595ZJT6Q, STM32U595ZJY6QTR, STM32U599BJY6QTR, STM32U599NIH6Q, STM32U599NJH6Q, STM32U599VIT6Q, STM32U599VJT6, STM32U599VJT6Q, STM32U599ZIT6Q, STM32U599ZIY6QTR, STM32U599ZJT6Q, STM32U599ZJY6QTR, STM32U5A5AJH6, STM32U5A5AJH6Q, STM32U5A5QII3Q , STM32U5A5QJI6, STM32U5A5QJI6Q, STM32U5A5RJT6, STM32U5A5RJT6Q, STM32U5A5VJT6, STM32U5A5VJT6Q, STM32U5A5ZJT6, STM32U5A5ZJT6Q, STM32U5A5ZJY6QTR, STM32U5A9BJY6QTR, STM32U5A9J-DK, STM32U5A9NJH6Q, STM32U5A9VJT6Q, STM32U5A9ZJT6Q, STM32U5A9ZJY6QTR, STM32U5F7VIT6, STM32U5F7VIT6Q, STM32U5F7VJT6, STM32U5F7VJT6Q, STM32U5F9BJY6QTR, STM32U5F9NJH6Q, STM32U5F9VIT6Q, STM32U5F9VJT6Q, STM32U5F9ZIJ6QTR, STM32U5F9ZIT6Q, STM32U5F9ZJJ6QTR, STM32U5F9ZJT6Q, STM32U5G7VJT6, STM32U5G7VJT6Q, STM32U5G9BJY6QTR, STM32U5G9J-DK1, STM32U5G9J-DK2, STM32U5G9NJH6Q, STM32U5G9VJT6Q, STM32U5G9ZJJ6QTR, STM32U5G9ZJT6Q, STM32WB1MMCH6, STM32WBA50KEU6, STM32WBA50KEU6TR, STM32WBA50KGU6, STM32WBA50KGU6TR, STM32WBA52CEU6, STM32WBA52CEU6TR, STM32WBA52CEU7, STM32WBA52CEU7TR, STM32WBA52CGU6, STM32WBA52CGU6TR, STM32WBA52CGU6U, STM32WBA52CGU7, STM32WBA52CGU7TR, STM32WBA52KEU6, STM32WBA52KEU6TR, STM32WBA52KGU6, STM32WBA52KGU6TR, STM32WBA54CEU6, STM32WBA54CEU6TR, STM32WBA54CEU7, STM32WBA54CEU7TR, STM32WBA54CGU6, STM32WBA54CGU6TR, STM32WBA54CGU7, STM32WBA54CGU7TR, STM32WBA54KEU6, STM32WBA54KEU6TR, STM32WBA54KEU7, STM32WBA54KEU7TR, STM32WBA54KGU6, STM32WBA54KGU6TR, STM32WBA54KGU7, STM32WBA54KGU7TR, STM32WBA55CEU6, STM32WBA55CEU6TR, STM32WBA55CEU7, STM32WBA55CEU7TR, STM32WBA55CGU6, STM32WBA55CGU6TR, STM32WBA55CGU6U, STM32WBA55CGU7, STM32WBA55CGU7TR, STM32WBA55G-DK1, STM32WBA55HEF6, STM32WBA55HEF7, STM32WBA55HGF6, STM32WBA55HGF7, STM32WBA55UEI6, STM32WBA55UEI6TR, STM32WBA55UEI7, STM32WBA55UEI7TR, STM32WBA55UGI6, STM32WBA55UGI6TR, STM32WBA55UGI7, STM32WBA55UGI7TR, STM32WL5MOCH6, STM32WL5MOCH6TR]
2024-12-02 23:24:54,585 [INFO] DbMcus:218 - Found 4389 MCUs, 4389 are supported
2024-12-02 23:24:54,605 [INFO] ApiDb:423 - Load user favorites file C:\Users\Mr.hDung/.stm32cubeide/favorites.mcus.txt: 1 item(s)
2024-12-02 23:24:54,605 [INFO] ApiDb:427 - User favorites MCUs=[STM32F401RET6]
2024-12-02 23:24:54,605 [INFO] DbMcus:224 - Set 1 / 1 favorites MCUs
2024-12-02 23:24:55,343 [INFO] ApiDb:668 - CubeFinder database Data Model version=2.1
2024-12-02 23:24:55,343 [INFO] ApiDb:669 - CubeFinder database Configuration version=3.0.39
2024-12-02 23:24:55,343 [INFO] ApiDb:670 - CubeFinder database generation date=2024-11-21 (1732182206)
2024-12-02 23:24:55,343 [INFO] ApiDb:671 - CubeFinder database FW Pack versions=[FP-ATR-ASTRA1_V2.0.0, FP-SNS-FLIGHT1_V5.0.2, FP-SNS-MOTENV1_V5.0.0, FP-SNS-MOTENVWB1_V1.4.0, FP-SNS-SMARTAG2_V1.2.0, FP-SNS-STBOX1_V2.0.0, STM32Cube_FW_C0_V1.3.0, STM32Cube_FW_F4_V1.28.1, STM32Cube_FW_F7_V1.17.2, STM32Cube_FW_G0_V1.6.2, STM32Cube_FW_G4_V1.6.1, STM32Cube_FW_H5_V1.4.0, STM32Cube_FW_H7RS_V1.1.0, STM32Cube_FW_H7_V1.12.0, STM32Cube_FW_L0_V1.12.2, STM32Cube_FW_L4_V1.18.1, STM32Cube_FW_L5_V1.5.1, STM32Cube_FW_N6_V1.0.0, STM32Cube_FW_U0_V1.2.0, STM32Cube_FW_U3_V1.0.0, STM32Cube_FW_U5_V1.7.0, STM32Cube_FW_WB0_V1.1.0, STM32Cube_FW_WBA_V1.5.0, STM32Cube_FW_WB_V1.21.0, STM32Cube_FW_WL3_V1.0.0, STM32Cube_FW_WL_V1.3.0, X-CUBE-ALGOBUILD_V1.4.0, X-CUBE-ALS_V1.0.2, X-CUBE-AZRTOS-F4_V1.1.0, X-CUBE-AZRTOS-F7_V1.1.0, X-CUBE-AZRTOS-G0_V1.1.0, X-CUBE-AZRTOS-G4_V2.0.0, X-CUBE-AZRTOS-H7RS_V1.0.0, X-CUBE-AZRTOS-H7_V3.3.0, X-CUBE-AZRTOS-L4_V2.0.0, X-CUBE-AZRTOS-L5_V2.0.0, X-CUBE-AZRTOS-WB_V2.0.0, X-CUBE-AZRTOS-WL_V2.0.0, X-CUBE-BLE1_V7.0.0, X-CUBE-BLE2_V3.3.0, X-CUBE-BLEMGR_V3.1.0, X-CUBE-EEPRMA1_V5.1.0, X-CUBE-FREERTOS_V1.2.0, X-CUBE-GNSS1_V6.0.0, X-CUBE-MEMS1_V11.0.0, X-CUBE-NFC4_V3.0.0, X-CUBE-NFC7_V1.0.1, X-CUBE-SFXS2LP1_V4.0.0, X-CUBE-SUBG2_V5.0.0, X-CUBE-TOF1_V3.4.2]
2024-12-02 23:24:55,417 [INFO] DbBoardsSqlite:226 - include board P-NUCLEO-WB55-NUCLEO as a kit item of type 'Nucleo-64'
2024-12-02 23:24:55,418 [INFO] DbBoardsSqlite:226 - include board P-NUCLEO-WB55-USBDONGLE as a kit item of type 'Nucleo USB Dongle'
2024-12-02 23:24:55,418 [INFO] DbBoardsSqlite:226 - include board STEVAL-IDP005V1 as a kit item of type 'Evaluation Board'
2024-12-02 23:24:55,419 [INFO] DbBoardsSqlite:226 - include board STEVAL-IDP005V2 as a kit item of type 'Evaluation Board'
2024-12-02 23:24:55,517 [INFO] ApiDb:240 - Found 483 in-development CPN: [B-G473E-ZEST1S, B-WB1M-WPAN1, B-WL5M-SUBG1, NUCLEO-C031C6, NUCLEO-H503RB, NUCLEO-H533RE, NUCLEO-H563ZI, NUCLEO-H7S3L8, NUCLEO-U031R8, NUCLEO-U083RC, NUCLEO-U545RE-Q, NUCLEO-U5A5ZJ-Q, NUCLEO-WBA52CG, NUCLEO-WBA55CG, STEVAL-PROTEUS1, STEVAL-SMARTAG2, STEVAL-STWINBX1, STM320518-EVAL, STM32C0116-DK, STM32C011D6Y3TR, STM32C011D6Y6TR, STM32C011F4P3, STM32C011F4P6, STM32C011F4U3, STM32C011F4U6TR, STM32C011F6P3, STM32C011F6P6, STM32C011F6U3, STM32C011F6U6TR, STM32C011J4M3, STM32C011J4M6, STM32C011J6M3, STM32C011J6M6, STM32C0316-DK, STM32C031C4T3, STM32C031C4T6, STM32C031C4U3, STM32C031C4U6, STM32C031C6T3, STM32C031C6T6, STM32C031C6U3, STM32C031C6U6, STM32C031F4P3, STM32C031F4P6, STM32C031F6P3, STM32C031F6P6, STM32C031G4U3, STM32C031G4U6, STM32C031G6U3, STM32C031G6U6, STM32C031K4T3, STM32C031K4T6, STM32C031K4U3, STM32C031K4U6, STM32C031K6T3, STM32C031K6T6, STM32C031K6U3, STM32C031K6U6, STM32G071K8TXN, STM32G071K8UXN, STM32G081GBU6N, STM32G081KBT6N, STM32G081KBUXN, STM32G0B1CCT6N, STM32G0B1KCT6, STM32G0B1NEY6TR, STM32G0B1RCT6N, STM32G0C1CCT6, STM32G0C1CCT6N, STM32G0C1CCU6N, STM32G0C1CET6N, STM32G0C1CEU6N, STM32G0C1KCT6, STM32G0C1NEY6TR, STM32G0C1RCI6N, STM32G0C1RCT6N, STM32G0C1REI6N, STM32G0C1RET6N, STM32G0C1VCI6, STM32G0C1VEI6, STM32G471CCT6, STM32G471CCU6, STM32G471CET3, STM32G471CET6, STM32G471CEU3, STM32G471CEU6, STM32G471MCT6, STM32G471MET3, STM32G471MET6, STM32G471MEY6TR, STM32G471QCT6, STM32G471QET3, STM32G471RCT6, STM32G471RET3, STM32G471RET6, STM32G471VCH6, STM32G471VCI6, STM32G471VCT6, STM32G471VEH3, STM32G471VEH6, STM32G471VEI3, STM32G471VEI6, STM32G471VET3, STM32G471VET6, STM32G474CCT6, STM32H503CBT6, STM32H503CBU6, STM32H503EBY6TR, STM32H503KBU6, STM32H503RBT6, STM32H523CCT6, STM32H523CCU6, STM32H523CET6, STM32H523CEU6, STM32H523HEY6TR, STM32H523RCT6, STM32H523RET6, STM32H523VCI6, STM32H523VCT6, STM32H523VEI6, STM32H523VET6, STM32H523ZCJ6, STM32H523ZCT6, STM32H523ZEJ6, STM32H523ZET6, STM32H533CET6, STM32H533CEU6, STM32H533HEY6TR, STM32H533RET6, STM32H533VEI6, STM32H533VET6, STM32H533ZEJ6, STM32H533ZET6, STM32H562AGI6, STM32H562AII6, STM32H562IGK6, STM32H562IGT6, STM32H562IIK6, STM32H562IIT6, STM32H562RGT6, STM32H562RGV6, STM32H562RIT6, STM32H562RIV6, STM32H562VGT6, STM32H562VIT6, STM32H562ZGT6, STM32H562ZIT6, STM32H563AGI6, STM32H563AII3Q, STM32H563AII6, STM32H563IGK6, STM32H563IGT6, STM32H563IIK3Q, STM32H563IIK6, STM32H563IIT3Q, STM32H563IIT6, STM32H563MIY3QTR, STM32H563RGT6, STM32H563RGV6, STM32H563RIT6, STM32H563RIV6, STM32H563VGT6, STM32H563VIT3Q, STM32H563VIT6, STM32H563ZGT6, STM32H563ZIT3Q, STM32H563ZIT6, STM32H573AII3Q, STM32H573AII6, STM32H573I-DK, STM32H573IIK3Q, STM32H573IIK6, STM32H573IIT3Q, STM32H573IIT6, STM32H573MIY3QTR, STM32H573RIT6, STM32H573RIV6, STM32H573VIT3Q, STM32H573VIT6, STM32H573ZIT3Q, STM32H573ZIT6, STM32H7R3A8I6, STM32H7R3I8K6, STM32H7R3I8T6, STM32H7R3L8H6, STM32H7R3L8H6H, STM32H7R3R8V6, STM32H7R3V8H6, STM32H7R3V8T6, STM32H7R3V8Y6, STM32H7R3Z8J6, STM32H7R3Z8T6, STM32H7R7A8I6, STM32H7R7I8K6, STM32H7R7I8T6, STM32H7R7L8H6, STM32H7R7L8H6H, STM32H7R7Z8J6, STM32H7S3A8I6, STM32H7S3I8K6, STM32H7S3I8T6, STM32H7S3L8H6, STM32H7S3L8H6H, STM32H7S3R8V6, STM32H7S3V8H6, STM32H7S3V8T6, STM32H7S3V8Y6, STM32H7S3Z8J6, STM32H7S3Z8T6, STM32H7S78-DK, STM32H7S7A8I6, STM32H7S7I8K6, STM32H7S7I8T6, STM32H7S7L8H6, STM32H7S7L8H6H, STM32H7S7Z8J6, STM32L4R5QGI6STR, STM32MP131AAE3, STM32MP131AAF3, STM32MP131AAG3, STM32MP131CAE3, STM32MP131CAF3, STM32MP131CAG3, STM32MP131DAE7, STM32MP131DAF7, STM32MP131DAG7, STM32MP131FAE7, STM32MP131FAF7, STM32MP131FAG7, STM32MP133AAE3, STM32MP133AAF3, STM32MP133AAG3, STM32MP133CAE3, STM32MP133CAF3, STM32MP133CAG3, STM32MP133DAE7, STM32MP133DAF7, STM32MP133DAG7, STM32MP133FAE7, STM32MP133FAF7, STM32MP133FAG7, STM32MP135AAE3, STM32MP135AAF3, STM32MP135AAG3, STM32MP135CAE3, STM32MP135CAF3, STM32MP135CAG3, STM32MP135DAE7, STM32MP135DAF7, STM32MP135DAG7, STM32MP135F-DK, STM32MP135FAE7, STM32MP135FAF7, STM32MP135FAF7T, STM32MP135FAF7U, STM32MP135FAG7, STM32U031C6T6, STM32U031C6U6, STM32U031C8T6, STM32U031C8U6, STM32U031F4P6, STM32U031F6P6, STM32U031F8P6, STM32U031G6Y6TR, STM32U031G8Y6TR, STM32U031K4U6, STM32U031K6U6, STM32U031K8U6, STM32U031R6I6, STM32U031R6T6, STM32U031R8I6, STM32U031R8T6, STM32U073C8T6, STM32U073C8U6, STM32U073CBT6, STM32U073CBU6, STM32U073CCT6, STM32U073CCU6, STM32U073H8Y6TR, STM32U073HBY6TR, STM32U073HCY6TR, STM32U073K8U6, STM32U073KBU6, STM32U073KCU6, STM32U073M8I6, STM32U073M8T6, STM32U073MBI6, STM32U073MBT6, STM32U073MCI6, STM32U073MCT6, STM32U073R8I6, STM32U073R8T6, STM32U073RBI6, STM32U073RBT6, STM32U073RCI6, STM32U073RCT6, STM32U083C-DK, STM32U083CCT6, STM32U083CCU6, STM32U083HCY6TR, STM32U083KCU6, STM32U083MCI6, STM32U083MCT6, STM32U083RCI6, STM32U083RCT6, STM32U535CBT6, STM32U535CBT6Q, STM32U535CBU6, STM32U535CBU6Q, STM32U535CCT6, STM32U535CCT6Q, STM32U535CCU6, STM32U535CCU6Q, STM32U535CET6, STM32U535CET6Q, STM32U535CEU6, STM32U535CEU6Q, STM32U535JEY6QTR, STM32U535NCY6QTR, STM32U535NEY6QTR, STM32U535RBI6, STM32U535RBI6Q, STM32U535RBT6, STM32U535RBT6Q, STM32U535RCI6, STM32U535RCI6Q, STM32U535RCT6, STM32U535RCT6Q, STM32U535REI6, STM32U535REI6Q, STM32U535RET6, STM32U535RET6Q, STM32U535VCI6, STM32U535VCI6Q, STM32U535VCT6, STM32U535VCT6Q, STM32U535VEI6, STM32U535VEI6Q, STM32U535VET6, STM32U535VET6Q, STM32U545CET6, STM32U545CET6Q, STM32U545CEU6, STM32U545CEU6Q, STM32U545JEY6QTR, STM32U545NEY6QTR, STM32U545REI6, STM32U545REI6Q, STM32U545RET6, STM32U545RET6Q, STM32U545VEI6, STM32U545VEI6Q, STM32U545VET6, STM32U545VET6Q, STM32U595AIH6, STM32U595AIH6Q, STM32U595AJH6, STM32U595AJH6Q, STM32U595QII6, STM32U595QII6Q, STM32U595QJI6, STM32U595QJI6Q, STM32U595RIT6, STM32U595RIT6Q, STM32U595RJT6, STM32U595RJT6Q, STM32U595VIT6, STM32U595VIT6Q, STM32U595VJT6, STM32U595VJT6Q, STM32U595ZIT6, STM32U595ZIT6Q, STM32U595ZIY6QTR, STM32U595ZJT6, STM32U595ZJT6Q, STM32U595ZJY6QTR, STM32U599BJY6QTR, STM32U599NIH6Q, STM32U599NJH6Q, STM32U599VIT6Q, STM32U599VJT6, STM32U599VJT6Q, STM32U599ZIT6Q, STM32U599ZIY6QTR, STM32U599ZJT6Q, STM32U599ZJY6QTR, STM32U5A5AJH6, STM32U5A5AJH6Q, STM32U5A5QII3Q , STM32U5A5QJI6, STM32U5A5QJI6Q, STM32U5A5RJT6, STM32U5A5RJT6Q, STM32U5A5VJT6, STM32U5A5VJT6Q, STM32U5A5ZJT6, STM32U5A5ZJT6Q, STM32U5A5ZJY6QTR, STM32U5A9BJY6QTR, STM32U5A9J-DK, STM32U5A9NJH6Q, STM32U5A9VJT6Q, STM32U5A9ZJT6Q, STM32U5A9ZJY6QTR, STM32U5F7VIT6, STM32U5F7VIT6Q, STM32U5F7VJT6, STM32U5F7VJT6Q, STM32U5F9BJY6QTR, STM32U5F9NJH6Q, STM32U5F9VIT6Q, STM32U5F9VJT6Q, STM32U5F9ZIJ6QTR, STM32U5F9ZIT6Q, STM32U5F9ZJJ6QTR, STM32U5F9ZJT6Q, STM32U5G7VJT6, STM32U5G7VJT6Q, STM32U5G9BJY6QTR, STM32U5G9J-DK1, STM32U5G9J-DK2, STM32U5G9NJH6Q, STM32U5G9VJT6Q, STM32U5G9ZJJ6QTR, STM32U5G9ZJT6Q, STM32WB1MMCH6, STM32WBA50KEU6, STM32WBA50KEU6TR, STM32WBA50KGU6, STM32WBA50KGU6TR, STM32WBA52CEU6, STM32WBA52CEU6TR, STM32WBA52CEU7, STM32WBA52CEU7TR, STM32WBA52CGU6, STM32WBA52CGU6TR, STM32WBA52CGU6U, STM32WBA52CGU7, STM32WBA52CGU7TR, STM32WBA52KEU6, STM32WBA52KEU6TR, STM32WBA52KGU6, STM32WBA52KGU6TR, STM32WBA54CEU6, STM32WBA54CEU6TR, STM32WBA54CEU7, STM32WBA54CEU7TR, STM32WBA54CGU6, STM32WBA54CGU6TR, STM32WBA54CGU7, STM32WBA54CGU7TR, STM32WBA54KEU6, STM32WBA54KEU6TR, STM32WBA54KEU7, STM32WBA54KEU7TR, STM32WBA54KGU6, STM32WBA54KGU6TR, STM32WBA54KGU7, STM32WBA54KGU7TR, STM32WBA55CEU6, STM32WBA55CEU6TR, STM32WBA55CEU7, STM32WBA55CEU7TR, STM32WBA55CGU6, STM32WBA55CGU6TR, STM32WBA55CGU6U, STM32WBA55CGU7, STM32WBA55CGU7TR, STM32WBA55G-DK1, STM32WBA55HEF6, STM32WBA55HEF7, STM32WBA55HGF6, STM32WBA55HGF7, STM32WBA55UEI6, STM32WBA55UEI6TR, STM32WBA55UEI7, STM32WBA55UEI7TR, STM32WBA55UGI6, STM32WBA55UGI6TR, STM32WBA55UGI7, STM32WBA55UGI7TR, STM32WL5MOCH6, STM32WL5MOCH6TR]
2024-12-02 23:24:55,598 [INFO] BoardInfo:889 - No configuration file found for board NUCLEO-C071RB
2024-12-02 23:24:55,599 [INFO] DbBoards:161 - Board is not supported: NUCLEO-C071RB
2024-12-02 23:24:55,768 [INFO] BoardInfo:889 - No configuration file found for board NUCLEO-WB05KZ
2024-12-02 23:24:55,769 [INFO] DbBoards:161 - Board is not supported: NUCLEO-WB05KZ
2024-12-02 23:24:55,771 [INFO] BoardInfo:889 - No configuration file found for board NUCLEO-WB07CC
2024-12-02 23:24:55,771 [INFO] DbBoards:161 - Board is not supported: NUCLEO-WB07CC
2024-12-02 23:24:55,772 [INFO] BoardInfo:889 - No configuration file found for board NUCLEO-WB09KE
2024-12-02 23:24:55,773 [INFO] DbBoards:161 - Board is not supported: NUCLEO-WB09KE
2024-12-02 23:24:55,789 [INFO] BoardInfo:889 - No configuration file found for board P-NUCLEO-WB55
2024-12-02 23:24:55,789 [INFO] DbBoards:161 - Kit is not supported: P-NUCLEO-WB55
2024-12-02 23:24:55,796 [INFO] BoardInfo:889 - No configuration file found for board STEVAL-BFA001V1B
2024-12-02 23:24:55,797 [INFO] DbBoards:161 - Kit is not supported: STEVAL-BFA001V1B
2024-12-02 23:24:55,798 [INFO] BoardInfo:889 - No configuration file found for board STEVAL-BFA001V2B
2024-12-02 23:24:55,799 [INFO] DbBoards:161 - Kit is not supported: STEVAL-BFA001V2B
2024-12-02 23:24:56,010 [INFO] BoardInfo:889 - No configuration file found for board STM32MP257F-DK
2024-12-02 23:24:56,011 [INFO] DbBoards:161 - Board is not supported: STM32MP257F-DK
2024-12-02 23:24:56,012 [INFO] BoardInfo:889 - No configuration file found for board STM32MP257F-EV1
2024-12-02 23:24:56,013 [INFO] DbBoards:161 - Board is not supported: STM32MP257F-EV1
2024-12-02 23:24:56,046 [INFO] DbBoards:168 - Found 201 boards, 192 are supported
2024-12-02 23:24:56,046 [INFO] DbBoards:169 - Found 201 boards, 8 of them is supported for  Bsp
2024-12-02 23:24:56,058 [INFO] ApiDb:423 - Load user favorites file C:\Users\Mr.hDung/.stm32cubeide/favorites.boards.txt: 1 item(s)
2024-12-02 23:24:56,059 [INFO] ApiDb:427 - User favorites Boards=[NUCLEO-F401RE]
2024-12-02 23:24:56,059 [INFO] DbBoards:198 - Set 1 / 1 favorites Boards
2024-12-02 23:24:56,062 [INFO] ApiDb:668 - CubeFinder database Data Model version=2.1
2024-12-02 23:24:56,062 [INFO] ApiDb:669 - CubeFinder database Configuration version=3.0.39
2024-12-02 23:24:56,062 [INFO] ApiDb:670 - CubeFinder database generation date=2024-11-21 (1732182206)
2024-12-02 23:24:56,062 [INFO] ApiDb:671 - CubeFinder database FW Pack versions=[FP-ATR-ASTRA1_V2.0.0, FP-SNS-FLIGHT1_V5.0.2, FP-SNS-MOTENV1_V5.0.0, FP-SNS-MOTENVWB1_V1.4.0, FP-SNS-SMARTAG2_V1.2.0, FP-SNS-STBOX1_V2.0.0, STM32Cube_FW_C0_V1.3.0, STM32Cube_FW_F4_V1.28.1, STM32Cube_FW_F7_V1.17.2, STM32Cube_FW_G0_V1.6.2, STM32Cube_FW_G4_V1.6.1, STM32Cube_FW_H5_V1.4.0, STM32Cube_FW_H7RS_V1.1.0, STM32Cube_FW_H7_V1.12.0, STM32Cube_FW_L0_V1.12.2, STM32Cube_FW_L4_V1.18.1, STM32Cube_FW_L5_V1.5.1, STM32Cube_FW_N6_V1.0.0, STM32Cube_FW_U0_V1.2.0, STM32Cube_FW_U3_V1.0.0, STM32Cube_FW_U5_V1.7.0, STM32Cube_FW_WB0_V1.1.0, STM32Cube_FW_WBA_V1.5.0, STM32Cube_FW_WB_V1.21.0, STM32Cube_FW_WL3_V1.0.0, STM32Cube_FW_WL_V1.3.0, X-CUBE-ALGOBUILD_V1.4.0, X-CUBE-ALS_V1.0.2, X-CUBE-AZRTOS-F4_V1.1.0, X-CUBE-AZRTOS-F7_V1.1.0, X-CUBE-AZRTOS-G0_V1.1.0, X-CUBE-AZRTOS-G4_V2.0.0, X-CUBE-AZRTOS-H7RS_V1.0.0, X-CUBE-AZRTOS-H7_V3.3.0, X-CUBE-AZRTOS-L4_V2.0.0, X-CUBE-AZRTOS-L5_V2.0.0, X-CUBE-AZRTOS-WB_V2.0.0, X-CUBE-AZRTOS-WL_V2.0.0, X-CUBE-BLE1_V7.0.0, X-CUBE-BLE2_V3.3.0, X-CUBE-BLEMGR_V3.1.0, X-CUBE-EEPRMA1_V5.1.0, X-CUBE-FREERTOS_V1.2.0, X-CUBE-GNSS1_V6.0.0, X-CUBE-MEMS1_V11.0.0, X-CUBE-NFC4_V3.0.0, X-CUBE-NFC7_V1.0.1, X-CUBE-SFXS2LP1_V4.0.0, X-CUBE-SUBG2_V5.0.0, X-CUBE-TOF1_V3.4.2]
2024-12-02 23:24:58,221 [ERROR] DbExamplesSqlite:437 - Missing JSON key: board_cpn
2024-12-02 23:24:58,226 [ERROR] DbExamplesSqlite:437 - Missing JSON key: board_cpn
2024-12-02 23:24:58,227 [ERROR] DbExamplesSqlite:437 - Missing JSON key: board_cpn
2024-12-02 23:24:58,228 [ERROR] DbExamplesSqlite:437 - Missing JSON key: board_cpn
2024-12-02 23:24:58,570 [ERROR] DbExamplesSqlite:437 - Missing JSON key: board_cpn
2024-12-02 23:24:58,570 [ERROR] DbExamplesSqlite:437 - Missing JSON key: board_cpn
2024-12-02 23:24:58,593 [ERROR] DbExamplesSqlite:437 - Missing JSON key: board_cpn
2024-12-02 23:24:58,594 [ERROR] DbExamplesSqlite:437 - Missing JSON key: board_cpn
2024-12-02 23:24:58,594 [ERROR] DbExamplesSqlite:437 - Missing JSON key: board_cpn
2024-12-02 23:24:58,595 [ERROR] DbExamplesSqlite:437 - Missing JSON key: board_cpn
2024-12-02 23:24:58,595 [ERROR] DbExamplesSqlite:437 - Missing JSON key: board_cpn
2024-12-02 23:24:58,596 [ERROR] DbExamplesSqlite:437 - Missing JSON key: board_cpn
2024-12-02 23:24:58,596 [ERROR] DbExamplesSqlite:437 - Missing JSON key: board_cpn
2024-12-02 23:24:59,021 [INFO] DbExamplesSqlite:395 - Ignored 77 examples not supported by CubeIDE
2024-12-02 23:24:59,021 [INFO] DbExamplesSqlite:396 - Found 10474 examples active
2024-12-02 23:24:59,022 [INFO] DbExamplesSqlite:397 - Found 0 examples obsolete
2024-12-02 23:24:59,022 [INFO] DbExamplesSqlite:398 - Found 0 examples under development
2024-12-02 23:24:59,024 [INFO] DbExamplesSqlite:399 - Found 43 examples not building
2024-12-02 23:24:59,027 [INFO] DbExamples:125 - Found 10440 examples
2024-12-02 23:24:59,670 [ERROR] DbExamples:208 - Found 682 examples with invalid data (board or MCU)
2024-12-02 23:24:59,670 [INFO] DbExamples:222 - Found 124 boards with related examples
2024-12-02 23:24:59,671 [INFO] DbExamples:235 - Found 105 MCUs with related examples
2024-12-02 23:24:59,729 [INFO] ApiDb:423 - Load user favorites file C:\Users\Mr.hDung/.stm32cubeide/favorites.examples.txt: 0 item(s)
2024-12-02 23:24:59,730 [INFO] ApiDb:427 - User favorites Examples=[]
2024-12-02 23:24:59,730 [INFO] DbExamples:250 - Set 0 / 0 favorites Examples
2024-12-02 23:25:00,385 [INFO] McuFinderGlobals:76 - Set McuFinderConnectedMode to true
2024-12-02 23:25:00,399 [INFO] MultiScanPanel:200 - Auto-refresh data requested => check proxy status ongoing
2024-12-02 23:25:00,405 [INFO] FinderPluginLoader:95 - Searching for filters in installed packs
2024-12-02 23:25:03,214 [INFO] LoadUrlFilesThread:185 - End of LoadServerUrlFiles without Thread
2024-12-02 23:25:03,335 [INFO] DetailPanel:341 - Set advertising image to C:/Users/Mr.hDung/STM32Cube/Repository/\en.prom-stm32c071-usb-memories-mcu-finder.png
2024-12-02 23:36:50,514 [INFO] McuFinderGlobals:76 - Set McuFinderConnectedMode to true
2024-12-02 23:36:50,519 [INFO] ApiDb:448 - Save user favorites file C:\Users\Mr.hDung/.stm32cubeide/favorites.mcus.txt: 1 item(s)
2024-12-02 23:36:50,520 [INFO] ApiDb:452 - User favorites MCUs=[STM32F401RET6]
