2024-12-13 21:07:23,193 [INFO] Activator:176 - 


2024-12-13 21:07:23,206 [INFO] Activator:177 - !SESSION log4j initialized
2024-12-13 21:07:35,989 [INFO] LogOutputStream:77 - [STDOUT_REDIRECT] 
2024-12-13 21:07:41,373 [INFO] ApplicationProperties:184 - Using Application install path: C:\ST\STM32CubeIDE_1.13.2\STM32CubeIDE\plugins\com.st.stm32cube.common.mx_6.11.1.202404110753
2024-12-13 21:07:41,404 [INFO] DbMcusXml:78 - Set database path to: C:\ST\STM32CubeIDE_1.13.2\STM32CubeIDE\plugins\com.st.stm32cube.common.mx_6.11.1.202404110753\\db\/mcu/
2024-12-13 21:07:41,405 [INFO] ApiDb:274 - Set plugin database path to: C:\ST\STM32CubeIDE_1.13.2\STM32CubeIDE\plugins\com.st.stm32cube.common.mx_6.11.1.202404110753\\db\/plugins/boardmanager/
2024-12-13 21:07:41,407 [WARN] ApiDb:259 - Overriding images path with different value:  => C:\ST\STM32CubeIDE_1.13.2\STM32CubeIDE\plugins\com.st.stm32cube.common.mx_6.11.1.202404110753\\db\/plugins/mcufinder/images/
2024-12-13 21:07:41,423 [INFO] ApiDb:250 - Set database path to: C:\Users\Mr.hDung\.stmcufinder\plugins\mcufinder//mcu/
2024-12-13 21:07:41,424 [INFO] DbMcusAds:125 - Set database path to: C:\Users\Mr.hDung\.stmcufinder\plugins\mcufinder//mcu/
2024-12-13 21:07:41,427 [INFO] CrossReferenceDbSqlite:203 - Set database path to: C:\Users\Mr.hDung\.stmcufinder\plugins\mcufinder//mcu/cs/
2024-12-13 21:07:41,683 [INFO] RulesReader:64 - Compatibility file has been processed (297 Rules)
2024-12-13 21:07:41,883 [INFO] DbMcusXml:78 - Set database path to: C:\ST\STM32CubeIDE_1.13.2\STM32CubeIDE\plugins\com.st.stm32cube.common.mx_6.11.1.202404110753\\db\/mcu/
2024-12-13 21:07:41,883 [INFO] ApiDb:274 - Set plugin database path to: C:\ST\STM32CubeIDE_1.13.2\STM32CubeIDE\plugins\com.st.stm32cube.common.mx_6.11.1.202404110753\\db\/plugins/boardmanager/
2024-12-13 21:07:41,883 [INFO] ApiDb:261 - Set plugin images path to: C:\ST\STM32CubeIDE_1.13.2\STM32CubeIDE\plugins\com.st.stm32cube.common.mx_6.11.1.202404110753\\db\/plugins/mcufinder/images/
2024-12-13 21:07:41,884 [WARN] DbFile:41 - Overriding database path with different value: C:\Users\Mr.hDung\.stmcufinder\plugins\mcufinder/ => C:\Users\Mr.hDung\.stmcufinder\plugins\mcufinder
2024-12-13 21:07:41,884 [INFO] ApiDb:250 - Set database path to: C:\Users\Mr.hDung\.stmcufinder\plugins\mcufinder//mcu/
2024-12-13 21:07:41,885 [WARN] DbFile:41 - Overriding database path with different value: C:\Users\Mr.hDung\.stmcufinder\plugins\mcufinder/ => C:\Users\Mr.hDung\.stmcufinder\plugins\mcufinder
2024-12-13 21:07:41,885 [INFO] DbMcusAds:125 - Set database path to: C:\Users\Mr.hDung\.stmcufinder\plugins\mcufinder//mcu/
2024-12-13 21:07:41,886 [WARN] DbFile:41 - Overriding database path with different value: C:\Users\Mr.hDung\.stmcufinder\plugins\mcufinder/ => C:\Users\Mr.hDung\.stmcufinder\plugins\mcufinder
2024-12-13 21:07:41,887 [WARN] DbFile:41 - Overriding database path with different value: C:\Users\Mr.hDung\.stmcufinder\plugins\mcufinder/ => C:\Users\Mr.hDung\.stmcufinder\plugins\mcufinder
2024-12-13 21:07:41,887 [INFO] CrossReferenceDbSqlite:203 - Set database path to: C:\Users\Mr.hDung\.stmcufinder\plugins\mcufinder//mcu/cs/
2024-12-13 21:07:42,133 [INFO] MainPanel:264 - HeapMemory: 268435456
2024-12-13 21:07:42,314 [INFO] DbMcusXml:78 - Set database path to: C:\ST\STM32CubeIDE_1.13.2\STM32CubeIDE\plugins\com.st.stm32cube.common.mx_6.11.1.202404110753\\db\/mcu/
2024-12-13 21:07:42,314 [INFO] ApiDb:274 - Set plugin database path to: C:\ST\STM32CubeIDE_1.13.2\STM32CubeIDE\plugins\com.st.stm32cube.common.mx_6.11.1.202404110753\\db\/plugins/boardmanager/
2024-12-13 21:07:42,314 [INFO] ApiDb:261 - Set plugin images path to: C:\ST\STM32CubeIDE_1.13.2\STM32CubeIDE\plugins\com.st.stm32cube.common.mx_6.11.1.202404110753\\db\/plugins/mcufinder/images/
2024-12-13 21:07:42,315 [WARN] DbFile:41 - Overriding database path with different value: C:\Users\Mr.hDung\.stmcufinder\plugins\mcufinder/ => C:\Users\Mr.hDung\.stmcufinder\plugins\mcufinder
2024-12-13 21:07:42,315 [INFO] ApiDb:250 - Set database path to: C:\Users\Mr.hDung\.stmcufinder\plugins\mcufinder//mcu/
2024-12-13 21:07:42,315 [WARN] DbFile:41 - Overriding database path with different value: C:\Users\Mr.hDung\.stmcufinder\plugins\mcufinder/ => C:\Users\Mr.hDung\.stmcufinder\plugins\mcufinder
2024-12-13 21:07:42,315 [INFO] DbMcusAds:125 - Set database path to: C:\Users\Mr.hDung\.stmcufinder\plugins\mcufinder//mcu/
2024-12-13 21:07:42,316 [WARN] DbFile:41 - Overriding database path with different value: C:\Users\Mr.hDung\.stmcufinder\plugins\mcufinder/ => C:\Users\Mr.hDung\.stmcufinder\plugins\mcufinder
2024-12-13 21:07:42,316 [WARN] DbFile:41 - Overriding database path with different value: C:\Users\Mr.hDung\.stmcufinder\plugins\mcufinder/ => C:\Users\Mr.hDung\.stmcufinder\plugins\mcufinder
2024-12-13 21:07:42,316 [INFO] CrossReferenceDbSqlite:203 - Set database path to: C:\Users\Mr.hDung\.stmcufinder\plugins\mcufinder//mcu/cs/
2024-12-13 21:07:42,362 [INFO] ApplicationProperties:184 - Using Application install path: C:\ST\STM32CubeIDE_1.13.2\STM32CubeIDE\plugins\com.st.stm32cube.common.mx_6.11.1.202404110753
2024-12-13 21:07:42,364 [INFO] PluginManage:196 - Search for loadable plugins [exclusion list=, ]
2024-12-13 21:07:42,367 [INFO] PluginManage:310 - Check plugin analytics
2024-12-13 21:07:43,012 [INFO] AnalyticsPlugin:253 - Accepted Software Licenses: 
2024-12-13 21:07:43,012 [INFO] AnalyticsPlugin:255 - Accepted CMSIS Pack Licenses: 
2024-12-13 21:07:43,016 [INFO] AnalyticsPlugin:257 - Accepted Firmware Licenses: 
2024-12-13 21:07:43,024 [INFO] PluginManage:359 - Loaded plugin analytics (category:tool,tabindex:-1)
2024-12-13 21:07:43,029 [INFO] PluginManage:310 - Check plugin cadmodel
2024-12-13 21:07:43,211 [INFO] CADModel:105 - Init CAD model plugin
2024-12-13 21:07:43,211 [INFO] PluginManage:359 - Loaded plugin cadmodel (category:power,tabindex:5)
2024-12-13 21:07:43,212 [INFO] PluginManage:310 - Check plugin clock
2024-12-13 21:07:43,264 [INFO] PluginManage:359 - Loaded plugin clock (category:base,tabindex:2)
2024-12-13 21:07:43,264 [INFO] PluginManage:310 - Check plugin ddr
2024-12-13 21:07:43,269 [INFO] PluginManage:359 - Loaded plugin ddr (category:tool,tabindex:6)
2024-12-13 21:07:43,269 [INFO] PluginManage:310 - Check plugin filemanager
2024-12-13 21:07:43,525 [INFO] PluginManage:359 - Loaded plugin filemanager (category:base,tabindex:10)
2024-12-13 21:07:43,525 [INFO] PluginManage:310 - Check plugin ipmanager
2024-12-13 21:07:43,559 [INFO] PluginManage:359 - Loaded plugin ipmanager (category:base,tabindex:5)
2024-12-13 21:07:43,559 [INFO] PluginManage:310 - Check plugin lpbam
2024-12-13 21:07:43,588 [INFO] PluginManage:359 - Loaded plugin lpbam (category:base,tabindex:0)
2024-12-13 21:07:43,589 [INFO] PluginManage:310 - Check plugin memorymap
2024-12-13 21:07:43,628 [INFO] PluginManage:359 - Loaded plugin memorymap (category:base,tabindex:4)
2024-12-13 21:07:43,628 [INFO] PluginManage:310 - Check plugin pinoutandconfiguration
2024-12-13 21:07:43,671 [INFO] PluginManage:359 - Loaded plugin pinoutandconfiguration (category:base,tabindex:1)
2024-12-13 21:07:43,671 [INFO] PluginManage:310 - Check plugin pinoutconfig
2024-12-13 21:07:43,887 [WARN] SupportedApi:132 - Cannot load RTOS API schema: s4s-elt-must-match.1: The content of 'definitions' must match (annotation?, (simpleType | complexType)?, (unique | key | keyref)*)). A problem was found starting at: attribute.
2024-12-13 21:07:44,237 [INFO] PluginManage:359 - Loaded plugin pinoutconfig (category:base,tabindex:0)
2024-12-13 21:07:44,237 [INFO] PluginManage:310 - Check plugin power
2024-12-13 21:07:44,312 [INFO] PluginManage:359 - Loaded plugin power (category:power,tabindex:4)
2024-12-13 21:07:44,312 [INFO] PluginManage:310 - Check plugin projectmanager
2024-12-13 21:07:44,383 [INFO] PluginManage:359 - Loaded plugin projectmanager (category:projectmanager,tabindex:3)
2024-12-13 21:07:44,384 [INFO] PluginManage:310 - Check plugin thirdparty
2024-12-13 21:07:45,159 [INFO] PluginManage:359 - Loaded plugin thirdparty (category:base,tabindex:-1)
2024-12-13 21:07:45,160 [INFO] PluginManage:310 - Check plugin tools
2024-12-13 21:07:45,159 [WARN] IntegrityCheckThread:84 - waiting for thirdparty lock release [integrity check]
2024-12-13 21:07:45,161 [INFO] IntegrityCheckThread:86 - entering critical section [integrity check]
2024-12-13 21:07:45,162 [INFO] ThirdPartyUpdaterWithRetryManager:70 - Updater plugin not ready yet. [1/15]
2024-12-13 21:07:45,256 [INFO] PluginManage:359 - Loaded plugin tools (category:base,tabindex:7)
2024-12-13 21:07:45,257 [INFO] PluginManage:310 - Check plugin tutovideos
2024-12-13 21:07:45,620 [INFO] PluginManage:359 - Loaded plugin tutovideos (category:base,tabindex:-1)
2024-12-13 21:07:45,621 [INFO] PluginManage:310 - Check plugin updater
2024-12-13 21:07:45,662 [INFO] PluginManage:359 - Loaded plugin updater (category:base,tabindex:12)
2024-12-13 21:07:45,662 [INFO] PluginManage:310 - Check plugin userauth
2024-12-13 21:07:45,674 [INFO] UserAuth:114 - Init User Auth plugin
2024-12-13 21:07:45,675 [INFO] PluginManage:359 - Loaded plugin userauth (category:base,tabindex:14)
2024-12-13 21:07:45,677 [INFO] PluginManage:283 - PluginManage : Loaded plugins [17]
2024-12-13 21:07:46,228 [INFO] PinOutPanel:1561 - setPackage(No Configuration,No Configuration)
2024-12-13 21:07:46,431 [INFO] CADModel:165 - CPN selected for project level
2024-12-13 21:07:46,431 [INFO] CADModel:114 - Register for checkConnection events
2024-12-13 21:07:46,507 [INFO] IPUIPlugin:80 - create IPUIPlugin
2024-12-13 21:07:46,507 [INFO] PluginManager:220 - loadIPPluginJar : add adc
2024-12-13 21:07:46,603 [INFO] IPUIPlugin:80 - create IPUIPlugin
2024-12-13 21:07:46,603 [INFO] PluginManager:220 - loadIPPluginJar : add aes
2024-12-13 21:07:46,751 [INFO] IPUIPlugin:80 - create IPUIPlugin
2024-12-13 21:07:46,751 [INFO] PluginManager:220 - loadIPPluginJar : add can
2024-12-13 21:07:46,847 [INFO] IPUIPlugin:80 - create IPUIPlugin
2024-12-13 21:07:46,848 [INFO] PluginManager:220 - loadIPPluginJar : add comp
2024-12-13 21:07:46,919 [INFO] IPUIPlugin:80 - create IPUIPlugin
2024-12-13 21:07:46,919 [INFO] PluginManager:220 - loadIPPluginJar : add cryp
2024-12-13 21:07:47,007 [INFO] IPUIPlugin:80 - create IPUIPlugin
2024-12-13 21:07:47,007 [INFO] PluginManager:220 - loadIPPluginJar : add dfsdm
2024-12-13 21:07:47,030 [INFO] IPUIPlugin:80 - create IPUIPlugin
2024-12-13 21:07:47,031 [INFO] PluginManager:220 - loadIPPluginJar : add dma
2024-12-13 21:07:47,160 [INFO] IPUIPlugin:80 - create IPUIPlugin
2024-12-13 21:07:47,161 [INFO] PluginManager:220 - loadIPPluginJar : add dma3
2024-12-13 21:07:47,284 [INFO] IPUIPlugin:80 - create IPUIPlugin
2024-12-13 21:07:47,284 [INFO] PluginManager:220 - loadIPPluginJar : add extmemmanager
2024-12-13 21:07:47,350 [INFO] IPUIPlugin:80 - create IPUIPlugin
2024-12-13 21:07:47,350 [INFO] PluginManager:220 - loadIPPluginJar : add fatfs
2024-12-13 21:07:47,484 [INFO] IPUIPlugin:80 - create IPUIPlugin
2024-12-13 21:07:47,484 [INFO] PluginManager:220 - loadIPPluginJar : add fmc
2024-12-13 21:07:47,513 [INFO] IPUIPlugin:80 - create IPUIPlugin
2024-12-13 21:07:47,513 [INFO] PluginManager:220 - loadIPPluginJar : add freertos
2024-12-13 21:07:47,567 [INFO] IPUIPlugin:80 - create IPUIPlugin
2024-12-13 21:07:47,567 [INFO] PluginManager:220 - loadIPPluginJar : add genericplugin
2024-12-13 21:07:47,893 [INFO] IPUIPlugin:80 - create IPUIPlugin
2024-12-13 21:07:47,894 [INFO] PluginManager:220 - loadIPPluginJar : add gfxmmu
2024-12-13 21:07:48,164 [INFO] ThirdPartyUpdaterWithRetryManager:70 - Updater plugin not ready yet. [2/15]
2024-12-13 21:07:48,230 [INFO] IPUIPlugin:80 - create IPUIPlugin
2024-12-13 21:07:48,230 [INFO] PluginManager:220 - loadIPPluginJar : add gic
2024-12-13 21:07:48,281 [INFO] IPUIPlugin:80 - create IPUIPlugin
2024-12-13 21:07:48,281 [INFO] PluginManager:220 - loadIPPluginJar : add gpio
2024-12-13 21:07:48,564 [INFO] IPUIPlugin:80 - create IPUIPlugin
2024-12-13 21:07:48,564 [INFO] PluginManager:220 - loadIPPluginJar : add gtzc
2024-12-13 21:07:48,650 [INFO] IPUIPlugin:80 - create IPUIPlugin
2024-12-13 21:07:48,650 [INFO] PluginManager:220 - loadIPPluginJar : add hash
2024-12-13 21:07:48,807 [INFO] IPUIPlugin:80 - create IPUIPlugin
2024-12-13 21:07:48,807 [INFO] PluginManager:220 - loadIPPluginJar : add i2c
2024-12-13 21:07:48,915 [INFO] IPUIPlugin:80 - create IPUIPlugin
2024-12-13 21:07:48,916 [INFO] PluginManager:220 - loadIPPluginJar : add i2s
2024-12-13 21:07:49,019 [INFO] IPUIPlugin:80 - create IPUIPlugin
2024-12-13 21:07:49,019 [INFO] PluginManager:220 - loadIPPluginJar : add i3c
2024-12-13 21:07:49,259 [INFO] IPUIPlugin:80 - create IPUIPlugin
2024-12-13 21:07:49,259 [INFO] PluginManager:220 - loadIPPluginJar : add ipddr
2024-12-13 21:07:49,479 [INFO] IPUIPlugin:80 - create IPUIPlugin
2024-12-13 21:07:49,479 [INFO] PluginManager:220 - loadIPPluginJar : add linkedlist
2024-12-13 21:07:49,559 [INFO] IPUIPlugin:80 - create IPUIPlugin
2024-12-13 21:07:49,559 [INFO] PluginManager:220 - loadIPPluginJar : add lorawan
2024-12-13 21:07:49,650 [INFO] IPUIPlugin:80 - create IPUIPlugin
2024-12-13 21:07:49,650 [INFO] PluginManager:220 - loadIPPluginJar : add ltdc
2024-12-13 21:07:49,678 [INFO] IPUIPlugin:80 - create IPUIPlugin
2024-12-13 21:07:49,679 [INFO] PluginManager:220 - loadIPPluginJar : add mdma
2024-12-13 21:07:49,703 [INFO] IPUIPlugin:80 - create IPUIPlugin
2024-12-13 21:07:49,703 [INFO] PluginManager:220 - loadIPPluginJar : add nvic
2024-12-13 21:07:49,799 [INFO] IPUIPlugin:80 - create IPUIPlugin
2024-12-13 21:07:49,800 [INFO] PluginManager:220 - loadIPPluginJar : add opamp
2024-12-13 21:07:50,015 [INFO] IPUIPlugin:80 - create IPUIPlugin
2024-12-13 21:07:50,016 [INFO] PluginManager:220 - loadIPPluginJar : add openamp
2024-12-13 21:07:50,125 [INFO] IPUIPlugin:80 - create IPUIPlugin
2024-12-13 21:07:50,125 [INFO] PluginManager:220 - loadIPPluginJar : add pdm2pcm
2024-12-13 21:07:50,168 [INFO] IPUIPlugin:80 - create IPUIPlugin
2024-12-13 21:07:50,172 [INFO] PluginManager:220 - loadIPPluginJar : add plateformsettings
2024-12-13 21:07:50,221 [INFO] IPUIPlugin:80 - create IPUIPlugin
2024-12-13 21:07:50,221 [INFO] PluginManager:220 - loadIPPluginJar : add quadspi
2024-12-13 21:07:50,258 [INFO] IPUIPlugin:80 - create IPUIPlugin
2024-12-13 21:07:50,258 [INFO] PluginManager:220 - loadIPPluginJar : add resmgrutility
2024-12-13 21:07:50,377 [INFO] IPUIPlugin:80 - create IPUIPlugin
2024-12-13 21:07:50,377 [INFO] PluginManager:220 - loadIPPluginJar : add sai
2024-12-13 21:07:50,506 [INFO] IPUIPlugin:80 - create IPUIPlugin
2024-12-13 21:07:50,506 [INFO] PluginManager:220 - loadIPPluginJar : add spi
2024-12-13 21:07:50,682 [INFO] IPUIPlugin:80 - create IPUIPlugin
2024-12-13 21:07:50,682 [INFO] PluginManager:220 - loadIPPluginJar : add stm32_wpan
2024-12-13 21:07:50,734 [INFO] IPUIPlugin:80 - create IPUIPlugin
2024-12-13 21:07:50,734 [INFO] PluginManager:220 - loadIPPluginJar : add tim
2024-12-13 21:07:50,930 [INFO] IPUIPlugin:80 - create IPUIPlugin
2024-12-13 21:07:50,930 [INFO] PluginManager:220 - loadIPPluginJar : add touchsensing
2024-12-13 21:07:51,000 [INFO] IPUIPlugin:80 - create IPUIPlugin
2024-12-13 21:07:51,000 [INFO] PluginManager:220 - loadIPPluginJar : add tracer_emb
2024-12-13 21:07:51,089 [INFO] IPUIPlugin:80 - create IPUIPlugin
2024-12-13 21:07:51,089 [INFO] PluginManager:220 - loadIPPluginJar : add ts
2024-12-13 21:07:51,132 [INFO] IPUIPlugin:80 - create IPUIPlugin
2024-12-13 21:07:51,132 [INFO] PluginManager:220 - loadIPPluginJar : add tsc
2024-12-13 21:07:51,165 [INFO] ThirdPartyUpdaterWithRetryManager:70 - Updater plugin not ready yet. [3/15]
2024-12-13 21:07:51,181 [INFO] IPUIPlugin:80 - create IPUIPlugin
2024-12-13 21:07:51,181 [INFO] PluginManager:220 - loadIPPluginJar : add ucpd
2024-12-13 21:07:51,279 [INFO] IPUIPlugin:80 - create IPUIPlugin
2024-12-13 21:07:51,279 [INFO] PluginManager:220 - loadIPPluginJar : add usart
2024-12-13 21:07:51,388 [INFO] IPUIPlugin:80 - create IPUIPlugin
2024-12-13 21:07:51,389 [INFO] PluginManager:220 - loadIPPluginJar : add usbx
2024-12-13 21:07:51,632 [INFO] CADModel:165 - CPN selected for project level
2024-12-13 21:07:51,633 [INFO] CADModel:114 - Register for checkConnection events
2024-12-13 21:07:51,633 [FATAL] Updater:308 - Updater called before beeing initialized
2024-12-13 21:07:51,633 [ERROR] CADModel:125 - Updater not yet initialized, retry later 
2024-12-13 21:07:52,009 [INFO] CADModel:165 - CPN selected for project level
2024-12-13 21:07:52,009 [INFO] CADModel:114 - Register for checkConnection events
2024-12-13 21:07:52,009 [FATAL] Updater:308 - Updater called before beeing initialized
2024-12-13 21:07:52,009 [ERROR] CADModel:125 - Updater not yet initialized, retry later 
2024-12-13 21:07:52,016 [FATAL] Updater:308 - Updater called before beeing initialized
2024-12-13 21:07:52,402 [FATAL] Updater:308 - Updater called before beeing initialized
2024-12-13 21:07:52,418 [INFO] DbMcusAds:53 - JSON generation date=Fri Sep 20 20:04:23 ICT 2024 (1726837463113)
2024-12-13 21:07:52,419 [FATAL] Updater:308 - Updater called before beeing initialized
2024-12-13 21:07:52,576 [WARN] DetailPanel:346 - Failed to get advertising image, set to default
2024-12-13 21:07:52,710 [FATAL] Updater:308 - Updater called before beeing initialized
2024-12-13 21:07:52,712 [FATAL] Updater:308 - Updater called before beeing initialized
2024-12-13 21:07:52,712 [FATAL] Updater:308 - Updater called before beeing initialized
2024-12-13 21:07:52,713 [WARN] DetailPanel:346 - Failed to get advertising image, set to default
2024-12-13 21:07:52,713 [FATAL] Updater:308 - Updater called before beeing initialized
2024-12-13 21:07:52,865 [ERROR] Updater:1120 - MainUpdater not yet initialized. External WinMGr cannot be set.
2024-12-13 21:07:52,882 [INFO] Updater:1056 - Updater Version found : 6.11.1
2024-12-13 21:07:52,908 [INFO] ApplicationProperties:184 - Using Application install path: C:\ST\STM32CubeIDE_1.13.2\STM32CubeIDE\plugins\com.st.stm32cube.common.mx_6.11.1.202404110753
2024-12-13 21:07:53,679 [INFO] MainUpdater:2873 - connection check result : 10
2024-12-13 21:07:53,680 [INFO] MainUpdater:3567 - Updater definition file requires update
2024-12-13 21:07:53,681 [INFO] MainUpdater:290 - Updater Check For Update Now.
2024-12-13 21:07:53,682 [INFO] MicroXplorer:498 - Change Database Version : DB.6.0.111
2024-12-13 21:07:53,724 [INFO] McuFinderGlobals:63 - Set McuFinder mode to 2 (CubeIDE integrated)
2024-12-13 21:07:53,767 [INFO] UserAuth:415 - Internet connection configuration mode: 1
2024-12-13 21:07:53,860 [INFO] ServerAccessManage:473 - Download File updaters.zip
2024-12-13 21:07:53,892 [INFO] JxBrowserEngine:152 - Initiate JxBrowser Engine with user profile folder
2024-12-13 21:07:54,093 [INFO] FileExtend:240 - Unzip File : updaters.zip
2024-12-13 21:07:54,098 [INFO] FileExtend:255 - Standard Zip Deflate
2024-12-13 21:07:54,302 [WARN] MainUpdater:1194 - Updater busy. Cannot search thirdparties
2024-12-13 21:07:54,302 [INFO] ThirdPartyUpdaterWithRetryManager:96 - Updater plugin is busy. [1/15]
2024-12-13 21:07:56,115 [INFO] ServerAccessManage:473 - Download File PacksControlFlags.xml
2024-12-13 21:07:56,526 [INFO] ServerAccessManage:473 - Download File cubemx.pidx
2024-12-13 21:07:57,320 [WARN] MainUpdater:1194 - Updater busy. Cannot search thirdparties
2024-12-13 21:07:57,320 [INFO] ThirdPartyUpdaterWithRetryManager:96 - Updater plugin is busy. [2/15]
2024-12-13 21:07:59,694 [INFO] ServerAccessManage:473 - Download File STMicroelectronics.X-CUBE-FREERTOS.pdsc
2024-12-13 21:08:00,488 [WARN] MainUpdater:1194 - Updater busy. Cannot search thirdparties
2024-12-13 21:08:00,488 [INFO] ThirdPartyUpdaterWithRetryManager:96 - Updater plugin is busy. [3/15]
2024-12-13 21:08:01,609 [INFO] ServerAccessManage:473 - Download File STMicroelectronics.X-CUBE-TCPP.pdsc
2024-12-13 21:08:03,504 [WARN] PackLoader:240 - Cannot read IP mode file for STMicroelectronics.X-CUBE-FREERTOS.1.3.0
2024-12-13 21:08:03,512 [WARN] MainUpdater:1194 - Updater busy. Cannot search thirdparties
2024-12-13 21:08:03,513 [INFO] ThirdPartyUpdaterWithRetryManager:96 - Updater plugin is busy. [4/15]
2024-12-13 21:08:03,515 [WARN] PopulateThirdPartyThread:106 - Error when creating pack: C:/Users/Mr.hDung/.stm32cubemx/thirdparties/pdsc/STMicroelectronics.X-CUBE-TCPP.pdsc
2024-12-13 21:08:03,515 [INFO] PopulateThirdPartyThread:66 - Ending populate Thread
2024-12-13 21:08:03,518 [INFO] ThirdParty:1030 - CMSIS Pack Vendor :STMicroelectronics X-CUBE-FREERTOS 1.3.0
2024-12-13 21:08:03,518 [INFO] LoadServerUpdatesThread:375 - End of LoadServerUpdate Thread
2024-12-13 21:08:03,841 [INFO] CheckServerUpdateThread:120 - End of CheckServer Thread
2024-12-13 21:08:07,167 [WARN] PackLoader:240 - Cannot read IP mode file for STMicroelectronics.FP-SNS-MOTENVWB1.1.4.0
2024-12-13 21:08:07,179 [WARN] PackLoader:240 - Cannot read IP mode file for STMicroelectronics.FP-ATR-ASTRA1.2.0.1
2024-12-13 21:08:07,205 [WARN] PackLoader:240 - Cannot read IP mode file for STMicroelectronics.X-CUBE-SMBUS.2.1.0
2024-12-13 21:08:07,240 [WARN] PackLoader:240 - Cannot read IP mode file for STMicroelectronics.X-CUBE-WB05N.1.1.0
2024-12-13 21:08:07,267 [WARN] PackLoader:240 - Cannot read IP mode file for STMicroelectronics.X-CUBE-TOUCHGFX.4.23.1
2024-12-13 21:08:07,290 [WARN] PackLoader:240 - Cannot read IP mode file for STMicroelectronics.X-CUBE-TOUCHGFX.4.23.0
2024-12-13 21:08:07,313 [WARN] PackLoader:240 - Cannot read IP mode file for STMicroelectronics.X-CUBE-TOUCHGFX.4.23.2
2024-12-13 21:08:07,510 [WARN] PackLoader:240 - Cannot read IP mode file for STMicroelectronics.X-CUBE-AZRTOS-F7.1.1.0
2024-12-13 21:08:07,555 [WARN] PackLoader:240 - Cannot read IP mode file for STMicroelectronics.FP-SNS-MOTENV1.4.3.2
2024-12-13 21:08:07,784 [WARN] PackLoader:240 - Cannot read IP mode file for STMicroelectronics.X-CUBE-MEMS1.11.0.0
2024-12-13 21:08:08,218 [WARN] PackLoader:240 - Cannot read IP mode file for STMicroelectronics.FP-SNS-FLIGHT1.5.0.2
2024-12-13 21:08:08,249 [WARN] PackLoader:240 - Cannot read IP mode file for STMicroelectronics.X-CUBE-DISPLAY.3.0.0
2024-12-13 21:08:08,304 [WARN] PackLoader:240 - Cannot read IP mode file for STMicroelectronics.X-CUBE-BLE1.7.0.0
2024-12-13 21:08:08,335 [WARN] PackLoader:240 - Cannot read IP mode file for STMicroelectronics.X-CUBE-NFC10.1.0.0
2024-12-13 21:08:08,371 [WARN] PackLoader:240 - Cannot read IP mode file for STMicroelectronics.X-CUBE-BLEMGR.4.0.0
2024-12-13 21:08:08,431 [WARN] PackLoader:240 - Cannot read IP mode file for emotas.I-CUBE-CANOPEN.1.3.0
2024-12-13 21:08:08,479 [WARN] PackLoader:240 - Cannot read IP mode file for STMicroelectronics.X-CUBE-TOUCHGFX.4.22.1
2024-12-13 21:08:08,532 [WARN] PackLoader:240 - Cannot read IP mode file for STMicroelectronics.X-CUBE-BLEMGR.3.1.0
2024-12-13 21:08:08,581 [INFO] LogOutputStream:77 - [STDOUT_REDIRECT] 1 : Invalid condition id : UX_CORESTACK_Condition cause : null
2024-12-13 21:08:08,582 [INFO] LogOutputStream:77 - [STDOUT_REDIRECT] 1 : Invalid condition id : UX_CORESTACK_Condition cause : null
2024-12-13 21:08:08,584 [INFO] LogOutputStream:77 - [STDOUT_REDIRECT] 1 : Invalid condition id : UX_CORESTACK_Condition cause : null
2024-12-13 21:08:08,591 [INFO] LogOutputStream:77 - [STDOUT_REDIRECT] 1 : Invalid condition id : UX_CORESTACK_Condition cause : null
2024-12-13 21:08:08,592 [INFO] LogOutputStream:77 - [STDOUT_REDIRECT] 1 : Invalid condition id : UX_CORESTACK_Condition cause : null
2024-12-13 21:08:08,601 [WARN] PackLoader:240 - Cannot read IP mode file for STMicroelectronics.X-CUBE-AZRTOS-WL.2.0.0
2024-12-13 21:08:08,632 [WARN] PackLoader:240 - Cannot read IP mode file for STMicroelectronics.FP-SNS-MOTENV1.5.0.0
2024-12-13 21:08:08,648 [WARN] PackLoader:240 - Cannot read IP mode file for wolfSSL.I-CUBE-wolfMQTT.1.19.0
2024-12-13 21:08:08,679 [WARN] PackLoader:240 - Cannot read IP mode file for WES.I-CUBE-Cesium.1.3.0
2024-12-13 21:08:08,710 [WARN] PackLoader:240 - Cannot read IP mode file for STMicroelectronics.X-CUBE-BLE2.3.3.0
2024-12-13 21:08:08,742 [WARN] PackLoader:240 - Cannot read IP mode file for STMicroelectronics.X-CUBE-NFC9.1.0.0
2024-12-13 21:08:08,808 [WARN] PackLoader:240 - Cannot read IP mode file for STMicroelectronics.X-CUBE-TCPP.4.1.0
2024-12-13 21:08:08,855 [WARN] PackLoader:240 - Cannot read IP mode file for STMicroelectronics.X-CUBE-ALGOBUILD.1.3.0
2024-12-13 21:08:08,930 [WARN] PackLoader:240 - Cannot read IP mode file for STMicroelectronics.X-CUBE-AZRTOS-G0.1.1.0
2024-12-13 21:08:08,971 [WARN] PackLoader:240 - Cannot read IP mode file for STMicroelectronics.X-CUBE-SAFEA1.1.2.2
2024-12-13 21:08:09,010 [WARN] PackLoader:240 - Cannot read IP mode file for STMicroelectronics.X-CUBE-NFC4.3.0.0
2024-12-13 21:08:09,033 [WARN] PackLoader:240 - Cannot read IP mode file for wolfSSL.I-CUBE-wolfMQTT.1.18.0
2024-12-13 21:08:09,067 [WARN] PackLoader:240 - Cannot read IP mode file for EmbeddedOffice.I-CUBE-FS-RTOS.1.0.1
2024-12-13 21:08:09,068 [ERROR] ConditionMgr:805 - Attr not supported : Dmpu
2024-12-13 21:08:09,068 [ERROR] ConditionMgr:805 - Attr not supported : Dmpu
2024-12-13 21:08:09,068 [ERROR] ConditionMgr:805 - Attr not supported : Dmpu
2024-12-13 21:08:09,068 [ERROR] ConditionMgr:805 - Attr not supported : Dmpu
2024-12-13 21:08:09,068 [ERROR] ConditionMgr:805 - Attr not supported : Dmpu
2024-12-13 21:08:09,068 [ERROR] ConditionMgr:805 - Attr not supported : Dmpu
2024-12-13 21:08:09,069 [ERROR] ConditionMgr:805 - Attr not supported : Dmpu
2024-12-13 21:08:09,069 [ERROR] ConditionMgr:805 - Attr not supported : Dmpu
2024-12-13 21:08:09,069 [ERROR] ConditionMgr:805 - Attr not supported : Dmpu
2024-12-13 21:08:09,069 [ERROR] ConditionMgr:805 - Attr not supported : Dmpu
2024-12-13 21:08:09,069 [ERROR] ConditionMgr:805 - Attr not supported : Dmpu
2024-12-13 21:08:09,069 [ERROR] ConditionMgr:805 - Attr not supported : Dmpu
2024-12-13 21:08:09,069 [ERROR] ConditionMgr:805 - Attr not supported : Dmpu
2024-12-13 21:08:09,069 [ERROR] ConditionMgr:805 - Attr not supported : Dmpu
2024-12-13 21:08:09,069 [ERROR] ConditionMgr:805 - Attr not supported : Dmpu
2024-12-13 21:08:09,069 [ERROR] ConditionMgr:805 - Attr not supported : Dmpu
2024-12-13 21:08:09,069 [ERROR] ConditionMgr:805 - Attr not supported : Dmpu
2024-12-13 21:08:09,070 [ERROR] ConditionMgr:805 - Attr not supported : Dmpu
2024-12-13 21:08:09,070 [ERROR] ConditionMgr:805 - Attr not supported : Dmpu
2024-12-13 21:08:09,070 [ERROR] ConditionMgr:805 - Attr not supported : Dmpu
2024-12-13 21:08:09,070 [ERROR] ConditionMgr:805 - Attr not supported : Dmpu
2024-12-13 21:08:09,070 [ERROR] ConditionMgr:805 - Attr not supported : Dmpu
2024-12-13 21:08:09,070 [ERROR] ConditionMgr:805 - Attr not supported : Dmpu
2024-12-13 21:08:09,070 [ERROR] ConditionMgr:805 - Attr not supported : Dmpu
2024-12-13 21:08:09,070 [ERROR] ConditionMgr:805 - Attr not supported : Dmpu
2024-12-13 21:08:09,070 [ERROR] ConditionMgr:805 - Attr not supported : Dmpu
2024-12-13 21:08:09,070 [ERROR] ConditionMgr:805 - Attr not supported : Dmpu
2024-12-13 21:08:09,070 [ERROR] ConditionMgr:805 - Attr not supported : Dmpu
2024-12-13 21:08:09,071 [ERROR] ConditionMgr:805 - Attr not supported : Dmpu
2024-12-13 21:08:09,071 [ERROR] ConditionMgr:805 - Attr not supported : Dmpu
2024-12-13 21:08:09,071 [ERROR] ConditionMgr:805 - Attr not supported : Dmpu
2024-12-13 21:08:09,071 [ERROR] ConditionMgr:805 - Attr not supported : Dmpu
2024-12-13 21:08:09,071 [ERROR] ConditionMgr:805 - Attr not supported : Dmpu
2024-12-13 21:08:09,071 [ERROR] ConditionMgr:805 - Attr not supported : Dmpu
2024-12-13 21:08:09,071 [ERROR] ConditionMgr:805 - Attr not supported : Dmpu
2024-12-13 21:08:09,071 [ERROR] ConditionMgr:805 - Attr not supported : Dmpu
2024-12-13 21:08:09,071 [ERROR] ConditionMgr:805 - Attr not supported : Dmpu
2024-12-13 21:08:09,071 [ERROR] ConditionMgr:805 - Attr not supported : Dmpu
2024-12-13 21:08:09,071 [ERROR] ConditionMgr:805 - Attr not supported : Dmpu
2024-12-13 21:08:09,072 [ERROR] ConditionMgr:805 - Attr not supported : Dmpu
2024-12-13 21:08:09,072 [ERROR] ConditionMgr:805 - Attr not supported : Dmpu
2024-12-13 21:08:09,072 [ERROR] ConditionMgr:805 - Attr not supported : Dmpu
2024-12-13 21:08:09,072 [ERROR] ConditionMgr:805 - Attr not supported : Dmpu
2024-12-13 21:08:09,072 [ERROR] ConditionMgr:805 - Attr not supported : Dmpu
2024-12-13 21:08:09,072 [ERROR] ConditionMgr:805 - Attr not supported : Dmpu
2024-12-13 21:08:09,072 [ERROR] ConditionMgr:805 - Attr not supported : Dmpu
2024-12-13 21:08:09,072 [ERROR] ConditionMgr:805 - Attr not supported : Dmpu
2024-12-13 21:08:09,072 [ERROR] ConditionMgr:805 - Attr not supported : Dmpu
2024-12-13 21:08:09,073 [ERROR] ConditionMgr:805 - Attr not supported : Dmpu
2024-12-13 21:08:09,073 [ERROR] ConditionMgr:805 - Attr not supported : Dmpu
2024-12-13 21:08:09,073 [ERROR] ConditionMgr:805 - Attr not supported : Dmpu
2024-12-13 21:08:09,073 [ERROR] ConditionMgr:805 - Attr not supported : Dmpu
2024-12-13 21:08:09,073 [ERROR] ConditionMgr:805 - Attr not supported : Dmpu
2024-12-13 21:08:09,073 [ERROR] ConditionMgr:805 - Attr not supported : Dmpu
2024-12-13 21:08:09,073 [ERROR] ConditionMgr:805 - Attr not supported : Dmpu
2024-12-13 21:08:09,073 [ERROR] ConditionMgr:805 - Attr not supported : Dmpu
2024-12-13 21:08:09,073 [ERROR] ConditionMgr:805 - Attr not supported : Dmpu
2024-12-13 21:08:09,073 [ERROR] ConditionMgr:805 - Attr not supported : Dmpu
2024-12-13 21:08:09,074 [ERROR] ConditionMgr:805 - Attr not supported : Dmpu
2024-12-13 21:08:09,074 [ERROR] ConditionMgr:805 - Attr not supported : Dmpu
2024-12-13 21:08:09,074 [ERROR] ConditionMgr:805 - Attr not supported : Dmpu
2024-12-13 21:08:09,074 [ERROR] ConditionMgr:805 - Attr not supported : Dmpu
2024-12-13 21:08:09,074 [ERROR] ConditionMgr:805 - Attr not supported : Dmpu
2024-12-13 21:08:09,074 [ERROR] ConditionMgr:805 - Attr not supported : Dmpu
2024-12-13 21:08:09,111 [WARN] PackLoader:240 - Cannot read IP mode file for STMicroelectronics.X-CUBE-BLEMGR.3.0.0
2024-12-13 21:08:09,176 [ERROR] Engine:466 - C:\Users\Mr.hDung\.stm32cubemx\thirdparties\pdsc\STMicroelectronics.X-CUBE-TCPP.4.2.0.pdsc: PDSC version is not supported
2024-12-13 21:08:09,208 [WARN] PackLoader:240 - Cannot read IP mode file for RealThread.X-CUBE-RT-Thread_Nano.4.1.1
2024-12-13 21:08:09,218 [WARN] PackLoader:240 - Cannot read IP mode file for STMicroelectronics.FP-ATR-SIGFOX1.3.2.0
2024-12-13 21:08:09,230 [WARN] ConditionMgr:438 - getConditionDescription Invalid condition id : Cortex-A Device cause : null
2024-12-13 21:08:09,279 [WARN] ConditionMgr:1039 - genDependencies : Invalid condition id : Cortex-A Device cause : null
2024-12-13 21:08:09,279 [WARN] ConditionMgr:1039 - genDependencies : Invalid condition id : Cortex-A Device cause : null
2024-12-13 21:08:09,279 [WARN] ConditionMgr:1039 - genDependencies : Invalid condition id : Cortex-A Device cause : null
2024-12-13 21:08:09,312 [WARN] PackLoader:240 - Cannot read IP mode file for STMicroelectronics.X-CUBE-EEPRMA1.5.1.0
2024-12-13 21:08:09,389 [WARN] PackLoader:240 - Cannot read IP mode file for SEGGER.I-CUBE-embOS.1.3.1
2024-12-13 21:08:09,519 [WARN] PackLoader:240 - Cannot read IP mode file for STMicroelectronics.X-CUBE-ALGOBUILD.1.4.0
2024-12-13 21:08:09,549 [WARN] PackLoader:240 - Cannot read IP mode file for STMicroelectronics.X-CUBE-AI.9.1.0
2024-12-13 21:08:09,581 [WARN] PackLoader:240 - Cannot read IP mode file for STMicroelectronics.X-CUBE-GNSS1.6.0.0
2024-12-13 21:08:09,663 [WARN] PackLoader:240 - Cannot read IP mode file for STMicroelectronics.X-CUBE-AZRTOS-F4.1.1.0
2024-12-13 21:08:09,709 [WARN] PackLoader:240 - Cannot read IP mode file for wolfSSL.I-CUBE-wolfSSL.5.6.3
2024-12-13 21:08:09,740 [WARN] PackLoader:240 - Cannot read IP mode file for STMicroelectronics.X-CUBE-ISPU.2.1.0
2024-12-13 21:08:09,771 [WARN] PackLoader:240 - Cannot read IP mode file for STMicroelectronics.X-CUBE-FREERTOS.1.2.0
2024-12-13 21:08:09,851 [WARN] PackLoader:240 - Cannot read IP mode file for STMicroelectronics.X-CUBE-AZRTOS-L5.2.0.0
2024-12-13 21:08:09,891 [WARN] PackLoader:240 - Cannot read IP mode file for STMicroelectronics.X-CUBE-EEPRMA1.4.2.0
2024-12-13 21:08:09,929 [WARN] PackLoader:240 - Cannot read IP mode file for STMicroelectronics.X-CUBE-NFC6.3.1.0
2024-12-13 21:08:09,960 [WARN] PackLoader:240 - Cannot read IP mode file for ITTIA_DB.I-CUBE-ITTIADB.8.8.0
2024-12-13 21:08:10,002 [WARN] PackLoader:240 - Cannot read IP mode file for STMicroelectronics.X-CUBE-BLEMGR.2.0.0
2024-12-13 21:08:10,042 [WARN] PackLoader:240 - Cannot read IP mode file for STMicroelectronics.X-CUBE-DPower.1.2.0
2024-12-13 21:08:10,071 [WARN] PackLoader:240 - Cannot read IP mode file for STMicroelectronics.X-CUBE-AI.9.0.0
2024-12-13 21:08:10,134 [WARN] ConditionMgr:438 - getConditionDescription Invalid condition id : UX DEVICE CLASS RTOS Condition cause : null
2024-12-13 21:08:10,134 [WARN] ConditionMgr:438 - getConditionDescription Invalid condition id : UX DEVICE CLASS RTOS Condition cause : null
2024-12-13 21:08:10,142 [WARN] PackLoader:240 - Cannot read IP mode file for STMicroelectronics.X-CUBE-AZRTOS-H7.3.1.0
2024-12-13 21:08:10,143 [WARN] ConditionMgr:1039 - genDependencies : Invalid condition id : UX DEVICE CLASS RTOS Condition cause : null
2024-12-13 21:08:10,144 [WARN] ConditionMgr:1039 - genDependencies : Invalid condition id : UX DEVICE CLASS RTOS Condition cause : null
2024-12-13 21:08:10,145 [WARN] ConditionMgr:1039 - genDependencies : Invalid condition id : UX DEVICE CLASS RTOS Condition cause : null
2024-12-13 21:08:10,148 [WARN] ConditionMgr:1039 - genDependencies : Invalid condition id : UX DEVICE CLASS RTOS Condition cause : null
2024-12-13 21:08:10,149 [WARN] ConditionMgr:1039 - genDependencies : Invalid condition id : UX DEVICE CLASS RTOS Condition cause : null
2024-12-13 21:08:10,180 [WARN] PackLoader:240 - Cannot read IP mode file for STMicroelectronics.X-CUBE-FREERTOS.1.3.0
2024-12-13 21:08:10,210 [WARN] PackLoader:240 - Cannot read IP mode file for STMicroelectronics.X-CUBE-NFC7.1.0.1
2024-12-13 21:08:10,220 [WARN] PackLoader:240 - Cannot read IP mode file for wolfSSL.I-CUBE-wolfTPM.3.2.0
2024-12-13 21:08:10,253 [WARN] PackLoader:240 - Cannot read IP mode file for STMicroelectronics.X-CUBE-NFC6.3.0.0
2024-12-13 21:08:10,285 [WARN] PackLoader:240 - Cannot read IP mode file for STMicroelectronics.X-CUBE-EEPRMA1.4.1.0
2024-12-13 21:08:10,313 [WARN] PackLoader:240 - Cannot read IP mode file for STMicroelectronics.X-CUBE-AI.8.1.0
2024-12-13 21:08:10,410 [WARN] ConditionMgr:438 - getConditionDescription Invalid condition id : LAN8742 Phy interface Condition cause : null
2024-12-13 21:08:10,412 [WARN] PackLoader:240 - Cannot read IP mode file for STMicroelectronics.X-CUBE-AZRTOS-L4.2.0.0
2024-12-13 21:08:10,420 [WARN] ConditionMgr:1039 - genDependencies : Invalid condition id : LAN8742 Phy interface Condition cause : null
2024-12-13 21:08:10,420 [WARN] ConditionMgr:1039 - genDependencies : Invalid condition id : LAN8742 Phy interface Condition cause : null
2024-12-13 21:08:10,421 [WARN] ConditionMgr:1039 - genDependencies : Invalid condition id : LAN8742 Phy interface Condition cause : null
2024-12-13 21:08:10,468 [WARN] PackLoader:240 - Cannot read IP mode file for STMicroelectronics.X-CUBE-SFXS2LP1.4.0.0
2024-12-13 21:08:10,507 [WARN] PackLoader:240 - Cannot read IP mode file for STMicroelectronics.X-CUBE-ISPU.1.1.0
2024-12-13 21:08:10,593 [WARN] PackLoader:240 - Cannot read IP mode file for STMicroelectronics.X-CUBE-AZRTOS-H7.3.3.0
2024-12-13 21:08:10,648 [WARN] PackLoader:240 - Cannot read IP mode file for STMicroelectronics.X-CUBE-IPS.3.0.0
2024-12-13 21:08:10,746 [WARN] ConditionMgr:438 - getConditionDescription Invalid condition id : UX DEVICE CLASS RTOS Condition cause : null
2024-12-13 21:08:10,747 [WARN] ConditionMgr:438 - getConditionDescription Invalid condition id : UX DEVICE CLASS RTOS Condition cause : null
2024-12-13 21:08:10,750 [WARN] PackLoader:240 - Cannot read IP mode file for STMicroelectronics.X-CUBE-AZRTOS-WB.2.0.0
2024-12-13 21:08:10,751 [WARN] ConditionMgr:1039 - genDependencies : Invalid condition id : UX DEVICE CLASS RTOS Condition cause : null
2024-12-13 21:08:10,751 [WARN] ConditionMgr:1039 - genDependencies : Invalid condition id : UX DEVICE CLASS RTOS Condition cause : null
2024-12-13 21:08:10,751 [WARN] ConditionMgr:1039 - genDependencies : Invalid condition id : UX DEVICE CLASS RTOS Condition cause : null
2024-12-13 21:08:10,751 [WARN] ConditionMgr:1039 - genDependencies : Invalid condition id : UX DEVICE CLASS RTOS Condition cause : null
2024-12-13 21:08:10,752 [WARN] ConditionMgr:1039 - genDependencies : Invalid condition id : UX DEVICE CLASS RTOS Condition cause : null
2024-12-13 21:08:10,807 [WARN] PackLoader:240 - Cannot read IP mode file for STMicroelectronics.X-CUBE-GNSS1.7.0.0
2024-12-13 21:08:10,858 [WARN] PackLoader:240 - Cannot read IP mode file for STMicroelectronics.FP-SNS-STBOX1.2.0.0
2024-12-13 21:08:10,914 [WARN] PackLoader:240 - Cannot read IP mode file for STMicroelectronics.X-CUBE-SUBG2.5.0.0
2024-12-13 21:08:10,969 [WARN] PackLoader:240 - Cannot read IP mode file for STMicroelectronics.X-CUBE-TOF1.3.3.1
2024-12-13 21:08:11,064 [WARN] PackLoader:240 - Cannot read IP mode file for STMicroelectronics.X-CUBE-AZRTOS-G4.2.0.0
2024-12-13 21:08:11,136 [WARN] PackLoader:240 - Cannot read IP mode file for Infineon.AIROC-Wi-Fi-Bluetooth-STM32.1.5.1
2024-12-13 21:08:11,170 [WARN] PackLoader:240 - Cannot read IP mode file for STMicroelectronics.FP-SNS-MOTENVWB1.1.3.0
2024-12-13 21:08:11,197 [WARN] PackLoader:240 - Cannot read IP mode file for STMicroelectronics.FP-SNS-MOTENVWB1.1.3.1
2024-12-13 21:08:11,224 [WARN] PackLoader:240 - Cannot read IP mode file for STMicroelectronics.X-CUBE-ISPU.2.0.0
2024-12-13 21:08:11,252 [WARN] PackLoader:240 - Cannot read IP mode file for STMicroelectronics.X-CUBE-ALS.1.0.2
2024-12-13 21:08:11,397 [WARN] PackLoader:240 - Cannot read IP mode file for STMicroelectronics.X-CUBE-MEMS1.10.0.0
2024-12-13 21:08:11,688 [WARN] PackLoader:240 - Cannot read IP mode file for STMicroelectronics.X-CUBE-FREERTOS.1.1.0
2024-12-13 21:08:11,713 [WARN] PackLoader:240 - Cannot read IP mode file for STMicroelectronics.X-CUBE-TOUCHGFX.4.24.0
2024-12-13 21:08:11,735 [WARN] PackLoader:240 - Cannot read IP mode file for STMicroelectronics.X-CUBE-TOUCHGFX.4.24.1
2024-12-13 21:08:11,782 [WARN] PackLoader:240 - Cannot read IP mode file for portGmbH.I-Cube-SoM-uGOAL.1.1.0
2024-12-13 21:08:11,834 [WARN] PackLoader:240 - Cannot read IP mode file for STMicroelectronics.X-CUBE-ALS.1.0.1
2024-12-13 21:08:11,908 [WARN] PackLoader:240 - Cannot read IP mode file for STMicroelectronics.X-CUBE-AZRTOS-H7RS.1.0.0
2024-12-13 21:08:11,940 [WARN] PackLoader:240 - Cannot read IP mode file for STMicroelectronics.FP-ATR-ASTRA1.2.0.0
2024-12-13 21:08:12,019 [WARN] PackLoader:240 - Cannot read IP mode file for STMicroelectronics.X-CUBE-TOF1.3.4.2
2024-12-13 21:08:12,074 [WARN] PackLoader:240 - Cannot read IP mode file for STMicroelectronics.X-CUBE-TOF1.3.4.0
2024-12-13 21:08:12,157 [WARN] PackLoader:240 - Cannot read IP mode file for STMicroelectronics.X-CUBE-TOF1.3.4.1
2024-12-13 21:08:12,241 [WARN] PackLoader:240 - Cannot read IP mode file for STMicroelectronics.X-CUBE-AZRTOS-H7.3.2.0
2024-12-13 21:08:12,254 [WARN] PackLoader:240 - Cannot read IP mode file for wolfSSL.I-CUBE-wolfSSH.1.4.17
2024-12-13 21:08:12,254 [INFO] ThirdParty:978 - Integrity check success = true
2024-12-13 21:08:12,254 [INFO] IntegrityCheckThread:100 - exiting critical section [integrity check]
2024-12-13 21:08:12,254 [INFO] IntegrityCheckThread:103 - End integrity checks thread
2024-12-13 21:08:24,943 [INFO] WebApp:161 - Instantiating new browser for Auth
2024-12-13 21:08:26,915 [INFO] WebApp:779 - Register for checkConnection events
2024-12-13 21:08:26,915 [INFO] WebApp:414 - Apply proxy settings
2024-12-13 21:08:26,915 [INFO] WebApp:499 - Chromium requires no authentication
2024-12-13 21:08:26,928 [INFO] WebApp:442 - Direct internet connection detected
2024-12-13 21:08:27,330 [INFO] WebApp:192 - Starting web application
2024-12-13 21:08:27,330 [INFO] WebApp:544 - Web application path used C:\ST\STM32CubeIDE_1.13.2\STM32CubeIDE\plugins\com.st.stm32cube.common.mx_6.11.1.202404110753\db\plugins\mcufinder\reactClient1\index.html
