# !SESSION 2024-12-01 21:16:49.882
# version: 1.1
# verbose: true
# The following option strings are specified for this debug session:
# 	null
| Worker-11 | 2024-12-01 21:16:49.882 | com.iar.ide.common | /debug | com.iar.ide.common.logging.Logger | traceFile | 194 | SDK location does not exist: null |
# !SESSION 2024-12-02 21:35:31.502
# version: 1.1
# verbose: true
# The following option strings are specified for this debug session:
# 	null
| Worker-8 | 2024-12-02 21:35:31.502 | com.iar.ide.common | /debug | com.iar.ide.common.logging.Logger | traceFile | 194 | SDK location does not exist: null |
# !SESSION 2024-12-02 22:07:51.169
# version: 1.1
# verbose: true
# The following option strings are specified for this debug session:
# 	null
| Worker-9 | 2024-12-02 22:07:51.169 | com.iar.ide.common | /debug | com.iar.ide.common.logging.Logger | traceFile | 194 | SDK location does not exist: null |
# !SESSION 2024-12-10 15:44:42.598
# version: 1.1
# verbose: true
# The following option strings are specified for this debug session:
# 	null
| Worker-10 | 2024-12-10 15:44:42.598 | com.iar.ide.common | /debug | com.iar.ide.common.logging.Logger | traceFile | 194 | SDK location does not exist: null |
# !SESSION 2024-12-11 07:41:32.631
# version: 1.1
# verbose: true
# The following option strings are specified for this debug session:
# 	null
| Worker-6 | 2024-12-11 07:41:32.631 | com.iar.ide.common | /debug | com.iar.ide.common.logging.Logger | traceFile | 194 | SDK location does not exist: null |
# !SESSION 2024-12-11 15:09:11.928
# version: 1.1
# verbose: true
# The following option strings are specified for this debug session:
# 	null
| Worker-6 | 2024-12-11 15:09:11.928 | com.iar.ide.common | /debug | com.iar.ide.common.logging.Logger | traceFile | 194 | SDK location does not exist: null |
